 **********************************************************************
                          MRCC program system
 **********************************************************************
 
                              Written by
     Mihaly Kallay, Peter R. Nagy, David Mester, Laszlo Gyevi-Nagy,
        Jozsef Csoka, P. Bernat Szabo, Zoltan Rolik, Gyula Samu,
     Jozsef Csontos, Bence Hegely, Adam Ganyecz, Istvan Ladjanszki,
       Lorant Szegedy, Bence Ladoczki, Klara Petrov, Mate Farkas,
                    Pal D. Mezei, and Reka A. Horvath
 
        Department of Physical Chemistry and Materials Science
            Budapest University of Technology and Economics
                  Budapest P.O.Box 91, H-1521 Hungary
 
                              www.mrcc.hu
 
                      Release date: March 18, 2022

 ************************ 2023-08-17 09:29:01 *************************
 Executing minp...

 Reading input from MINP...
 
 Input file:
 
calc=CCSD(T)
verbosity=3
mem=1500GB
unit=angs
scfiguess=sad
ccprog=mrcc
ECP=LANL2DZ-ECP-10
basis=LANL2DZ
core=16
unit=angs
geom=xyz
    4
Cu4_2
Cu    -0.79550424     2.19091526    -0.08195085
Cu    -1.03012119    -2.19091526    -0.91001768
Cu    -0.43608716    -0.14643675    -0.22475424
Cu     1.03012119     1.32773866     0.91001768
 
 
 Checking keyword combinations...
 
 Keywords:
 
 active=none
 agrid=ld0006-ld0590
 agrid_pssp=ld0006-ld0194
 agrid_pssp_sm=ld0006-ld0074
 basis=lanl2dz
 basis_sm=none
 basopt=off
 bfbasis=none
 bfgsmem=10
 bfgstol=1.0d-3
 bpcompo=0.985
 bpcompv=0.98
 bpdfo=0.985
 bpocc=0.985
 bppdo=0.985
 bppdv=0.98
 bpedo=0.985
 bpedv=0.98
 calc=ccsd(t)
 ccmaxit=50
 ccprog=mrcc
 ccsdalg=disk
 ccsdmkl=seq
 ccsdrest=off
 ccsdthreads=2
 cctol=6
 charge=0
 cialg=disk
 ciguess=off
 cmpgrp=auto
 comprest=off
 core=16
 corembed=off
 csapprox=off
 cvs=off
 dboc=off
 delocsomofact=
 dendec=cholesky
 dens=0
 dfalg=lineq
 dfbasis_cab=none
 dfbasis_cor=none
 dfbasis_scf=none
 dfbasis_scf_sm=none
 dfintran=ovirt
 dft=off
 dhexc=adc(2)
 diag=david
 docc=
 domrad=10.d0
 drpaalg=fit
 dual=off
 dual_df=off
 ecp=lanl2dz-ecp-10
 edisp=off
 edisp_embed=off
 embed=off
 etemp=300
 epert=none
 eps=
 espcharge=off
 excrad=0.d0
 excrad_fin=0.000000000D+00
 fitting=coulomb
 fmm=off
 fmmord=8
 freq=off
 gamma=1.d0
 gauss=spher
 geom=xyz
 gopt=off
 ghost=none
 gtol=7
 grdens=off
 gridbatch_cos=2000
 grtol=10
 guido_ct=off
 hamilton=dc
 iface=none
 intalg=auto
 itol=10
 laptol=1.d-2
 lccoporder=trffirst
 lcorthr=normal
 lccrest=off
 lmp2dens=on
 lnoepso=0.d0
 lnoepsv=1e-6
 boysalg=jacobi
 localcc=off
 localcorrsymm=off
 locintrf=disk
 mact=
 maxact=off
 maxdim=100
 maxex=0
 maxmicroit=100
 mcscfiguess=hf
 mem=1500gb
 mmprog=
 molden=on
 mpitasks=1
 mulmet=0
 mult=
 nacto=0
 nactv=0
 naf_amp=1.d-2
 naf_cor=off
 naf_scf=off
 nafalg=albe
 naftyp=
 nchol=auto
 ndeps=1e-3
 nstate=1
 nsing=0
 nto=off
 ntrip=0
 occ=
 occri=off
 oniom=off
 oniom_eechg=off
 oniom_pcm=off
 oniom_qcorr=off
 optalg=
 optmaxit=50
 optetol=1e-6
 optex=0
 optgtol=1e-4
 optstol=1e-3
 orblocc=off
 orbloce=off
 orbloco=off
 orblocv=off
 orblocguess=cholesky
 osveps=1e-3
 ovirt=off
 ovltol=1e-7
 ovosnorb=80.0
 pcm=off
 popul=off
 pressure=100000
 pssp=off
 ptfreq=0.0
 ptthreads=2
 qro=off
 qscf=off
 qmmm=off
 redcost_exc=off
 redcost_tddft=off
 refdet=none
 rest=0
 rgrid=log3
 rism=off
 rohfcore=semicanonical
 rohftype=semicanonical
 scfalg=auto
 scf_conv=difficult
 scfdamp=0.0d0
 scfdamp_mode=off
 scfdamp_end=50
 scfdamp_dampstep=0.d0
 scfdamp_dtol=0.0d0
 scfdamp_maxfact=0.0d0
 scfdamp_minfact=0.0d0
 scfdiis=on
 scfdiis_dtol=0.0d0
 scfdiis_end=50
 scfdiis_start=2
 scfdiis_step=1
 scfdiis_watch=off
 scfdiis_wrange=10
 scfdiis_wlimit=5
 scfdiis_delmax=2
 scfdtol=7
 scfext=10
 scfguessdens=
 scfiguess=sad
 scfloc=off
 scflshift=0.20
 scflshift_end=8
 scflshift_dtol=0.0
 scflshift_gaptol=0.20
 scfmaxit=50
 scftype=
 scftol=6
 scspe=1.d0
 scsph=1.d0
 scsps=1.2d0
 scsps_t=1.2d0
 scspt=0.33333333333333
 scspt_t=0.33333333333333
 scspv=1.d0
 spairtol=1e-4
 sqmprog=
 subminp=top
 symm=
 talg=occ
 temp=298.15
 test=off
 theodore=off
 tlmo=0.999
 tpao=0.94
 tprint=off
 uncontract=off
 unit=angs
 usedisk=2
 verbosity=3
 wpairtol=0.100000000E-05

 ************************ 2023-08-17 09:29:01 *************************
 Executing integ...

 Allocation of 1500.0 Gbytes of memory...
 
 
 Number of atoms:                  4
 Charge:                           0
 Number of electrons:             76
 Number of core electrons:        32
 Spin multiplicity:                1
 
                 Cartesian coordinates [bohr]      Atomic mass [AMU]  Z
   1  Cu   -1.50328515    4.14022981   -0.15486466    62.929599      29
   2  Cu   -1.94664693   -4.14022981   -1.71968418    62.929599      29
   3  Cu   -0.82408530   -0.27672535   -0.42472396    62.929599      29
   4  Cu    1.94664693    2.50906243    1.71968418    62.929599      29
 
 This molecule is an asymmetric top.
 This molecule is planar.
 
 Rotational constants [cm-1]: 
      0.105840237448      0.020992532784      0.017517985710
 
 Point group: C1  
 Computational point group: C1  
 
 Cartesian coordinates in standard orientation [bohr]
   1  Cu    3.02689208   -2.12575790    0.00003506
   2  Cu   -5.13972763   -0.00030177    0.00006538
   3  Cu   -0.91317667    0.00015074   -0.00013551
   4  Cu    3.02601221    2.12590893    0.00003508
 
 Nuclear repulsion energy [au]:        417.165650803070
 
 
 Basis set information:
 
 Maximum angular momentum: d
 Maximum number of contracted Gaussians:    3
 Maximum number of primitive Gaussians:     5
 Spherical harmonic GTOs are used.
 
   1  Cu lanl2dz [ 5s 5p 5d | 3s 3p 2d ]
   2  Cu lanl2dz [ 5s 5p 5d | 3s 3p 2d ]
   3  Cu lanl2dz [ 5s 5p 5d | 3s 3p 2d ]
   4  Cu lanl2dz [ 5s 5p 5d | 3s 3p 2d ]
 
 Basis functions:
            1             2             3             4             5             6             7             8             9            10
    0    1Cu1s         1Cu2s         1Cu3s         1Cu1pz        1Cu1py        1Cu1px        1Cu2pz        1Cu2py        1Cu2px        1Cu3pz    
    1    1Cu3py        1Cu3px        1Cu1d-2       1Cu1d-1       1Cu1d0        1Cu1d+1       1Cu1d+2       1Cu2d-2       1Cu2d-1       1Cu2d0    
    2    1Cu2d+1       1Cu2d+2       2Cu1s         2Cu2s         2Cu3s         2Cu1pz        2Cu1py        2Cu1px        2Cu2pz        2Cu2py    
    3    2Cu2px        2Cu3pz        2Cu3py        2Cu3px        2Cu1d-2       2Cu1d-1       2Cu1d0        2Cu1d+1       2Cu1d+2       2Cu2d-2   
    4    2Cu2d-1       2Cu2d0        2Cu2d+1       2Cu2d+2       3Cu1s         3Cu2s         3Cu3s         3Cu1pz        3Cu1py        3Cu1px    
    5    3Cu2pz        3Cu2py        3Cu2px        3Cu3pz        3Cu3py        3Cu3px        3Cu1d-2       3Cu1d-1       3Cu1d0        3Cu1d+1   
    6    3Cu1d+2       3Cu2d-2       3Cu2d-1       3Cu2d0        3Cu2d+1       3Cu2d+2       4Cu1s         4Cu2s         4Cu3s         4Cu1pz    
    7    4Cu1py        4Cu1px        4Cu2pz        4Cu2py        4Cu2px        4Cu3pz        4Cu3py        4Cu3px        4Cu1d-2       4Cu1d-1   
    8    4Cu1d0        4Cu1d+1       4Cu1d+2       4Cu2d-2       4Cu2d-1       4Cu2d0        4Cu2d+1       4Cu2d+2   
 
 Maximum number of basis functions per shell:   10
 Total number of basis functions:     88
 
 
 Effective core potentials:
 
   1  Cu lanl2dz-ecp-10      
   2  Cu lanl2dz-ecp-10      
   3  Cu lanl2dz-ecp-10      
   4  Cu lanl2dz-ecp-10      
 
 Initializing the SAD routines for the initial guess...
 Checking the files required for the initial guess...
 Density files have not been found for the initial guess.
 Generating SCFDENSITIES.Cu.lanl2dz.0
 CPU time [min]:     0.121                   Wall time [min]:     0.199
 
 Character table for point group C1:
 
          E  
    A     1
 
 Number of basis functions per irrep:
    A      88
 
 
 Calculation of overlap integrals...
 CPU time [min]:     0.122                   Wall time [min]:     0.199
 
 Calculation of the square root of the overlap matrix...
 Minimum eigenvalue of the overlap matrix: 0.407260E-02
 CPU time [min]:     0.136                   Wall time [min]:     0.200
 
 Calculation of kinetic energy integrals...
 CPU time [min]:     0.136                   Wall time [min]:     0.200
 Calculation of nuclear attraction integrals...
 CPU time [min]:     0.136                   Wall time [min]:     0.200
 Calculation of core potential integrals...
 CPU time [min]:     0.243                   Wall time [min]:     0.204
 
 Calculation of prescreening integrals...
 CPU time [min]:     0.329                   Wall time [min]:     0.207
 
 Calculation of two-electron integrals...
   1% done.
  17% done.
  32% done.
  62% done.
 100% done.
 CPU time [min]:     1.933                   Wall time [min]:     0.251

 ************************ 2023-08-17 09:29:16 *************************
 Executing scf...

 @scfsetup: integrals taken from disk
            mrcc/integ binary format
 @scfsetup: calculating on full matrices
            not using symmetry adapted basis
 @scfsetup: diis switched on
 @scfsetup: number of steps to extrapolate from  10
 @scfsetup: tolerance in energy deviation    0.100000E-05
            tolerance in density deviation    0.100000E-06
 @scfsetup: maximum number of iterations:  50
 @scfsetup: restricted closed shell hf calc
 @scfsetup: starting scf from superposition of atomic densities
 @scfsetup: occupation set:
            from initial orbitals
 @scfsetup: Parameter-set for SCF acceleration: difficult
 @scfsetup: diis runs from iteration:   2
 @scfsetup: diis runs to iteration:  50
 @scfsetup: diis runs in every iteration
 @scfsetup: diiswatch is disabled                   
 @scfsetup: diis dtol criteria to switch on:      0.0000E+00
           (or the iteration number below is reached)
 @scfsetup: damping is turned off.
 @scfsetup: dynamic level shifting
            tolarance in HOMO-LUMO gap:  0.200
            tolarance in density deviation:     0.0000E+00
            iteration step criteria to turn level shifting off: 8
 Allocation of 1500.0 Gbytes of memory...
 ======================================================================
 ITERATION STEP   1
 CPU time [min]:     0.015                   Wall time [min]:     0.004
 

 SCF control                  : initial
 Damping factor/level shift   : 0.000/0.200
 DIIS [start/end/frequency]   :   2 / 50 /  1

 Gradient norm:      1.8714E+00
 RMS of [F,P]:                                         0.06993292185302
 RMS of difference density:                            2.93874913055060
 Gap [au]:  0.00627089
 ALPHA OCC:  38
 BETA  OCC:  38
 
 ***HARTREE-FOCK ENERGY IN STEP   1 IS       -773.9023806762616005 [AU]
 ======================================================================
 ITERATION STEP   2
 CPU time [min]:     0.082                   Wall time [min]:     0.006
 

 SCF control                  : diis
 Damping factor/level shift   : 0.000/0.200
 DIIS [start/end/frequency]   :   2 / 50 /  1

 Gradient norm:      7.8017E+00
 DIIS is running in this iteration step.
 RMS of [F,P]:                                         0.24535905174021
 RMS of difference density:                            2.93653826595782
 Gap [au]:  0.45887663
 ALPHA OCC:  38
 BETA  OCC:  38
 
 ***HARTREE-FOCK ENERGY IN STEP   2 IS       -679.4237193758085596 [AU]
 
 Step comparison  Energy Drift [au]  DIIS error drift  Gradient drift
        1           -9.4479E+01        -1.7543E-01      -5.9303E+00
        2            6.7942E+02         1.0000E-07      -5.9303E+00
 Warning! The energy goes uphill (with respect to previous step).
 Warning! The gradient goes uphill (with respect to previous step).
 Warning! The gradient goes uphill (with respect to step   1 ).
 ======================================================================
 ITERATION STEP   3
 CPU time [min]:     0.146                   Wall time [min]:     0.007
 

 SCF control                  : diis
 Damping factor/level shift   : 0.000/0.000
 DIIS [start/end/frequency]   :   2 / 50 /  1

 Gradient norm:      1.9075E+00
 DIIS is running in this iteration step.
 RMS of [F,P]:                                         0.08311265251931
 RMS of difference density:                            0.07117314448057
 Gap [au]:  0.23622942
 ALPHA OCC:  38
 BETA  OCC:  38
 
 ***HARTREE-FOCK ENERGY IN STEP   3 IS       -769.3029487368139598 [AU]
 
 Step comparison  Energy Drift [au]  DIIS error drift  Gradient drift
        2            8.9879E+01         1.6225E-01       5.8942E+00
 Warning! The gradient goes uphill (with respect to step   1 ).
 ======================================================================
 ITERATION STEP   4
 CPU time [min]:     0.210                   Wall time [min]:     0.009
 

 SCF control                  : diis
 Damping factor/level shift   : 0.000/0.000
 DIIS [start/end/frequency]   :   2 / 50 /  1

 Gradient norm:      7.4223E-01
 DIIS is running in this iteration step.
 RMS of [F,P]:                                         0.01878280573528
 RMS of difference density:                            0.03441527138324
 Gap [au]:  0.04604861
 ALPHA OCC:  38
 BETA  OCC:  38
 
 ***HARTREE-FOCK ENERGY IN STEP   4 IS       -779.5953896561641159 [AU]
 
 Step comparison  Energy Drift [au]  DIIS error drift  Gradient drift
        3            1.0292E+01         6.4330E-02       1.1653E+00
 ======================================================================
 ITERATION STEP   5
 CPU time [min]:     0.274                   Wall time [min]:     0.011
 

 SCF control                  : diis
 Damping factor/level shift   : 0.000/0.200
 DIIS [start/end/frequency]   :   2 / 50 /  1

 Gradient norm:      8.7214E-01
 DIIS is running in this iteration step.
 RMS of [F,P]:                                         0.02125072850782
 RMS of difference density:                            0.01160135893217
 Gap [au]:  0.15382253
 ALPHA OCC:  38
 BETA  OCC:  38
 
 ***HARTREE-FOCK ENERGY IN STEP   5 IS       -779.7249438514081703 [AU]
 
 Step comparison  Energy Drift [au]  DIIS error drift  Gradient drift
        4            1.2955E-01        -2.4679E-03      -1.2990E-01
 Warning! The DIIS error goes uphill (with respect to previous step).
 Warning! The DIIS error goes uphill (with respect to step   4 ).
 Warning! The gradient goes uphill (with respect to previous step).
 Warning! The gradient goes uphill (with respect to step   4 ).
 ======================================================================
 ITERATION STEP   6
 CPU time [min]:     0.337                   Wall time [min]:     0.013
 

 SCF control                  : diis
 Damping factor/level shift   : 0.000/0.200
 DIIS [start/end/frequency]   :   2 / 50 /  1

 Gradient norm:      1.0454E-01
 DIIS is running in this iteration step.
 RMS of [F,P]:                                         0.00263532437569
 RMS of difference density:                            0.00447016567826
 Gap [au]:  0.18435152
 ALPHA OCC:  38
 BETA  OCC:  38
 
 ***HARTREE-FOCK ENERGY IN STEP   6 IS       -779.9840550931935468 [AU]
 
 Step comparison  Energy Drift [au]  DIIS error drift  Gradient drift
        5            2.5911E-01         1.8615E-02       7.6760E-01
        6            3.8867E-01         1.6147E-02       6.3770E-01
 ======================================================================
 ITERATION STEP   7
 CPU time [min]:     0.432                   Wall time [min]:     0.016
 

 SCF control                  : diis
 Damping factor/level shift   : 0.000/0.200
 DIIS [start/end/frequency]   :   2 / 50 /  1

 Gradient norm:      2.2348E-02
 DIIS is running in this iteration step.
 RMS of [F,P]:                                         0.00071806566730
 RMS of difference density:                            0.00209610025164
 Gap [au]:  0.18829268
 ALPHA OCC:  38
 BETA  OCC:  38
 
 ***HARTREE-FOCK ENERGY IN STEP   7 IS       -779.9922291982852585 [AU]
 
 Step comparison  Energy Drift [au]  DIIS error drift  Gradient drift
        6            8.1741E-03         1.9173E-03       8.2188E-02
 ======================================================================
 ITERATION STEP   8
 CPU time [min]:     0.500                   Wall time [min]:     0.017
 

 SCF control                  : diis
 Damping factor/level shift   : 0.000/0.200
 DIIS [start/end/frequency]   :   2 / 50 /  1

 Gradient norm:      1.2752E-02
 DIIS is running in this iteration step.
 RMS of [F,P]:                                         0.00036327267309
 RMS of difference density:                            0.00138792010645
 Gap [au]:  0.18741871
 ALPHA OCC:  38
 BETA  OCC:  38
 
 ***HARTREE-FOCK ENERGY IN STEP   8 IS       -779.9936421441461789 [AU]
 
 Step comparison  Energy Drift [au]  DIIS error drift  Gradient drift
        7            1.4129E-03         3.5479E-04       9.5955E-03
 ======================================================================
 ITERATION STEP   9
 CPU time [min]:     0.564                   Wall time [min]:     0.019
 

 SCF control                  : diis
 Damping factor/level shift   : 0.000/0.000
 DIIS [start/end/frequency]   :   2 / 50 /  1

 Gradient norm:      6.6287E-03
 DIIS is running in this iteration step.
 RMS of [F,P]:                                         0.00013679010336
 RMS of difference density:                            0.00093614835366
 Gap [au]:  0.18790283
 ALPHA OCC:  38
 BETA  OCC:  38
 
 ***HARTREE-FOCK ENERGY IN STEP   9 IS       -779.9941330044703136 [AU]
 
 Step comparison  Energy Drift [au]  DIIS error drift  Gradient drift
        8            4.9086E-04         2.2648E-04       6.1235E-03
 ======================================================================
 ITERATION STEP  10
 CPU time [min]:     0.629                   Wall time [min]:     0.021
 

 SCF control                  : diis
 Damping factor/level shift   : 0.000/0.000
 DIIS [start/end/frequency]   :   2 / 50 /  1

 Gradient norm:      1.1964E-03
 DIIS is running in this iteration step.
 RMS of [F,P]:                                         0.00003097818411
 RMS of difference density:                            0.00015904596686
 Gap [au]:  0.18844572
 ALPHA OCC:  38
 BETA  OCC:  38
 
 ***HARTREE-FOCK ENERGY IN STEP  10 IS       -779.9942785159041705 [AU]
 
 Step comparison  Energy Drift [au]  DIIS error drift  Gradient drift
        9            1.4551E-04         1.0581E-04       5.4323E-03
 ======================================================================
 ITERATION STEP  11
 CPU time [min]:     0.693                   Wall time [min]:     0.023
 

 SCF control                  : diis
 Damping factor/level shift   : 0.000/0.000
 DIIS [start/end/frequency]   :   2 / 50 /  1

 Gradient norm:      3.5409E-04
 DIIS is running in this iteration step.
 RMS of [F,P]:                                         0.00001090437484
 RMS of difference density:                            0.00004479843437
 Gap [au]:  0.18849069
 ALPHA OCC:  38
 BETA  OCC:  38
 
 ***HARTREE-FOCK ENERGY IN STEP  11 IS       -779.9942864224317418 [AU]
 
 Step comparison  Energy Drift [au]  DIIS error drift  Gradient drift
       10            7.9065E-06         2.0074E-05       8.4231E-04
 ======================================================================
 ITERATION STEP  12
 CPU time [min]:     0.756                   Wall time [min]:     0.025
 

 SCF control                  : diis
 Damping factor/level shift   : 0.000/0.000
 DIIS [start/end/frequency]   :   2 / 50 /  1

 Gradient norm:      1.1220E-04
 DIIS is running in this iteration step.
 RMS of [F,P]:                                         0.00000361520965
 RMS of difference density:                            0.00001436933759
 Gap [au]:  0.18847776
 ALPHA OCC:  38
 BETA  OCC:  38
 
 ***HARTREE-FOCK ENERGY IN STEP  12 IS       -779.9942871818589083 [AU]
 
 Step comparison  Energy Drift [au]  DIIS error drift  Gradient drift
       11            7.5943E-07         7.2892E-06       2.4189E-04
 ======================================================================
 ITERATION STEP  13
 CPU time [min]:     0.820                   Wall time [min]:     0.026
 

 SCF control                  : diis
 Damping factor/level shift   : 0.000/0.000
 DIIS [start/end/frequency]   :   2 / 50 /  1

 Gradient norm:      2.3986E-05
 DIIS is running in this iteration step.
 RMS of [F,P]:                                         0.00000098264802
 RMS of difference density:                            0.00000207353498
 Gap [au]:  0.18847693
 ALPHA OCC:  38
 BETA  OCC:  38
 
 ***HARTREE-FOCK ENERGY IN STEP  13 IS       -779.9942872259280193 [AU]
 
 Step comparison  Energy Drift [au]  DIIS error drift  Gradient drift
       12            4.4069E-08         2.6326E-06       8.8217E-05
 ======================================================================
 ITERATION STEP  14
 CPU time [min]:     0.883                   Wall time [min]:     0.028
 

 SCF control                  : diis
 Damping factor/level shift   : 0.000/0.000
 DIIS [start/end/frequency]   :   2 / 50 /  1

 Gradient norm:      1.3684E-05
 DIIS is running in this iteration step.
 RMS of [F,P]:                                         0.00000055929049
 RMS of difference density:                            0.00000113639204
 Gap [au]:  0.18847760
 ALPHA OCC:  38
 BETA  OCC:  38
 
 ***HARTREE-FOCK ENERGY IN STEP  14 IS       -779.9942872286333113 [AU]
 
 Step comparison  Energy Drift [au]  DIIS error drift  Gradient drift
       13            2.7053E-09         4.2336E-07       1.0302E-05
 ======================================================================
 ITERATION STEP  15
 CPU time [min]:     0.946                   Wall time [min]:     0.030
 

 SCF control                  : diis
 Damping factor/level shift   : 0.000/0.000
 DIIS [start/end/frequency]   :   2 / 50 /  1

 Gradient norm:      4.0923E-06
 DIIS is running in this iteration step.
 RMS of [F,P]:                                         0.00000017210995
 RMS of difference density:                            0.00000045093094
 Gap [au]:  0.18847877
 ALPHA OCC:  38
 BETA  OCC:  38
 
 ***HARTREE-FOCK ENERGY IN STEP  15 IS       -779.9942872295246161 [AU]
 
 Step comparison  Energy Drift [au]  DIIS error drift  Gradient drift
       14            8.9130E-10         3.8718E-07       9.5916E-06
 ======================================================================
 ITERATION STEP  16
 CPU time [min]:     1.010                   Wall time [min]:     0.032
 

 SCF control                  : diis
 Damping factor/level shift   : 0.000/0.000
 DIIS [start/end/frequency]   :   2 / 50 /  1

 Gradient norm:      1.5692E-06
 DIIS is running in this iteration step.
 RMS of [F,P]:                                         0.00000005899586
 RMS of difference density:                            0.00000031997378
 Gap [au]:  0.18847880
 ALPHA OCC:  38
 BETA  OCC:  38
 
 ***HARTREE-FOCK ENERGY IN STEP  16 IS       -779.9942872296342102 [AU]
 
 Step comparison  Energy Drift [au]  DIIS error drift  Gradient drift
       15            1.0959E-10         1.1311E-07       2.5231E-06
 ======================================================================
 ITERATION STEP  17
 CPU time [min]:     1.073                   Wall time [min]:     0.034
 

 SCF control                  : diis
 Damping factor/level shift   : 0.000/0.000
 DIIS [start/end/frequency]   :   2 / 50 /  1

 Gradient norm:      4.1809E-07
 DIIS is running in this iteration step.
 RMS of [F,P]:                                         0.00000001456122
 RMS of difference density:                            0.00000006687062
 Gap [au]:  0.18847889
 ALPHA OCC:  38
 BETA  OCC:  38
 
 ***HARTREE-FOCK ENERGY IN STEP  17 IS       -779.9942872296473979 [AU]
 
 Step comparison  Energy Drift [au]  DIIS error drift  Gradient drift
       16            1.3188E-11         4.4435E-08       1.1511E-06
 ======================================================================
 
 SUCCESS...
 THE SCF ITERATION HAS CONVERGED!
 
                   A   
 FINAL ALPHA OCC:  38
 FINAL BETA  OCC:  38
 
 ***FINAL HARTREE-FOCK ENERGY:       -779.9942872296473979 [AU]
 
 Orbital energies [au]:
      Irrep         Alpha          Beta
    1   A         -5.061279      -5.061279
    2   A         -5.060593      -5.060593
    3   A         -5.033680      -5.033680
    4   A         -4.991676      -4.991676
    5   A         -3.403169      -3.403169
    6   A         -3.399057      -3.399057
    7   A         -3.398914      -3.398914
    8   A         -3.397417      -3.397417
    9   A         -3.397145      -3.397145
   10   A         -3.397004      -3.397004
   11   A         -3.372871      -3.372871
   12   A         -3.370418      -3.370418
   13   A         -3.368838      -3.368838
   14   A         -3.331031      -3.331031
   15   A         -3.327886      -3.327886
   16   A         -3.327855      -3.327855
   17   A         -0.539830      -0.539830
   18   A         -0.529003      -0.529003
   19   A         -0.523903      -0.523903
   20   A         -0.513269      -0.513269
   21   A         -0.509631      -0.509631
   22   A         -0.509169      -0.509169
   23   A         -0.501178      -0.501178
   24   A         -0.487072      -0.487072
   25   A         -0.483099      -0.483099
   26   A         -0.478852      -0.478852
   27   A         -0.477229      -0.477229
   28   A         -0.471866      -0.471866
   29   A         -0.469858      -0.469858
   30   A         -0.469509      -0.469509
   31   A         -0.457334      -0.457334
   32   A         -0.430937      -0.430937
   33   A         -0.430933      -0.430933
   34   A         -0.423923      -0.423923
   35   A         -0.421573      -0.421573
   36   A         -0.417039      -0.417039
   37   A         -0.305323      -0.305323
   38   A         -0.192636      -0.192636
 
   39   A         -0.004157      -0.004157
   40   A          0.022826       0.022826
   41   A          0.025126       0.025126
   42   A          0.046281       0.046281
   43   A          0.052735       0.052735
   44   A          0.060660       0.060660
   45   A          0.064615       0.064615
   46   A          0.067020       0.067020
   47   A          0.075223       0.075223
   48   A          0.090520       0.090520
   49   A          0.096189       0.096189
   50   A          0.107396       0.107396
   51   A          0.112656       0.112656
   52   A          0.120853       0.120853
   53   A          0.147737       0.147737
   54   A          0.162005       0.162005
   55   A          0.189374       0.189374
   56   A          0.193815       0.193815
   57   A          0.203222       0.203222
   58   A          0.232335       0.232335
   59   A          0.240369       0.240369
   60   A          0.292943       0.292943
   61   A          0.308715       0.308715
   62   A          0.329661       0.329661
   63   A          0.343082       0.343082
   64   A          0.346297       0.346297
   65   A          0.694770       0.694770
   66   A          0.898883       0.898883
   67   A          0.908271       0.908271
   68   A          0.914146       0.914146
   69   A          0.935325       0.935325
   70   A          0.964608       0.964608
   71   A          0.979592       0.979592
   72   A          1.072321       1.072321
   73   A          1.083095       1.083095
   74   A          1.101561       1.101561
   75   A          1.114443       1.114443
   76   A          1.133576       1.133576
   77   A          1.158239       1.158239
   78   A          1.206889       1.206889
   79   A          1.233361       1.233361
   80   A          1.236029       1.236029
   81   A          1.312170       1.312170
   82   A          1.319399       1.319399
   83   A          1.342134       1.342134
   84   A          1.458946       1.458946
   85   A          1.583981       1.583981
   86   A          2.654513       2.654513
   87   A          2.870031       2.870031
   88   A          4.061166       4.061166
 
 RETURNING FROM SCF ALGORITHM
 ======================================================================

 ************************ 2023-08-17 09:29:19 *************************
 Executing ovirt...

 ovirt, the routine of orbital optimization and integral transformation 
Thu Aug 17 09:29:19 BST 2023
 memory =                1536000  Mb          201326592000  8 byte word
 mrccboot = T
 scftype  = rhf  
 localcc  = off 
 core     = 16    
 ovirt    = off  
 ccprog   = mrcc
 dfnbasis =                      0
 dfbasis_cor =none                
 lmp2dens = on 
 dens =                      0
 verblev =                      3
 task     =                      4
 epsilon =   0.000000000000000E+000
 lmp2= on 
 localNO  =  F
 localMP2 =  F
 localMP2_TEST =  F
 LMP2_shortcut =  F
 FOCKTR   =  T
 Allocated memory:                 1536000  Mb
 onbasis=                    88
 RHF calculation! 
 integral transforamtion: AOs ------ MOs
 # of basis functions, # of int. blocks    88     1
100 % 
 second part
100 %
 integral transformation is completed! 
CPU and WC time          68.30           4.33     AOs -> MOs 
 occupied and 
     1 -0.5398304612
     2 -0.5290026378
     3 -0.5239027374
     4 -0.5132688228
     5 -0.5096309990
     6 -0.5091689390
     7 -0.5011783842
     8 -0.4870721904
     9 -0.4830987261
    10 -0.4788516119
    11 -0.4772290923
    12 -0.4718663787
    13 -0.4698578126
    14 -0.4695091265
    15 -0.4573335546
    16 -0.4309370496
    17 -0.4309330998
    18 -0.4239234795
    19 -0.4215729770
    20 -0.4170388544
    21 -0.3053229464
    22 -0.1926361181
               virtual energies 
    23 -0.0041572288
    24  0.0228258707
    25  0.0251256647
    26  0.0462808443
    27  0.0527347297
    28  0.0606598943
    29  0.0646147974
    30  0.0670204681
    31  0.0752226304
    32  0.0905197999
    33  0.0961891395
    34  0.1073959816
    35  0.1126556184
    36  0.1208527639
    37  0.1477373852
    38  0.1620047817
    39  0.1893738881
    40  0.1938145606
    41  0.2032224866
    42  0.2323350269
    43  0.2403690638
    44  0.2929432680
    45  0.3087153054
    46  0.3296605466
    47  0.3430818116
    48  0.3462971458
    49  0.6947702734
    50  0.8988830835
    51  0.9082714531
    52  0.9141455489
    53  0.9353250609
    54  0.9646084887
    55  0.9795919695
    56  1.0723213336
    57  1.0830947580
    58  1.1015609143
    59  1.1144427028
    60  1.1335755979
    61  1.1582385183
    62  1.2068893045
    63  1.2333610405
    64  1.2360290716
    65  1.3121700112
    66  1.3193987959
    67  1.3421336220
    68  1.4589462019
    69  1.5839805477
    70  2.6545127351
    71  2.8700312923
    72  4.0611664843
 inttol =   1.000000000000000E-010   10.0000000000000     
Integrals are written to fort.55
Thu Aug 17 09:29:29 BST 2023
  ovirt terminated normally 

 ************************ 2023-08-17 09:29:29 *************************
 Executing goldstone...

 Generation of CC equations in terms of H and T...
 Generation of antisymmetrized Goldstone diagrams...
 Number of diagrams in T^1 equations:    15
 Number of diagrams in T^2 equations:    33
 Number of diagrams in T^3 equations:     2
 Translation of diagrams to factorized equations...
 Optimizing intermediate calculation...
 Number of floating-point operations per iteration step:   2.9963E+12
 Probable CPU time per iteration step (hours):     29.96
 Required memory (Mbytes):   16338.8
 Number of intermediates:                                  48
 Number of intermediates to be stored:                     20
 Length of intermediate file (Mbytes):     483.2

 ************************ 2023-08-17 09:29:29 *************************
 Executing xmrcc...

 **********************************************************************
 CC(2)(3) calculation 
 
 
 Allocation of****** Mbytes of memory...
 Number of spinorbitals:                   144
 Number of alpha electrons:                       22
 Number of beta electrons:                        22
 Spin multiplicity:                     1
 z-component of spin:  0.0
 Spatial symmetry:                      1
 Convergence criterion:  1.0E-06
 Construction of occupation graphs...
 Number of                     0 -fold excitations:                      1
 Number of                     1 -fold excitations:                   2200
 Number of                     2 -fold excitations:                1775950
 Total number of configurations:                1778151
 Calculation of coupling coefficients...
 Length of intermediate file (Mbytes):     364.0
 
 ======================================================================
 
 Spin case  1   Alpha:  0   Beta:  3
 Number of excitations:               30184000
 Spin case  2   Alpha:  1   Beta:  2
 Number of excitations:              311272500
 Number of                     3 -fold excitations:              682913000
 
 Memory requirements /Mbyte/: 
               Minimal        Optimal
 Real*8:        803.0159       916.1870
 Integer:         0.5524
 Total:         803.5683       916.7394
 

 ************************ 2023-08-17 09:29:30 *************************
 Executing mrcc...

 **********************************************************************
 CCSD(T) calculation                                                    
 
 
 OpenMP parallel version is running.
 Number of CPU cores:  36
 Allocation of  916.2 Mbytes of memory...
 Number of spinorbitals: 144
 Number of alpha electrons: 22
 Number of beta  electrons: 22
 Spin multiplicity: 1
 z-component of spin:  0.0
 Spatial symmetry: 1
 Convergence criterion:  1.0E-06
 Construction of occupation graphs...
 Number of 0-fold excitations: 1
 Number of 1-fold excitations: 2200
 Number of 2-fold excitations: 1775950
 Total number of determinants: 1778151
 Calculation of coupling coefficients...
 Initial cluster amplitudes are generated.
 Length of intermediate file (Mbytes):     364.0
 Reading integral list from unit 55...
 Sorting integrals...
 Calculation of MP denominators...
 
 Starting CC iteration...
 ======================================================================
 Norm of residual vector:     1.46073295
 CPU time [min]:     9.172                   Wall time [min]:     0.411
 
 Iteration  1  CC energy:  -780.72800598  Energy decrease:   0.73371875
 ======================================================================
 Norm of residual vector:     0.51794431
 CPU time [min]:    18.602                   Wall time [min]:     0.739
 
 Iteration  2  CC energy:  -780.59857396  Energy decrease:   0.12943202
 ======================================================================
 Norm of residual vector:     0.09404712
 CPU time [min]:    28.130                   Wall time [min]:     1.071
 
 Iteration  3  CC energy:  -780.61149453  Energy decrease:   0.01292057
 ======================================================================
 Norm of residual vector:     0.04020098
 CPU time [min]:    37.617                   Wall time [min]:     1.400
 
 Iteration  4  CC energy:  -780.61820751  Energy decrease:   0.00671297
 ======================================================================
 Norm of residual vector:     0.02037548
 CPU time [min]:    47.248                   Wall time [min]:     1.735
 
 Iteration  5  CC energy:  -780.62073041  Energy decrease:   0.00252290
 ======================================================================
 Norm of residual vector:     0.01143054
 CPU time [min]:    56.924                   Wall time [min]:     2.069
 
 Iteration  6  CC energy:  -780.62035218  Energy decrease:   0.00037823
 ======================================================================
 Norm of residual vector:     0.00763881
 CPU time [min]:    66.714                   Wall time [min]:     2.407
 
 Iteration  7  CC energy:  -780.62021565  Energy decrease:   0.00013653
 ======================================================================
 Norm of residual vector:     0.00399483
 CPU time [min]:    76.511                   Wall time [min]:     2.744
 
 Iteration  8  CC energy:  -780.62033629  Energy decrease:   0.00012064
 ======================================================================
 Norm of residual vector:     0.00281392
 CPU time [min]:    86.451                   Wall time [min]:     3.088
 
 Iteration  9  CC energy:  -780.62040788  Energy decrease:   0.00007159
 ======================================================================
 Norm of residual vector:     0.00150649
 CPU time [min]:    96.412                   Wall time [min]:     3.430
 
 Iteration 10  CC energy:  -780.62041739  Energy decrease:   0.00000951
 ======================================================================
 Norm of residual vector:     0.00090892
 CPU time [min]:   106.554                   Wall time [min]:     3.779
 
 Iteration 11  CC energy:  -780.62042402  Energy decrease:   0.00000663
 ======================================================================
 Norm of residual vector:     0.00052364
 CPU time [min]:   116.666                   Wall time [min]:     4.125
 
 Iteration 12  CC energy:  -780.62042636  Energy decrease:   0.00000234
 ======================================================================
 Norm of residual vector:     0.00029399
 CPU time [min]:   126.945                   Wall time [min]:     4.478
 
 Iteration 13  CC energy:  -780.62042687  Energy decrease:   0.00000051
 ======================================================================
 Norm of residual vector:     0.00017091
 CPU time [min]:   137.226                   Wall time [min]:     4.828
 
 Iteration 14  CC energy:  -780.62042688  Energy decrease:   0.00000001
 ======================================================================
 Norm of residual vector:     0.00010274
 CPU time [min]:   147.633                   Wall time [min]:     5.184
 
 Iteration 15  CC energy:  -780.62042650  Energy decrease:   0.00000038
 ======================================================================
 Norm of residual vector:     0.00006176
 CPU time [min]:   158.064                   Wall time [min]:     5.539
 
 Iteration 16  CC energy:  -780.62042649  Energy decrease:   0.00000001
 ======================================================================
 Norm of residual vector:     0.00003485
 CPU time [min]:   168.629                   Wall time [min]:     5.901
 
 Iteration 17  CC energy:  -780.62042669  Energy decrease:   0.00000020
 ======================================================================
 Norm of residual vector:     0.00002072
 CPU time [min]:   179.234                   Wall time [min]:     6.260
 
 Iteration 18  CC energy:  -780.62042677  Energy decrease:   0.00000008
 ======================================================================
 Norm of residual vector:     0.00001232
 CPU time [min]:   189.952                   Wall time [min]:     6.626
 
 Iteration 19  CC energy:  -780.62042668  Energy decrease:   0.00000009
 ======================================================================
 Norm of residual vector:     0.00000767
 CPU time [min]:   200.844                   Wall time [min]:     6.994
 
 Iteration 20  CC energy:  -780.62042661  Energy decrease:   0.00000007
 ======================================================================
 Norm of residual vector:     0.00000441
 CPU time [min]:   211.663                   Wall time [min]:     7.360
 
 Iteration 21  CC energy:  -780.62042665  Energy decrease:   0.00000004
 ======================================================================
 Norm of residual vector:     0.00000275
 CPU time [min]:   222.637                   Wall time [min]:     7.730
 
 Iteration 22  CC energy:  -780.62042669  Energy decrease:   0.00000004
 ======================================================================
 Norm of residual vector:     0.00000164
 CPU time [min]:   233.617                   Wall time [min]:     8.100
 
 Iteration 23  CC energy:  -780.62042669  Energy decrease:   2.0773E-09
 ======================================================================
 Norm of residual vector:     0.00000104
 CPU time [min]:   244.765                   Wall time [min]:     8.478
 
 Iteration 24  CC energy:  -780.62042667  Energy decrease:   0.00000001
 ======================================================================
 Norm of residual vector:     0.00000056
 CPU time [min]:   255.910                   Wall time [min]:     8.852
 
 Iteration 25  CC energy:  -780.62042668  Energy decrease:   1.5535E-09
 ======================================================================
 
 Iteration has converged in 25 steps.
 
 Final results:
 Total CCSD energy [au]:            -780.620426675895
 Total MP2 energy [au]:             -780.728005977756
 
 Perturbative corrections are calculated...
 ======================================================================
 Spin case  1   Alpha:  0   Beta:  3
 Number of excitations:        30184000
 CPU time [min]:   256.421                   Wall time [min]:     8.875
 ======================================================================
 Spin case  2   Alpha:  1   Beta:  2
 Number of excitations:        311272500
 CPU time [min]:   259.250                   Wall time [min]:     8.954
 ======================================================================
 Number of 3-fold excitations: 682913000
 CPU time [min]:   259.251                   Wall time [min]:     8.954
 
 Total CCSD[T] energy [au]:         -780.721465879744
 Total CCSD(T) energy [au]:         -780.689695004811
 
 ************************ 2023-08-17 09:38:28 *************************
                      Normal termination of mrcc.
 **********************************************************************
