 **********************************************************************
                          MRCC program system
 **********************************************************************
 
                              Written by
     Mihaly Kallay, Peter R. Nagy, David Mester, Laszlo Gyevi-Nagy,
        Jozsef Csoka, P. Bernat Szabo, Zoltan Rolik, Gyula Samu,
     Jozsef Csontos, Bence Hegely, Adam Ganyecz, Istvan Ladjanszki,
       Lorant Szegedy, Bence Ladoczki, Klara Petrov, Mate Farkas,
                    Pal D. Mezei, and Reka A. Horvath
 
        Department of Physical Chemistry and Materials Science
            Budapest University of Technology and Economics
                  Budapest P.O.Box 91, H-1521 Hungary
 
                              www.mrcc.hu
 
                      Release date: March 18, 2022

 ************************ 2023-08-30 05:47:25 *************************
 Executing minp...

 Reading input from MINP...
 
 Input file:
 
calc=CCSDT(Q)
verbosity=3
mem=1500GB
unit=angs
scfiguess=sad
ccprog=mrcc
ECP=MCDHF-ECP-28
basis=def2-SV(P)
core=16
unit=angs
geom=xyz
    4
Ag4_4
Ag     1.38234453     0.41121207     1.31810165
Ag    -0.02255139    -0.11485254    -1.42712622
Ag    -0.44839253    -1.34899592     1.42712622
Ag    -1.38234453     1.34899592     0.14452962
 
 
 Checking keyword combinations...
 
 Keywords:
 
 active=none
 agrid=ld0006-ld0590
 agrid_pssp=ld0006-ld0194
 agrid_pssp_sm=ld0006-ld0074
 basis=def2-sv(p)
 basis_sm=none
 basopt=off
 bfbasis=none
 bfgsmem=10
 bfgstol=1.0d-3
 bpcompo=0.985
 bpcompv=0.98
 bpdfo=0.985
 bpocc=0.985
 bppdo=0.985
 bppdv=0.98
 bpedo=0.985
 bpedv=0.98
 calc=ccsdt(q)
 ccmaxit=50
 ccprog=mrcc
 ccsdalg=disk
 ccsdmkl=seq
 ccsdrest=off
 ccsdthreads=2
 cctol=6
 charge=0
 cialg=disk
 ciguess=off
 cmpgrp=auto
 comprest=off
 core=16
 corembed=off
 csapprox=off
 cvs=off
 dboc=off
 delocsomofact=
 dendec=cholesky
 dens=0
 dfalg=lineq
 dfbasis_cab=none
 dfbasis_cor=none
 dfbasis_scf=none
 dfbasis_scf_sm=none
 dfintran=ovirt
 dft=off
 dhexc=adc(2)
 diag=david
 docc=
 domrad=10.d0
 drpaalg=fit
 dual=off
 dual_df=off
 ecp=mcdhf-ecp-28
 edisp=off
 edisp_embed=off
 embed=off
 etemp=300
 epert=none
 eps=
 espcharge=off
 excrad=0.d0
 excrad_fin=0.000000000D+00
 fitting=coulomb
 fmm=off
 fmmord=8
 freq=off
 gamma=1.d0
 gauss=spher
 geom=xyz
 gopt=off
 ghost=none
 gtol=7
 grdens=off
 gridbatch_cos=2000
 grtol=10
 guido_ct=off
 hamilton=dc
 iface=none
 intalg=auto
 itol=10
 laptol=1.d-2
 lccoporder=trffirst
 lcorthr=normal
 lccrest=off
 lmp2dens=on
 lnoepso=0.d0
 lnoepsv=1e-6
 boysalg=jacobi
 localcc=off
 localcorrsymm=off
 locintrf=disk
 mact=
 maxact=off
 maxdim=100
 maxex=0
 maxmicroit=100
 mcscfiguess=hf
 mem=1500gb
 mmprog=
 molden=on
 mpitasks=1
 mulmet=0
 mult=
 nacto=0
 nactv=0
 naf_amp=1.d-2
 naf_cor=off
 naf_scf=off
 nafalg=albe
 naftyp=
 nchol=auto
 ndeps=1e-3
 nstate=1
 nsing=0
 nto=off
 ntrip=0
 occ=
 occri=off
 oniom=off
 oniom_eechg=off
 oniom_pcm=off
 oniom_qcorr=off
 optalg=
 optmaxit=50
 optetol=1e-6
 optex=0
 optgtol=1e-4
 optstol=1e-3
 orblocc=off
 orbloce=off
 orbloco=off
 orblocv=off
 orblocguess=cholesky
 osveps=1e-3
 ovirt=off
 ovltol=1e-7
 ovosnorb=80.0
 pcm=off
 popul=off
 pressure=100000
 pssp=off
 ptfreq=0.0
 ptthreads=2
 qro=off
 qscf=off
 qmmm=off
 redcost_exc=off
 redcost_tddft=off
 refdet=none
 rest=0
 rgrid=log3
 rism=off
 rohfcore=semicanonical
 rohftype=semicanonical
 scfalg=auto
 scf_conv=difficult
 scfdamp=0.0d0
 scfdamp_mode=off
 scfdamp_end=50
 scfdamp_dampstep=0.d0
 scfdamp_dtol=0.0d0
 scfdamp_maxfact=0.0d0
 scfdamp_minfact=0.0d0
 scfdiis=on
 scfdiis_dtol=0.0d0
 scfdiis_end=50
 scfdiis_start=2
 scfdiis_step=1
 scfdiis_watch=off
 scfdiis_wrange=10
 scfdiis_wlimit=5
 scfdiis_delmax=2
 scfdtol=7
 scfext=10
 scfguessdens=
 scfiguess=sad
 scfloc=off
 scflshift=0.20
 scflshift_end=8
 scflshift_dtol=0.0
 scflshift_gaptol=0.20
 scfmaxit=50
 scftype=
 scftol=6
 scspe=1.d0
 scsph=1.d0
 scsps=1.2d0
 scsps_t=1.2d0
 scspt=0.33333333333333
 scspt_t=0.33333333333333
 scspv=1.d0
 spairtol=1e-4
 sqmprog=
 subminp=top
 symm=
 talg=occ
 temp=298.15
 test=off
 theodore=off
 tlmo=0.999
 tpao=0.94
 tprint=off
 uncontract=off
 unit=angs
 usedisk=2
 verbosity=3
 wpairtol=0.100000000E-05

 ************************ 2023-08-30 05:47:26 *************************
 Executing integ...

 Allocation of 1500.0 Gbytes of memory...
 
 
 Number of atoms:                  4
 Charge:                           0
 Number of electrons:             76
 Number of core electrons:        32
 Spin multiplicity:                1
 
                 Cartesian coordinates [bohr]      Atomic mass [AMU]  Z
   1  Ag    2.61225257    0.77707819    2.49085112   106.905092      47
   2  Ag   -0.04261595   -0.21703985   -2.69687770   106.905092      47
   3  Ag   -0.84733908   -2.54923283    2.69687770   106.905092      47
   4  Ag   -2.61225257    2.54923283    0.27312140   106.905092      47
 
 This molecule is an asymmetric top.
 
 Rotational constants [cm-1]: 
      0.024402860326      0.016104294843      0.015967231961
 
 Point group: C1  
 Computational point group: C1  
 
 Cartesian coordinates in standard orientation [bohr]
   1  Ag    2.43509121   -1.70237091   -1.68919144
   2  Ag   -2.41722415   -1.71636756    1.68778468
   3  Ag    2.42068351    1.71495133    1.68679249
   4  Ag   -2.43855056    1.70378714   -1.68538573
 
 Nuclear repulsion energy [au]:        393.976462361395
 
 
 Basis set information:
 
 Maximum angular momentum: g
 Maximum number of contracted Gaussians:    5
 Maximum number of primitive Gaussians:     7
 Spherical harmonic GTOs are used.
 
   1  Ag def2-sv(p) [ 7s 6p 5d | 5s 3p 2d ]
   2  Ag def2-sv(p) [ 7s 6p 5d | 5s 3p 2d ]
   3  Ag def2-sv(p) [ 7s 6p 5d | 5s 3p 2d ]
   4  Ag def2-sv(p) [ 7s 6p 5d | 5s 3p 2d ]
 
 Basis functions:
            1             2             3             4             5             6             7             8             9            10
    0    1Ag1s         1Ag2s         1Ag3s         1Ag4s         1Ag5s         1Ag1pz        1Ag1py        1Ag1px        1Ag2pz        1Ag2py    
    1    1Ag2px        1Ag3pz        1Ag3py        1Ag3px        1Ag1d-2       1Ag1d-1       1Ag1d0        1Ag1d+1       1Ag1d+2       1Ag2d-2   
    2    1Ag2d-1       1Ag2d0        1Ag2d+1       1Ag2d+2       2Ag1s         2Ag2s         2Ag3s         2Ag4s         2Ag5s         2Ag1pz    
    3    2Ag1py        2Ag1px        2Ag2pz        2Ag2py        2Ag2px        2Ag3pz        2Ag3py        2Ag3px        2Ag1d-2       2Ag1d-1   
    4    2Ag1d0        2Ag1d+1       2Ag1d+2       2Ag2d-2       2Ag2d-1       2Ag2d0        2Ag2d+1       2Ag2d+2       3Ag1s         3Ag2s     
    5    3Ag3s         3Ag4s         3Ag5s         3Ag1pz        3Ag1py        3Ag1px        3Ag2pz        3Ag2py        3Ag2px        3Ag3pz    
    6    3Ag3py        3Ag3px        3Ag1d-2       3Ag1d-1       3Ag1d0        3Ag1d+1       3Ag1d+2       3Ag2d-2       3Ag2d-1       3Ag2d0    
    7    3Ag2d+1       3Ag2d+2       4Ag1s         4Ag2s         4Ag3s         4Ag4s         4Ag5s         4Ag1pz        4Ag1py        4Ag1px    
    8    4Ag2pz        4Ag2py        4Ag2px        4Ag3pz        4Ag3py        4Ag3px        4Ag1d-2       4Ag1d-1       4Ag1d0        4Ag1d+1   
    9    4Ag1d+2       4Ag2d-2       4Ag2d-1       4Ag2d0        4Ag2d+1       4Ag2d+2   
 
 Maximum number of basis functions per shell:   10
 Total number of basis functions:     96
 
 
 Effective core potentials:
 
   1  Ag mcdhf-ecp-28        
   2  Ag mcdhf-ecp-28        
   3  Ag mcdhf-ecp-28        
   4  Ag mcdhf-ecp-28        
 
 Initializing the SAD routines for the initial guess...
 Checking the files required for the initial guess...
 Density files have not been found for the initial guess.
 Generating SCFDENSITIES.Ag.def2-sv-p-.0
 CPU time [min]:     0.053                   Wall time [min]:     0.140
 
 Character table for point group C1:
 
          E  
    A     1
 
 Number of basis functions per irrep:
    A      96
 
 
 Calculation of overlap integrals...
 CPU time [min]:     0.054                   Wall time [min]:     0.141
 
 Calculation of the square root of the overlap matrix...
 Minimum eigenvalue of the overlap matrix: 0.228420E-02
 CPU time [min]:     0.058                   Wall time [min]:     0.141
 
 Calculation of kinetic energy integrals...
 CPU time [min]:     0.058                   Wall time [min]:     0.141
 Calculation of nuclear attraction integrals...
 CPU time [min]:     0.058                   Wall time [min]:     0.141
 Calculation of core potential integrals...
 CPU time [min]:     0.121                   Wall time [min]:     0.157
 
 Calculation of prescreening integrals...
 CPU time [min]:     0.161                   Wall time [min]:     0.160
 
 Calculation of two-electron integrals...
   1% done.
  18% done.
  32% done.
  65% done.
 100% done.
 CPU time [min]:     1.168                   Wall time [min]:     0.223

 ************************ 2023-08-30 05:47:40 *************************
 Executing scf...

 @scfsetup: integrals taken from disk
            mrcc/integ binary format
 @scfsetup: calculating on full matrices
            not using symmetry adapted basis
 @scfsetup: diis switched on
 @scfsetup: number of steps to extrapolate from  10
 @scfsetup: tolerance in energy deviation    0.100000E-05
            tolerance in density deviation    0.100000E-06
 @scfsetup: maximum number of iterations:  50
 @scfsetup: restricted closed shell hf calc
 @scfsetup: starting scf from superposition of atomic densities
 @scfsetup: occupation set:
            from initial orbitals
 @scfsetup: Parameter-set for SCF acceleration: difficult
 @scfsetup: diis runs from iteration:   2
 @scfsetup: diis runs to iteration:  50
 @scfsetup: diis runs in every iteration
 @scfsetup: diiswatch is disabled                   
 @scfsetup: diis dtol criteria to switch on:      0.0000E+00
           (or the iteration number below is reached)
 @scfsetup: damping is turned off.
 @scfsetup: dynamic level shifting
            tolarance in HOMO-LUMO gap:  0.200
            tolarance in density deviation:     0.0000E+00
            iteration step criteria to turn level shifting off: 8
 Allocation of 1500.0 Gbytes of memory...
 ======================================================================
 ITERATION STEP   1
 CPU time [min]:     0.010                   Wall time [min]:     0.005
 

 SCF control                  : initial
 Damping factor/level shift   : 0.000/0.200
 DIIS [start/end/frequency]   :   2 / 50 /  1

 Gradient norm:      1.9306E+00
 RMS of [F,P]:                                         0.03398050233393
 RMS of difference density:                            0.03441101367639
 Gap [au]:  0.13411502
 ALPHA OCC:  38
 BETA  OCC:  38
 
 ***HARTREE-FOCK ENERGY IN STEP   1 IS       -582.9062613604214675 [AU]
 ======================================================================
 ITERATION STEP   2
 CPU time [min]:     0.065                   Wall time [min]:     0.008
 

 SCF control                  : diis
 Damping factor/level shift   : 0.000/0.200
 DIIS [start/end/frequency]   :   2 / 50 /  1

 Gradient norm:      4.0742E-01
 DIIS is running in this iteration step.
 RMS of [F,P]:                                         0.01661437975734
 RMS of difference density:                            0.01993531844782
 Gap [au]:  0.16697029
 ALPHA OCC:  38
 BETA  OCC:  38
 
 ***HARTREE-FOCK ENERGY IN STEP   2 IS       -583.7674505657366808 [AU]
 
 Step comparison  Energy Drift [au]  DIIS error drift  Gradient drift
        1            8.6119E-01         1.7366E-02       1.5232E+00
        2            5.8377E+02         1.0000E-07       1.5232E+00
 ======================================================================
 ITERATION STEP   3
 CPU time [min]:     0.110                   Wall time [min]:     0.011
 

 SCF control                  : diis
 Damping factor/level shift   : 0.000/0.200
 DIIS [start/end/frequency]   :   2 / 50 /  1

 Gradient norm:      1.3295E-01
 DIIS is running in this iteration step.
 RMS of [F,P]:                                         0.00542690203571
 RMS of difference density:                            0.00409151242364
 Gap [au]:  0.16012819
 ALPHA OCC:  38
 BETA  OCC:  38
 
 ***HARTREE-FOCK ENERGY IN STEP   3 IS       -583.9628084391931679 [AU]
 
 Step comparison  Energy Drift [au]  DIIS error drift  Gradient drift
        2            1.9536E-01         1.1187E-02       2.7447E-01
 ======================================================================
 ITERATION STEP   4
 CPU time [min]:     0.155                   Wall time [min]:     0.014
 

 SCF control                  : diis
 Damping factor/level shift   : 0.000/0.200
 DIIS [start/end/frequency]   :   2 / 50 /  1

 Gradient norm:      2.3292E-02
 DIIS is running in this iteration step.
 RMS of [F,P]:                                         0.00075296471439
 RMS of difference density:                            0.00157149449952
 Gap [au]:  0.16088236
 ALPHA OCC:  38
 BETA  OCC:  38
 
 ***HARTREE-FOCK ENERGY IN STEP   4 IS       -583.9907092731905323 [AU]
 
 Step comparison  Energy Drift [au]  DIIS error drift  Gradient drift
        3            2.7901E-02         4.6739E-03       1.0965E-01
 ======================================================================
 ITERATION STEP   5
 CPU time [min]:     0.202                   Wall time [min]:     0.017
 

 SCF control                  : diis
 Damping factor/level shift   : 0.000/0.200
 DIIS [start/end/frequency]   :   2 / 50 /  1

 Gradient norm:      1.5730E-02
 DIIS is running in this iteration step.
 RMS of [F,P]:                                         0.00021980411653
 RMS of difference density:                            0.00087968854578
 Gap [au]:  0.16135485
 ALPHA OCC:  38
 BETA  OCC:  38
 
 ***HARTREE-FOCK ENERGY IN STEP   5 IS       -583.9923660555170954 [AU]
 
 Step comparison  Energy Drift [au]  DIIS error drift  Gradient drift
        4            1.6568E-03         5.3316E-04       7.5623E-03
 ======================================================================
 ITERATION STEP   6
 CPU time [min]:     0.246                   Wall time [min]:     0.020
 

 SCF control                  : diis
 Damping factor/level shift   : 0.000/0.200
 DIIS [start/end/frequency]   :   2 / 50 /  1

 Gradient norm:      1.0253E-02
 DIIS is running in this iteration step.
 RMS of [F,P]:                                         0.00011540483592
 RMS of difference density:                            0.00061399363482
 Gap [au]:  0.16132456
 ALPHA OCC:  38
 BETA  OCC:  38
 
 ***HARTREE-FOCK ENERGY IN STEP   6 IS       -583.9927055670752907 [AU]
 
 Step comparison  Energy Drift [au]  DIIS error drift  Gradient drift
        5            3.3951E-04         1.0440E-04       5.4767E-03
 ======================================================================
 ITERATION STEP   7
 CPU time [min]:     0.292                   Wall time [min]:     0.023
 

 SCF control                  : diis
 Damping factor/level shift   : 0.000/0.200
 DIIS [start/end/frequency]   :   2 / 50 /  1

 Gradient norm:      6.3472E-03
 DIIS is running in this iteration step.
 RMS of [F,P]:                                         0.00005891736661
 RMS of difference density:                            0.00033002070285
 Gap [au]:  0.16130338
 ALPHA OCC:  38
 BETA  OCC:  38
 
 ***HARTREE-FOCK ENERGY IN STEP   7 IS       -583.9928360359019734 [AU]
 
 Step comparison  Energy Drift [au]  DIIS error drift  Gradient drift
        6            1.3047E-04         5.6487E-05       3.9062E-03
 ======================================================================
 ITERATION STEP   8
 CPU time [min]:     0.337                   Wall time [min]:     0.026
 

 SCF control                  : diis
 Damping factor/level shift   : 0.000/0.200
 DIIS [start/end/frequency]   :   2 / 50 /  1

 Gradient norm:      3.7980E-03
 DIIS is running in this iteration step.
 RMS of [F,P]:                                         0.00003165102694
 RMS of difference density:                            0.00020461036143
 Gap [au]:  0.16126302
 ALPHA OCC:  38
 BETA  OCC:  38
 
 ***HARTREE-FOCK ENERGY IN STEP   8 IS       -583.9928735818120913 [AU]
 
 Step comparison  Energy Drift [au]  DIIS error drift  Gradient drift
        7            3.7546E-05         2.7266E-05       2.5492E-03
 ======================================================================
 ITERATION STEP   9
 CPU time [min]:     0.382                   Wall time [min]:     0.028
 

 SCF control                  : diis
 Damping factor/level shift   : 0.000/0.000
 DIIS [start/end/frequency]   :   2 / 50 /  1

 Gradient norm:      2.0240E-03
 DIIS is running in this iteration step.
 RMS of [F,P]:                                         0.00001655636892
 RMS of difference density:                            0.00019981827629
 Gap [au]:  0.16126274
 ALPHA OCC:  38
 BETA  OCC:  38
 
 ***HARTREE-FOCK ENERGY IN STEP   9 IS       -583.9928861211071762 [AU]
 
 Step comparison  Energy Drift [au]  DIIS error drift  Gradient drift
        8            1.2539E-05         1.5095E-05       1.7740E-03
 ======================================================================
 ITERATION STEP  10
 CPU time [min]:     0.426                   Wall time [min]:     0.031
 

 SCF control                  : diis
 Damping factor/level shift   : 0.000/0.000
 DIIS [start/end/frequency]   :   2 / 50 /  1

 Gradient norm:      2.6748E-04
 DIIS is running in this iteration step.
 RMS of [F,P]:                                         0.00000376579094
 RMS of difference density:                            0.00002424685902
 Gap [au]:  0.16125670
 ALPHA OCC:  38
 BETA  OCC:  38
 
 ***HARTREE-FOCK ENERGY IN STEP  10 IS       -583.9928904263908862 [AU]
 
 Step comparison  Energy Drift [au]  DIIS error drift  Gradient drift
        9            4.3053E-06         1.2791E-05       1.7565E-03
 ======================================================================
 ITERATION STEP  11
 CPU time [min]:     0.471                   Wall time [min]:     0.034
 

 SCF control                  : diis
 Damping factor/level shift   : 0.000/0.000
 DIIS [start/end/frequency]   :   2 / 50 /  1

 Gradient norm:      6.6121E-05
 DIIS is running in this iteration step.
 RMS of [F,P]:                                         0.00000152378755
 RMS of difference density:                            0.00000744775750
 Gap [au]:  0.16126242
 ALPHA OCC:  38
 BETA  OCC:  38
 
 ***HARTREE-FOCK ENERGY IN STEP  11 IS       -583.9928905284646135 [AU]
 
 Step comparison  Energy Drift [au]  DIIS error drift  Gradient drift
       10            1.0207E-07         2.2420E-06       2.0136E-04
 ======================================================================
 ITERATION STEP  12
 CPU time [min]:     0.516                   Wall time [min]:     0.037
 

 SCF control                  : diis
 Damping factor/level shift   : 0.000/0.000
 DIIS [start/end/frequency]   :   2 / 50 /  1

 Gradient norm:      9.4454E-06
 DIIS is running in this iteration step.
 RMS of [F,P]:                                         0.00000041114560
 RMS of difference density:                            0.00000179944768
 Gap [au]:  0.16126701
 ALPHA OCC:  38
 BETA  OCC:  38
 
 ***HARTREE-FOCK ENERGY IN STEP  12 IS       -583.9928905423557808 [AU]
 
 Step comparison  Energy Drift [au]  DIIS error drift  Gradient drift
       11            1.3891E-08         1.1126E-06       5.6676E-05
 ======================================================================
 ITERATION STEP  13
 CPU time [min]:     0.561                   Wall time [min]:     0.040
 

 SCF control                  : diis
 Damping factor/level shift   : 0.000/0.000
 DIIS [start/end/frequency]   :   2 / 50 /  1

 Gradient norm:      5.1443E-06
 DIIS is running in this iteration step.
 RMS of [F,P]:                                         0.00000010670377
 RMS of difference density:                            0.00000077919609
 Gap [au]:  0.16126708
 ALPHA OCC:  38
 BETA  OCC:  38
 
 ***HARTREE-FOCK ENERGY IN STEP  13 IS       -583.9928905435399429 [AU]
 
 Step comparison  Energy Drift [au]  DIIS error drift  Gradient drift
       12            1.1842E-09         3.0444E-07       4.3011E-06
 ======================================================================
 ITERATION STEP  14
 CPU time [min]:     0.606                   Wall time [min]:     0.043
 

 SCF control                  : diis
 Damping factor/level shift   : 0.000/0.000
 DIIS [start/end/frequency]   :   2 / 50 /  1

 Gradient norm:      3.8985E-06
 DIIS is running in this iteration step.
 RMS of [F,P]:                                         0.00000004263884
 RMS of difference density:                            0.00000033317756
 Gap [au]:  0.16126708
 ALPHA OCC:  38
 BETA  OCC:  38
 
 ***HARTREE-FOCK ENERGY IN STEP  14 IS       -583.9928905436627247 [AU]
 
 Step comparison  Energy Drift [au]  DIIS error drift  Gradient drift
       13            1.2278E-10         6.4065E-08       1.2458E-06
 ======================================================================
 ITERATION STEP  15
 CPU time [min]:     0.651                   Wall time [min]:     0.045
 

 SCF control                  : diis
 Damping factor/level shift   : 0.000/0.000
 DIIS [start/end/frequency]   :   2 / 50 /  1

 Gradient norm:      2.7705E-06
 DIIS is running in this iteration step.
 RMS of [F,P]:                                         0.00000002813088
 RMS of difference density:                            0.00000034118745
 Gap [au]:  0.16126704
 ALPHA OCC:  38
 BETA  OCC:  38
 
 ***HARTREE-FOCK ENERGY IN STEP  15 IS       -583.9928905437063804 [AU]
 
 Step comparison  Energy Drift [au]  DIIS error drift  Gradient drift
       14            4.3656E-11         1.4508E-08       1.1279E-06
 ======================================================================
 ITERATION STEP  16
 CPU time [min]:     0.696                   Wall time [min]:     0.048
 

 SCF control                  : diis
 Damping factor/level shift   : 0.000/0.000
 DIIS [start/end/frequency]   :   2 / 50 /  1

 Gradient norm:      1.5351E-06
 DIIS is running in this iteration step.
 RMS of [F,P]:                                         0.00000001632400
 RMS of difference density:                            0.00000028508767
 Gap [au]:  0.16126704
 ALPHA OCC:  38
 BETA  OCC:  38
 
 ***HARTREE-FOCK ENERGY IN STEP  16 IS       -583.9928905437361664 [AU]
 
 Step comparison  Energy Drift [au]  DIIS error drift  Gradient drift
       15            2.9786E-11         1.1807E-08       1.2355E-06
 ======================================================================
 ITERATION STEP  17
 CPU time [min]:     0.741                   Wall time [min]:     0.051
 

 SCF control                  : diis
 Damping factor/level shift   : 0.000/0.000
 DIIS [start/end/frequency]   :   2 / 50 /  1

 Gradient norm:      4.9045E-07
 DIIS is running in this iteration step.
 RMS of [F,P]:                                         0.00000000657793
 RMS of difference density:                            0.00000011325579
 Gap [au]:  0.16126705
 ALPHA OCC:  38
 BETA  OCC:  38
 
 ***HARTREE-FOCK ENERGY IN STEP  17 IS       -583.9928905437482172 [AU]
 
 Step comparison  Energy Drift [au]  DIIS error drift  Gradient drift
       16            1.2051E-11         9.7461E-09       1.0446E-06
 ======================================================================
 ITERATION STEP  18
 CPU time [min]:     0.786                   Wall time [min]:     0.054
 

 SCF control                  : diis
 Damping factor/level shift   : 0.000/0.000
 DIIS [start/end/frequency]   :   2 / 50 /  1

 Gradient norm:      7.1625E-08
 DIIS is running in this iteration step.
 RMS of [F,P]:                                         0.00000000201089
 RMS of difference density:                            0.00000001724359
 Gap [au]:  0.16126705
 ALPHA OCC:  38
 BETA  OCC:  38
 
 ***HARTREE-FOCK ENERGY IN STEP  18 IS       -583.9928905437491267 [AU]
 
 Step comparison  Energy Drift [au]  DIIS error drift  Gradient drift
       17            9.0949E-13         4.5670E-09       4.1883E-07
 ======================================================================
 
 SUCCESS...
 THE SCF ITERATION HAS CONVERGED!
 
                   A   
 FINAL ALPHA OCC:  38
 FINAL BETA  OCC:  38
 
 ***FINAL HARTREE-FOCK ENERGY:       -583.9928905437491267 [AU]
 
 Orbital energies [au]:
      Irrep         Alpha          Beta
    1   A         -4.355617      -4.355617
    2   A         -4.355525      -4.355525
    3   A         -4.354766      -4.354766
    4   A         -4.354753      -4.354753
    5   A         -2.804819      -2.804819
    6   A         -2.804402      -2.804402
    7   A         -2.797522      -2.797522
    8   A         -2.797502      -2.797502
    9   A         -2.797166      -2.797166
   10   A         -2.796829      -2.796829
   11   A         -2.796495      -2.796495
   12   A         -2.796397      -2.796397
   13   A         -2.796380      -2.796380
   14   A         -2.796047      -2.796047
   15   A         -2.795206      -2.795206
   16   A         -2.795201      -2.795201
   17   A         -0.552930      -0.552930
   18   A         -0.548380      -0.548380
   19   A         -0.548373      -0.548373
   20   A         -0.535949      -0.535949
   21   A         -0.535902      -0.535902
   22   A         -0.525822      -0.525822
   23   A         -0.515702      -0.515702
   24   A         -0.515318      -0.515318
   25   A         -0.514786      -0.514786
   26   A         -0.506027      -0.506027
   27   A         -0.505329      -0.505329
   28   A         -0.499014      -0.499014
   29   A         -0.498874      -0.498874
   30   A         -0.490360      -0.490360
   31   A         -0.488082      -0.488082
   32   A         -0.486889      -0.486889
   33   A         -0.486783      -0.486783
   34   A         -0.485504      -0.485504
   35   A         -0.471448      -0.471448
   36   A         -0.471070      -0.471070
   37   A         -0.307189      -0.307189
   38   A         -0.168006      -0.168006
 
   39   A         -0.006739      -0.006739
   40   A         -0.006020      -0.006020
   41   A          0.044356       0.044356
   42   A          0.067539       0.067539
   43   A          0.067976       0.067976
   44   A          0.071929       0.071929
   45   A          0.076342       0.076342
   46   A          0.088120       0.088120
   47   A          0.137176       0.137176
   48   A          0.142651       0.142651
   49   A          0.146411       0.146411
   50   A          0.147003       0.147003
   51   A          0.152375       0.152375
   52   A          0.152411       0.152411
   53   A          0.237343       0.237343
   54   A          0.276187       0.276187
   55   A          0.277540       0.277540
   56   A          0.290347       0.290347
   57   A          0.356855       0.356855
   58   A          0.424870       0.424870
   59   A          0.424988       0.424988
   60   A          0.425371       0.425371
   61   A          0.434254       0.434254
   62   A          0.477373       0.477373
   63   A          0.523263       0.523263
   64   A          0.524340       0.524340
   65   A          0.525787       0.525787
   66   A          0.541419       0.541419
   67   A          0.574120       0.574120
   68   A          0.580889       0.580889
   69   A          0.581250       0.581250
   70   A          0.627527       0.627527
   71   A          0.630827       0.630827
   72   A          0.670539       0.670539
   73   A          0.705814       0.705814
   74   A          0.710601       0.710601
   75   A          0.713343       0.713343
   76   A          0.772634       0.772634
   77   A          0.774881       0.774881
   78   A          0.804223       0.804223
   79   A          0.806156       0.806156
   80   A          0.831331       0.831331
   81   A          0.838244       0.838244
   82   A          0.862013       0.862013
   83   A          0.939403       0.939403
   84   A          0.943162       0.943162
   85   A          0.974334       0.974334
   86   A          0.977871       0.977871
   87   A          1.128797       1.128797
   88   A          1.129711       1.129711
   89   A          2.421227       2.421227
   90   A          2.506594       2.506594
   91   A          2.506785       2.506785
   92   A          2.611580       2.611580
   93   A         56.424293      56.424293
   94   A         56.486442      56.486442
   95   A         56.486634      56.486634
   96   A         56.550202      56.550202
 
 RETURNING FROM SCF ALGORITHM
 ======================================================================

 ************************ 2023-08-30 05:47:43 *************************
 Executing ovirt...

 ovirt, the routine of orbital optimization and integral transformation 
Wed Aug 30 05:47:44 BST 2023
 memory =                1536000  Mb          201326592000  8 byte word
 mrccboot = T
 scftype  = rhf  
 localcc  = off 
 core     = 16    
 ovirt    = off  
 ccprog   = mrcc
 dfnbasis =                      0
 dfbasis_cor =none                
 lmp2dens = on 
 dens =                      0
 verblev =                      3
 task     =                      4
 epsilon =   0.000000000000000E+000
 lmp2= on 
 localNO  =  F
 localMP2 =  F
 localMP2_TEST =  F
 LMP2_shortcut =  F
 FOCKTR   =  T
 Allocated memory:                 1536000  Mb
 onbasis=                    96
 RHF calculation! 
 integral transforamtion: AOs ------ MOs
 # of basis functions, # of int. blocks    96     1
100 % 
 second part
100 %
 integral transformation is completed! 
CPU and WC time          42.46           7.70     AOs -> MOs 
 occupied and 
     1 -0.5529304731
     2 -0.5483795105
     3 -0.5483733457
     4 -0.5359486396
     5 -0.5359021387
     6 -0.5258219898
     7 -0.5157022941
     8 -0.5153178760
     9 -0.5147861940
    10 -0.5060266383
    11 -0.5053288021
    12 -0.4990140275
    13 -0.4988737420
    14 -0.4903599584
    15 -0.4880822541
    16 -0.4868893532
    17 -0.4867825813
    18 -0.4855043513
    19 -0.4714481009
    20 -0.4710703713
    21 -0.3071886806
    22 -0.1680064603
               virtual energies 
    23 -0.0067394101
    24 -0.0060195388
    25  0.0443556574
    26  0.0675387791
    27  0.0679763573
    28  0.0719285960
    29  0.0763417637
    30  0.0881198753
    31  0.1371760689
    32  0.1426505028
    33  0.1464106038
    34  0.1470032009
    35  0.1523749258
    36  0.1524106523
    37  0.2373426146
    38  0.2761874626
    39  0.2775402542
    40  0.2903468535
    41  0.3568545346
    42  0.4248701363
    43  0.4249879343
    44  0.4253710314
    45  0.4342537928
    46  0.4773726990
    47  0.5232626192
    48  0.5243400287
    49  0.5257873784
    50  0.5414190820
    51  0.5741201406
    52  0.5808885543
    53  0.5812497520
    54  0.6275274938
    55  0.6308273742
    56  0.6705392628
    57  0.7058138052
    58  0.7106013995
    59  0.7133428414
    60  0.7726342730
    61  0.7748812698
    62  0.8042229004
    63  0.8061557195
    64  0.8313308777
    65  0.8382441798
    66  0.8620131046
    67  0.9394032326
    68  0.9431619638
    69  0.9743341691
    70  0.9778713356
    71  1.1287966313
    72  1.1297112972
    73  2.4212273203
    74  2.5065939265
    75  2.5067851776
    76  2.6115801325
    77 56.4242930350
    78 56.4864418375
    79 56.4866341965
    80 56.5502024206
 inttol =   1.000000000000000E-010   10.0000000000000     
Integrals are written to fort.55
Wed Aug 30 05:48:01 BST 2023
  ovirt terminated normally 

 ************************ 2023-08-30 05:48:01 *************************
 Executing goldstone...

 Generation of CC equations in terms of H and T...
 Generation of antisymmetrized Goldstone diagrams...
 Number of diagrams in T^1 equations:    15
 Number of diagrams in T^2 equations:    38
 Number of diagrams in T^3 equations:    49
 Number of diagrams in T^4 equations:     5
 Translation of diagrams to factorized equations...
 Optimizing intermediate calculation...
 Number of floating-point operations per iteration step:   5.9242E+15
 Probable CPU time per iteration step (hours):  59242.26
 Required memory (Mbytes): 7415851.0
 Number of intermediates:                                  78
 Number of intermediates to be stored:                     31
 Length of intermediate file (Mbytes):   30793.0

 ************************ 2023-08-30 05:48:02 *************************
 Executing xmrcc...

 **********************************************************************
 CC(3)(4) calculation 
 
 
 Allocation of****** Mbytes of memory...
 Number of spinorbitals:                   160
 Number of alpha electrons:                       22
 Number of beta electrons:                        22
 Spin multiplicity:                     1
 z-component of spin:  0.0
 Spatial symmetry:                      1
 Convergence criterion:  1.0E-06
 Construction of occupation graphs...
 Number of                     0 -fold excitations:                      1
 Number of                     1 -fold excitations:                   2552
 Number of                     2 -fold excitations:                2391862
 Number of                     3 -fold excitations:             1069499816
 Total number of configurations:             1071894231
 Calculation of coupling coefficients...
 Length of intermediate file (Mbytes):   19684.1
 
 ======================================================================
 
 Spin case  1   Alpha:  0   Beta:  4
 Number of excitations:             3103535050
 Spin case  2   Alpha:  1   Beta:  3
 Number of excitations:            60633274240
 Spin case  3   Alpha:  2   Beta:  2
 Number of excitations:           145804076649
 Number of                     4 -fold excitations:           273277695229
 
 Memory requirements /Mbyte/: 
               Minimal        Optimal
 Real*8:      63280.5533     63280.5533
 Integer:         6.8275
 Total:       63287.3807     63287.3807
 

 ************************ 2023-08-30 05:48:03 *************************
 Executing mrcc...

 **********************************************************************
 CCSDT(Q) calculation                                                   
 
 
 OpenMP parallel version is running.
 Number of CPU cores:  16
 Allocation of63280.6 Mbytes of memory...
 Number of spinorbitals: 160
 Number of alpha electrons: 22
 Number of beta  electrons: 22
 Spin multiplicity: 1
 z-component of spin:  0.0
 Spatial symmetry: 1
 Convergence criterion:  1.0E-06
 Construction of occupation graphs...
 Number of 0-fold excitations: 1
 Number of 1-fold excitations: 2552
 Number of 2-fold excitations: 2391862
 Number of 3-fold excitations: 1069499816
 Total number of determinants: 1071894231
 Calculation of coupling coefficients...
 Initial cluster amplitudes are generated.
 Length of intermediate file (Mbytes):   19684.1
 Reading integral list from unit 55...
 Sorting integrals...
 Calculation of MP denominators...
 
 Starting CC iteration...
 ======================================================================
 Norm of residual vector:     0.81798391
 CPU time [min]:   551.094                   Wall time [min]:    57.026
 
 Iteration  1  CC energy:  -584.31731075  Energy decrease:   0.32442021
 ======================================================================
 Norm of residual vector:     0.31793497
 CPU time [min]:  1118.143                   Wall time [min]:   115.133
 
 Iteration  2  CC energy:  -584.31093422  Energy decrease:   0.00637653
 ======================================================================
 Norm of residual vector:     0.12225744
 CPU time [min]:  1699.591                   Wall time [min]:   175.350
 
 Iteration  3  CC energy:  -584.35128915  Energy decrease:   0.04035493
 ======================================================================
 Norm of residual vector:     0.04105027
 CPU time [min]:  2286.080                   Wall time [min]:   236.978
 
 Iteration  4  CC energy:  -584.36201990  Energy decrease:   0.01073075
 ======================================================================
 Norm of residual vector:     0.02252648
 CPU time [min]:  2863.655                   Wall time [min]:   298.808
 
 Iteration  5  CC energy:  -584.36267634  Energy decrease:   0.00065643
 ======================================================================
 Norm of residual vector:     0.01156557
 CPU time [min]:  3438.917                   Wall time [min]:   361.749
 
 Iteration  6  CC energy:  -584.36266127  Energy decrease:   0.00001507
 ======================================================================
 Norm of residual vector:     0.00589916
 CPU time [min]:  4022.853                   Wall time [min]:   426.235
 
 Iteration  7  CC energy:  -584.36292025  Energy decrease:   0.00025898
 ======================================================================
 Norm of residual vector:     0.00354183
 CPU time [min]:  4609.809                   Wall time [min]:   491.813
 
 Iteration  8  CC energy:  -584.36305664  Energy decrease:   0.00013639
 ======================================================================
 Norm of residual vector:     0.00193129
 CPU time [min]:  5186.673                   Wall time [min]:   557.660
 
 Iteration  9  CC energy:  -584.36303463  Energy decrease:   0.00002200
 ======================================================================
 Norm of residual vector:     0.00125895
 CPU time [min]:  5764.645                   Wall time [min]:   624.703
 
 Iteration 10  CC energy:  -584.36301269  Energy decrease:   0.00002194
 ======================================================================
 Norm of residual vector:     0.00068891
 CPU time [min]:  6347.870                   Wall time [min]:   692.935
 
 Iteration 11  CC energy:  -584.36302663  Energy decrease:   0.00001394
 ======================================================================
 Norm of residual vector:     0.00043995
 CPU time [min]:  6934.551                   Wall time [min]:   762.555
 
 Iteration 12  CC energy:  -584.36303971  Energy decrease:   0.00001308
 ======================================================================
 Norm of residual vector:     0.00024526
 CPU time [min]:  7522.289                   Wall time [min]:   833.338
 
 Iteration 13  CC energy:  -584.36303569  Energy decrease:   0.00000402
 ======================================================================
 Norm of residual vector:     0.00013752
 CPU time [min]:  8120.113                   Wall time [min]:   905.698
 
 Iteration 14  CC energy:  -584.36302976  Energy decrease:   0.00000593
 ======================================================================
 Norm of residual vector:     0.00007098
 CPU time [min]:  8714.714                   Wall time [min]:   978.794
 
 Iteration 15  CC energy:  -584.36302904  Energy decrease:   0.00000072
 ======================================================================
 Norm of residual vector:     0.00003615
 CPU time [min]:  9303.126                   Wall time [min]:  1052.634
 
 Iteration 16  CC energy:  -584.36302985  Energy decrease:   0.00000081
 ======================================================================
 Norm of residual vector:     0.00001909
 CPU time [min]:  9901.405                   Wall time [min]:  1128.197
 
 Iteration 17  CC energy:  -584.36303009  Energy decrease:   0.00000024
 ======================================================================
 Norm of residual vector:     0.00000949
 CPU time [min]: 10502.135                   Wall time [min]:  1204.871
 
 Iteration 18  CC energy:  -584.36303002  Energy decrease:   0.00000007
 ======================================================================
 Norm of residual vector:     0.00000539
 CPU time [min]: 11094.094                   Wall time [min]:  1282.187
 
 Iteration 19  CC energy:  -584.36302997  Energy decrease:   0.00000006
 ======================================================================
 Norm of residual vector:     0.00000313
 CPU time [min]: 11700.901                   Wall time [min]:  1361.214
 
 Iteration 20  CC energy:  -584.36302997  Energy decrease:   1.5355E-09
 ======================================================================
 Norm of residual vector:     0.00000225
 CPU time [min]: 12305.641                   Wall time [min]:  1441.290
 
 Iteration 21  CC energy:  -584.36302999  Energy decrease:   0.00000002
 ======================================================================
 Norm of residual vector:     0.00000166
 CPU time [min]: 12909.780                   Wall time [min]:  1522.336
 
 Iteration 22  CC energy:  -584.36303000  Energy decrease:   0.00000001
 ======================================================================
 Norm of residual vector:     0.00000125
 CPU time [min]: 13512.434                   Wall time [min]:  1604.241
 
 Iteration 23  CC energy:  -584.36302999  Energy decrease:   0.00000001
 ======================================================================
 Norm of residual vector:     0.00000084
 CPU time [min]: 14118.126                   Wall time [min]:  1687.444
 
 Iteration 24  CC energy:  -584.36302998  Energy decrease:   0.00000001
 ======================================================================
 
 Iteration has converged in 24 steps.
 
 Final results:
 Total CCSDT energy [au]:           -584.363029978935
 Total MP2 energy [au]:             -584.317310753413
 
 Perturbative corrections are calculated...
 ======================================================================
 Spin case  1   Alpha:  0   Beta:  4
 Number of excitations:        3103535050
 CPU time [min]: 14435.502                   Wall time [min]:  1712.587
 ======================================================================
 Spin case  2   Alpha:  1   Beta:  3
 Number of excitations:        60633274240
 CPU time [min]: 18597.682                   Wall time [min]:  1978.050
 ======================================================================
 Spin case  3   Alpha:  2   Beta:  2
 Number of excitations:        145804076649
 CPU time [min]: 29044.055                   Wall time [min]:  2660.439
 ======================================================================
 Number of 4-fold excitations: 273277695229
 CPU time [min]: 29044.055                   Wall time [min]:  2660.439
 
 Total CCSDT[Q] energy [au]:        -584.356161023735
 Total CCSDT(Q) energy [au]:        -584.360553140805
 
 ************************ 2023-09-01 02:09:01 *************************
                      Normal termination of mrcc.
 **********************************************************************
