 **********************************************************************
                          MRCC program system
 **********************************************************************
 
                              Written by
     Mihaly Kallay, Peter R. Nagy, David Mester, Laszlo Gyevi-Nagy,
        Jozsef Csoka, P. Bernat Szabo, Zoltan Rolik, Gyula Samu,
     Jozsef Csontos, Bence Hegely, Adam Ganyecz, Istvan Ladjanszki,
       Lorant Szegedy, Bence Ladoczki, Klara Petrov, Mate Farkas,
                    Pal D. Mezei, and Reka A. Horvath
 
        Department of Physical Chemistry and Materials Science
            Budapest University of Technology and Economics
                  Budapest P.O.Box 91, H-1521 Hungary
 
                              www.mrcc.hu
 
                      Release date: March 18, 2022

 ************************ 2023-08-17 09:40:49 *************************
 Executing minp...

 Reading input from MINP...
 
 Input file:
 
calc=CCSD(T)
verbosity=3
mem=1500GB
unit=angs
scfiguess=sad
ccprog=mrcc
ECP=LANL2DZ-ECP-10
basis=LANL2DZ
core=16
unit=angs
geom=xyz
    4
Cu4_3
Cu    -3.41130169     0.00000000     0.00000000
Cu    -1.17050574     0.00000000     0.00000000
Cu     1.17050574     0.00000000     0.00000000
Cu     3.41130169     0.00000000     0.00000000
 
 
 Checking keyword combinations...
 
 Keywords:
 
 active=none
 agrid=ld0006-ld0590
 agrid_pssp=ld0006-ld0194
 agrid_pssp_sm=ld0006-ld0074
 basis=lanl2dz
 basis_sm=none
 basopt=off
 bfbasis=none
 bfgsmem=10
 bfgstol=1.0d-3
 bpcompo=0.985
 bpcompv=0.98
 bpdfo=0.985
 bpocc=0.985
 bppdo=0.985
 bppdv=0.98
 bpedo=0.985
 bpedv=0.98
 calc=ccsd(t)
 ccmaxit=50
 ccprog=mrcc
 ccsdalg=disk
 ccsdmkl=seq
 ccsdrest=off
 ccsdthreads=2
 cctol=6
 charge=0
 cialg=disk
 ciguess=off
 cmpgrp=auto
 comprest=off
 core=16
 corembed=off
 csapprox=off
 cvs=off
 dboc=off
 delocsomofact=
 dendec=cholesky
 dens=0
 dfalg=lineq
 dfbasis_cab=none
 dfbasis_cor=none
 dfbasis_scf=none
 dfbasis_scf_sm=none
 dfintran=ovirt
 dft=off
 dhexc=adc(2)
 diag=david
 docc=
 domrad=10.d0
 drpaalg=fit
 dual=off
 dual_df=off
 ecp=lanl2dz-ecp-10
 edisp=off
 edisp_embed=off
 embed=off
 etemp=300
 epert=none
 eps=
 espcharge=off
 excrad=0.d0
 excrad_fin=0.000000000D+00
 fitting=coulomb
 fmm=off
 fmmord=8
 freq=off
 gamma=1.d0
 gauss=spher
 geom=xyz
 gopt=off
 ghost=none
 gtol=7
 grdens=off
 gridbatch_cos=2000
 grtol=10
 guido_ct=off
 hamilton=dc
 iface=none
 intalg=auto
 itol=10
 laptol=1.d-2
 lccoporder=trffirst
 lcorthr=normal
 lccrest=off
 lmp2dens=on
 lnoepso=0.d0
 lnoepsv=1e-6
 boysalg=jacobi
 localcc=off
 localcorrsymm=off
 locintrf=disk
 mact=
 maxact=off
 maxdim=100
 maxex=0
 maxmicroit=100
 mcscfiguess=hf
 mem=1500gb
 mmprog=
 molden=on
 mpitasks=1
 mulmet=0
 mult=
 nacto=0
 nactv=0
 naf_amp=1.d-2
 naf_cor=off
 naf_scf=off
 nafalg=albe
 naftyp=
 nchol=auto
 ndeps=1e-3
 nstate=1
 nsing=0
 nto=off
 ntrip=0
 occ=
 occri=off
 oniom=off
 oniom_eechg=off
 oniom_pcm=off
 oniom_qcorr=off
 optalg=
 optmaxit=50
 optetol=1e-6
 optex=0
 optgtol=1e-4
 optstol=1e-3
 orblocc=off
 orbloce=off
 orbloco=off
 orblocv=off
 orblocguess=cholesky
 osveps=1e-3
 ovirt=off
 ovltol=1e-7
 ovosnorb=80.0
 pcm=off
 popul=off
 pressure=100000
 pssp=off
 ptfreq=0.0
 ptthreads=2
 qro=off
 qscf=off
 qmmm=off
 redcost_exc=off
 redcost_tddft=off
 refdet=none
 rest=0
 rgrid=log3
 rism=off
 rohfcore=semicanonical
 rohftype=semicanonical
 scfalg=auto
 scf_conv=difficult
 scfdamp=0.0d0
 scfdamp_mode=off
 scfdamp_end=50
 scfdamp_dampstep=0.d0
 scfdamp_dtol=0.0d0
 scfdamp_maxfact=0.0d0
 scfdamp_minfact=0.0d0
 scfdiis=on
 scfdiis_dtol=0.0d0
 scfdiis_end=50
 scfdiis_start=2
 scfdiis_step=1
 scfdiis_watch=off
 scfdiis_wrange=10
 scfdiis_wlimit=5
 scfdiis_delmax=2
 scfdtol=7
 scfext=10
 scfguessdens=
 scfiguess=sad
 scfloc=off
 scflshift=0.20
 scflshift_end=8
 scflshift_dtol=0.0
 scflshift_gaptol=0.20
 scfmaxit=50
 scftype=
 scftol=6
 scspe=1.d0
 scsph=1.d0
 scsps=1.2d0
 scsps_t=1.2d0
 scspt=0.33333333333333
 scspt_t=0.33333333333333
 scspv=1.d0
 spairtol=1e-4
 sqmprog=
 subminp=top
 symm=
 talg=occ
 temp=298.15
 test=off
 theodore=off
 tlmo=0.999
 tpao=0.94
 tprint=off
 uncontract=off
 unit=angs
 usedisk=2
 verbosity=3
 wpairtol=0.100000000E-05

 ************************ 2023-08-17 09:40:49 *************************
 Executing integ...

 Allocation of 1500.0 Gbytes of memory...
 
 
 Number of atoms:                  4
 Charge:                           0
 Number of electrons:             76
 Number of core electrons:        32
 Spin multiplicity:                1
 
                 Cartesian coordinates [bohr]      Atomic mass [AMU]  Z
   1  Cu   -6.44642593    0.00000000    0.00000000    62.929599      29
   2  Cu   -2.21193528    0.00000000    0.00000000    62.929599      29
   3  Cu    2.21193528    0.00000000    0.00000000    62.929599      29
   4  Cu    6.44642593    0.00000000    0.00000000    62.929599      29
 
 This molecule is linear.
 
 Rotational constants [cm-1]: 
      0.010297511780
 
 Point group: Dxh 
 Computational point group: D2h 
 
 Cartesian coordinates in standard orientation [bohr]
   1  Cu    0.00000000    0.00000000   -6.44642593
   2  Cu    0.00000000    0.00000000   -2.21193528
   3  Cu    0.00000000    0.00000000    2.21193528
   4  Cu    0.00000000    0.00000000    6.44642593
 
 Nuclear repulsion energy [au]:        363.494933704908
 
 
 Basis set information:
 
 Maximum angular momentum: d
 Maximum number of contracted Gaussians:    3
 Maximum number of primitive Gaussians:     5
 Spherical harmonic GTOs are used.
 
   1  Cu lanl2dz [ 5s 5p 5d | 3s 3p 2d ]
   2  Cu lanl2dz [ 5s 5p 5d | 3s 3p 2d ]
   3  Cu lanl2dz [ 5s 5p 5d | 3s 3p 2d ]
   4  Cu lanl2dz [ 5s 5p 5d | 3s 3p 2d ]
 
 Basis functions:
            1             2             3             4             5             6             7             8             9            10
    0    1Cu1s         1Cu2s         1Cu3s         1Cu1pz        1Cu1py        1Cu1px        1Cu2pz        1Cu2py        1Cu2px        1Cu3pz    
    1    1Cu3py        1Cu3px        1Cu1d-2       1Cu1d-1       1Cu1d0        1Cu1d+1       1Cu1d+2       1Cu2d-2       1Cu2d-1       1Cu2d0    
    2    1Cu2d+1       1Cu2d+2       2Cu1s         2Cu2s         2Cu3s         2Cu1pz        2Cu1py        2Cu1px        2Cu2pz        2Cu2py    
    3    2Cu2px        2Cu3pz        2Cu3py        2Cu3px        2Cu1d-2       2Cu1d-1       2Cu1d0        2Cu1d+1       2Cu1d+2       2Cu2d-2   
    4    2Cu2d-1       2Cu2d0        2Cu2d+1       2Cu2d+2       3Cu1s         3Cu2s         3Cu3s         3Cu1pz        3Cu1py        3Cu1px    
    5    3Cu2pz        3Cu2py        3Cu2px        3Cu3pz        3Cu3py        3Cu3px        3Cu1d-2       3Cu1d-1       3Cu1d0        3Cu1d+1   
    6    3Cu1d+2       3Cu2d-2       3Cu2d-1       3Cu2d0        3Cu2d+1       3Cu2d+2       4Cu1s         4Cu2s         4Cu3s         4Cu1pz    
    7    4Cu1py        4Cu1px        4Cu2pz        4Cu2py        4Cu2px        4Cu3pz        4Cu3py        4Cu3px        4Cu1d-2       4Cu1d-1   
    8    4Cu1d0        4Cu1d+1       4Cu1d+2       4Cu2d-2       4Cu2d-1       4Cu2d0        4Cu2d+1       4Cu2d+2   
 
 Maximum number of basis functions per shell:   10
 Total number of basis functions:     88
 
 
 Effective core potentials:
 
   1  Cu lanl2dz-ecp-10      
   2  Cu lanl2dz-ecp-10      
   3  Cu lanl2dz-ecp-10      
   4  Cu lanl2dz-ecp-10      
 
 Initializing the SAD routines for the initial guess...
 Checking the files required for the initial guess...
 Density files have not been found for the initial guess.
 Generating SCFDENSITIES.Cu.lanl2dz.0
 CPU time [min]:     0.118                   Wall time [min]:     0.201
 
 Character table for point group D2h:
 
          E  C2z C2y C2x  i  Qxy Qxz Qyz 
    Ag    1   1   1   1   1   1   1   1
    B1g   1   1  -1  -1   1   1  -1  -1
    B2g   1  -1   1  -1   1  -1   1  -1
    B3g   1  -1  -1   1   1  -1  -1   1
    Au    1   1   1   1  -1  -1  -1  -1
    B1u   1   1  -1  -1  -1  -1   1   1
    B2u   1  -1   1  -1  -1   1  -1   1
    B3u   1  -1  -1   1  -1   1   1  -1
 
 Number of basis functions per irrep:
    Ag     20
    B1g     4
    B2g    10
    B3g    10
    Au      4
    B1u    20
    B2u    10
    B3u    10
 
 
 Calculation of overlap integrals...
 CPU time [min]:     0.119                   Wall time [min]:     0.201
 
 Calculation of the square root of the overlap matrix...
 Minimum eigenvalue of the overlap matrix: 0.275570E-02
 CPU time [min]:     0.133                   Wall time [min]:     0.202
 
 Calculation of kinetic energy integrals...
 CPU time [min]:     0.133                   Wall time [min]:     0.202
 Calculation of nuclear attraction integrals...
 CPU time [min]:     0.133                   Wall time [min]:     0.202
 Calculation of core potential integrals...
 CPU time [min]:     0.239                   Wall time [min]:     0.205
 
 Calculation of prescreening integrals...
 CPU time [min]:     0.322                   Wall time [min]:     0.208
 
 Calculation of two-electron integrals...
   1% done.
  17% done.
  32% done.
  62% done.
 100% done.
 CPU time [min]:     1.756                   Wall time [min]:     0.248

 ************************ 2023-08-17 09:41:04 *************************
 Executing scf...

 @scfsetup: integrals taken from disk
            mrcc/integ binary format
 @scfsetup: calc on blockdiagonal matrices
            using symmetry adapted basis
 @scfsetup: diis switched on
 @scfsetup: number of steps to extrapolate from  10
 @scfsetup: tolerance in energy deviation    0.100000E-05
            tolerance in density deviation    0.100000E-06
 @scfsetup: maximum number of iterations:  50
 @scfsetup: restricted closed shell hf calc
 @scfsetup: starting scf from superposition of atomic densities
 @scfsetup: occupation set:
            from initial orbitals
 @scfsetup: Parameter-set for SCF acceleration: difficult
 @scfsetup: diis runs from iteration:   2
 @scfsetup: diis runs to iteration:  50
 @scfsetup: diis runs in every iteration
 @scfsetup: diiswatch is disabled                   
 @scfsetup: diis dtol criteria to switch on:      0.0000E+00
           (or the iteration number below is reached)
 @scfsetup: damping is turned off.
 @scfsetup: dynamic level shifting
            tolarance in HOMO-LUMO gap:  0.200
            tolarance in density deviation:     0.0000E+00
            iteration step criteria to turn level shifting off: 8
 Allocation of 1500.0 Gbytes of memory...
 ======================================================================
 ITERATION STEP   1
 CPU time [min]:     0.013                   Wall time [min]:     0.004
 

 SCF control                  : initial
 Damping factor/level shift   : 0.000/0.200
 DIIS [start/end/frequency]   :   2 / 50 /  1

 Gradient norm:      2.0887E+00
 RMS of [F,P]:                                         0.16936360323984
 RMS of difference density:                            7.96611436361014
 Gap [au]:  0.00000000
 ALPHA OCC:   9   0   5   4   0   8   6   6
 BETA  OCC:   9   0   5   4   0   8   6   6
 
 ***HARTREE-FOCK ENERGY IN STEP   1 IS       -773.9591950489618739 [AU]
 ======================================================================
 ITERATION STEP   2
 CPU time [min]:     0.043                   Wall time [min]:     0.004
 

 SCF control                  : diis
 Damping factor/level shift   : 0.000/0.200
 DIIS [start/end/frequency]   :   2 / 50 /  1

 Gradient norm:      7.4791E+00
 DIIS is running in this iteration step.
 RMS of [F,P]:                                         0.55813917654821
 RMS of difference density:                            7.91788372389501
 Gap [au]:  0.44801930
 ALPHA OCC:   9   2   4   4   2   9   4   4
 BETA  OCC:   9   2   4   4   2   9   4   4
 
 ***HARTREE-FOCK ENERGY IN STEP   2 IS       -664.3218176282202876 [AU]
 
 Step comparison  Energy Drift [au]  DIIS error drift  Gradient drift
        1           -1.0964E+02        -3.8878E-01      -5.3904E+00
        2            6.6432E+02         1.0000E-07      -5.3904E+00
 Warning! The energy goes uphill (with respect to previous step).
 Warning! The gradient goes uphill (with respect to previous step).
 Warning! The gradient goes uphill (with respect to step   1 ).
 ======================================================================
 ITERATION STEP   3
 CPU time [min]:     0.071                   Wall time [min]:     0.005
 

 SCF control                  : diis
 Damping factor/level shift   : 0.000/0.000
 DIIS [start/end/frequency]   :   2 / 50 /  1

 Gradient norm:      1.7558E+00
 DIIS is running in this iteration step.
 RMS of [F,P]:                                         0.20567493911774
 RMS of difference density:                            0.19850926814986
 Gap [au]:  0.20745287
 ALPHA OCC:   9   2   4   4   2   9   4   4
 BETA  OCC:   9   2   4   4   2   9   4   4
 
 ***HARTREE-FOCK ENERGY IN STEP   3 IS       -768.6084162487543381 [AU]
 
 Step comparison  Energy Drift [au]  DIIS error drift  Gradient drift
        2            1.0429E+02         3.5246E-01       5.7233E+00
 ======================================================================
 ITERATION STEP   4
 CPU time [min]:     0.098                   Wall time [min]:     0.006
 

 SCF control                  : diis
 Damping factor/level shift   : 0.000/0.000
 DIIS [start/end/frequency]   :   2 / 50 /  1

 Gradient norm:      8.6246E-01
 DIIS is running in this iteration step.
 RMS of [F,P]:                                         0.06385382242266
 RMS of difference density:                            0.08693874018610
 Gap [au]:  0.21021941
 ALPHA OCC:   9   2   4   4   2   9   4   4
 BETA  OCC:   9   2   4   4   2   9   4   4
 
 ***HARTREE-FOCK ENERGY IN STEP   4 IS       -779.3587727909557543 [AU]
 
 Step comparison  Energy Drift [au]  DIIS error drift  Gradient drift
        3            1.0750E+01         1.4182E-01       8.9338E-01
 ======================================================================
 ITERATION STEP   5
 CPU time [min]:     0.124                   Wall time [min]:     0.007
 

 SCF control                  : diis
 Damping factor/level shift   : 0.000/0.000
 DIIS [start/end/frequency]   :   2 / 50 /  1

 Gradient norm:      3.8221E-01
 DIIS is running in this iteration step.
 RMS of [F,P]:                                         0.03529578759391
 RMS of difference density:                            0.01812902222643
 Gap [au]:  0.20991936
 ALPHA OCC:   9   2   4   4   2   9   4   4
 BETA  OCC:   9   2   4   4   2   9   4   4
 
 ***HARTREE-FOCK ENERGY IN STEP   5 IS       -779.8494138335745447 [AU]
 
 Step comparison  Energy Drift [au]  DIIS error drift  Gradient drift
        4            4.9064E-01         2.8558E-02       4.8025E-01
 ======================================================================
 ITERATION STEP   6
 CPU time [min]:     0.151                   Wall time [min]:     0.007
 

 SCF control                  : diis
 Damping factor/level shift   : 0.000/0.000
 DIIS [start/end/frequency]   :   2 / 50 /  1

 Gradient norm:      8.3708E-02
 DIIS is running in this iteration step.
 RMS of [F,P]:                                         0.00626303024890
 RMS of difference density:                            0.00865505872310
 Gap [au]:  0.20935473
 ALPHA OCC:   9   2   4   4   2   9   4   4
 BETA  OCC:   9   2   4   4   2   9   4   4
 
 ***HARTREE-FOCK ENERGY IN STEP   6 IS       -779.9818738061985641 [AU]
 
 Step comparison  Energy Drift [au]  DIIS error drift  Gradient drift
        5            1.3246E-01         2.9033E-02       2.9850E-01
 ======================================================================
 ITERATION STEP   7
 CPU time [min]:     0.177                   Wall time [min]:     0.008
 

 SCF control                  : diis
 Damping factor/level shift   : 0.000/0.000
 DIIS [start/end/frequency]   :   2 / 50 /  1

 Gradient norm:      9.3525E-03
 DIIS is running in this iteration step.
 RMS of [F,P]:                                         0.00055338209400
 RMS of difference density:                            0.00185610110076
 Gap [au]:  0.20795479
 ALPHA OCC:   9   2   4   4   2   9   4   4
 BETA  OCC:   9   2   4   4   2   9   4   4
 
 ***HARTREE-FOCK ENERGY IN STEP   7 IS       -779.9892470479117037 [AU]
 
 Step comparison  Energy Drift [au]  DIIS error drift  Gradient drift
        6            7.3732E-03         5.7096E-03       7.4355E-02
 ======================================================================
 ITERATION STEP   8
 CPU time [min]:     0.204                   Wall time [min]:     0.009
 

 SCF control                  : diis
 Damping factor/level shift   : 0.000/0.000
 DIIS [start/end/frequency]   :   2 / 50 /  1

 Gradient norm:      2.3758E-03
 DIIS is running in this iteration step.
 RMS of [F,P]:                                         0.00017618564644
 RMS of difference density:                            0.00082240816444
 Gap [au]:  0.20747347
 ALPHA OCC:   9   2   4   4   2   9   4   4
 BETA  OCC:   9   2   4   4   2   9   4   4
 
 ***HARTREE-FOCK ENERGY IN STEP   8 IS       -779.9895168783434656 [AU]
 
 Step comparison  Energy Drift [au]  DIIS error drift  Gradient drift
        7            2.6983E-04         3.7720E-04       6.9767E-03
 ======================================================================
 ITERATION STEP   9
 CPU time [min]:     0.230                   Wall time [min]:     0.010
 

 SCF control                  : diis
 Damping factor/level shift   : 0.000/0.000
 DIIS [start/end/frequency]   :   2 / 50 /  1

 Gradient norm:      4.9205E-04
 DIIS is running in this iteration step.
 RMS of [F,P]:                                         0.00003402843230
 RMS of difference density:                            0.00015773341448
 Gap [au]:  0.20721400
 ALPHA OCC:   9   2   4   4   2   9   4   4
 BETA  OCC:   9   2   4   4   2   9   4   4
 
 ***HARTREE-FOCK ENERGY IN STEP   9 IS       -779.9895404626729487 [AU]
 
 Step comparison  Energy Drift [au]  DIIS error drift  Gradient drift
        8            2.3584E-05         1.4216E-04       1.8837E-03
 ======================================================================
 ITERATION STEP  10
 CPU time [min]:     0.257                   Wall time [min]:     0.010
 

 SCF control                  : diis
 Damping factor/level shift   : 0.000/0.000
 DIIS [start/end/frequency]   :   2 / 50 /  1

 Gradient norm:      2.2500E-04
 DIIS is running in this iteration step.
 RMS of [F,P]:                                         0.00000850356926
 RMS of difference density:                            0.00004483026937
 Gap [au]:  0.20719905
 ALPHA OCC:   9   2   4   4   2   9   4   4
 BETA  OCC:   9   2   4   4   2   9   4   4
 
 ***HARTREE-FOCK ENERGY IN STEP  10 IS       -779.9895418013582002 [AU]
 
 Step comparison  Energy Drift [au]  DIIS error drift  Gradient drift
        9            1.3387E-06         2.5525E-05       2.6705E-04
 ======================================================================
 ITERATION STEP  11
 CPU time [min]:     0.283                   Wall time [min]:     0.011
 

 SCF control                  : diis
 Damping factor/level shift   : 0.000/0.000
 DIIS [start/end/frequency]   :   2 / 50 /  1

 Gradient norm:      6.4325E-05
 DIIS is running in this iteration step.
 RMS of [F,P]:                                         0.00000260912727
 RMS of difference density:                            0.00000995602225
 Gap [au]:  0.20719133
 ALPHA OCC:   9   2   4   4   2   9   4   4
 BETA  OCC:   9   2   4   4   2   9   4   4
 
 ***HARTREE-FOCK ENERGY IN STEP  11 IS       -779.9895418935398084 [AU]
 
 Step comparison  Energy Drift [au]  DIIS error drift  Gradient drift
       10            9.2182E-08         5.8944E-06       1.6068E-04
 ======================================================================
 ITERATION STEP  12
 CPU time [min]:     0.309                   Wall time [min]:     0.012
 

 SCF control                  : diis
 Damping factor/level shift   : 0.000/0.000
 DIIS [start/end/frequency]   :   2 / 50 /  1

 Gradient norm:      1.2623E-05
 DIIS is running in this iteration step.
 RMS of [F,P]:                                         0.00000065653139
 RMS of difference density:                            0.00000332204800
 Gap [au]:  0.20719222
 ALPHA OCC:   9   2   4   4   2   9   4   4
 BETA  OCC:   9   2   4   4   2   9   4   4
 
 ***HARTREE-FOCK ENERGY IN STEP  12 IS       -779.9895418991088718 [AU]
 
 Step comparison  Energy Drift [au]  DIIS error drift  Gradient drift
       11            5.5691E-09         1.9526E-06       5.1702E-05
 ======================================================================
 ITERATION STEP  13
 CPU time [min]:     0.336                   Wall time [min]:     0.013
 

 SCF control                  : diis
 Damping factor/level shift   : 0.000/0.000
 DIIS [start/end/frequency]   :   2 / 50 /  1

 Gradient norm:      1.9026E-06
 DIIS is running in this iteration step.
 RMS of [F,P]:                                         0.00000018031378
 RMS of difference density:                            0.00000057286840
 Gap [au]:  0.20719274
 ALPHA OCC:   9   2   4   4   2   9   4   4
 BETA  OCC:   9   2   4   4   2   9   4   4
 
 ***HARTREE-FOCK ENERGY IN STEP  13 IS       -779.9895418994371994 [AU]
 
 Step comparison  Energy Drift [au]  DIIS error drift  Gradient drift
       12            3.2833E-10         4.7622E-07       1.0720E-05
 ======================================================================
 ITERATION STEP  14
 CPU time [min]:     0.363                   Wall time [min]:     0.013
 

 SCF control                  : diis
 Damping factor/level shift   : 0.000/0.000
 DIIS [start/end/frequency]   :   2 / 50 /  1

 Gradient norm:      3.7711E-07
 DIIS is running in this iteration step.
 RMS of [F,P]:                                         0.00000003429849
 RMS of difference density:                            0.00000015839587
 Gap [au]:  0.20719284
 ALPHA OCC:   9   2   4   4   2   9   4   4
 BETA  OCC:   9   2   4   4   2   9   4   4
 
 ***HARTREE-FOCK ENERGY IN STEP  14 IS       -779.9895418994565262 [AU]
 
 Step comparison  Energy Drift [au]  DIIS error drift  Gradient drift
       13            1.9327E-11         1.4602E-07       1.5255E-06
 ======================================================================
 ITERATION STEP  15
 CPU time [min]:     0.391                   Wall time [min]:     0.014
 

 SCF control                  : diis
 Damping factor/level shift   : 0.000/0.000
 DIIS [start/end/frequency]   :   2 / 50 /  1

 Gradient norm:      8.7663E-08
 DIIS is running in this iteration step.
 RMS of [F,P]:                                         0.00000000642583
 RMS of difference density:                            0.00000003566006
 Gap [au]:  0.20719285
 ALPHA OCC:   9   2   4   4   2   9   4   4
 BETA  OCC:   9   2   4   4   2   9   4   4
 
 ***HARTREE-FOCK ENERGY IN STEP  15 IS       -779.9895418994578904 [AU]
 
 Step comparison  Energy Drift [au]  DIIS error drift  Gradient drift
       14            1.3642E-12         2.7873E-08       2.8944E-07
 ======================================================================
 
 SUCCESS...
 THE SCF ITERATION HAS CONVERGED!
 
                   Ag  B1g B2g B3g Au  B1u B2u B3u 
 FINAL ALPHA OCC:   9   2   4   4   2   9   4   4
 FINAL BETA  OCC:   9   2   4   4   2   9   4   4
 
 ***FINAL HARTREE-FOCK ENERGY:       -779.9895418994578904 [AU]
 
 Orbital energies [au]:
      Irrep         Alpha          Beta
    1   Ag        -5.039788      -5.039788
    2   B1u       -5.039321      -5.039321
    3   B1u       -5.035908      -5.035908
    4   Ag        -5.035905      -5.035905
    5   Ag        -3.383314      -3.383314
    6   B1u       -3.380532      -3.380532
    7   B2u       -3.375384      -3.375384
    8   B3u       -3.375384      -3.375384
    9   B3g       -3.375229      -3.375229
   10   B2g       -3.375229      -3.375229
   11   Ag        -3.375115      -3.375115
   12   B1u       -3.374274      -3.374274
   13   B3g       -3.373285      -3.373285
   14   B2g       -3.373285      -3.373285
   15   B2u       -3.373271      -3.373271
   16   B3u       -3.373271      -3.373271
   17   Ag        -0.527875      -0.527875
   18   B2u       -0.507208      -0.507208
   19   B3u       -0.507208      -0.507208
   20   B1u       -0.498619      -0.498619
   21   B2g       -0.491909      -0.491909
   22   B3g       -0.491909      -0.491909
   23   B1g       -0.483100      -0.483100
   24   Ag        -0.483100      -0.483100
   25   Au        -0.479845      -0.479845
   26   B1u       -0.479845      -0.479845
   27   B1g       -0.474958      -0.474958
   28   Ag        -0.474958      -0.474958
   29   Au        -0.472726      -0.472726
   30   B1u       -0.472726      -0.472726
   31   B2u       -0.467224      -0.467224
   32   B3u       -0.467224      -0.467224
   33   Ag        -0.461456      -0.461456
   34   B3g       -0.450546      -0.450546
   35   B2g       -0.450546      -0.450546
   36   B1u       -0.437487      -0.437487
   37   Ag        -0.269599      -0.269599
   38   B1u       -0.217525      -0.217525
 
   39   Ag        -0.010332      -0.010332
   40   B2u        0.030488       0.030488
   41   B3u        0.030488       0.030488
   42   B1u        0.031993       0.031993
   43   B3g        0.048611       0.048611
   44   B2g        0.048611       0.048611
   45   Ag         0.068290       0.068290
   46   B2u        0.081350       0.081350
   47   B3u        0.081350       0.081350
   48   B1u        0.092139       0.092139
   49   B3g        0.113589       0.113589
   50   B2g        0.113589       0.113589
   51   Ag         0.127289       0.127289
   52   B1u        0.127575       0.127575
   53   B2u        0.155140       0.155140
   54   B3u        0.155140       0.155140
   55   Ag         0.181396       0.181396
   56   B3g        0.191707       0.191707
   57   B2g        0.191707       0.191707
   58   B3u        0.231166       0.231166
   59   B2u        0.231166       0.231166
   60   B3g        0.305157       0.305157
   61   B2g        0.305157       0.305157
   62   B1u        0.314303       0.314303
   63   B1u        0.321444       0.321444
   64   Ag         0.349101       0.349101
   65   Ag         0.580126       0.580126
   66   B2u        0.921253       0.921253
   67   B3u        0.921253       0.921253
   68   B1g        0.987517       0.987517
   69   Ag         0.987517       0.987517
   70   B1u        1.015103       1.015103
   71   Au         1.028251       1.028251
   72   B1u        1.028251       1.028251
   73   Ag         1.043670       1.043670
   74   B3g        1.060574       1.060574
   75   B2g        1.060574       1.060574
   76   B1g        1.099153       1.099153
   77   Ag         1.099153       1.099153
   78   Au         1.154214       1.154214
   79   B1u        1.154214       1.154214
   80   B1u        1.226881       1.226881
   81   Ag         1.230050       1.230050
   82   B2u        1.259922       1.259922
   83   B3u        1.259922       1.259922
   84   B3g        1.509781       1.509781
   85   B2g        1.509781       1.509781
   86   B1u        2.968737       2.968737
   87   Ag         3.694970       3.694970
   88   B1u        5.167295       5.167295
 
 RETURNING FROM SCF ALGORITHM
 ======================================================================

 ************************ 2023-08-17 09:41:05 *************************
 Executing ovirt...

 ovirt, the routine of orbital optimization and integral transformation 
Thu Aug 17 09:41:05 BST 2023
 memory =                1536000  Mb          201326592000  8 byte word
 mrccboot = T
 scftype  = rhf  
 localcc  = off 
 core     = 16    
 ovirt    = off  
 ccprog   = mrcc
 dfnbasis =                      0
 dfbasis_cor =none                
 lmp2dens = on 
 dens =                      0
 verblev =                      3
 task     =                      4
 epsilon =   0.000000000000000E+000
 lmp2= on 
 localNO  =  F
 localMP2 =  F
 localMP2_TEST =  F
 LMP2_shortcut =  F
 FOCKTR   =  T
 Allocated memory:                 1536000  Mb
 onbasis=                    88
 RHF calculation! 
 integral transforamtion: AOs ------ MOs
 # of basis functions, # of int. blocks    88     1
100 % 
 second part
100 %
 integral transformation is completed! 
CPU and WC time          72.86           4.50     AOs -> MOs 
 occupied and 
     1 -0.5278746705
     2 -0.5072084458
     3 -0.5072084455
     4 -0.4986194367
     5 -0.4919094884
     6 -0.4919094884
     7 -0.4831001649
     8 -0.4831001649
     9 -0.4798450971
    10 -0.4798450971
    11 -0.4749577561
    12 -0.4749577561
    13 -0.4727257435
    14 -0.4727257435
    15 -0.4672240907
    16 -0.4672240903
    17 -0.4614563531
    18 -0.4505460385
    19 -0.4505460379
    20 -0.4374867998
    21 -0.2695985034
    22 -0.2175247049
               virtual energies 
    23 -0.0103318516
    24  0.0304884759
    25  0.0304884761
    26  0.0319928595
    27  0.0486112869
    28  0.0486112870
    29  0.0682904328
    30  0.0813500062
    31  0.0813500062
    32  0.0921390273
    33  0.1135885569
    34  0.1135885571
    35  0.1272893910
    36  0.1275754747
    37  0.1551402297
    38  0.1551402299
    39  0.1813962368
    40  0.1917072136
    41  0.1917072138
    42  0.2311657092
    43  0.2311657094
    44  0.3051565191
    45  0.3051565192
    46  0.3143030317
    47  0.3214441536
    48  0.3491012432
    49  0.5801256750
    50  0.9212533963
    51  0.9212533968
    52  0.9875172129
    53  0.9875172129
    54  1.0151027275
    55  1.0282506039
    56  1.0282506039
    57  1.0436701897
    58  1.0605744129
    59  1.0605744131
    60  1.0991530582
    61  1.0991530582
    62  1.1542142285
    63  1.1542142285
    64  1.2268811667
    65  1.2300502532
    66  1.2599216933
    67  1.2599216937
    68  1.5097812607
    69  1.5097812612
    70  2.9687369670
    71  3.6949701258
    72  5.1672951706
 inttol =   1.000000000000000E-010   10.0000000000000     
Integrals are written to fort.55
Thu Aug 17 09:41:11 BST 2023
  ovirt terminated normally 

 ************************ 2023-08-17 09:41:11 *************************
 Executing goldstone...

 Generation of CC equations in terms of H and T...
 Generation of antisymmetrized Goldstone diagrams...
 Number of diagrams in T^1 equations:    15
 Number of diagrams in T^2 equations:    33
 Number of diagrams in T^3 equations:     2
 Translation of diagrams to factorized equations...
 Optimizing intermediate calculation...
 Number of floating-point operations per iteration step:   4.6818E+10
 Probable CPU time per iteration step (hours):      0.47
 Required memory (Mbytes):    2042.3
 Number of intermediates:                                  48
 Number of intermediates to be stored:                     20
 Length of intermediate file (Mbytes):      60.4

 ************************ 2023-08-17 09:41:11 *************************
 Executing xmrcc...

 **********************************************************************
 CC(2)(3) calculation 
 
 
 Allocation of****** Mbytes of memory...
 Number of spinorbitals:                   144
 Number of alpha electrons:                       22
 Number of beta electrons:                        22
 Spin multiplicity:                     1
 z-component of spin:  0.0
 Spatial symmetry:                      1
 Convergence criterion:  1.0E-06
 Construction of occupation graphs...
 Number of                     0 -fold excitations:                      1
 Number of                     1 -fold excitations:                    332
 Number of                     2 -fold excitations:                 225642
 Total number of configurations:                 225975
 Calculation of coupling coefficients...
 Length of intermediate file (Mbytes):      46.7
 
 ======================================================================
 
 Spin case  1   Alpha:  0   Beta:  3
 Number of excitations:                3769472
 Spin case  2   Alpha:  1   Beta:  2
 Number of excitations:               38934714
 Number of                     3 -fold excitations:               85408372
 
 Memory requirements /Mbyte/: 
               Minimal        Optimal
 Real*8:        102.9831       290.3328
 Integer:         4.0739
 Total:         107.0570       294.4067
 

 ************************ 2023-08-17 09:41:11 *************************
 Executing mrcc...

 **********************************************************************
 CCSD(T) calculation                                                    
 
 
 OpenMP parallel version is running.
 Number of CPU cores:  36
 Allocation of  290.3 Mbytes of memory...
 Number of spinorbitals: 144
 Number of alpha electrons: 22
 Number of beta  electrons: 22
 Spin multiplicity: 1
 z-component of spin:  0.0
 Spatial symmetry: 1
 Convergence criterion:  1.0E-06
 Construction of occupation graphs...
 Number of 0-fold excitations: 1
 Number of 1-fold excitations: 332
 Number of 2-fold excitations: 225642
 Total number of determinants: 225975
 Calculation of coupling coefficients...
 Initial cluster amplitudes are generated.
 Length of intermediate file (Mbytes):      46.7
 Reading integral list from unit 55...
 Sorting integrals...
 Calculation of MP denominators...
 
 Starting CC iteration...
 ======================================================================
 Norm of residual vector:     1.44747518
 CPU time [min]:     1.669                   Wall time [min]:     0.061
 
 Iteration  1  CC energy:  -780.70925668  Energy decrease:   0.71971478
 ======================================================================
 Norm of residual vector:     0.50541033
 CPU time [min]:     3.143                   Wall time [min]:     0.103
 
 Iteration  2  CC energy:  -780.58213960  Energy decrease:   0.12711707
 ======================================================================
 Norm of residual vector:     0.08716083
 CPU time [min]:     4.599                   Wall time [min]:     0.145
 
 Iteration  3  CC energy:  -780.59869779  Energy decrease:   0.01655818
 ======================================================================
 Norm of residual vector:     0.03321450
 CPU time [min]:     6.061                   Wall time [min]:     0.187
 
 Iteration  4  CC energy:  -780.60527858  Energy decrease:   0.00658079
 ======================================================================
 Norm of residual vector:     0.01734065
 CPU time [min]:     7.550                   Wall time [min]:     0.230
 
 Iteration  5  CC energy:  -780.60687743  Energy decrease:   0.00159885
 ======================================================================
 Norm of residual vector:     0.00771776
 CPU time [min]:     9.034                   Wall time [min]:     0.273
 
 Iteration  6  CC energy:  -780.60656883  Energy decrease:   0.00030860
 ======================================================================
 Norm of residual vector:     0.00467919
 CPU time [min]:    10.520                   Wall time [min]:     0.316
 
 Iteration  7  CC energy:  -780.60651170  Energy decrease:   0.00005712
 ======================================================================
 Norm of residual vector:     0.00221669
 CPU time [min]:    12.018                   Wall time [min]:     0.359
 
 Iteration  8  CC energy:  -780.60653925  Energy decrease:   0.00002755
 ======================================================================
 Norm of residual vector:     0.00155439
 CPU time [min]:    13.552                   Wall time [min]:     0.404
 
 Iteration  9  CC energy:  -780.60654856  Energy decrease:   0.00000931
 ======================================================================
 Norm of residual vector:     0.00094786
 CPU time [min]:    15.108                   Wall time [min]:     0.449
 
 Iteration 10  CC energy:  -780.60655405  Energy decrease:   0.00000549
 ======================================================================
 Norm of residual vector:     0.00068718
 CPU time [min]:    16.639                   Wall time [min]:     0.493
 
 Iteration 11  CC energy:  -780.60655476  Energy decrease:   0.00000071
 ======================================================================
 Norm of residual vector:     0.00038442
 CPU time [min]:    18.185                   Wall time [min]:     0.537
 
 Iteration 12  CC energy:  -780.60655163  Energy decrease:   0.00000313
 ======================================================================
 Norm of residual vector:     0.00021100
 CPU time [min]:    19.808                   Wall time [min]:     0.584
 
 Iteration 13  CC energy:  -780.60655059  Energy decrease:   0.00000104
 ======================================================================
 Norm of residual vector:     0.00010346
 CPU time [min]:    21.403                   Wall time [min]:     0.630
 
 Iteration 14  CC energy:  -780.60655069  Energy decrease:   0.00000010
 ======================================================================
 Norm of residual vector:     0.00005594
 CPU time [min]:    22.972                   Wall time [min]:     0.675
 
 Iteration 15  CC energy:  -780.60655037  Energy decrease:   0.00000031
 ======================================================================
 Norm of residual vector:     0.00003179
 CPU time [min]:    24.571                   Wall time [min]:     0.721
 
 Iteration 16  CC energy:  -780.60655024  Energy decrease:   0.00000013
 ======================================================================
 Norm of residual vector:     0.00001567
 CPU time [min]:    26.155                   Wall time [min]:     0.767
 
 Iteration 17  CC energy:  -780.60655040  Energy decrease:   0.00000016
 ======================================================================
 Norm of residual vector:     0.00000893
 CPU time [min]:    27.750                   Wall time [min]:     0.812
 
 Iteration 18  CC energy:  -780.60655047  Energy decrease:   0.00000007
 ======================================================================
 Norm of residual vector:     0.00000423
 CPU time [min]:    29.386                   Wall time [min]:     0.860
 
 Iteration 19  CC energy:  -780.60655042  Energy decrease:   0.00000005
 ======================================================================
 Norm of residual vector:     0.00000222
 CPU time [min]:    31.001                   Wall time [min]:     0.906
 
 Iteration 20  CC energy:  -780.60655040  Energy decrease:   0.00000003
 ======================================================================
 Norm of residual vector:     0.00000119
 CPU time [min]:    32.625                   Wall time [min]:     0.953
 
 Iteration 21  CC energy:  -780.60655041  Energy decrease:   0.00000001
 ======================================================================
 Norm of residual vector:     0.00000072
 CPU time [min]:    34.263                   Wall time [min]:     1.000
 
 Iteration 22  CC energy:  -780.60655043  Energy decrease:   0.00000001
 ======================================================================
 
 Iteration has converged in 22 steps.
 
 Final results:
 Total CCSD energy [au]:            -780.606550425017
 Total MP2 energy [au]:             -780.709256678397
 
 Perturbative corrections are calculated...
 ======================================================================
 Spin case  1   Alpha:  0   Beta:  3
 Number of excitations:        3769472
 CPU time [min]:    34.440                   Wall time [min]:     1.005
 ======================================================================
 Spin case  2   Alpha:  1   Beta:  2
 Number of excitations:        38934714
 CPU time [min]:    35.148                   Wall time [min]:     1.024
 ======================================================================
 Number of 3-fold excitations: 85408372
 CPU time [min]:    35.148                   Wall time [min]:     1.024
 
 Total CCSD[T] energy [au]:         -780.699509846869
 Total CCSD(T) energy [au]:         -780.672932759413
 
 ************************ 2023-08-17 09:42:13 *************************
                      Normal termination of mrcc.
 **********************************************************************
