 **********************************************************************
                          MRCC program system
 **********************************************************************
 
                              Written by
     Mihaly Kallay, Peter R. Nagy, David Mester, Laszlo Gyevi-Nagy,
        Jozsef Csoka, P. Bernat Szabo, Zoltan Rolik, Gyula Samu,
     Jozsef Csontos, Bence Hegely, Adam Ganyecz, Istvan Ladjanszki,
       Lorant Szegedy, Bence Ladoczki, Klara Petrov, Mate Farkas,
                    Pal D. Mezei, and Reka A. Horvath
 
        Department of Physical Chemistry and Materials Science
            Budapest University of Technology and Economics
                  Budapest P.O.Box 91, H-1521 Hungary
 
                              www.mrcc.hu
 
                      Release date: March 18, 2022

 ************************ 2023-08-08 22:16:57 *************************
 Executing minp...

 Reading input from MINP...
 
 Input file:
 
calc=CCSDT(Q)
verbosity=3
mem=1500GB
unit=angs
scfiguess=sad
ccprog=mrcc
ECP=LANL2DZ-ECP-10
basis=LANL2DZ
core=16
unit=angs
geom=xyz
    4
Cu4_1
Cu     0.50843107     0.34090998     0.94550200
Cu    -0.51101120    -0.33824562    -0.94517796
Cu    -1.19887806    -1.28324042     1.10747950
Cu     1.19887806     1.28324042    -1.10747950
 
 
 Checking keyword combinations...
 
 Keywords:
 
 active=none
 agrid=ld0006-ld0590
 agrid_pssp=ld0006-ld0194
 agrid_pssp_sm=ld0006-ld0074
 basis=lanl2dz
 basis_sm=none
 basopt=off
 bfbasis=none
 bfgsmem=10
 bfgstol=1.0d-3
 bpcompo=0.985
 bpcompv=0.98
 bpdfo=0.985
 bpocc=0.985
 bppdo=0.985
 bppdv=0.98
 bpedo=0.985
 bpedv=0.98
 calc=ccsdt(q)
 ccmaxit=50
 ccprog=mrcc
 ccsdalg=disk
 ccsdmkl=seq
 ccsdrest=off
 ccsdthreads=2
 cctol=6
 charge=0
 cialg=disk
 ciguess=off
 cmpgrp=auto
 comprest=off
 core=16
 corembed=off
 csapprox=off
 cvs=off
 dboc=off
 delocsomofact=
 dendec=cholesky
 dens=0
 dfalg=lineq
 dfbasis_cab=none
 dfbasis_cor=none
 dfbasis_scf=none
 dfbasis_scf_sm=none
 dfintran=ovirt
 dft=off
 dhexc=adc(2)
 diag=david
 docc=
 domrad=10.d0
 drpaalg=fit
 dual=off
 dual_df=off
 ecp=lanl2dz-ecp-10
 edisp=off
 edisp_embed=off
 embed=off
 etemp=300
 epert=none
 eps=
 espcharge=off
 excrad=0.d0
 excrad_fin=0.000000000D+00
 fitting=coulomb
 fmm=off
 fmmord=8
 freq=off
 gamma=1.d0
 gauss=spher
 geom=xyz
 gopt=off
 ghost=none
 gtol=7
 grdens=off
 gridbatch_cos=2000
 grtol=10
 guido_ct=off
 hamilton=dc
 iface=none
 intalg=auto
 itol=10
 laptol=1.d-2
 lccoporder=trffirst
 lcorthr=normal
 lccrest=off
 lmp2dens=on
 lnoepso=0.d0
 lnoepsv=1e-6
 boysalg=jacobi
 localcc=off
 localcorrsymm=off
 locintrf=disk
 mact=
 maxact=off
 maxdim=100
 maxex=0
 maxmicroit=100
 mcscfiguess=hf
 mem=1500gb
 mmprog=
 molden=on
 mpitasks=1
 mulmet=0
 mult=
 nacto=0
 nactv=0
 naf_amp=1.d-2
 naf_cor=off
 naf_scf=off
 nafalg=albe
 naftyp=
 nchol=auto
 ndeps=1e-3
 nstate=1
 nsing=0
 nto=off
 ntrip=0
 occ=
 occri=off
 oniom=off
 oniom_eechg=off
 oniom_pcm=off
 oniom_qcorr=off
 optalg=
 optmaxit=50
 optetol=1e-6
 optex=0
 optgtol=1e-4
 optstol=1e-3
 orblocc=off
 orbloce=off
 orbloco=off
 orblocv=off
 orblocguess=cholesky
 osveps=1e-3
 ovirt=off
 ovltol=1e-7
 ovosnorb=80.0
 pcm=off
 popul=off
 pressure=100000
 pssp=off
 ptfreq=0.0
 ptthreads=2
 qro=off
 qscf=off
 qmmm=off
 redcost_exc=off
 redcost_tddft=off
 refdet=none
 rest=0
 rgrid=log3
 rism=off
 rohfcore=semicanonical
 rohftype=semicanonical
 scfalg=auto
 scf_conv=difficult
 scfdamp=0.0d0
 scfdamp_mode=off
 scfdamp_end=50
 scfdamp_dampstep=0.d0
 scfdamp_dtol=0.0d0
 scfdamp_maxfact=0.0d0
 scfdamp_minfact=0.0d0
 scfdiis=on
 scfdiis_dtol=0.0d0
 scfdiis_end=50
 scfdiis_start=2
 scfdiis_step=1
 scfdiis_watch=off
 scfdiis_wrange=10
 scfdiis_wlimit=5
 scfdiis_delmax=2
 scfdtol=7
 scfext=10
 scfguessdens=
 scfiguess=sad
 scfloc=off
 scflshift=0.20
 scflshift_end=8
 scflshift_dtol=0.0
 scflshift_gaptol=0.20
 scfmaxit=50
 scftype=
 scftol=6
 scspe=1.d0
 scsph=1.d0
 scsps=1.2d0
 scsps_t=1.2d0
 scspt=0.33333333333333
 scspt_t=0.33333333333333
 scspv=1.d0
 spairtol=1e-4
 sqmprog=
 subminp=top
 symm=
 talg=occ
 temp=298.15
 test=off
 theodore=off
 tlmo=0.999
 tpao=0.94
 tprint=off
 uncontract=off
 unit=angs
 usedisk=2
 verbosity=3
 wpairtol=0.100000000E-05

 ************************ 2023-08-08 22:16:57 *************************
 Executing integ...

 Allocation of 1500.0 Gbytes of memory...
 
 
 Number of atoms:                  4
 Charge:                           0
 Number of electrons:             76
 Number of core electrons:        32
 Spin multiplicity:                1
 
                 Cartesian coordinates [bohr]      Atomic mass [AMU]  Z
   1  Cu    0.96079548    0.64422650    1.78673983    62.929599      29
   2  Cu   -0.96567122   -0.63919158   -1.78612748    62.929599      29
   3  Cu   -2.26555119   -2.42497295    2.09283294    62.929599      29
   4  Cu    2.26555119    2.42497295   -2.09283294    62.929599      29
 
 This molecule is an asymmetric top.
 
 Rotational constants [cm-1]: 
      0.105564770972      0.031072854591      0.024006570670
 
 Point group: C1  
 Computational point group: C1  
 
 Cartesian coordinates in standard orientation [bohr]
   1  Cu   -0.00012518    2.12856016    0.00175839
   2  Cu    0.00011011   -2.12864745    0.00175824
   3  Cu   -3.92340498   -0.00002018   -0.00175832
   4  Cu    3.92342004    0.00010747   -0.00175831
 
 Nuclear repulsion energy [au]:        454.305619966332
 
 
 Basis set information:
 
 Maximum angular momentum: d
 Maximum number of contracted Gaussians:    3
 Maximum number of primitive Gaussians:     5
 Spherical harmonic GTOs are used.
 
   1  Cu lanl2dz [ 5s 5p 5d | 3s 3p 2d ]
   2  Cu lanl2dz [ 5s 5p 5d | 3s 3p 2d ]
   3  Cu lanl2dz [ 5s 5p 5d | 3s 3p 2d ]
   4  Cu lanl2dz [ 5s 5p 5d | 3s 3p 2d ]
 
 Basis functions:
            1             2             3             4             5             6             7             8             9            10
    0    1Cu1s         1Cu2s         1Cu3s         1Cu1pz        1Cu1py        1Cu1px        1Cu2pz        1Cu2py        1Cu2px        1Cu3pz    
    1    1Cu3py        1Cu3px        1Cu1d-2       1Cu1d-1       1Cu1d0        1Cu1d+1       1Cu1d+2       1Cu2d-2       1Cu2d-1       1Cu2d0    
    2    1Cu2d+1       1Cu2d+2       2Cu1s         2Cu2s         2Cu3s         2Cu1pz        2Cu1py        2Cu1px        2Cu2pz        2Cu2py    
    3    2Cu2px        2Cu3pz        2Cu3py        2Cu3px        2Cu1d-2       2Cu1d-1       2Cu1d0        2Cu1d+1       2Cu1d+2       2Cu2d-2   
    4    2Cu2d-1       2Cu2d0        2Cu2d+1       2Cu2d+2       3Cu1s         3Cu2s         3Cu3s         3Cu1pz        3Cu1py        3Cu1px    
    5    3Cu2pz        3Cu2py        3Cu2px        3Cu3pz        3Cu3py        3Cu3px        3Cu1d-2       3Cu1d-1       3Cu1d0        3Cu1d+1   
    6    3Cu1d+2       3Cu2d-2       3Cu2d-1       3Cu2d0        3Cu2d+1       3Cu2d+2       4Cu1s         4Cu2s         4Cu3s         4Cu1pz    
    7    4Cu1py        4Cu1px        4Cu2pz        4Cu2py        4Cu2px        4Cu3pz        4Cu3py        4Cu3px        4Cu1d-2       4Cu1d-1   
    8    4Cu1d0        4Cu1d+1       4Cu1d+2       4Cu2d-2       4Cu2d-1       4Cu2d0        4Cu2d+1       4Cu2d+2   
 
 Maximum number of basis functions per shell:   10
 Total number of basis functions:     88
 
 
 Effective core potentials:
 
   1  Cu lanl2dz-ecp-10      
   2  Cu lanl2dz-ecp-10      
   3  Cu lanl2dz-ecp-10      
   4  Cu lanl2dz-ecp-10      
 
 Initializing the SAD routines for the initial guess...
 Checking the files required for the initial guess...
 Density files have not been found for the initial guess.
 Generating SCFDENSITIES.Cu.lanl2dz.0
 CPU time [min]:     0.119                   Wall time [min]:     0.247
 
 Character table for point group C1:
 
          E  
    A     1
 
 Number of basis functions per irrep:
    A      88
 
 
 Calculation of overlap integrals...
 CPU time [min]:     0.120                   Wall time [min]:     0.247
 
 Calculation of the square root of the overlap matrix...
 Minimum eigenvalue of the overlap matrix: 0.268362E-02
 CPU time [min]:     0.133                   Wall time [min]:     0.247
 
 Calculation of kinetic energy integrals...
 CPU time [min]:     0.133                   Wall time [min]:     0.247
 Calculation of nuclear attraction integrals...
 CPU time [min]:     0.134                   Wall time [min]:     0.247
 Calculation of core potential integrals...
 CPU time [min]:     0.241                   Wall time [min]:     0.252
 
 Calculation of prescreening integrals...
 CPU time [min]:     0.327                   Wall time [min]:     0.255
 
 Calculation of two-electron integrals...
   1% done.
  17% done.
  32% done.
  62% done.
 100% done.
 CPU time [min]:     2.019                   Wall time [min]:     0.302

 ************************ 2023-08-08 22:17:16 *************************
 Executing scf...

 @scfsetup: integrals taken from disk
            mrcc/integ binary format
 @scfsetup: calculating on full matrices
            not using symmetry adapted basis
 @scfsetup: diis switched on
 @scfsetup: number of steps to extrapolate from  10
 @scfsetup: tolerance in energy deviation    0.100000E-05
            tolerance in density deviation    0.100000E-06
 @scfsetup: maximum number of iterations:  50
 @scfsetup: restricted closed shell hf calc
 @scfsetup: starting scf from superposition of atomic densities
 @scfsetup: occupation set:
            from initial orbitals
 @scfsetup: Parameter-set for SCF acceleration: difficult
 @scfsetup: diis runs from iteration:   2
 @scfsetup: diis runs to iteration:  50
 @scfsetup: diis runs in every iteration
 @scfsetup: diiswatch is disabled                   
 @scfsetup: diis dtol criteria to switch on:      0.0000E+00
           (or the iteration number below is reached)
 @scfsetup: damping is turned off.
 @scfsetup: dynamic level shifting
            tolarance in HOMO-LUMO gap:  0.200
            tolarance in density deviation:     0.0000E+00
            iteration step criteria to turn level shifting off: 8
 Allocation of 1500.0 Gbytes of memory...
 ======================================================================
 ITERATION STEP   1
 CPU time [min]:     0.016                   Wall time [min]:     0.004
 

 SCF control                  : initial
 Damping factor/level shift   : 0.000/0.200
 DIIS [start/end/frequency]   :   2 / 50 /  1

 Gradient norm:      1.9380E+00
 RMS of [F,P]:                                         0.07015475487199
 RMS of difference density:                            5.37763572005079
 Gap [au]:  0.01471371
 ALPHA OCC:  38
 BETA  OCC:  38
 
 ***HARTREE-FOCK ENERGY IN STEP   1 IS       -773.8816376933834817 [AU]
 ======================================================================
 ITERATION STEP   2
 CPU time [min]:     0.129                   Wall time [min]:     0.007
 

 SCF control                  : diis
 Damping factor/level shift   : 0.000/0.200
 DIIS [start/end/frequency]   :   2 / 50 /  1

 Gradient norm:      7.3626E+00
 DIIS is running in this iteration step.
 RMS of [F,P]:                                         0.23089067932260
 RMS of difference density:                            5.37743018877011
 Gap [au]:  0.59784822
 ALPHA OCC:  38
 BETA  OCC:  38
 
 ***HARTREE-FOCK ENERGY IN STEP   2 IS       -679.4071488028723707 [AU]
 
 Step comparison  Energy Drift [au]  DIIS error drift  Gradient drift
        1           -9.4474E+01        -1.6074E-01      -5.4246E+00
        2            6.7941E+02         1.0000E-07      -5.4246E+00
 Warning! The energy goes uphill (with respect to previous step).
 Warning! The gradient goes uphill (with respect to previous step).
 Warning! The gradient goes uphill (with respect to step   1 ).
 ======================================================================
 ITERATION STEP   3
 CPU time [min]:     0.204                   Wall time [min]:     0.009
 

 SCF control                  : diis
 Damping factor/level shift   : 0.000/0.000
 DIIS [start/end/frequency]   :   2 / 50 /  1

 Gradient norm:      1.9594E+00
 DIIS is running in this iteration step.
 RMS of [F,P]:                                         0.08164841477924
 RMS of difference density:                            0.06513491235857
 Gap [au]:  0.23299698
 ALPHA OCC:  38
 BETA  OCC:  38
 
 ***HARTREE-FOCK ENERGY IN STEP   3 IS       -769.5752916725036812 [AU]
 
 Step comparison  Energy Drift [au]  DIIS error drift  Gradient drift
        2            9.0168E+01         1.4924E-01       5.4031E+00
 Warning! The gradient goes uphill (with respect to step   1 ).
 ======================================================================
 ITERATION STEP   4
 CPU time [min]:     0.318                   Wall time [min]:     0.013
 

 SCF control                  : diis
 Damping factor/level shift   : 0.000/0.000
 DIIS [start/end/frequency]   :   2 / 50 /  1

 Gradient norm:      8.6432E-01
 DIIS is running in this iteration step.
 RMS of [F,P]:                                         0.02631502378765
 RMS of difference density:                            0.04063466526836
 Gap [au]:  0.09495071
 ALPHA OCC:  38
 BETA  OCC:  38
 
 ***HARTREE-FOCK ENERGY IN STEP   4 IS       -779.3710193582883221 [AU]
 
 Step comparison  Energy Drift [au]  DIIS error drift  Gradient drift
        3            9.7957E+00         5.5333E-02       1.0951E+00
 ======================================================================
 ITERATION STEP   5
 CPU time [min]:     0.392                   Wall time [min]:     0.015
 

 SCF control                  : diis
 Damping factor/level shift   : 0.000/0.200
 DIIS [start/end/frequency]   :   2 / 50 /  1

 Gradient norm:      1.1192E+00
 DIIS is running in this iteration step.
 RMS of [F,P]:                                         0.03553943882156
 RMS of difference density:                            0.01471748029981
 Gap [au]:  0.16508028
 ALPHA OCC:  38
 BETA  OCC:  38
 
 ***HARTREE-FOCK ENERGY IN STEP   5 IS       -779.2638040009928773 [AU]
 
 Step comparison  Energy Drift [au]  DIIS error drift  Gradient drift
        4           -1.0722E-01        -9.2244E-03      -2.5491E-01
 Warning! The energy goes uphill (with respect to previous step).
 Warning! The DIIS error goes uphill (with respect to previous step).
 Warning! The DIIS error goes uphill (with respect to step   4 ).
 Warning! The gradient goes uphill (with respect to previous step).
 Warning! The gradient goes uphill (with respect to step   4 ).
 ======================================================================
 ITERATION STEP   6
 CPU time [min]:     0.466                   Wall time [min]:     0.017
 

 SCF control                  : diis
 Damping factor/level shift   : 0.000/0.200
 DIIS [start/end/frequency]   :   2 / 50 /  1

 Gradient norm:      2.3661E-01
 DIIS is running in this iteration step.
 RMS of [F,P]:                                         0.00694770848409
 RMS of difference density:                            0.00584335899772
 Gap [au]:  0.19263800
 ALPHA OCC:  38
 BETA  OCC:  38
 
 ***HARTREE-FOCK ENERGY IN STEP   6 IS       -779.9589094393736559 [AU]
 
 Step comparison  Energy Drift [au]  DIIS error drift  Gradient drift
        5            6.9511E-01         2.8592E-02       8.8262E-01
        6            5.8789E-01         1.9367E-02       6.2771E-01
 ======================================================================
 ITERATION STEP   7
 CPU time [min]:     0.539                   Wall time [min]:     0.019
 

 SCF control                  : diis
 Damping factor/level shift   : 0.000/0.200
 DIIS [start/end/frequency]   :   2 / 50 /  1

 Gradient norm:      2.3540E-02
 DIIS is running in this iteration step.
 RMS of [F,P]:                                         0.00094095208902
 RMS of difference density:                            0.00255414424287
 Gap [au]:  0.19377894
 ALPHA OCC:  38
 BETA  OCC:  38
 
 ***HARTREE-FOCK ENERGY IN STEP   7 IS       -779.9943317342660976 [AU]
 
 Step comparison  Energy Drift [au]  DIIS error drift  Gradient drift
        6            3.5422E-02         6.0068E-03       2.1307E-01
 ======================================================================
 ITERATION STEP   8
 CPU time [min]:     0.613                   Wall time [min]:     0.021
 

 SCF control                  : diis
 Damping factor/level shift   : 0.000/0.200
 DIIS [start/end/frequency]   :   2 / 50 /  1

 Gradient norm:      1.1187E-02
 DIIS is running in this iteration step.
 RMS of [F,P]:                                         0.00026167724381
 RMS of difference density:                            0.00112148296022
 Gap [au]:  0.19186089
 ALPHA OCC:  38
 BETA  OCC:  38
 
 ***HARTREE-FOCK ENERGY IN STEP   8 IS       -779.9962417012307014 [AU]
 
 Step comparison  Energy Drift [au]  DIIS error drift  Gradient drift
        7            1.9100E-03         6.7927E-04       1.2353E-02
 ======================================================================
 ITERATION STEP   9
 CPU time [min]:     0.687                   Wall time [min]:     0.023
 

 SCF control                  : diis
 Damping factor/level shift   : 0.000/0.000
 DIIS [start/end/frequency]   :   2 / 50 /  1

 Gradient norm:      5.2430E-03
 DIIS is running in this iteration step.
 RMS of [F,P]:                                         0.00010087879733
 RMS of difference density:                            0.00046043642116
 Gap [au]:  0.19193551
 ALPHA OCC:  38
 BETA  OCC:  38
 
 ***HARTREE-FOCK ENERGY IN STEP   9 IS       -779.9965566222085727 [AU]
 
 Step comparison  Energy Drift [au]  DIIS error drift  Gradient drift
        8            3.1492E-04         1.6080E-04       5.9438E-03
 ======================================================================
 ITERATION STEP  10
 CPU time [min]:     0.760                   Wall time [min]:     0.025
 

 SCF control                  : diis
 Damping factor/level shift   : 0.000/0.000
 DIIS [start/end/frequency]   :   2 / 50 /  1

 Gradient norm:      9.5128E-04
 DIIS is running in this iteration step.
 RMS of [F,P]:                                         0.00002799508066
 RMS of difference density:                            0.00006605586436
 Gap [au]:  0.19190031
 ALPHA OCC:  38
 BETA  OCC:  38
 
 ***HARTREE-FOCK ENERGY IN STEP  10 IS       -779.9966149640376898 [AU]
 
 Step comparison  Energy Drift [au]  DIIS error drift  Gradient drift
        9            5.8342E-05         7.2884E-05       4.2917E-03
 ======================================================================
 ITERATION STEP  11
 CPU time [min]:     0.834                   Wall time [min]:     0.027
 

 SCF control                  : diis
 Damping factor/level shift   : 0.000/0.000
 DIIS [start/end/frequency]   :   2 / 50 /  1

 Gradient norm:      1.9940E-04
 DIIS is running in this iteration step.
 RMS of [F,P]:                                         0.00000753565497
 RMS of difference density:                            0.00001572654640
 Gap [au]:  0.19189727
 ALPHA OCC:  38
 BETA  OCC:  38
 
 ***HARTREE-FOCK ENERGY IN STEP  11 IS       -779.9966171018520527 [AU]
 
 Step comparison  Energy Drift [au]  DIIS error drift  Gradient drift
       10            2.1378E-06         2.0459E-05       7.5188E-04
 ======================================================================
 ITERATION STEP  12
 CPU time [min]:     0.908                   Wall time [min]:     0.029
 

 SCF control                  : diis
 Damping factor/level shift   : 0.000/0.000
 DIIS [start/end/frequency]   :   2 / 50 /  1

 Gradient norm:      9.5561E-05
 DIIS is running in this iteration step.
 RMS of [F,P]:                                         0.00000419571794
 RMS of difference density:                            0.00000401424099
 Gap [au]:  0.19188661
 ALPHA OCC:  38
 BETA  OCC:  38
 
 ***HARTREE-FOCK ENERGY IN STEP  12 IS       -779.9966172447841473 [AU]
 
 Step comparison  Energy Drift [au]  DIIS error drift  Gradient drift
       11            1.4293E-07         3.3399E-06       1.0384E-04
 ======================================================================
 ITERATION STEP  13
 CPU time [min]:     0.982                   Wall time [min]:     0.031
 

 SCF control                  : diis
 Damping factor/level shift   : 0.000/0.000
 DIIS [start/end/frequency]   :   2 / 50 /  1

 Gradient norm:      3.8225E-05
 DIIS is running in this iteration step.
 RMS of [F,P]:                                         0.00000153781558
 RMS of difference density:                            0.00000324533811
 Gap [au]:  0.19187912
 ALPHA OCC:  38
 BETA  OCC:  38
 
 ***HARTREE-FOCK ENERGY IN STEP  13 IS       -779.9966172652502792 [AU]
 
 Step comparison  Energy Drift [au]  DIIS error drift  Gradient drift
       12            2.0466E-08         2.6579E-06       5.7336E-05
 ======================================================================
 ITERATION STEP  14
 CPU time [min]:     1.055                   Wall time [min]:     0.033
 

 SCF control                  : diis
 Damping factor/level shift   : 0.000/0.000
 DIIS [start/end/frequency]   :   2 / 50 /  1

 Gradient norm:      1.1772E-05
 DIIS is running in this iteration step.
 RMS of [F,P]:                                         0.00000028585095
 RMS of difference density:                            0.00000101585609
 Gap [au]:  0.19187945
 ALPHA OCC:  38
 BETA  OCC:  38
 
 ***HARTREE-FOCK ENERGY IN STEP  14 IS       -779.9966172698677838 [AU]
 
 Step comparison  Energy Drift [au]  DIIS error drift  Gradient drift
       13            4.6175E-09         1.2520E-06       2.6453E-05
 ======================================================================
 ITERATION STEP  15
 CPU time [min]:     1.129                   Wall time [min]:     0.035
 

 SCF control                  : diis
 Damping factor/level shift   : 0.000/0.000
 DIIS [start/end/frequency]   :   2 / 50 /  1

 Gradient norm:      2.7426E-06
 DIIS is running in this iteration step.
 RMS of [F,P]:                                         0.00000008100157
 RMS of difference density:                            0.00000023516959
 Gap [au]:  0.19187979
 ALPHA OCC:  38
 BETA  OCC:  38
 
 ***HARTREE-FOCK ENERGY IN STEP  15 IS       -779.9966172702916083 [AU]
 
 Step comparison  Energy Drift [au]  DIIS error drift  Gradient drift
       14            4.2382E-10         2.0485E-07       9.0291E-06
 ======================================================================
 ITERATION STEP  16
 CPU time [min]:     1.202                   Wall time [min]:     0.037
 

 SCF control                  : diis
 Damping factor/level shift   : 0.000/0.000
 DIIS [start/end/frequency]   :   2 / 50 /  1

 Gradient norm:      7.6268E-07
 DIIS is running in this iteration step.
 RMS of [F,P]:                                         0.00000002324699
 RMS of difference density:                            0.00000006065243
 Gap [au]:  0.19187984
 ALPHA OCC:  38
 BETA  OCC:  38
 
 ***HARTREE-FOCK ENERGY IN STEP  16 IS       -779.9966172703227585 [AU]
 
 Step comparison  Energy Drift [au]  DIIS error drift  Gradient drift
       15            3.1150E-11         5.7755E-08       1.9800E-06
 ======================================================================
 
 SUCCESS...
 THE SCF ITERATION HAS CONVERGED!
 
                   A   
 FINAL ALPHA OCC:  38
 FINAL BETA  OCC:  38
 
 ***FINAL HARTREE-FOCK ENERGY:       -779.9966172703227585 [AU]
 
 Orbital energies [au]:
      Irrep         Alpha          Beta
    1   A         -5.059704      -5.059704
    2   A         -5.059008      -5.059008
    3   A         -5.019750      -5.019750
    4   A         -5.019743      -5.019743
    5   A         -3.402542      -3.402542
    6   A         -3.397396      -3.397396
    7   A         -3.397196      -3.397196
    8   A         -3.396865      -3.396865
    9   A         -3.396467      -3.396467
   10   A         -3.396050      -3.396050
   11   A         -3.358113      -3.358113
   12   A         -3.358058      -3.358058
   13   A         -3.355966      -3.355966
   14   A         -3.355894      -3.355894
   15   A         -3.354623      -3.354623
   16   A         -3.354622      -3.354622
   17   A         -0.538900      -0.538900
   18   A         -0.535103      -0.535103
   19   A         -0.523908      -0.523908
   20   A         -0.512024      -0.512024
   21   A         -0.511654      -0.511654
   22   A         -0.510902      -0.510902
   23   A         -0.499694      -0.499694
   24   A         -0.490883      -0.490883
   25   A         -0.483201      -0.483201
   26   A         -0.480243      -0.480243
   27   A         -0.460914      -0.460914
   28   A         -0.458297      -0.458297
   29   A         -0.458134      -0.458134
   30   A         -0.455979      -0.455979
   31   A         -0.452910      -0.452910
   32   A         -0.452295      -0.452295
   33   A         -0.449474      -0.449474
   34   A         -0.448698      -0.448698
   35   A         -0.443816      -0.443816
   36   A         -0.431654      -0.431654
   37   A         -0.318287      -0.318287
   38   A         -0.192502      -0.192502
 
   39   A         -0.000623      -0.000623
   40   A          0.026375       0.026375
   41   A          0.031816       0.031816
   42   A          0.051627       0.051627
   43   A          0.053290       0.053290
   44   A          0.055927       0.055927
   45   A          0.063774       0.063774
   46   A          0.071257       0.071257
   47   A          0.085448       0.085448
   48   A          0.093538       0.093538
   49   A          0.094480       0.094480
   50   A          0.106212       0.106212
   51   A          0.115235       0.115235
   52   A          0.117763       0.117763
   53   A          0.141212       0.141212
   54   A          0.162086       0.162086
   55   A          0.178634       0.178634
   56   A          0.185083       0.185083
   57   A          0.204889       0.204889
   58   A          0.240709       0.240709
   59   A          0.257590       0.257590
   60   A          0.282196       0.282196
   61   A          0.295211       0.295211
   62   A          0.317828       0.317828
   63   A          0.346403       0.346403
   64   A          0.380267       0.380267
   65   A          0.767456       0.767456
   66   A          0.868284       0.868284
   67   A          0.906312       0.906312
   68   A          0.917871       0.917871
   69   A          0.922880       0.922880
   70   A          0.936231       0.936231
   71   A          0.954932       0.954932
   72   A          1.101055       1.101055
   73   A          1.108592       1.108592
   74   A          1.128865       1.128865
   75   A          1.152344       1.152344
   76   A          1.215216       1.215216
   77   A          1.227675       1.227675
   78   A          1.248710       1.248710
   79   A          1.284780       1.284780
   80   A          1.305163       1.305163
   81   A          1.339558       1.339558
   82   A          1.350888       1.350888
   83   A          1.402541       1.402541
   84   A          1.507504       1.507504
   85   A          1.620842       1.620842
   86   A          2.402909       2.402909
   87   A          2.498197       2.498197
   88   A          2.798592       2.798592
 
 RETURNING FROM SCF ALGORITHM
 ======================================================================

 ************************ 2023-08-08 22:17:18 *************************
 Executing ovirt...

 ovirt, the routine of orbital optimization and integral transformation 
Tue Aug  8 22:17:19 BST 2023
 memory =                1536000  Mb          201326592000  8 byte word
 mrccboot = T
 scftype  = rhf  
 localcc  = off 
 core     = 16    
 ovirt    = off  
 ccprog   = mrcc
 dfnbasis =                      0
 dfbasis_cor =none                
 lmp2dens = on 
 dens =                      0
 verblev =                      3
 task     =                      4
 epsilon =   0.000000000000000E+000
 lmp2= on 
 localNO  =  F
 localMP2 =  F
 localMP2_TEST =  F
 LMP2_shortcut =  F
 FOCKTR   =  T
 Allocated memory:                 1536000  Mb
 onbasis=                    88
 RHF calculation! 
 integral transforamtion: AOs ------ MOs
 # of basis functions, # of int. blocks    88     1
100 % 
 second part
100 %
 integral transformation is completed! 
CPU and WC time          67.72           4.31     AOs -> MOs 
 occupied and 
     1 -0.5389000367
     2 -0.5351025190
     3 -0.5239075908
     4 -0.5120237073
     5 -0.5116538942
     6 -0.5109021303
     7 -0.4996942671
     8 -0.4908827001
     9 -0.4832008305
    10 -0.4802434180
    11 -0.4609138722
    12 -0.4582971796
    13 -0.4581341617
    14 -0.4559785072
    15 -0.4529103705
    16 -0.4522945004
    17 -0.4494735780
    18 -0.4486984892
    19 -0.4438159759
    20 -0.4316542809
    21 -0.3182873943
    22 -0.1925023452
               virtual energies 
    23 -0.0006225051
    24  0.0263745047
    25  0.0318160732
    26  0.0516274011
    27  0.0532898737
    28  0.0559270764
    29  0.0637744266
    30  0.0712567552
    31  0.0854476346
    32  0.0935382465
    33  0.0944803714
    34  0.1062124355
    35  0.1152348034
    36  0.1177631146
    37  0.1412121769
    38  0.1620857825
    39  0.1786344888
    40  0.1850829325
    41  0.2048890225
    42  0.2407093571
    43  0.2575895687
    44  0.2821957283
    45  0.2952105032
    46  0.3178276339
    47  0.3464025556
    48  0.3802672087
    49  0.7674557801
    50  0.8682841290
    51  0.9063118555
    52  0.9178710625
    53  0.9228799517
    54  0.9362306833
    55  0.9549319893
    56  1.1010550347
    57  1.1085920767
    58  1.1288648809
    59  1.1523442235
    60  1.2152161602
    61  1.2276750167
    62  1.2487099688
    63  1.2847799322
    64  1.3051629356
    65  1.3395584645
    66  1.3508882235
    67  1.4025413796
    68  1.5075038154
    69  1.6208420351
    70  2.4029090770
    71  2.4981971665
    72  2.7985915011
 inttol =   1.000000000000000E-010   10.0000000000000     
Integrals are written to fort.55
Tue Aug  8 22:17:29 BST 2023
  ovirt terminated normally 

 ************************ 2023-08-08 22:17:29 *************************
 Executing goldstone...

 Generation of CC equations in terms of H and T...
 Generation of antisymmetrized Goldstone diagrams...
 Number of diagrams in T^1 equations:    15
 Number of diagrams in T^2 equations:    38
 Number of diagrams in T^3 equations:    49
 Number of diagrams in T^4 equations:     5
 Translation of diagrams to factorized equations...
 Optimizing intermediate calculation...
 Number of floating-point operations per iteration step:   2.9307E+15
 Probable CPU time per iteration step (hours):  29307.27
 Required memory (Mbytes): 4061204.6
 Number of intermediates:                                  78
 Number of intermediates to be stored:                     31
 Length of intermediate file (Mbytes):   22800.8

 ************************ 2023-08-08 22:17:30 *************************
 Executing xmrcc...

 **********************************************************************
 CC(3)(4) calculation 
 
 
 Allocation of****** Mbytes of memory...
 Number of spinorbitals:                   144
 Number of alpha electrons:                       22
 Number of beta electrons:                        22
 Spin multiplicity:                     1
 z-component of spin:  0.0
 Spatial symmetry:                      1
 Convergence criterion:  1.0E-06
 Construction of occupation graphs...
 Number of                     0 -fold excitations:                      1
 Number of                     1 -fold excitations:                   2200
 Number of                     2 -fold excitations:                1775950
 Number of                     3 -fold excitations:              682913000
 Total number of configurations:              684691151
 Calculation of coupling coefficients...
 Length of intermediate file (Mbytes):   14573.7
 
 ======================================================================
 
 Spin case  1   Alpha:  0   Beta:  4
 Number of excitations:             1684644500
 Spin case  2   Alpha:  1   Beta:  3
 Number of excitations:            33202400000
 Spin case  3   Alpha:  2   Beta:  2
 Number of excitations:            80074850625
 Number of                     4 -fold excitations:           149848939625
 
 Memory requirements /Mbyte/: 
               Minimal        Optimal
 Real*8:      87916.7366     87916.7366
 Integer:         5.2330
 Total:       87921.9697     87921.9697
 

 ************************ 2023-08-08 22:17:31 *************************
 Executing mrcc...

 **********************************************************************
 CCSDT(Q) calculation                                                   
 
 
 OpenMP parallel version is running.
 Number of CPU cores:  36
 Allocation of87916.7 Mbytes of memory...
 Number of spinorbitals: 144
 Number of alpha electrons: 22
 Number of beta  electrons: 22
 Spin multiplicity: 1
 z-component of spin:  0.0
 Spatial symmetry: 1
 Convergence criterion:  1.0E-06
 Construction of occupation graphs...
 Number of 0-fold excitations: 1
 Number of 1-fold excitations: 2200
 Number of 2-fold excitations: 1775950
 Number of 3-fold excitations: 682913000
 Total number of determinants: 684691151
 Calculation of coupling coefficients...
 Initial cluster amplitudes are generated.
 Length of intermediate file (Mbytes):   14573.7
 Reading integral list from unit 55...
 Sorting integrals...
 Calculation of MP denominators...
 
 Starting CC iteration...
 ======================================================================
 Norm of residual vector:     1.46859850
 CPU time [min]:   385.370                   Wall time [min]:    28.646
 
 Iteration  1  CC energy:  -780.73919305  Energy decrease:   0.74257578
 ======================================================================
 Norm of residual vector:     0.78175054
 CPU time [min]:   773.701                   Wall time [min]:    57.419
 
 Iteration  2  CC energy:  -780.61398108  Energy decrease:   0.12521197
 ======================================================================
 Norm of residual vector:     0.21805033
 CPU time [min]:  1181.476                   Wall time [min]:    87.137
 
 Iteration  3  CC energy:  -780.66573089  Energy decrease:   0.05174980
 ======================================================================
 Norm of residual vector:     0.12078132
 CPU time [min]:  1585.152                   Wall time [min]:   117.574
 
 Iteration  4  CC energy:  -780.68897627  Energy decrease:   0.02324538
 ======================================================================
 Norm of residual vector:     0.05427252
 CPU time [min]:  1998.428                   Wall time [min]:   148.711
 
 Iteration  5  CC energy:  -780.70105184  Energy decrease:   0.01207558
 ======================================================================
 Norm of residual vector:     0.04705458
 CPU time [min]:  2416.297                   Wall time [min]:   180.997
 
 Iteration  6  CC energy:  -780.69933098  Energy decrease:   0.00172087
 ======================================================================
 Norm of residual vector:     0.02709714
 CPU time [min]:  2832.312                   Wall time [min]:   213.740
 
 Iteration  7  CC energy:  -780.69848291  Energy decrease:   0.00084807
 ======================================================================
 Norm of residual vector:     0.01506512
 CPU time [min]:  3247.867                   Wall time [min]:   247.306
 
 Iteration  8  CC energy:  -780.69954486  Energy decrease:   0.00106194
 ======================================================================
 Norm of residual vector:     0.01025261
 CPU time [min]:  3667.110                   Wall time [min]:   281.590
 
 Iteration  9  CC energy:  -780.70071284  Energy decrease:   0.00116799
 ======================================================================
 Norm of residual vector:     0.00648567
 CPU time [min]:  4090.349                   Wall time [min]:   316.382
 
 Iteration 10  CC energy:  -780.70076920  Energy decrease:   0.00005635
 ======================================================================
 Norm of residual vector:     0.00448699
 CPU time [min]:  4509.602                   Wall time [min]:   352.126
 
 Iteration 11  CC energy:  -780.70055529  Energy decrease:   0.00021391
 ======================================================================
 Norm of residual vector:     0.00305242
 CPU time [min]:  4929.392                   Wall time [min]:   388.429
 
 Iteration 12  CC energy:  -780.70052306  Energy decrease:   0.00003223
 ======================================================================
 Norm of residual vector:     0.00193958
 CPU time [min]:  5354.782                   Wall time [min]:   425.642
 
 Iteration 13  CC energy:  -780.70060184  Energy decrease:   0.00007878
 ======================================================================
 Norm of residual vector:     0.00141180
 CPU time [min]:  5781.857                   Wall time [min]:   463.388
 
 Iteration 14  CC energy:  -780.70064151  Energy decrease:   0.00003967
 ======================================================================
 Norm of residual vector:     0.00088013
 CPU time [min]:  6210.805                   Wall time [min]:   502.075
 
 Iteration 15  CC energy:  -780.70062310  Energy decrease:   0.00001840
 ======================================================================
 Norm of residual vector:     0.00066374
 CPU time [min]:  6641.323                   Wall time [min]:   541.307
 
 Iteration 16  CC energy:  -780.70060442  Energy decrease:   0.00001868
 ======================================================================
 Norm of residual vector:     0.00040537
 CPU time [min]:  7076.174                   Wall time [min]:   581.490
 
 Iteration 17  CC energy:  -780.70060682  Energy decrease:   0.00000240
 ======================================================================
 Norm of residual vector:     0.00029756
 CPU time [min]:  7510.305                   Wall time [min]:   622.403
 
 Iteration 18  CC energy:  -780.70061579  Energy decrease:   0.00000896
 ======================================================================
 Norm of residual vector:     0.00018492
 CPU time [min]:  7945.517                   Wall time [min]:   664.041
 
 Iteration 19  CC energy:  -780.70061850  Energy decrease:   0.00000271
 ======================================================================
 Norm of residual vector:     0.00012010
 CPU time [min]:  8383.273                   Wall time [min]:   706.435
 
 Iteration 20  CC energy:  -780.70061723  Energy decrease:   0.00000127
 ======================================================================
 Norm of residual vector:     0.00007985
 CPU time [min]:  8822.497                   Wall time [min]:   749.383
 
 Iteration 21  CC energy:  -780.70061615  Energy decrease:   0.00000108
 ======================================================================
 Norm of residual vector:     0.00005064
 CPU time [min]:  9267.132                   Wall time [min]:   793.136
 
 Iteration 22  CC energy:  -780.70061635  Energy decrease:   0.00000021
 ======================================================================
 Norm of residual vector:     0.00003309
 CPU time [min]:  9706.479                   Wall time [min]:   837.526
 
 Iteration 23  CC energy:  -780.70061679  Energy decrease:   0.00000043
 ======================================================================
 Norm of residual vector:     0.00002097
 CPU time [min]: 10148.353                   Wall time [min]:   882.726
 
 Iteration 24  CC energy:  -780.70061684  Energy decrease:   0.00000005
 ======================================================================
 Norm of residual vector:     0.00001418
 CPU time [min]: 10594.031                   Wall time [min]:   928.657
 
 Iteration 25  CC energy:  -780.70061671  Energy decrease:   0.00000012
 ======================================================================
 Norm of residual vector:     0.00000908
 CPU time [min]: 11044.764                   Wall time [min]:   975.492
 
 Iteration 26  CC energy:  -780.70061667  Energy decrease:   0.00000004
 ======================================================================
 Norm of residual vector:     0.00000617
 CPU time [min]: 11496.367                   Wall time [min]:  1023.112
 
 Iteration 27  CC energy:  -780.70061670  Energy decrease:   0.00000004
 ======================================================================
 Norm of residual vector:     0.00000399
 CPU time [min]: 11950.957                   Wall time [min]:  1071.287
 
 Iteration 28  CC energy:  -780.70061674  Energy decrease:   0.00000004
 ======================================================================
 Norm of residual vector:     0.00000262
 CPU time [min]: 12404.503                   Wall time [min]:  1120.320
 
 Iteration 29  CC energy:  -780.70061674  Energy decrease:   1.0365E-09
 ======================================================================
 Norm of residual vector:     0.00000167
 CPU time [min]: 12858.625                   Wall time [min]:  1169.780
 
 Iteration 30  CC energy:  -780.70061673  Energy decrease:   0.00000001
 ======================================================================
 Norm of residual vector:     0.00000105
 CPU time [min]: 13314.527                   Wall time [min]:  1220.072
 
 Iteration 31  CC energy:  -780.70061673  Energy decrease:   2.9484E-09
 ======================================================================
 Norm of residual vector:     0.00000066
 CPU time [min]: 13775.996                   Wall time [min]:  1271.268
 
 Iteration 32  CC energy:  -780.70061673  Energy decrease:   3.5662E-09
 ======================================================================
 
 Iteration has converged in 32 steps.
 
 Final results:
 Total CCSDT energy [au]:           -780.700616730495
 Total MP2 energy [au]:             -780.739193051274
 
 Perturbative corrections are calculated...
 ======================================================================
 Spin case  1   Alpha:  0   Beta:  4
 Number of excitations:        1684644500
 CPU time [min]: 13983.659                   Wall time [min]:  1282.569
 ======================================================================
 Spin case  2   Alpha:  1   Beta:  3
 Number of excitations:        33202400000
 CPU time [min]: 16348.211                   Wall time [min]:  1352.171
 ======================================================================
 Spin case  3   Alpha:  2   Beta:  2
 Number of excitations:        80074850625
