 **********************************************************************
                          MRCC program system
 **********************************************************************
 
                              Written by
     Mihaly Kallay, Peter R. Nagy, David Mester, Laszlo Gyevi-Nagy,
        Jozsef Csoka, P. Bernat Szabo, Zoltan Rolik, Gyula Samu,
     Jozsef Csontos, Bence Hegely, Adam Ganyecz, Istvan Ladjanszki,
       Lorant Szegedy, Bence Ladoczki, Klara Petrov, Mate Farkas,
                    Pal D. Mezei, and Reka A. Horvath
 
        Department of Physical Chemistry and Materials Science
            Budapest University of Technology and Economics
                  Budapest P.O.Box 91, H-1521 Hungary
 
                              www.mrcc.hu
 
                      Release date: March 18, 2022

 ************************ 2023-08-17 09:05:14 *************************
 Executing minp...

 Reading input from MINP...
 
 Input file:
 
calc=CCSD(T)
verbosity=3
mem=1500GB
unit=angs
scfiguess=sad
ccprog=mrcc
ECP=LANL2DZ-ECP-28
basis=LANL2DZ
core=16
unit=angs
geom=xyz
    4
Ag4_3
Ag    -3.91519123     0.00000000     0.00000000
Ag    -1.33903965     0.00000000     0.00000000
Ag     1.33903965     0.00000000     0.00000000
Ag     3.91519123     0.00000000     0.00000000
 
 
 Checking keyword combinations...
 
 Keywords:
 
 active=none
 agrid=ld0006-ld0590
 agrid_pssp=ld0006-ld0194
 agrid_pssp_sm=ld0006-ld0074
 basis=lanl2dz
 basis_sm=none
 basopt=off
 bfbasis=none
 bfgsmem=10
 bfgstol=1.0d-3
 bpcompo=0.985
 bpcompv=0.98
 bpdfo=0.985
 bpocc=0.985
 bppdo=0.985
 bppdv=0.98
 bpedo=0.985
 bpedv=0.98
 calc=ccsd(t)
 ccmaxit=50
 ccprog=mrcc
 ccsdalg=disk
 ccsdmkl=seq
 ccsdrest=off
 ccsdthreads=2
 cctol=6
 charge=0
 cialg=disk
 ciguess=off
 cmpgrp=auto
 comprest=off
 core=16
 corembed=off
 csapprox=off
 cvs=off
 dboc=off
 delocsomofact=
 dendec=cholesky
 dens=0
 dfalg=lineq
 dfbasis_cab=none
 dfbasis_cor=none
 dfbasis_scf=none
 dfbasis_scf_sm=none
 dfintran=ovirt
 dft=off
 dhexc=adc(2)
 diag=david
 docc=
 domrad=10.d0
 drpaalg=fit
 dual=off
 dual_df=off
 ecp=lanl2dz-ecp-28
 edisp=off
 edisp_embed=off
 embed=off
 etemp=300
 epert=none
 eps=
 espcharge=off
 excrad=0.d0
 excrad_fin=0.000000000D+00
 fitting=coulomb
 fmm=off
 fmmord=8
 freq=off
 gamma=1.d0
 gauss=spher
 geom=xyz
 gopt=off
 ghost=none
 gtol=7
 grdens=off
 gridbatch_cos=2000
 grtol=10
 guido_ct=off
 hamilton=dc
 iface=none
 intalg=auto
 itol=10
 laptol=1.d-2
 lccoporder=trffirst
 lcorthr=normal
 lccrest=off
 lmp2dens=on
 lnoepso=0.d0
 lnoepsv=1e-6
 boysalg=jacobi
 localcc=off
 localcorrsymm=off
 locintrf=disk
 mact=
 maxact=off
 maxdim=100
 maxex=0
 maxmicroit=100
 mcscfiguess=hf
 mem=1500gb
 mmprog=
 molden=on
 mpitasks=1
 mulmet=0
 mult=
 nacto=0
 nactv=0
 naf_amp=1.d-2
 naf_cor=off
 naf_scf=off
 nafalg=albe
 naftyp=
 nchol=auto
 ndeps=1e-3
 nstate=1
 nsing=0
 nto=off
 ntrip=0
 occ=
 occri=off
 oniom=off
 oniom_eechg=off
 oniom_pcm=off
 oniom_qcorr=off
 optalg=
 optmaxit=50
 optetol=1e-6
 optex=0
 optgtol=1e-4
 optstol=1e-3
 orblocc=off
 orbloce=off
 orbloco=off
 orblocv=off
 orblocguess=cholesky
 osveps=1e-3
 ovirt=off
 ovltol=1e-7
 ovosnorb=80.0
 pcm=off
 popul=off
 pressure=100000
 pssp=off
 ptfreq=0.0
 ptthreads=2
 qro=off
 qscf=off
 qmmm=off
 redcost_exc=off
 redcost_tddft=off
 refdet=none
 rest=0
 rgrid=log3
 rism=off
 rohfcore=semicanonical
 rohftype=semicanonical
 scfalg=auto
 scf_conv=difficult
 scfdamp=0.0d0
 scfdamp_mode=off
 scfdamp_end=50
 scfdamp_dampstep=0.d0
 scfdamp_dtol=0.0d0
 scfdamp_maxfact=0.0d0
 scfdamp_minfact=0.0d0
 scfdiis=on
 scfdiis_dtol=0.0d0
 scfdiis_end=50
 scfdiis_start=2
 scfdiis_step=1
 scfdiis_watch=off
 scfdiis_wrange=10
 scfdiis_wlimit=5
 scfdiis_delmax=2
 scfdtol=7
 scfext=10
 scfguessdens=
 scfiguess=sad
 scfloc=off
 scflshift=0.20
 scflshift_end=8
 scflshift_dtol=0.0
 scflshift_gaptol=0.20
 scfmaxit=50
 scftype=
 scftol=6
 scspe=1.d0
 scsph=1.d0
 scsps=1.2d0
 scsps_t=1.2d0
 scspt=0.33333333333333
 scspt_t=0.33333333333333
 scspv=1.d0
 spairtol=1e-4
 sqmprog=
 subminp=top
 symm=
 talg=occ
 temp=298.15
 test=off
 theodore=off
 tlmo=0.999
 tpao=0.94
 tprint=off
 uncontract=off
 unit=angs
 usedisk=2
 verbosity=3
 wpairtol=0.100000000E-05

 ************************ 2023-08-17 09:05:15 *************************
 Executing integ...

 Allocation of 1500.0 Gbytes of memory...
 
 
 Number of atoms:                  4
 Charge:                           0
 Number of electrons:             76
 Number of core electrons:        32
 Spin multiplicity:                1
 
                 Cartesian coordinates [bohr]      Atomic mass [AMU]  Z
   1  Ag   -7.39863915    0.00000000    0.00000000   106.905092      47
   2  Ag   -2.53041821    0.00000000    0.00000000   106.905092      47
   3  Ag    2.53041821    0.00000000    0.00000000   106.905092      47
   4  Ag    7.39863915    0.00000000    0.00000000   106.905092      47
 
 This molecule is linear.
 
 Rotational constants [cm-1]: 
      0.004604897525
 
 Point group: Dxh 
 Computational point group: D2h 
 
 Cartesian coordinates in standard orientation [bohr]
   1  Ag    0.00000000    0.00000000   -7.39863915
   2  Ag    0.00000000    0.00000000   -2.53041821
   3  Ag    0.00000000    0.00000000    2.53041821
   4  Ag    0.00000000    0.00000000    7.39863915
 
 Nuclear repulsion energy [au]:        316.753124874413
 
 
 Basis set information:
 
 Maximum angular momentum: f
 Maximum number of contracted Gaussians:    3
 Maximum number of primitive Gaussians:     6
 Spherical harmonic GTOs are used.
 
   1  Ag lanl2dz [ 5s 6p 4d | 3s 3p 2d ]
   2  Ag lanl2dz [ 5s 6p 4d | 3s 3p 2d ]
   3  Ag lanl2dz [ 5s 6p 4d | 3s 3p 2d ]
   4  Ag lanl2dz [ 5s 6p 4d | 3s 3p 2d ]
 
 Basis functions:
            1             2             3             4             5             6             7             8             9            10
    0    1Ag1s         1Ag2s         1Ag3s         1Ag1pz        1Ag1py        1Ag1px        1Ag2pz        1Ag2py        1Ag2px        1Ag3pz    
    1    1Ag3py        1Ag3px        1Ag1d-2       1Ag1d-1       1Ag1d0        1Ag1d+1       1Ag1d+2       1Ag2d-2       1Ag2d-1       1Ag2d0    
    2    1Ag2d+1       1Ag2d+2       2Ag1s         2Ag2s         2Ag3s         2Ag1pz        2Ag1py        2Ag1px        2Ag2pz        2Ag2py    
    3    2Ag2px        2Ag3pz        2Ag3py        2Ag3px        2Ag1d-2       2Ag1d-1       2Ag1d0        2Ag1d+1       2Ag1d+2       2Ag2d-2   
    4    2Ag2d-1       2Ag2d0        2Ag2d+1       2Ag2d+2       3Ag1s         3Ag2s         3Ag3s         3Ag1pz        3Ag1py        3Ag1px    
    5    3Ag2pz        3Ag2py        3Ag2px        3Ag3pz        3Ag3py        3Ag3px        3Ag1d-2       3Ag1d-1       3Ag1d0        3Ag1d+1   
    6    3Ag1d+2       3Ag2d-2       3Ag2d-1       3Ag2d0        3Ag2d+1       3Ag2d+2       4Ag1s         4Ag2s         4Ag3s         4Ag1pz    
    7    4Ag1py        4Ag1px        4Ag2pz        4Ag2py        4Ag2px        4Ag3pz        4Ag3py        4Ag3px        4Ag1d-2       4Ag1d-1   
    8    4Ag1d0        4Ag1d+1       4Ag1d+2       4Ag2d-2       4Ag2d-1       4Ag2d0        4Ag2d+1       4Ag2d+2   
 
 Maximum number of basis functions per shell:   10
 Total number of basis functions:     88
 
 
 Effective core potentials:
 
   1  Ag lanl2dz-ecp-28      
   2  Ag lanl2dz-ecp-28      
   3  Ag lanl2dz-ecp-28      
   4  Ag lanl2dz-ecp-28      
 
 Initializing the SAD routines for the initial guess...
 Checking the files required for the initial guess...
 Density files have not been found for the initial guess.
 Generating SCFDENSITIES.Ag.lanl2dz.0
 CPU time [min]:     0.116                   Wall time [min]:     0.289
 
 Character table for point group D2h:
 
          E  C2z C2y C2x  i  Qxy Qxz Qyz 
    Ag    1   1   1   1   1   1   1   1
    B1g   1   1  -1  -1   1   1  -1  -1
    B2g   1  -1   1  -1   1  -1   1  -1
    B3g   1  -1  -1   1   1  -1  -1   1
    Au    1   1   1   1  -1  -1  -1  -1
    B1u   1   1  -1  -1  -1  -1   1   1
    B2u   1  -1   1  -1  -1   1  -1   1
    B3u   1  -1  -1   1  -1   1   1  -1
 
 Number of basis functions per irrep:
    Ag     20
    B1g     4
    B2g    10
    B3g    10
    Au      4
    B1u    20
    B2u    10
    B3u    10
 
 
 Calculation of overlap integrals...
 CPU time [min]:     0.117                   Wall time [min]:     0.289
 
 Calculation of the square root of the overlap matrix...
 Minimum eigenvalue of the overlap matrix: 0.201284E-02
 CPU time [min]:     0.128                   Wall time [min]:     0.290
 
 Calculation of kinetic energy integrals...
 CPU time [min]:     0.128                   Wall time [min]:     0.290
 Calculation of nuclear attraction integrals...
 CPU time [min]:     0.129                   Wall time [min]:     0.290
 Calculation of core potential integrals...
 CPU time [min]:     0.236                   Wall time [min]:     0.297
 
 Calculation of prescreening integrals...
 CPU time [min]:     0.300                   Wall time [min]:     0.299
 
 Calculation of two-electron integrals...
   1% done.
  17% done.
  32% done.
  62% done.
 100% done.
 CPU time [min]:     1.696                   Wall time [min]:     0.338

 ************************ 2023-08-17 09:05:35 *************************
 Executing scf...

 @scfsetup: integrals taken from disk
            mrcc/integ binary format
 @scfsetup: calc on blockdiagonal matrices
            using symmetry adapted basis
 @scfsetup: diis switched on
 @scfsetup: number of steps to extrapolate from  10
 @scfsetup: tolerance in energy deviation    0.100000E-05
            tolerance in density deviation    0.100000E-06
 @scfsetup: maximum number of iterations:  50
 @scfsetup: restricted closed shell hf calc
 @scfsetup: starting scf from superposition of atomic densities
 @scfsetup: occupation set:
            from initial orbitals
 @scfsetup: Parameter-set for SCF acceleration: difficult
 @scfsetup: diis runs from iteration:   2
 @scfsetup: diis runs to iteration:  50
 @scfsetup: diis runs in every iteration
 @scfsetup: diiswatch is disabled                   
 @scfsetup: diis dtol criteria to switch on:      0.0000E+00
           (or the iteration number below is reached)
 @scfsetup: damping is turned off.
 @scfsetup: dynamic level shifting
            tolarance in HOMO-LUMO gap:  0.200
            tolarance in density deviation:     0.0000E+00
            iteration step criteria to turn level shifting off: 8
 Allocation of 1500.0 Gbytes of memory...
 ======================================================================
 ITERATION STEP   1
 CPU time [min]:     0.014                   Wall time [min]:     0.004
 

 SCF control                  : initial
 Damping factor/level shift   : 0.000/0.200
 DIIS [start/end/frequency]   :   2 / 50 /  1

 Gradient norm:      1.1471E+00
 RMS of [F,P]:                                         0.09061287929534
 RMS of difference density:                            0.12388950749035
 Gap [au]:  0.15133828
 ALPHA OCC:   9   2   4   4   2   9   4   4
 BETA  OCC:   9   2   4   4   2   9   4   4
 
 ***HARTREE-FOCK ENERGY IN STEP   1 IS       -577.6295872511841480 [AU]
 ======================================================================
 ITERATION STEP   2
 CPU time [min]:     0.136                   Wall time [min]:     0.022
 

 SCF control                  : diis
 Damping factor/level shift   : 0.000/0.200
 DIIS [start/end/frequency]   :   2 / 50 /  1

 Gradient norm:      5.4833E-01
 DIIS is running in this iteration step.
 RMS of [F,P]:                                         0.05622583776280
 RMS of difference density:                            0.05983427441169
 Gap [au]:  0.17883377
 ALPHA OCC:   9   2   4   4   2   9   4   4
 BETA  OCC:   9   2   4   4   2   9   4   4
 
 ***HARTREE-FOCK ENERGY IN STEP   2 IS       -579.1391377077409288 [AU]
 
 Step comparison  Energy Drift [au]  DIIS error drift  Gradient drift
        1            1.5096E+00         3.4387E-02       5.9878E-01
        2            5.7914E+02         1.0000E-07       5.9878E-01
 ======================================================================
 ITERATION STEP   3
 CPU time [min]:     0.164                   Wall time [min]:     0.022
 

 SCF control                  : diis
 Damping factor/level shift   : 0.000/0.200
 DIIS [start/end/frequency]   :   2 / 50 /  1

 Gradient norm:      1.7211E-01
 DIIS is running in this iteration step.
 RMS of [F,P]:                                         0.01702932882307
 RMS of difference density:                            0.01588237658249
 Gap [au]:  0.18147214
 ALPHA OCC:   9   2   4   4   2   9   4   4
 BETA  OCC:   9   2   4   4   2   9   4   4
 
 ***HARTREE-FOCK ENERGY IN STEP   3 IS       -579.5324653525508438 [AU]
 
 Step comparison  Energy Drift [au]  DIIS error drift  Gradient drift
        2            3.9333E-01         3.9197E-02       3.7622E-01
 ======================================================================
 ITERATION STEP   4
 CPU time [min]:     0.192                   Wall time [min]:     0.023
 

 SCF control                  : diis
 Damping factor/level shift   : 0.000/0.200
 DIIS [start/end/frequency]   :   2 / 50 /  1

 Gradient norm:      2.7632E-02
 DIIS is running in this iteration step.
 RMS of [F,P]:                                         0.00262760541079
 RMS of difference density:                            0.00593719931999
 Gap [au]:  0.18465547
 ALPHA OCC:   9   2   4   4   2   9   4   4
 BETA  OCC:   9   2   4   4   2   9   4   4
 
 ***HARTREE-FOCK ENERGY IN STEP   4 IS       -579.5756643117465501 [AU]
 
 Step comparison  Energy Drift [au]  DIIS error drift  Gradient drift
        3            4.3199E-02         1.4402E-02       1.4448E-01
 ======================================================================
 ITERATION STEP   5
 CPU time [min]:     0.219                   Wall time [min]:     0.024
 

 SCF control                  : diis
 Damping factor/level shift   : 0.000/0.200
 DIIS [start/end/frequency]   :   2 / 50 /  1

 Gradient norm:      1.6779E-02
 DIIS is running in this iteration step.
 RMS of [F,P]:                                         0.00062442009154
 RMS of difference density:                            0.00385887059384
 Gap [au]:  0.18670164
 ALPHA OCC:   9   2   4   4   2   9   4   4
 BETA  OCC:   9   2   4   4   2   9   4   4
 
 ***HARTREE-FOCK ENERGY IN STEP   5 IS       -579.5775895158517415 [AU]
 
 Step comparison  Energy Drift [au]  DIIS error drift  Gradient drift
        4            1.9252E-03         2.0032E-03       1.0853E-02
 ======================================================================
 ITERATION STEP   6
 CPU time [min]:     0.246                   Wall time [min]:     0.025
 

 SCF control                  : diis
 Damping factor/level shift   : 0.000/0.200
 DIIS [start/end/frequency]   :   2 / 50 /  1

 Gradient norm:      1.0624E-02
 DIIS is running in this iteration step.
 RMS of [F,P]:                                         0.00030765631551
 RMS of difference density:                            0.00218668978068
 Gap [au]:  0.18761305
 ALPHA OCC:   9   2   4   4   2   9   4   4
 BETA  OCC:   9   2   4   4   2   9   4   4
 
 ***HARTREE-FOCK ENERGY IN STEP   6 IS       -579.5779984685775617 [AU]
 
 Step comparison  Energy Drift [au]  DIIS error drift  Gradient drift
        5            4.0895E-04         3.1676E-04       6.1548E-03
 ======================================================================
 ITERATION STEP   7
 CPU time [min]:     0.273                   Wall time [min]:     0.025
 

 SCF control                  : diis
 Damping factor/level shift   : 0.000/0.200
 DIIS [start/end/frequency]   :   2 / 50 /  1

 Gradient norm:      6.1763E-03
 DIIS is running in this iteration step.
 RMS of [F,P]:                                         0.00017249387949
 RMS of difference density:                            0.00118574945428
 Gap [au]:  0.18818814
 ALPHA OCC:   9   2   4   4   2   9   4   4
 BETA  OCC:   9   2   4   4   2   9   4   4
 
 ***HARTREE-FOCK ENERGY IN STEP   7 IS       -579.5781291590851652 [AU]
 
 Step comparison  Energy Drift [au]  DIIS error drift  Gradient drift
        6            1.3069E-04         1.3516E-04       4.4478E-03
 ======================================================================
 ITERATION STEP   8
 CPU time [min]:     0.299                   Wall time [min]:     0.026
 

 SCF control                  : diis
 Damping factor/level shift   : 0.000/0.200
 DIIS [start/end/frequency]   :   2 / 50 /  1

 Gradient norm:      3.5038E-03
 DIIS is running in this iteration step.
 RMS of [F,P]:                                         0.00008657823500
 RMS of difference density:                            0.00055660771100
 Gap [au]:  0.18849933
 ALPHA OCC:   9   2   4   4   2   9   4   4
 BETA  OCC:   9   2   4   4   2   9   4   4
 
 ***HARTREE-FOCK ENERGY IN STEP   8 IS       -579.5781717627994567 [AU]
 
 Step comparison  Energy Drift [au]  DIIS error drift  Gradient drift
        7            4.2604E-05         8.5916E-05       2.6725E-03
 ======================================================================
 ITERATION STEP   9
 CPU time [min]:     0.326                   Wall time [min]:     0.027
 

 SCF control                  : diis
 Damping factor/level shift   : 0.000/0.000
 DIIS [start/end/frequency]   :   2 / 50 /  1

 Gradient norm:      1.7885E-03
 DIIS is running in this iteration step.
 RMS of [F,P]:                                         0.00004465147797
 RMS of difference density:                            0.00043182013748
 Gap [au]:  0.18858081
 ALPHA OCC:   9   2   4   4   2   9   4   4
 BETA  OCC:   9   2   4   4   2   9   4   4
 
 ***HARTREE-FOCK ENERGY IN STEP   9 IS       -579.5781846684760694 [AU]
 
 Step comparison  Energy Drift [au]  DIIS error drift  Gradient drift
        8            1.2906E-05         4.1927E-05       1.7153E-03
 ======================================================================
 ITERATION STEP  10
 CPU time [min]:     0.353                   Wall time [min]:     0.028
 

 SCF control                  : diis
 Damping factor/level shift   : 0.000/0.000
 DIIS [start/end/frequency]   :   2 / 50 /  1

 Gradient norm:      1.0352E-04
 DIIS is running in this iteration step.
 RMS of [F,P]:                                         0.00000565490825
 RMS of difference density:                            0.00002424246078
 Gap [au]:  0.18859119
 ALPHA OCC:   9   2   4   4   2   9   4   4
 BETA  OCC:   9   2   4   4   2   9   4   4
 
 ***HARTREE-FOCK ENERGY IN STEP  10 IS       -579.5781889027430225 [AU]
 
 Step comparison  Energy Drift [au]  DIIS error drift  Gradient drift
        9            4.2343E-06         3.8997E-05       1.6850E-03
 ======================================================================
 ITERATION STEP  11
 CPU time [min]:     0.380                   Wall time [min]:     0.028
 

 SCF control                  : diis
 Damping factor/level shift   : 0.000/0.000
 DIIS [start/end/frequency]   :   2 / 50 /  1

 Gradient norm:      2.1511E-05
 DIIS is running in this iteration step.
 RMS of [F,P]:                                         0.00000127579396
 RMS of difference density:                            0.00000580394587
 Gap [au]:  0.18859625
 ALPHA OCC:   9   2   4   4   2   9   4   4
 BETA  OCC:   9   2   4   4   2   9   4   4
 
 ***HARTREE-FOCK ENERGY IN STEP  11 IS       -579.5781889338300061 [AU]
 
 Step comparison  Energy Drift [au]  DIIS error drift  Gradient drift
       10            3.1087E-08         4.3791E-06       8.2011E-05
 ======================================================================
 ITERATION STEP  12
 CPU time [min]:     0.406                   Wall time [min]:     0.029
 

 SCF control                  : diis
 Damping factor/level shift   : 0.000/0.000
 DIIS [start/end/frequency]   :   2 / 50 /  1

 Gradient norm:      3.9212E-06
 DIIS is running in this iteration step.
 RMS of [F,P]:                                         0.00000027749583
 RMS of difference density:                            0.00000120395101
 Gap [au]:  0.18859663
 ALPHA OCC:   9   2   4   4   2   9   4   4
 BETA  OCC:   9   2   4   4   2   9   4   4
 
 ***HARTREE-FOCK ENERGY IN STEP  12 IS       -579.5781889354163923 [AU]
 
 Step comparison  Energy Drift [au]  DIIS error drift  Gradient drift
       11            1.5864E-09         9.9830E-07       1.7589E-05
 ======================================================================
 ITERATION STEP  13
 CPU time [min]:     0.433                   Wall time [min]:     0.030
 

 SCF control                  : diis
 Damping factor/level shift   : 0.000/0.000
 DIIS [start/end/frequency]   :   2 / 50 /  1

 Gradient norm:      8.1055E-07
 DIIS is running in this iteration step.
 RMS of [F,P]:                                         0.00000005552191
 RMS of difference density:                            0.00000020424225
 Gap [au]:  0.18859662
 ALPHA OCC:   9   2   4   4   2   9   4   4
 BETA  OCC:   9   2   4   4   2   9   4   4
 
 ***HARTREE-FOCK ENERGY IN STEP  13 IS       -579.5781889354761915 [AU]
 
 Step comparison  Energy Drift [au]  DIIS error drift  Gradient drift
       12            5.9799E-11         2.2197E-07       3.1106E-06
 ======================================================================
 ITERATION STEP  14
 CPU time [min]:     0.460                   Wall time [min]:     0.031
 

 SCF control                  : diis
 Damping factor/level shift   : 0.000/0.000
 DIIS [start/end/frequency]   :   2 / 50 /  1

 Gradient norm:      2.2220E-07
 DIIS is running in this iteration step.
 RMS of [F,P]:                                         0.00000001452113
 RMS of difference density:                            0.00000004503908
 Gap [au]:  0.18859666
 ALPHA OCC:   9   2   4   4   2   9   4   4
 BETA  OCC:   9   2   4   4   2   9   4   4
 
 ***HARTREE-FOCK ENERGY IN STEP  14 IS       -579.5781889354793748 [AU]
 
 Step comparison  Energy Drift [au]  DIIS error drift  Gradient drift
       13            3.1832E-12         4.1001E-08       5.8834E-07
 ======================================================================
 
 SUCCESS...
 THE SCF ITERATION HAS CONVERGED!
 
                   Ag  B1g B2g B3g Au  B1u B2u B3u 
 FINAL ALPHA OCC:   9   2   4   4   2   9   4   4
 FINAL BETA  OCC:   9   2   4   4   2   9   4   4
 
 ***FINAL HARTREE-FOCK ENERGY:       -579.5781889354793748 [AU]
 
 Orbital energies [au]:
      Irrep         Alpha          Beta
    1   Ag        -4.195883      -4.195883
    2   B1u       -4.195862      -4.195862
    3   Ag        -4.194213      -4.194213
    4   B1u       -4.193710      -4.193710
    5   Ag        -2.703430      -2.703430
    6   B1u       -2.700686      -2.700686
    7   B3u       -2.694616      -2.694616
    8   B2u       -2.694616      -2.694616
    9   B2g       -2.694615      -2.694615
   10   B3g       -2.694615      -2.694615
   11   Ag        -2.694610      -2.694610
   12   B3u       -2.691356      -2.691356
   13   B2u       -2.691356      -2.691356
   14   B1u       -2.691307      -2.691307
   15   B2g       -2.690991      -2.690991
   16   B3g       -2.690991      -2.690991
   17   Ag        -0.566333      -0.566333
   18   B3u       -0.538603      -0.538603
   19   B2u       -0.538603      -0.538603
   20   B1u       -0.534721      -0.534721
   21   B2g       -0.523528      -0.523528
   22   B3g       -0.523528      -0.523528
   23   B1g       -0.509875      -0.509875
   24   Ag        -0.509875      -0.509875
   25   Au        -0.508464      -0.508464
   26   B1u       -0.508464      -0.508464
   27   Ag        -0.502671      -0.502671
   28   B1g       -0.502671      -0.502671
   29   B1u       -0.498433      -0.498433
   30   Au        -0.498433      -0.498433
   31   B3u       -0.496948      -0.496948
   32   B2u       -0.496948      -0.496948
   33   Ag        -0.490443      -0.490443
   34   B3g       -0.477226      -0.477226
   35   B2g       -0.477226      -0.477226
   36   B1u       -0.459971      -0.459971
   37   Ag        -0.254256      -0.254256
   38   B1u       -0.211092      -0.211092
 
   39   Ag        -0.022496      -0.022496
   40   B1u        0.027019       0.027019
   41   B2u        0.030800       0.030800
   42   B3u        0.030800       0.030800
   43   B3g        0.047220       0.047220
   44   B2g        0.047220       0.047220
   45   Ag         0.062538       0.062538
   46   B2u        0.078660       0.078660
   47   B3u        0.078660       0.078660
   48   B1u        0.089813       0.089813
   49   B3g        0.113991       0.113991
   50   B2g        0.113991       0.113991
   51   B1u        0.122283       0.122283
   52   Ag         0.126049       0.126049
   53   B2u        0.165192       0.165192
   54   B3u        0.165192       0.165192
   55   Ag         0.189433       0.189433
   56   B3g        0.196013       0.196013
   57   B2g        0.196013       0.196013
   58   B3u        0.234227       0.234227
   59   B2u        0.234227       0.234227
   60   B1u        0.282667       0.282667
   61   B2g        0.289271       0.289271
   62   B3g        0.289271       0.289271
   63   Ag         0.373932       0.373932
   64   B1u        0.410505       0.410505
   65   Ag         0.490856       0.490856
   66   B3u        0.705207       0.705207
   67   B2u        0.705207       0.705207
   68   Ag         0.711832       0.711832
   69   B1g        0.711832       0.711832
   70   Au         0.745920       0.745920
   71   B1u        0.745920       0.745920
   72   B1u        0.785461       0.785461
   73   B2g        0.800037       0.800037
   74   B3g        0.800037       0.800037
   75   Ag         0.805381       0.805381
   76   B1g        0.805381       0.805381
   77   Ag         0.848555       0.848555
   78   B1u        0.860788       0.860788
   79   Au         0.860788       0.860788
   80   B3u        0.942993       0.942993
   81   B2u        0.942993       0.942993
   82   B1u        1.058538       1.058538
   83   Ag         1.062548       1.062548
   84   B2g        1.164560       1.164560
   85   B3g        1.164560       1.164560
   86   B1u        2.308741       2.308741
   87   Ag         2.388517       2.388517
   88   B1u        2.523214       2.523214
 
 RETURNING FROM SCF ALGORITHM
 ======================================================================

 ************************ 2023-08-17 09:05:38 *************************
 Executing ovirt...

 ovirt, the routine of orbital optimization and integral transformation 
Thu Aug 17 09:05:38 BST 2023
 memory =                1536000  Mb          201326592000  8 byte word
 mrccboot = T
 scftype  = rhf  
 localcc  = off 
 core     = 16    
 ovirt    = off  
 ccprog   = mrcc
 dfnbasis =                      0
 dfbasis_cor =none                
 lmp2dens = on 
 dens =                      0
 verblev =                      3
 task     =                      4
 epsilon =   0.000000000000000E+000
 lmp2= on 
 localNO  =  F
 localMP2 =  F
 localMP2_TEST =  F
 LMP2_shortcut =  F
 FOCKTR   =  T
 Allocated memory:                 1536000  Mb
 onbasis=                    88
 RHF calculation! 
 integral transforamtion: AOs ------ MOs
 # of basis functions, # of int. blocks    88     1
100 % 
 second part
100 %
 integral transformation is completed! 
CPU and WC time          61.76           4.13     AOs -> MOs 
 occupied and 
     1 -0.5663331092
     2 -0.5386030398
     3 -0.5386030398
     4 -0.5347212819
     5 -0.5235278337
     6 -0.5235278337
     7 -0.5098746403
     8 -0.5098746403
     9 -0.5084644798
    10 -0.5084644798
    11 -0.5026708869
    12 -0.5026708869
    13 -0.4984331219
    14 -0.4984331219
    15 -0.4969483491
    16 -0.4969483491
    17 -0.4904427441
    18 -0.4772263040
    19 -0.4772263040
    20 -0.4599705515
    21 -0.2542559127
    22 -0.2110923076
               virtual energies 
    23 -0.0224956462
    24  0.0270186161
    25  0.0308000552
    26  0.0308000552
    27  0.0472200783
    28  0.0472200783
    29  0.0625382325
    30  0.0786599039
    31  0.0786599039
    32  0.0898134400
    33  0.1139911061
    34  0.1139911061
    35  0.1222826047
    36  0.1260489787
    37  0.1651924986
    38  0.1651924986
    39  0.1894330605
    40  0.1960130928
    41  0.1960130928
    42  0.2342274732
    43  0.2342274732
    44  0.2826672654
    45  0.2892709255
    46  0.2892709255
    47  0.3739315370
    48  0.4105046012
    49  0.4908558665
    50  0.7052069338
    51  0.7052069338
    52  0.7118316280
    53  0.7118316280
    54  0.7459202315
    55  0.7459202315
    56  0.7854610630
    57  0.8000373826
    58  0.8000373826
    59  0.8053808629
    60  0.8053808629
    61  0.8485554587
    62  0.8607883237
    63  0.8607883237
    64  0.9429928145
    65  0.9429928145
    66  1.0585376797
    67  1.0625480418
    68  1.1645603124
    69  1.1645603124
    70  2.3087412524
    71  2.3885173657
    72  2.5232140384
 inttol =   1.000000000000000E-010   10.0000000000000     
Integrals are written to fort.55
Thu Aug 17 09:05:43 BST 2023
  ovirt terminated normally 

 ************************ 2023-08-17 09:05:43 *************************
 Executing goldstone...

 Generation of CC equations in terms of H and T...
 Generation of antisymmetrized Goldstone diagrams...
 Number of diagrams in T^1 equations:    15
 Number of diagrams in T^2 equations:    33
 Number of diagrams in T^3 equations:     2
 Translation of diagrams to factorized equations...
 Optimizing intermediate calculation...
 Number of floating-point operations per iteration step:   4.6818E+10
 Probable CPU time per iteration step (hours):      0.47
 Required memory (Mbytes):    2042.3
 Number of intermediates:                                  48
 Number of intermediates to be stored:                     20
 Length of intermediate file (Mbytes):      60.4

 ************************ 2023-08-17 09:05:44 *************************
 Executing xmrcc...

 **********************************************************************
 CC(2)(3) calculation 
 
 
 Allocation of****** Mbytes of memory...
 Number of spinorbitals:                   144
 Number of alpha electrons:                       22
 Number of beta electrons:                        22
 Spin multiplicity:                     1
 z-component of spin:  0.0
 Spatial symmetry:                      1
 Convergence criterion:  1.0E-06
 Construction of occupation graphs...
 Number of                     0 -fold excitations:                      1
 Number of                     1 -fold excitations:                    332
 Number of                     2 -fold excitations:                 225642
 Total number of configurations:                 225975
 Calculation of coupling coefficients...
 Length of intermediate file (Mbytes):      46.7
 
 ======================================================================
 
 Spin case  1   Alpha:  0   Beta:  3
 Number of excitations:                3769472
 Spin case  2   Alpha:  1   Beta:  2
 Number of excitations:               38934714
 Number of                     3 -fold excitations:               85408372
 
 Memory requirements /Mbyte/: 
               Minimal        Optimal
 Real*8:        102.9831       290.3328
 Integer:         4.0739
 Total:         107.0570       294.4067
 

 ************************ 2023-08-17 09:05:44 *************************
 Executing mrcc...

 **********************************************************************
 CCSD(T) calculation                                                    
 
 
 OpenMP parallel version is running.
 Number of CPU cores:  36
 Allocation of  290.3 Mbytes of memory...
 Number of spinorbitals: 144
 Number of alpha electrons: 22
 Number of beta  electrons: 22
 Spin multiplicity: 1
 z-component of spin:  0.0
 Spatial symmetry: 1
 Convergence criterion:  1.0E-06
 Construction of occupation graphs...
 Number of 0-fold excitations: 1
 Number of 1-fold excitations: 332
 Number of 2-fold excitations: 225642
 Total number of determinants: 225975
 Calculation of coupling coefficients...
 Initial cluster amplitudes are generated.
 Length of intermediate file (Mbytes):      46.7
 Reading integral list from unit 55...
 Sorting integrals...
 Calculation of MP denominators...
 
 Starting CC iteration...
 ======================================================================
 Norm of residual vector:     0.82933366
 CPU time [min]:     1.758                   Wall time [min]:     0.065
 
 Iteration  1  CC energy:  -579.88042163  Energy decrease:   0.30223269
 ======================================================================
 Norm of residual vector:     0.16339044
 CPU time [min]:     3.203                   Wall time [min]:     0.107
 
 Iteration  2  CC energy:  -579.87064356  Energy decrease:   0.00977807
 ======================================================================
 Norm of residual vector:     0.04787860
 CPU time [min]:     4.653                   Wall time [min]:     0.149
 
 Iteration  3  CC energy:  -579.88636184  Energy decrease:   0.01571828
 ======================================================================
 Norm of residual vector:     0.01179680
 CPU time [min]:     6.118                   Wall time [min]:     0.191
 
 Iteration  4  CC energy:  -579.88812347  Energy decrease:   0.00176163
 ======================================================================
 Norm of residual vector:     0.00512388
 CPU time [min]:     7.593                   Wall time [min]:     0.234
 
 Iteration  5  CC energy:  -579.88815172  Energy decrease:   0.00002825
 ======================================================================
 Norm of residual vector:     0.00200443
 CPU time [min]:     9.100                   Wall time [min]:     0.277
 
 Iteration  6  CC energy:  -579.88813294  Energy decrease:   0.00001878
 ======================================================================
 Norm of residual vector:     0.00111290
 CPU time [min]:    10.666                   Wall time [min]:     0.323
 
 Iteration  7  CC energy:  -579.88812179  Energy decrease:   0.00001115
 ======================================================================
 Norm of residual vector:     0.00063487
 CPU time [min]:    12.164                   Wall time [min]:     0.366
 
 Iteration  8  CC energy:  -579.88811365  Energy decrease:   0.00000813
 ======================================================================
 Norm of residual vector:     0.00030677
 CPU time [min]:    13.673                   Wall time [min]:     0.409
 
 Iteration  9  CC energy:  -579.88811736  Energy decrease:   0.00000371
 ======================================================================
 Norm of residual vector:     0.00012948
 CPU time [min]:    15.228                   Wall time [min]:     0.454
 
 Iteration 10  CC energy:  -579.88812151  Energy decrease:   0.00000414
 ======================================================================
 Norm of residual vector:     0.00004939
 CPU time [min]:    16.756                   Wall time [min]:     0.498
 
 Iteration 11  CC energy:  -579.88812145  Energy decrease:   0.00000006
 ======================================================================
 Norm of residual vector:     0.00002301
 CPU time [min]:    18.295                   Wall time [min]:     0.542
 
 Iteration 12  CC energy:  -579.88812085  Energy decrease:   0.00000060
 ======================================================================
 Norm of residual vector:     0.00000939
 CPU time [min]:    19.869                   Wall time [min]:     0.588
 
 Iteration 13  CC energy:  -579.88812081  Energy decrease:   0.00000004
 ======================================================================
 Norm of residual vector:     0.00000435
 CPU time [min]:    21.439                   Wall time [min]:     0.633
 
 Iteration 14  CC energy:  -579.88812088  Energy decrease:   0.00000008
 ======================================================================
 Norm of residual vector:     0.00000168
 CPU time [min]:    23.096                   Wall time [min]:     0.681
 
 Iteration 15  CC energy:  -579.88812088  Energy decrease:   2.0344E-09
 ======================================================================
 Norm of residual vector:     0.00000072
 CPU time [min]:    24.718                   Wall time [min]:     0.727
 
 Iteration 16  CC energy:  -579.88812087  Energy decrease:   0.00000001
 ======================================================================
 
 Iteration has converged in 16 steps.
 
 Final results:
 Total CCSD energy [au]:            -579.888120868863
 Total MP2 energy [au]:             -579.880421625421
 
 Perturbative corrections are calculated...
 ======================================================================
 Spin case  1   Alpha:  0   Beta:  3
 Number of excitations:        3769472
 CPU time [min]:    24.895                   Wall time [min]:     0.732
 ======================================================================
 Spin case  2   Alpha:  1   Beta:  2
 Number of excitations:        38934714
 CPU time [min]:    25.596                   Wall time [min]:     0.752
 ======================================================================
 Number of 3-fold excitations: 85408372
 CPU time [min]:    25.596                   Wall time [min]:     0.752
 
 Total CCSD[T] energy [au]:         -579.912220349519
 Total CCSD(T) energy [au]:         -579.908056786595
 
 ************************ 2023-08-17 09:06:32 *************************
                      Normal termination of mrcc.
 **********************************************************************
