 **********************************************************************
                          MRCC program system
 **********************************************************************
 
                              Written by
     Mihaly Kallay, Peter R. Nagy, David Mester, Laszlo Gyevi-Nagy,
        Jozsef Csoka, P. Bernat Szabo, Zoltan Rolik, Gyula Samu,
     Jozsef Csontos, Bence Hegely, Adam Ganyecz, Istvan Ladjanszki,
       Lorant Szegedy, Bence Ladoczki, Klara Petrov, Mate Farkas,
                    Pal D. Mezei, and Reka A. Horvath
 
        Department of Physical Chemistry and Materials Science
            Budapest University of Technology and Economics
                  Budapest P.O.Box 91, H-1521 Hungary
 
                              www.mrcc.hu
 
                      Release date: March 18, 2022

 ************************ 2023-05-15 20:05:40 *************************
 Executing minp...

 Reading input from MINP...
 
 Input file:
 
calc=LNO-CCSD(T)
verbosity=3
mem=160GB
symm=off
unit=angs
scfiguess=mo
scfalg=locfit1
lcorthr=normal
bpedo=0.99999
ECP=MCDHF-ECP-60
basis=cc-pVQZ
dfbasis_scf=def2-QZVPP-RI-JK
dfbasis_cor=cc-pVQZ-RI
core=8
unit=angs
geom=xyz
20
Au20_3
Au     2.56946606    -0.26200122     0.15881240
Au    -0.23271540     0.04196363     0.36390262
Au    -2.95789988     0.34714857     0.36410593
Au    -5.53017756     0.59471798    -0.53198653
Au     4.08407370     1.95182459     0.01194228
Au     1.38988836     2.20249352     0.33864442
Au    -1.28648835     2.53413615     0.49378629
Au    -3.81649684     2.74736454    -0.55275714
Au     3.45244526    -2.77518873     0.27381349
Au     0.80490954    -2.42724471     0.21056728
Au    -1.85625658    -2.17421738     0.23359533
Au    -4.53659782    -1.85474464    -0.07326242
Au     5.50729297     4.17170616    -0.54853021
Au     2.92814509     4.46015893     0.05144189
Au     0.34648669     4.76880348     0.43683546
Au    -2.06061159     4.82964000    -0.69328014
Au     3.95281160    -5.15730256    -0.79657531
Au     1.68249410    -4.98369065     0.49904420
Au    -0.88534554    -4.69179261     0.00068914
Au    -3.55542383    -4.32377504    -0.24078900

ghost=serialno


 
 
 Checking keyword combinations...
 
 Keywords:
 
 active=none
 agrid=ld0006-ld0590
 agrid_pssp=ld0006-ld0194
 agrid_pssp_sm=ld0006-ld0074
 basis=cc-pvqz
 basis_sm=none
 basopt=off
 bfbasis=none
 bfgsmem=10
 bfgstol=1.0d-3
 bpcompo=0.985
 bpcompv=0.98
 bpdfo=0.985
 bpocc=0.99999
 bppdo=0.999d0
 bppdv=0.98
 bpedo=0.99999
 bpedv=0.995d0
 calc=ccsd(t)
 ccmaxit=50
 ccprog=ccsd
 ccsdalg=dfdirect
 ccsdmkl=seq
 ccsdrest=off
 ccsdthreads=2
 cctol=5
 charge=0
 cialg=direct
 ciguess=off
 cmpgrp=auto
 comprest=off
 core=8
 corembed=off
 csapprox=off
 cvs=off
 dboc=off
 delocsomofact=
 dendec=cholesky
 dens=0
 dfalg=lineq
 dfbasis_cab=none
 dfbasis_cor=cc-pvqz-ri
 dfbasis_scf=def2-qzvpp-ri-jk
 dfbasis_scf_sm=def2-qzvpp-ri-jk
 dfintran=drpa
 dft=off
 dhexc=adc(2)
 diag=david
 docc=
 domrad=10.d0
 drpaalg=auto
 dual=off
 dual_df=off
 ecp=mcdhf-ecp-60
 edisp=off
 edisp_embed=off
 embed=off
 etemp=300
 epert=none
 eps=
 espcharge=off
 excrad=1.0
 excrad_fin=0.100000000D-02
 fitting=coulomb
 fmm=off
 fmmord=8
 freq=off
 gamma=1.d0
 gauss=spher
 geom=xyz
 gopt=off
 ghost=serialno
 gtol=7
 grdens=off
 gridbatch_cos=2000
 grtol=10
 guido_ct=off
 hamilton=dc
 iface=none
 intalg=auto
 itol=10
 laptol=1.d-2
 lccoporder=lccfirst
 lcorthr=normal
 lccrest=off
 lmp2dens=on
 lnoepso=1e-5
 lnoepsv=1e-6
 boysalg=jacobi
 localcc=2021
 localcorrsymm=off
 locintrf=direct
 mact=
 maxact=off
 maxdim=100
 maxex=0
 maxmicroit=100
 mcscfiguess=hf
 mem=160gb
 mmprog=
 molden=on
 mpitasks=1
 mulmet=3
 mult=
 nacto=0
 nactv=0
 naf_amp=1.d-2
 naf_cor=1e-2
 naf_scf=off
 nafalg=albe
 naftyp=jpq
 nchol=auto
 ndeps=1e-3
 nstate=1
 nsing=0
 nto=off
 ntrip=0
 occ=
 occri=off
 oniom=off
 oniom_eechg=off
 oniom_pcm=off
 oniom_qcorr=off
 optalg=
 optmaxit=50
 optetol=1e-6
 optex=0
 optgtol=1e-4
 optstol=1e-3
 orblocc=off
 orbloce=off
 orbloco=boys
 orblocv=pao
 orblocguess=cholesky
 osveps=-1.d0
 ovirt=off
 ovltol=1e-7
 ovosnorb=80.0
 pcm=off
 popul=off
 pressure=100000
 pssp=off
 ptfreq=0.0
 ptthreads=2
 qro=off
 qscf=off
 qmmm=off
 redcost_exc=off
 redcost_tddft=0.985d0
 refdet=none
 rest=0
 rgrid=log3
 rism=off
 rohfcore=standard
 rohftype=semicanonical
 scfalg=locfit1
 scf_conv=difficult
 scfdamp=0.0d0
 scfdamp_mode=off
 scfdamp_end=50
 scfdamp_dampstep=0.d0
 scfdamp_dtol=0.0d0
 scfdamp_maxfact=0.0d0
 scfdamp_minfact=0.0d0
 scfdiis=on
 scfdiis_dtol=0.0d0
 scfdiis_end=50
 scfdiis_start=2
 scfdiis_step=1
 scfdiis_watch=off
 scfdiis_wrange=10
 scfdiis_wlimit=5
 scfdiis_delmax=2
 scfdtol=7
 scfext=10
 scfguessdens=
 scfiguess=mo
 scfloc=pm
 scflshift=0.20
 scflshift_end=8
 scflshift_dtol=0.0
 scflshift_gaptol=0.20
 scfmaxit=50
 scftype=
 scftol=6
 scspe=1.d0
 scsph=1.d0
 scsps=1.2d0
 scsps_t=1.2d0
 scspt=0.33333333333333
 scspt_t=0.33333333333333
 scspv=1.d0
 spairtol=-1.d0
 sqmprog=
 subminp=top
 symm=0
 talg=lapl
 temp=298.15
 test=off
 theodore=off
 tlmo=0.999
 tpao=0.94
 tprint=off
 uncontract=off
 unit=angs
 usedisk=2
 verbosity=3
 wpairtol=1.d-5

 ************************ 2023-05-15 20:05:41 *************************
 Executing integ...

 Allocation of 160.0 Gbytes of memory...
 
 
 Number of atoms:                 20
 Charge:                           0
 Number of electrons:            380
 Number of core electrons:        16
 Spin multiplicity:                1
 
                 Cartesian coordinates [bohr]      Atomic mass [AMU]  Z
   1  Au    4.85558714   -0.49511055    0.30011194   196.966543      79
   2  Au   -0.43976837    0.07929977    0.68767629   196.966543      79
   3  Au   -5.58962068    0.65601572    0.68806049   196.966543      79
   4  Au  -10.45052101    1.12385410   -1.00530884   196.966543      79
   5  Au    7.71778077    3.68841392    0.02256764   196.966543      79
   6  Au    2.62650835    4.16210955    0.63994521   196.966543      79
   7  Au   -2.43111065    4.78882329    0.93312085   196.966543      79
   8  Au   -7.21213379    5.19176655   -1.04455961   196.966543      79
   9  Au    6.52417600   -5.24434665    0.51743251   196.966543      79
  10  Au    1.52105859   -4.58682774    0.39791449   196.966543      79
  11  Au   -3.50781655   -4.10867539    0.44143120   196.966543      79
  12  Au   -8.57292742   -3.50495940   -0.13844591   196.966543      79
  13  Au   10.40727541    7.88338212   -1.03657187   196.966543      79
  14  Au    5.53339228    8.42847885    0.09721108   196.966543      79
  15  Au    0.65476495    9.01173252    0.82549938   196.966543      79
  16  Au   -3.89399156    9.12669688   -1.31010959   196.966543      79
  17  Au    7.46973135   -9.74588938   -1.50530917   196.966543      79
  18  Au    3.17945306   -9.41781042    0.94305686   196.966543      79
  19  Au   -1.67306060   -8.86620307    0.00130229   196.966543      79
  20  Au   -6.71877730   -8.17075065   -0.45502526   196.966543      79
 
 This molecule is an asymmetric top.
 
 Point group: C1  
 Computational point group: C1  
 
 Cartesian coordinates in standard orientation [bohr]
   1  Au    1.19204065   -4.73692253    0.22919909
   2  Au   -0.07901144    0.42921831    0.69434299
   3  Au   -1.29632941    5.46567847    0.77041038
   4  Au   -2.50912506   10.22083102   -0.85204930
   5  Au    6.10294983   -5.99341411   -0.04513674
   6  Au    4.80586027   -1.05717290    0.64600646
   7  Au    3.66563463    3.90494799    1.01407391
   8  Au    2.42050261    8.56747618   -0.89439214
   9  Au   -2.70241186   -7.93040118    0.37614879
  10  Au   -3.79308493   -3.00229739    0.33115110
  11  Au   -5.06191338    1.88611710    0.44771316
  12  Au   -6.22211943    6.86155531   -0.05727698
  13  Au   10.96936912   -7.07105510   -1.09849766
  14  Au    9.81116995   -2.32307679    0.10674406
  15  Au    8.68915822    2.44895412    0.90699650
  16  Au    7.25348383    6.79742027   -1.16541983
  17  Au   -6.60032600  -10.32357057   -1.70434431
  18  Au   -7.76942184   -6.21941952    0.80519329
  19  Au   -8.90423399   -1.45570546   -0.06503132
  20  Au   -9.97219177    3.53083676   -0.44583146
 
 Nuclear repulsion energy [au]:       7306.476428484370
 
 Basis set cc-pvqz for atom 1 (Au) is not found!
 
 Fatal error in exec integ.
 Program will stop.
 
 ************************ 2023-05-15 20:05:41 *************************
                   Error at the termination of mrcc.
 **********************************************************************
