 **********************************************************************
                          MRCC program system
 **********************************************************************
 
                              Written by
     Mihaly Kallay, Peter R. Nagy, David Mester, Laszlo Gyevi-Nagy,
        Jozsef Csoka, P. Bernat Szabo, Zoltan Rolik, Gyula Samu,
     Jozsef Csontos, Bence Hegely, Adam Ganyecz, Istvan Ladjanszki,
       Lorant Szegedy, Bence Ladoczki, Klara Petrov, Mate Farkas,
                    Pal D. Mezei, and Reka A. Horvath
 
        Department of Physical Chemistry and Materials Science
            Budapest University of Technology and Economics
                  Budapest P.O.Box 91, H-1521 Hungary
 
                              www.mrcc.hu
 
                      Release date: March 18, 2022

 ************************ 2023-08-12 02:02:50 *************************
 Executing minp...

 Reading input from MINP...
 
 Input file:
 
calc=CCSD(T)
verbosity=3
mem=1500GB
unit=angs
scfiguess=sad
ccprog=mrcc
ECP=LANL2DZ-ECP-28
basis=LANL2DZ
core=16
unit=angs
geom=xyz
    4
Ag4_2
Ag    -0.90700039     2.52814297    -0.08992678
Ag    -1.18589649    -2.52814297    -1.04855213
Ag    -0.50295400    -0.17608448    -0.26155096
Ag     1.18589649     1.53709669     1.04855213
 
 
 Checking keyword combinations...
 
 Keywords:
 
 active=none
 agrid=ld0006-ld0590
 agrid_pssp=ld0006-ld0194
 agrid_pssp_sm=ld0006-ld0074
 basis=lanl2dz
 basis_sm=none
 basopt=off
 bfbasis=none
 bfgsmem=10
 bfgstol=1.0d-3
 bpcompo=0.985
 bpcompv=0.98
 bpdfo=0.985
 bpocc=0.985
 bppdo=0.985
 bppdv=0.98
 bpedo=0.985
 bpedv=0.98
 calc=ccsd(t)
 ccmaxit=50
 ccprog=mrcc
 ccsdalg=disk
 ccsdmkl=seq
 ccsdrest=off
 ccsdthreads=2
 cctol=6
 charge=0
 cialg=disk
 ciguess=off
 cmpgrp=auto
 comprest=off
 core=16
 corembed=off
 csapprox=off
 cvs=off
 dboc=off
 delocsomofact=
 dendec=cholesky
 dens=0
 dfalg=lineq
 dfbasis_cab=none
 dfbasis_cor=none
 dfbasis_scf=none
 dfbasis_scf_sm=none
 dfintran=ovirt
 dft=off
 dhexc=adc(2)
 diag=david
 docc=
 domrad=10.d0
 drpaalg=fit
 dual=off
 dual_df=off
 ecp=lanl2dz-ecp-28
 edisp=off
 edisp_embed=off
 embed=off
 etemp=300
 epert=none
 eps=
 espcharge=off
 excrad=0.d0
 excrad_fin=0.000000000D+00
 fitting=coulomb
 fmm=off
 fmmord=8
 freq=off
 gamma=1.d0
 gauss=spher
 geom=xyz
 gopt=off
 ghost=none
 gtol=7
 grdens=off
 gridbatch_cos=2000
 grtol=10
 guido_ct=off
 hamilton=dc
 iface=none
 intalg=auto
 itol=10
 laptol=1.d-2
 lccoporder=trffirst
 lcorthr=normal
 lccrest=off
 lmp2dens=on
 lnoepso=0.d0
 lnoepsv=1e-6
 boysalg=jacobi
 localcc=off
 localcorrsymm=off
 locintrf=disk
 mact=
 maxact=off
 maxdim=100
 maxex=0
 maxmicroit=100
 mcscfiguess=hf
 mem=1500gb
 mmprog=
 molden=on
 mpitasks=1
 mulmet=0
 mult=
 nacto=0
 nactv=0
 naf_amp=1.d-2
 naf_cor=off
 naf_scf=off
 nafalg=albe
 naftyp=
 nchol=auto
 ndeps=1e-3
 nstate=1
 nsing=0
 nto=off
 ntrip=0
 occ=
 occri=off
 oniom=off
 oniom_eechg=off
 oniom_pcm=off
 oniom_qcorr=off
 optalg=
 optmaxit=50
 optetol=1e-6
 optex=0
 optgtol=1e-4
 optstol=1e-3
 orblocc=off
 orbloce=off
 orbloco=off
 orblocv=off
 orblocguess=cholesky
 osveps=1e-3
 ovirt=off
 ovltol=1e-7
 ovosnorb=80.0
 pcm=off
 popul=off
 pressure=100000
 pssp=off
 ptfreq=0.0
 ptthreads=2
 qro=off
 qscf=off
 qmmm=off
 redcost_exc=off
 redcost_tddft=off
 refdet=none
 rest=0
 rgrid=log3
 rism=off
 rohfcore=semicanonical
 rohftype=semicanonical
 scfalg=auto
 scf_conv=difficult
 scfdamp=0.0d0
 scfdamp_mode=off
 scfdamp_end=50
 scfdamp_dampstep=0.d0
 scfdamp_dtol=0.0d0
 scfdamp_maxfact=0.0d0
 scfdamp_minfact=0.0d0
 scfdiis=on
 scfdiis_dtol=0.0d0
 scfdiis_end=50
 scfdiis_start=2
 scfdiis_step=1
 scfdiis_watch=off
 scfdiis_wrange=10
 scfdiis_wlimit=5
 scfdiis_delmax=2
 scfdtol=7
 scfext=10
 scfguessdens=
 scfiguess=sad
 scfloc=off
 scflshift=0.20
 scflshift_end=8
 scflshift_dtol=0.0
 scflshift_gaptol=0.20
 scfmaxit=50
 scftype=
 scftol=6
 scspe=1.d0
 scsph=1.d0
 scsps=1.2d0
 scsps_t=1.2d0
 scspt=0.33333333333333
 scspt_t=0.33333333333333
 scspv=1.d0
 spairtol=1e-4
 sqmprog=
 subminp=top
 symm=
 talg=occ
 temp=298.15
 test=off
 theodore=off
 tlmo=0.999
 tpao=0.94
 tprint=off
 uncontract=off
 unit=angs
 usedisk=2
 verbosity=3
 wpairtol=0.100000000E-05

 ************************ 2023-08-12 02:02:50 *************************
 Executing integ...

 Allocation of 1500.0 Gbytes of memory...
 
 
 Number of atoms:                  4
 Charge:                           0
 Number of electrons:             76
 Number of core electrons:        32
 Spin multiplicity:                1
 
                 Cartesian coordinates [bohr]      Atomic mass [AMU]  Z
   1  Ag   -1.71398233    4.77749782   -0.16993699   106.905092      47
   2  Ag   -2.24101958   -4.77749782   -1.98147635   106.905092      47
   3  Ag   -0.95044531   -0.33275144   -0.49425968   106.905092      47
   4  Ag    2.24101958    2.90469177    1.98147635   106.905092      47
 
 This molecule is an asymmetric top.
 This molecule is planar.
 
 Rotational constants [cm-1]: 
      0.047364193315      0.009264749539      0.007748995020
 
 Point group: C1  
 Computational point group: C1  
 
 Cartesian coordinates in standard orientation [bohr]
   1  Ag    3.50018457   -2.43740877    0.00017992
   2  Ag   -5.92939799   -0.00012392    0.00033759
   3  Ag   -1.06800280   -0.00132896   -0.00069697
   4  Ag    3.49721622    2.43886164    0.00017945
 
 Nuclear repulsion energy [au]:        361.899428867528
 
 
 Basis set information:
 
 Maximum angular momentum: f
 Maximum number of contracted Gaussians:    3
 Maximum number of primitive Gaussians:     6
 Spherical harmonic GTOs are used.
 
   1  Ag lanl2dz [ 5s 6p 4d | 3s 3p 2d ]
   2  Ag lanl2dz [ 5s 6p 4d | 3s 3p 2d ]
   3  Ag lanl2dz [ 5s 6p 4d | 3s 3p 2d ]
   4  Ag lanl2dz [ 5s 6p 4d | 3s 3p 2d ]
 
 Basis functions:
            1             2             3             4             5             6             7             8             9            10
    0    1Ag1s         1Ag2s         1Ag3s         1Ag1pz        1Ag1py        1Ag1px        1Ag2pz        1Ag2py        1Ag2px        1Ag3pz    
    1    1Ag3py        1Ag3px        1Ag1d-2       1Ag1d-1       1Ag1d0        1Ag1d+1       1Ag1d+2       1Ag2d-2       1Ag2d-1       1Ag2d0    
    2    1Ag2d+1       1Ag2d+2       2Ag1s         2Ag2s         2Ag3s         2Ag1pz        2Ag1py        2Ag1px        2Ag2pz        2Ag2py    
    3    2Ag2px        2Ag3pz        2Ag3py        2Ag3px        2Ag1d-2       2Ag1d-1       2Ag1d0        2Ag1d+1       2Ag1d+2       2Ag2d-2   
    4    2Ag2d-1       2Ag2d0        2Ag2d+1       2Ag2d+2       3Ag1s         3Ag2s         3Ag3s         3Ag1pz        3Ag1py        3Ag1px    
    5    3Ag2pz        3Ag2py        3Ag2px        3Ag3pz        3Ag3py        3Ag3px        3Ag1d-2       3Ag1d-1       3Ag1d0        3Ag1d+1   
    6    3Ag1d+2       3Ag2d-2       3Ag2d-1       3Ag2d0        3Ag2d+1       3Ag2d+2       4Ag1s         4Ag2s         4Ag3s         4Ag1pz    
    7    4Ag1py        4Ag1px        4Ag2pz        4Ag2py        4Ag2px        4Ag3pz        4Ag3py        4Ag3px        4Ag1d-2       4Ag1d-1   
    8    4Ag1d0        4Ag1d+1       4Ag1d+2       4Ag2d-2       4Ag2d-1       4Ag2d0        4Ag2d+1       4Ag2d+2   
 
 Maximum number of basis functions per shell:   10
 Total number of basis functions:     88
 
 
 Effective core potentials:
 
   1  Ag lanl2dz-ecp-28      
   2  Ag lanl2dz-ecp-28      
   3  Ag lanl2dz-ecp-28      
   4  Ag lanl2dz-ecp-28      
 
 Initializing the SAD routines for the initial guess...
 Checking the files required for the initial guess...
 Density files have not been found for the initial guess.
 Generating SCFDENSITIES.Ag.lanl2dz.0
 CPU time [min]:     0.121                   Wall time [min]:     0.194
 
 Character table for point group C1:
 
          E  
    A     1
 
 Number of basis functions per irrep:
    A      88
 
 
 Calculation of overlap integrals...
 CPU time [min]:     0.122                   Wall time [min]:     0.194
 
 Calculation of the square root of the overlap matrix...
 Minimum eigenvalue of the overlap matrix: 0.297901E-02
 CPU time [min]:     0.136                   Wall time [min]:     0.194
 
 Calculation of kinetic energy integrals...
 CPU time [min]:     0.136                   Wall time [min]:     0.194
 Calculation of nuclear attraction integrals...
 CPU time [min]:     0.137                   Wall time [min]:     0.194
 Calculation of core potential integrals...
 CPU time [min]:     0.250                   Wall time [min]:     0.205
 
 Calculation of prescreening integrals...
 CPU time [min]:     0.318                   Wall time [min]:     0.207
 
 Calculation of two-electron integrals...
   1% done.
  17% done.
  32% done.
  62% done.
 100% done.
 CPU time [min]:     1.944                   Wall time [min]:     0.253

 ************************ 2023-08-12 02:03:06 *************************
 Executing scf...

 @scfsetup: integrals taken from disk
            mrcc/integ binary format
 @scfsetup: calculating on full matrices
            not using symmetry adapted basis
 @scfsetup: diis switched on
 @scfsetup: number of steps to extrapolate from  10
 @scfsetup: tolerance in energy deviation    0.100000E-05
            tolerance in density deviation    0.100000E-06
 @scfsetup: maximum number of iterations:  50
 @scfsetup: restricted closed shell hf calc
 @scfsetup: starting scf from superposition of atomic densities
 @scfsetup: occupation set:
            from initial orbitals
 @scfsetup: Parameter-set for SCF acceleration: difficult
 @scfsetup: diis runs from iteration:   2
 @scfsetup: diis runs to iteration:  50
 @scfsetup: diis runs in every iteration
 @scfsetup: diiswatch is disabled                   
 @scfsetup: diis dtol criteria to switch on:      0.0000E+00
           (or the iteration number below is reached)
 @scfsetup: damping is turned off.
 @scfsetup: dynamic level shifting
            tolarance in HOMO-LUMO gap:  0.200
            tolarance in density deviation:     0.0000E+00
            iteration step criteria to turn level shifting off: 8
 Allocation of 1500.0 Gbytes of memory...
 ======================================================================
 ITERATION STEP   1
 CPU time [min]:     0.015                   Wall time [min]:     0.004
 

 SCF control                  : initial
 Damping factor/level shift   : 0.000/0.200
 DIIS [start/end/frequency]   :   2 / 50 /  1

 Gradient norm:      1.0561E+00
 RMS of [F,P]:                                         0.03757343660123
 RMS of difference density:                            0.05174868389169
 Gap [au]:  0.10044772
 ALPHA OCC:  38
 BETA  OCC:  38
 
 ***HARTREE-FOCK ENERGY IN STEP   1 IS       -577.5993678468878443 [AU]
 ======================================================================
 ITERATION STEP   2
 CPU time [min]:     0.119                   Wall time [min]:     0.007
 

 SCF control                  : diis
 Damping factor/level shift   : 0.000/0.200
 DIIS [start/end/frequency]   :   2 / 50 /  1

 Gradient norm:      5.2201E-01
 DIIS is running in this iteration step.
 RMS of [F,P]:                                         0.02335101620799
 RMS of difference density:                            0.02406739800577
 Gap [au]:  0.19589397
 ALPHA OCC:  38
 BETA  OCC:  38
 
 ***HARTREE-FOCK ENERGY IN STEP   2 IS       -579.1345673820599131 [AU]
 
 Step comparison  Energy Drift [au]  DIIS error drift  Gradient drift
        1            1.5352E+00         1.4222E-02       5.3407E-01
        2            5.7913E+02         1.0000E-07       5.3407E-01
 ======================================================================
 ITERATION STEP   3
 CPU time [min]:     0.189                   Wall time [min]:     0.009
 

 SCF control                  : diis
 Damping factor/level shift   : 0.000/0.200
 DIIS [start/end/frequency]   :   2 / 50 /  1

 Gradient norm:      1.7783E-01
 DIIS is running in this iteration step.
 RMS of [F,P]:                                         0.00724754367166
 RMS of difference density:                            0.00589336470607
 Gap [au]:  0.17614057
 ALPHA OCC:  38
 BETA  OCC:  38
 
 ***HARTREE-FOCK ENERGY IN STEP   3 IS       -579.5372099833439279 [AU]
 
 Step comparison  Energy Drift [au]  DIIS error drift  Gradient drift
        2            4.0264E-01         1.6103E-02       3.4418E-01
 ======================================================================
 ITERATION STEP   4
 CPU time [min]:     0.259                   Wall time [min]:     0.011
 

 SCF control                  : diis
 Damping factor/level shift   : 0.000/0.200
 DIIS [start/end/frequency]   :   2 / 50 /  1

 Gradient norm:      3.1134E-02
 DIIS is running in this iteration step.
 RMS of [F,P]:                                         0.00116480386293
 RMS of difference density:                            0.00208581536006
 Gap [au]:  0.17524189
 ALPHA OCC:  38
 BETA  OCC:  38
 
 ***HARTREE-FOCK ENERGY IN STEP   4 IS       -579.5837477574611967 [AU]
 
 Step comparison  Energy Drift [au]  DIIS error drift  Gradient drift
        3            4.6538E-02         6.0827E-03       1.4670E-01
 ======================================================================
 ITERATION STEP   5
 CPU time [min]:     0.329                   Wall time [min]:     0.013
 

 SCF control                  : diis
 Damping factor/level shift   : 0.000/0.200
 DIIS [start/end/frequency]   :   2 / 50 /  1

 Gradient norm:      1.1512E-02
 DIIS is running in this iteration step.
 RMS of [F,P]:                                         0.00027658615771
 RMS of difference density:                            0.00125524367904
 Gap [au]:  0.17592658
 ALPHA OCC:  38
 BETA  OCC:  38
 
 ***HARTREE-FOCK ENERGY IN STEP   5 IS       -579.5860173991404736 [AU]
 
 Step comparison  Energy Drift [au]  DIIS error drift  Gradient drift
        4            2.2696E-03         8.8822E-04       1.9622E-02
 ======================================================================
 ITERATION STEP   6
 CPU time [min]:     0.398                   Wall time [min]:     0.015
 

 SCF control                  : diis
 Damping factor/level shift   : 0.000/0.200
 DIIS [start/end/frequency]   :   2 / 50 /  1

 Gradient norm:      7.3166E-03
 DIIS is running in this iteration step.
 RMS of [F,P]:                                         0.00012810438268
 RMS of difference density:                            0.00065714758464
 Gap [au]:  0.17641006
 ALPHA OCC:  38
 BETA  OCC:  38
 
 ***HARTREE-FOCK ENERGY IN STEP   6 IS       -579.5864541629891846 [AU]
 
 Step comparison  Energy Drift [au]  DIIS error drift  Gradient drift
        5            4.3676E-04         1.4848E-04       4.1952E-03
 ======================================================================
 ITERATION STEP   7
 CPU time [min]:     0.468                   Wall time [min]:     0.017
 

 SCF control                  : diis
 Damping factor/level shift   : 0.000/0.200
 DIIS [start/end/frequency]   :   2 / 50 /  1

 Gradient norm:      4.5485E-03
 DIIS is running in this iteration step.
 RMS of [F,P]:                                         0.00006674403473
 RMS of difference density:                            0.00036089164674
 Gap [au]:  0.17634735
 ALPHA OCC:  38
 BETA  OCC:  38
 
 ***HARTREE-FOCK ENERGY IN STEP   7 IS       -579.5865723833626362 [AU]
 
 Step comparison  Energy Drift [au]  DIIS error drift  Gradient drift
        6            1.1822E-04         6.1360E-05       2.7681E-03
 ======================================================================
 ITERATION STEP   8
 CPU time [min]:     0.537                   Wall time [min]:     0.018
 

 SCF control                  : diis
 Damping factor/level shift   : 0.000/0.200
 DIIS [start/end/frequency]   :   2 / 50 /  1

 Gradient norm:      2.7017E-03
 DIIS is running in this iteration step.
 RMS of [F,P]:                                         0.00003118935492
 RMS of difference density:                            0.00017359192782
 Gap [au]:  0.17639080
 ALPHA OCC:  38
 BETA  OCC:  38
 
 ***HARTREE-FOCK ENERGY IN STEP   8 IS       -579.5866066315895750 [AU]
 
 Step comparison  Energy Drift [au]  DIIS error drift  Gradient drift
        7            3.4248E-05         3.5555E-05       1.8469E-03
 ======================================================================
 ITERATION STEP   9
 CPU time [min]:     0.607                   Wall time [min]:     0.020
 

 SCF control                  : diis
 Damping factor/level shift   : 0.000/0.000
 DIIS [start/end/frequency]   :   2 / 50 /  1

 Gradient norm:      1.5004E-03
 DIIS is running in this iteration step.
 RMS of [F,P]:                                         0.00001636914945
 RMS of difference density:                            0.00016807863600
 Gap [au]:  0.17642005
 ALPHA OCC:  38
 BETA  OCC:  38
 
 ***HARTREE-FOCK ENERGY IN STEP   9 IS       -579.5866155483099647 [AU]
 
 Step comparison  Energy Drift [au]  DIIS error drift  Gradient drift
        8            8.9167E-06         1.4820E-05       1.2013E-03
 ======================================================================
 ITERATION STEP  10
 CPU time [min]:     0.676                   Wall time [min]:     0.022
 

 SCF control                  : diis
 Damping factor/level shift   : 0.000/0.000
 DIIS [start/end/frequency]   :   2 / 50 /  1

 Gradient norm:      1.8248E-04
 DIIS is running in this iteration step.
 RMS of [F,P]:                                         0.00000419309992
 RMS of difference density:                            0.00001245878680
 Gap [au]:  0.17639107
 ALPHA OCC:  38
 BETA  OCC:  38
 
 ***HARTREE-FOCK ENERGY IN STEP  10 IS       -579.5866188129157308 [AU]
 
 Step comparison  Energy Drift [au]  DIIS error drift  Gradient drift
        9            3.2646E-06         1.2176E-05       1.3179E-03
 ======================================================================
 ITERATION STEP  11
 CPU time [min]:     0.745                   Wall time [min]:     0.024
 

 SCF control                  : diis
 Damping factor/level shift   : 0.000/0.000
 DIIS [start/end/frequency]   :   2 / 50 /  1

 Gradient norm:      4.9840E-05
 DIIS is running in this iteration step.
 RMS of [F,P]:                                         0.00000096296953
 RMS of difference density:                            0.00000513142765
 Gap [au]:  0.17638901
 ALPHA OCC:  38
 BETA  OCC:  38
 
 ***HARTREE-FOCK ENERGY IN STEP  11 IS       -579.5866188739109930 [AU]
 
 Step comparison  Energy Drift [au]  DIIS error drift  Gradient drift
       10            6.0995E-08         3.2301E-06       1.3264E-04
 ======================================================================
 ITERATION STEP  12
 CPU time [min]:     0.814                   Wall time [min]:     0.026
 

 SCF control                  : diis
 Damping factor/level shift   : 0.000/0.000
 DIIS [start/end/frequency]   :   2 / 50 /  1

 Gradient norm:      6.2721E-06
 DIIS is running in this iteration step.
 RMS of [F,P]:                                         0.00000020384079
 RMS of difference density:                            0.00000129335490
 Gap [au]:  0.17638992
 ALPHA OCC:  38
 BETA  OCC:  38
 
 ***HARTREE-FOCK ENERGY IN STEP  12 IS       -579.5866188806826358 [AU]
 
 Step comparison  Energy Drift [au]  DIIS error drift  Gradient drift
       11            6.7716E-09         7.5913E-07       4.3568E-05
 ======================================================================
 ITERATION STEP  13
 CPU time [min]:     0.884                   Wall time [min]:     0.028
 

 SCF control                  : diis
 Damping factor/level shift   : 0.000/0.000
 DIIS [start/end/frequency]   :   2 / 50 /  1

 Gradient norm:      1.7026E-06
 DIIS is running in this iteration step.
 RMS of [F,P]:                                         0.00000004941805
 RMS of difference density:                            0.00000033361920
 Gap [au]:  0.17638919
 ALPHA OCC:  38
 BETA  OCC:  38
 
 ***HARTREE-FOCK ENERGY IN STEP  13 IS       -579.5866188809359301 [AU]
 
 Step comparison  Energy Drift [au]  DIIS error drift  Gradient drift
       12            2.5329E-10         1.5442E-07       4.5695E-06
 ======================================================================
 ITERATION STEP  14
 CPU time [min]:     0.953                   Wall time [min]:     0.030
 

 SCF control                  : diis
 Damping factor/level shift   : 0.000/0.000
 DIIS [start/end/frequency]   :   2 / 50 /  1

 Gradient norm:      5.0669E-07
 DIIS is running in this iteration step.
 RMS of [F,P]:                                         0.00000001198002
 RMS of difference density:                            0.00000005114346
 Gap [au]:  0.17638907
 ALPHA OCC:  38
 BETA  OCC:  38
 
 ***HARTREE-FOCK ENERGY IN STEP  14 IS       -579.5866188809534378 [AU]
 
 Step comparison  Energy Drift [au]  DIIS error drift  Gradient drift
       13            1.7508E-11         3.7438E-08       1.1959E-06
 ======================================================================
 
 SUCCESS...
 THE SCF ITERATION HAS CONVERGED!
 
                   A   
 FINAL ALPHA OCC:  38
 FINAL BETA  OCC:  38
 
 ***FINAL HARTREE-FOCK ENERGY:       -579.5866188809534378 [AU]
 
 Orbital energies [au]:
      Irrep         Alpha          Beta
    1   A         -4.217517      -4.217517
    2   A         -4.216763      -4.216763
    3   A         -4.183042      -4.183042
    4   A         -4.151894      -4.151894
    5   A         -2.723004      -2.723004
    6   A         -2.717064      -2.717064
    7   A         -2.716706      -2.716706
    8   A         -2.715366      -2.715366
    9   A         -2.714630      -2.714630
   10   A         -2.714019      -2.714019
   11   A         -2.684192      -2.684192
   12   A         -2.681478      -2.681478
   13   A         -2.679804      -2.679804
   14   A         -2.652611      -2.652611
   15   A         -2.649388      -2.649388
   16   A         -2.649355      -2.649355
   17   A         -0.572356      -0.572356
   18   A         -0.563887      -0.563887
   19   A         -0.553310      -0.553310
   20   A         -0.542768      -0.542768
   21   A         -0.536771      -0.536771
   22   A         -0.536448      -0.536448
   23   A         -0.527735      -0.527735
   24   A         -0.514007      -0.514007
   25   A         -0.509631      -0.509631
   26   A         -0.508127      -0.508127
   27   A         -0.504428      -0.504428
   28   A         -0.497821      -0.497821
   29   A         -0.490267      -0.490267
   30   A         -0.490116      -0.490116
   31   A         -0.484003      -0.484003
   32   A         -0.461084      -0.461084
   33   A         -0.461080      -0.461080
   34   A         -0.453119      -0.453119
   35   A         -0.450109      -0.450109
   36   A         -0.442876      -0.442876
   37   A         -0.286517      -0.286517
   38   A         -0.187755      -0.187755
 
   39   A         -0.011366      -0.011366
   40   A          0.014908       0.014908
   41   A          0.024845       0.024845
   42   A          0.043061       0.043061
   43   A          0.051468       0.051468
   44   A          0.058327       0.058327
   45   A          0.064256       0.064256
   46   A          0.066565       0.066565
   47   A          0.076236       0.076236
   48   A          0.089245       0.089245
   49   A          0.099822       0.099822
   50   A          0.106706       0.106706
   51   A          0.118723       0.118723
   52   A          0.120313       0.120313
   53   A          0.156916       0.156916
   54   A          0.166950       0.166950
   55   A          0.189040       0.189040
   56   A          0.199411       0.199411
   57   A          0.211061       0.211061
   58   A          0.230412       0.230412
   59   A          0.238470       0.238470
   60   A          0.283989       0.283989
   61   A          0.308624       0.308624
   62   A          0.318061       0.318061
   63   A          0.337854       0.337854
   64   A          0.381365       0.381365
   65   A          0.578830       0.578830
   66   A          0.696622       0.696622
   67   A          0.704767       0.704767
   68   A          0.716446       0.716446
   69   A          0.721655       0.721655
   70   A          0.722539       0.722539
   71   A          0.765409       0.765409
   72   A          0.801713       0.801713
   73   A          0.809574       0.809574
   74   A          0.826475       0.826475
   75   A          0.868008       0.868008
   76   A          0.871735       0.871735
   77   A          0.915884       0.915884
   78   A          0.919587       0.919587
   79   A          0.921575       0.921575
   80   A          0.973345       0.973345
   81   A          0.998175       0.998175
   82   A          1.009103       1.009103
   83   A          1.085587       1.085587
   84   A          1.110808       1.110808
   85   A          1.250562       1.250562
   86   A          1.979331       1.979331
   87   A          2.077596       2.077596
   88   A          2.663807       2.663807
 
 RETURNING FROM SCF ALGORITHM
 ======================================================================

 ************************ 2023-08-12 02:03:08 *************************
 Executing ovirt...

 ovirt, the routine of orbital optimization and integral transformation 
Sat Aug 12 02:03:08 BST 2023
 memory =                1536000  Mb          201326592000  8 byte word
 mrccboot = T
 scftype  = rhf  
 localcc  = off 
 core     = 16    
 ovirt    = off  
 ccprog   = mrcc
 dfnbasis =                      0
 dfbasis_cor =none                
 lmp2dens = on 
 dens =                      0
 verblev =                      3
 task     =                      4
 epsilon =   0.000000000000000E+000
 lmp2= on 
 localNO  =  F
 localMP2 =  F
 localMP2_TEST =  F
 LMP2_shortcut =  F
 FOCKTR   =  T
 Allocated memory:                 1536000  Mb
 onbasis=                    88
 RHF calculation! 
 integral transforamtion: AOs ------ MOs
 # of basis functions, # of int. blocks    88     1
100 % 
 second part
100 %
 integral transformation is completed! 
CPU and WC time          68.70           4.44     AOs -> MOs 
 occupied and 
     1 -0.5723563709
     2 -0.5638870213
     3 -0.5533104471
     4 -0.5427681999
     5 -0.5367706324
     6 -0.5364481665
     7 -0.5277346327
     8 -0.5140067803
     9 -0.5096310702
    10 -0.5081267447
    11 -0.5044278377
    12 -0.4978209239
    13 -0.4902666888
    14 -0.4901161445
    15 -0.4840025207
    16 -0.4610835216
    17 -0.4610798307
    18 -0.4531186080
    19 -0.4501088439
    20 -0.4428763895
    21 -0.2865165429
    22 -0.1877554709
               virtual energies 
    23 -0.0113663981
    24  0.0149078136
    25  0.0248454378
    26  0.0430614202
    27  0.0514679420
    28  0.0583265189
    29  0.0642563944
    30  0.0665650274
    31  0.0762358913
    32  0.0892448485
    33  0.0998217752
    34  0.1067056592
    35  0.1187233390
    36  0.1203126740
    37  0.1569161905
    38  0.1669499695
    39  0.1890396697
    40  0.1994105390
    41  0.2110612607
    42  0.2304124231
    43  0.2384704851
    44  0.2839885950
    45  0.3086236745
    46  0.3180608438
    47  0.3378543354
    48  0.3813645044
    49  0.5788303893
    50  0.6966220560
    51  0.7047671624
    52  0.7164456768
    53  0.7216547995
    54  0.7225392960
    55  0.7654093830
    56  0.8017133612
    57  0.8095742920
    58  0.8264747396
    59  0.8680084091
    60  0.8717346421
    61  0.9158835878
    62  0.9195865746
    63  0.9215749950
    64  0.9733450260
    65  0.9981748087
    66  1.0091030565
    67  1.0855868997
    68  1.1108077358
    69  1.2505623878
    70  1.9793307393
    71  2.0775961478
    72  2.6638065656
 inttol =   1.000000000000000E-010   10.0000000000000     
Integrals are written to fort.55
Sat Aug 12 02:03:19 BST 2023
  ovirt terminated normally 

 ************************ 2023-08-12 02:03:19 *************************
 Executing goldstone...

 Generation of CC equations in terms of H and T...
 Generation of antisymmetrized Goldstone diagrams...
 Number of diagrams in T^1 equations:    15
 Number of diagrams in T^2 equations:    33
 Number of diagrams in T^3 equations:     2
 Translation of diagrams to factorized equations...
 Optimizing intermediate calculation...
 Number of floating-point operations per iteration step:   2.9963E+12
 Probable CPU time per iteration step (hours):     29.96
 Required memory (Mbytes):   16338.8
 Number of intermediates:                                  48
 Number of intermediates to be stored:                     20
 Length of intermediate file (Mbytes):     483.2

 ************************ 2023-08-12 02:03:19 *************************
 Executing xmrcc...

 **********************************************************************
 CC(2)(3) calculation 
 
 
 Allocation of****** Mbytes of memory...
 Number of spinorbitals:                   144
 Number of alpha electrons:                       22
 Number of beta electrons:                        22
 Spin multiplicity:                     1
 z-component of spin:  0.0
 Spatial symmetry:                      1
 Convergence criterion:  1.0E-06
 Construction of occupation graphs...
 Number of                     0 -fold excitations:                      1
 Number of                     1 -fold excitations:                   2200
 Number of                     2 -fold excitations:                1775950
 Total number of configurations:                1778151
 Calculation of coupling coefficients...
 Length of intermediate file (Mbytes):     364.0
 
 ======================================================================
 
 Spin case  1   Alpha:  0   Beta:  3
 Number of excitations:               30184000
 Spin case  2   Alpha:  1   Beta:  2
 Number of excitations:              311272500
 Number of                     3 -fold excitations:              682913000
 
 Memory requirements /Mbyte/: 
               Minimal        Optimal
 Real*8:        803.0159       916.1870
 Integer:         0.5524
 Total:         803.5683       916.7394
 

 ************************ 2023-08-12 02:03:20 *************************
 Executing mrcc...

 **********************************************************************
 CCSD(T) calculation                                                    
 
 
 OpenMP parallel version is running.
 Number of CPU cores:  36
 Allocation of  916.2 Mbytes of memory...
 Number of spinorbitals: 144
 Number of alpha electrons: 22
 Number of beta  electrons: 22
 Spin multiplicity: 1
 z-component of spin:  0.0
 Spatial symmetry: 1
 Convergence criterion:  1.0E-06
 Construction of occupation graphs...
 Number of 0-fold excitations: 1
 Number of 1-fold excitations: 2200
 Number of 2-fold excitations: 1775950
 Total number of determinants: 1778151
 Calculation of coupling coefficients...
 Initial cluster amplitudes are generated.
 Length of intermediate file (Mbytes):     364.0
 Reading integral list from unit 55...
 Sorting integrals...
 Calculation of MP denominators...
 
 Starting CC iteration...
 ======================================================================
 Norm of residual vector:     0.84158835
 CPU time [min]:     9.119                   Wall time [min]:     0.411
 
 Iteration  1  CC energy:  -579.89553480  Energy decrease:   0.30891592
 ======================================================================
 Norm of residual vector:     0.16669097
 CPU time [min]:    18.370                   Wall time [min]:     0.731
 
 Iteration  2  CC energy:  -579.88391593  Energy decrease:   0.01161888
 ======================================================================
 Norm of residual vector:     0.04947399
 CPU time [min]:    27.801                   Wall time [min]:     1.058
 
 Iteration  3  CC energy:  -579.89926183  Energy decrease:   0.01534590
 ======================================================================
 Norm of residual vector:     0.01298247
 CPU time [min]:    37.205                   Wall time [min]:     1.382
 
 Iteration  4  CC energy:  -579.90123142  Energy decrease:   0.00196959
 ======================================================================
 Norm of residual vector:     0.00590993
 CPU time [min]:    46.797                   Wall time [min]:     1.713
 
 Iteration  5  CC energy:  -579.90131311  Energy decrease:   0.00008170
 ======================================================================
 Norm of residual vector:     0.00207946
 CPU time [min]:    56.359                   Wall time [min]:     2.043
 
 Iteration  6  CC energy:  -579.90128844  Energy decrease:   0.00002467
 ======================================================================
 Norm of residual vector:     0.00099841
 CPU time [min]:    66.107                   Wall time [min]:     2.378
 
 Iteration  7  CC energy:  -579.90128543  Energy decrease:   0.00000302
 ======================================================================
 Norm of residual vector:     0.00047368
 CPU time [min]:    75.840                   Wall time [min]:     2.713
 
 Iteration  8  CC energy:  -579.90128239  Energy decrease:   0.00000303
 ======================================================================
 Norm of residual vector:     0.00021468
 CPU time [min]:    85.749                   Wall time [min]:     3.053
 
 Iteration  9  CC energy:  -579.90128372  Energy decrease:   0.00000133
 ======================================================================
 Norm of residual vector:     0.00008605
 CPU time [min]:    95.632                   Wall time [min]:     3.391
 
 Iteration 10  CC energy:  -579.90128579  Energy decrease:   0.00000207
 ======================================================================
 Norm of residual vector:     0.00003302
 CPU time [min]:   105.751                   Wall time [min]:     3.737
 
 Iteration 11  CC energy:  -579.90128596  Energy decrease:   0.00000017
 ======================================================================
 Norm of residual vector:     0.00001532
 CPU time [min]:   115.789                   Wall time [min]:     4.080
 
 Iteration 12  CC energy:  -579.90128567  Energy decrease:   0.00000030
 ======================================================================
 Norm of residual vector:     0.00000644
 CPU time [min]:   126.014                   Wall time [min]:     4.427
 
 Iteration 13  CC energy:  -579.90128566  Energy decrease:   3.2447E-09
 ======================================================================
 Norm of residual vector:     0.00000303
 CPU time [min]:   136.219                   Wall time [min]:     4.774
 
 Iteration 14  CC energy:  -579.90128575  Energy decrease:   0.00000008
 ======================================================================
 Norm of residual vector:     0.00000123
 CPU time [min]:   146.624                   Wall time [min]:     5.127
 
 Iteration 15  CC energy:  -579.90128576  Energy decrease:   0.00000002
 ======================================================================
 Norm of residual vector:     0.00000053
 CPU time [min]:   156.986                   Wall time [min]:     5.478
 
 Iteration 16  CC energy:  -579.90128576  Energy decrease:   0.00000001
 ======================================================================
 
 Iteration has converged in 16 steps.
 
 Final results:
 Total CCSD energy [au]:            -579.901285759294
 Total MP2 energy [au]:             -579.895534804976
 
 Perturbative corrections are calculated...
 ======================================================================
 Spin case  1   Alpha:  0   Beta:  3
 Number of excitations:        30184000
 CPU time [min]:   157.493                   Wall time [min]:     5.500
 ======================================================================
 Spin case  2   Alpha:  1   Beta:  2
 Number of excitations:        311272500
 CPU time [min]:   160.164                   Wall time [min]:     5.575
 ======================================================================
 Number of 3-fold excitations: 682913000
 CPU time [min]:   160.165                   Wall time [min]:     5.575
 
 Total CCSD[T] energy [au]:         -579.926287293405
 Total CCSD(T) energy [au]:         -579.921616247270
 
 ************************ 2023-08-12 02:08:54 *************************
                      Normal termination of mrcc.
 **********************************************************************
