 **********************************************************************
                          MRCC program system
 **********************************************************************
 
                              Written by
     Mihaly Kallay, Peter R. Nagy, David Mester, Laszlo Gyevi-Nagy,
        Jozsef Csoka, P. Bernat Szabo, Zoltan Rolik, Gyula Samu,
     Jozsef Csontos, Bence Hegely, Adam Ganyecz, Istvan Ladjanszki,
       Lorant Szegedy, Bence Ladoczki, Klara Petrov, Mate Farkas,
                    Pal D. Mezei, and Reka A. Horvath
 
        Department of Physical Chemistry and Materials Science
            Budapest University of Technology and Economics
                  Budapest P.O.Box 91, H-1521 Hungary
 
                              www.mrcc.hu
 
                      Release date: March 18, 2022

 ************************ 2023-08-12 01:24:48 *************************
 Executing minp...

 Reading input from MINP...
 
 Input file:
 
calc=CCSD(T)
verbosity=3
mem=1500GB
unit=angs
scfiguess=sad
ccprog=mrcc
ECP=LANL2DZ-ECP-60
basis=LANL2DZ
core=16
unit=angs
geom=xyz
    4
Au4_2
Au    -0.92626948     2.45836587    -0.11211682
Au    -1.16527394    -2.45836587    -1.02476499
Au    -0.49986185    -0.16792159    -0.25822955
Au     1.16527394     1.46901486     1.02476499
 
 
 Checking keyword combinations...
 
 Keywords:
 
 active=none
 agrid=ld0006-ld0590
 agrid_pssp=ld0006-ld0194
 agrid_pssp_sm=ld0006-ld0074
 basis=lanl2dz
 basis_sm=none
 basopt=off
 bfbasis=none
 bfgsmem=10
 bfgstol=1.0d-3
 bpcompo=0.985
 bpcompv=0.98
 bpdfo=0.985
 bpocc=0.985
 bppdo=0.985
 bppdv=0.98
 bpedo=0.985
 bpedv=0.98
 calc=ccsd(t)
 ccmaxit=50
 ccprog=mrcc
 ccsdalg=disk
 ccsdmkl=seq
 ccsdrest=off
 ccsdthreads=2
 cctol=6
 charge=0
 cialg=disk
 ciguess=off
 cmpgrp=auto
 comprest=off
 core=16
 corembed=off
 csapprox=off
 cvs=off
 dboc=off
 delocsomofact=
 dendec=cholesky
 dens=0
 dfalg=lineq
 dfbasis_cab=none
 dfbasis_cor=none
 dfbasis_scf=none
 dfbasis_scf_sm=none
 dfintran=ovirt
 dft=off
 dhexc=adc(2)
 diag=david
 docc=
 domrad=10.d0
 drpaalg=fit
 dual=off
 dual_df=off
 ecp=lanl2dz-ecp-60
 edisp=off
 edisp_embed=off
 embed=off
 etemp=300
 epert=none
 eps=
 espcharge=off
 excrad=0.d0
 excrad_fin=0.000000000D+00
 fitting=coulomb
 fmm=off
 fmmord=8
 freq=off
 gamma=1.d0
 gauss=spher
 geom=xyz
 gopt=off
 ghost=none
 gtol=7
 grdens=off
 gridbatch_cos=2000
 grtol=10
 guido_ct=off
 hamilton=dc
 iface=none
 intalg=auto
 itol=10
 laptol=1.d-2
 lccoporder=trffirst
 lcorthr=normal
 lccrest=off
 lmp2dens=on
 lnoepso=0.d0
 lnoepsv=1e-6
 boysalg=jacobi
 localcc=off
 localcorrsymm=off
 locintrf=disk
 mact=
 maxact=off
 maxdim=100
 maxex=0
 maxmicroit=100
 mcscfiguess=hf
 mem=1500gb
 mmprog=
 molden=on
 mpitasks=1
 mulmet=0
 mult=
 nacto=0
 nactv=0
 naf_amp=1.d-2
 naf_cor=off
 naf_scf=off
 nafalg=albe
 naftyp=
 nchol=auto
 ndeps=1e-3
 nstate=1
 nsing=0
 nto=off
 ntrip=0
 occ=
 occri=off
 oniom=off
 oniom_eechg=off
 oniom_pcm=off
 oniom_qcorr=off
 optalg=
 optmaxit=50
 optetol=1e-6
 optex=0
 optgtol=1e-4
 optstol=1e-3
 orblocc=off
 orbloce=off
 orbloco=off
 orblocv=off
 orblocguess=cholesky
 osveps=1e-3
 ovirt=off
 ovltol=1e-7
 ovosnorb=80.0
 pcm=off
 popul=off
 pressure=100000
 pssp=off
 ptfreq=0.0
 ptthreads=2
 qro=off
 qscf=off
 qmmm=off
 redcost_exc=off
 redcost_tddft=off
 refdet=none
 rest=0
 rgrid=log3
 rism=off
 rohfcore=semicanonical
 rohftype=semicanonical
 scfalg=auto
 scf_conv=difficult
 scfdamp=0.0d0
 scfdamp_mode=off
 scfdamp_end=50
 scfdamp_dampstep=0.d0
 scfdamp_dtol=0.0d0
 scfdamp_maxfact=0.0d0
 scfdamp_minfact=0.0d0
 scfdiis=on
 scfdiis_dtol=0.0d0
 scfdiis_end=50
 scfdiis_start=2
 scfdiis_step=1
 scfdiis_watch=off
 scfdiis_wrange=10
 scfdiis_wlimit=5
 scfdiis_delmax=2
 scfdtol=7
 scfext=10
 scfguessdens=
 scfiguess=sad
 scfloc=off
 scflshift=0.20
 scflshift_end=8
 scflshift_dtol=0.0
 scflshift_gaptol=0.20
 scfmaxit=50
 scftype=
 scftol=6
 scspe=1.d0
 scsph=1.d0
 scsps=1.2d0
 scsps_t=1.2d0
 scspt=0.33333333333333
 scspt_t=0.33333333333333
 scspv=1.d0
 spairtol=1e-4
 sqmprog=
 subminp=top
 symm=
 talg=occ
 temp=298.15
 test=off
 theodore=off
 tlmo=0.999
 tpao=0.94
 tprint=off
 uncontract=off
 unit=angs
 usedisk=2
 verbosity=3
 wpairtol=0.100000000E-05

 ************************ 2023-08-12 01:24:48 *************************
 Executing integ...

 Allocation of 1500.0 Gbytes of memory...
 
 
 Number of atoms:                  4
 Charge:                           0
 Number of electrons:             76
 Number of core electrons:        32
 Spin multiplicity:                1
 
                 Cartesian coordinates [bohr]      Atomic mass [AMU]  Z
   1  Au   -1.75039564    4.64563821   -0.21187008   196.966543      79
   2  Au   -2.20204861   -4.64563821   -1.93652517   196.966543      79
   3  Au   -0.94460200   -0.31732582   -0.48798313   196.966543      79
   4  Au    2.20204861    2.77603576    1.93652517   196.966543      79
 
 This molecule is an asymmetric top.
 This molecule is planar.
 
 Rotational constants [cm-1]: 
      0.025756226678      0.005353312085      0.004432117206
 
 Point group: C1  
 Computational point group: C1  
 
 Cartesian coordinates in standard orientation [bohr]
   1  Au    3.38789614   -2.43543288    0.00017458
   2  Au   -5.75410460   -0.00026027    0.00032486
   3  Au   -1.01979016   -0.00050896   -0.00067386
   4  Au    3.38599862    2.43620211    0.00017442
 
 Nuclear repulsion energy [au]:        370.067886072357
 
 
 Basis set information:
 
 Maximum angular momentum: g
 Maximum number of contracted Gaussians:    3
 Maximum number of primitive Gaussians:     6
 Spherical harmonic GTOs are used.
 
   1  Au lanl2dz [ 5s 6p 3d | 3s 3p 2d ]
   2  Au lanl2dz [ 5s 6p 3d | 3s 3p 2d ]
   3  Au lanl2dz [ 5s 6p 3d | 3s 3p 2d ]
   4  Au lanl2dz [ 5s 6p 3d | 3s 3p 2d ]
 
 Basis functions:
            1             2             3             4             5             6             7             8             9            10
    0    1Au1s         1Au2s         1Au3s         1Au1pz        1Au1py        1Au1px        1Au2pz        1Au2py        1Au2px        1Au3pz    
    1    1Au3py        1Au3px        1Au1d-2       1Au1d-1       1Au1d0        1Au1d+1       1Au1d+2       1Au2d-2       1Au2d-1       1Au2d0    
    2    1Au2d+1       1Au2d+2       2Au1s         2Au2s         2Au3s         2Au1pz        2Au1py        2Au1px        2Au2pz        2Au2py    
    3    2Au2px        2Au3pz        2Au3py        2Au3px        2Au1d-2       2Au1d-1       2Au1d0        2Au1d+1       2Au1d+2       2Au2d-2   
    4    2Au2d-1       2Au2d0        2Au2d+1       2Au2d+2       3Au1s         3Au2s         3Au3s         3Au1pz        3Au1py        3Au1px    
    5    3Au2pz        3Au2py        3Au2px        3Au3pz        3Au3py        3Au3px        3Au1d-2       3Au1d-1       3Au1d0        3Au1d+1   
    6    3Au1d+2       3Au2d-2       3Au2d-1       3Au2d0        3Au2d+1       3Au2d+2       4Au1s         4Au2s         4Au3s         4Au1pz    
    7    4Au1py        4Au1px        4Au2pz        4Au2py        4Au2px        4Au3pz        4Au3py        4Au3px        4Au1d-2       4Au1d-1   
    8    4Au1d0        4Au1d+1       4Au1d+2       4Au2d-2       4Au2d-1       4Au2d0        4Au2d+1       4Au2d+2   
 
 Maximum number of basis functions per shell:   10
 Total number of basis functions:     88
 
 
 Effective core potentials:
 
   1  Au lanl2dz-ecp-60      
   2  Au lanl2dz-ecp-60      
   3  Au lanl2dz-ecp-60      
   4  Au lanl2dz-ecp-60      
 
 Initializing the SAD routines for the initial guess...
 Checking the files required for the initial guess...
 Density files have not been found for the initial guess.
 Generating SCFDENSITIES.Au.lanl2dz.0
 CPU time [min]:     0.117                   Wall time [min]:     0.195
 
 Character table for point group C1:
 
          E  
    A     1
 
 Number of basis functions per irrep:
    A      88
 
 
 Calculation of overlap integrals...
 CPU time [min]:     0.118                   Wall time [min]:     0.195
 
 Calculation of the square root of the overlap matrix...
 Minimum eigenvalue of the overlap matrix: 0.292039E-02
 CPU time [min]:     0.131                   Wall time [min]:     0.196
 
 Calculation of kinetic energy integrals...
 CPU time [min]:     0.132                   Wall time [min]:     0.196
 Calculation of nuclear attraction integrals...
 CPU time [min]:     0.132                   Wall time [min]:     0.196
 Calculation of core potential integrals...
 CPU time [min]:     0.259                   Wall time [min]:     0.221
 
 Calculation of prescreening integrals...
 CPU time [min]:     0.300                   Wall time [min]:     0.222
 
 Calculation of two-electron integrals...
   1% done.
  17% done.
  32% done.
  62% done.
 100% done.
 CPU time [min]:     1.582                   Wall time [min]:     0.258

 ************************ 2023-08-12 01:25:04 *************************
 Executing scf...

 @scfsetup: integrals taken from disk
            mrcc/integ binary format
 @scfsetup: calculating on full matrices
            not using symmetry adapted basis
 @scfsetup: diis switched on
 @scfsetup: number of steps to extrapolate from  10
 @scfsetup: tolerance in energy deviation    0.100000E-05
            tolerance in density deviation    0.100000E-06
 @scfsetup: maximum number of iterations:  50
 @scfsetup: restricted closed shell hf calc
 @scfsetup: starting scf from superposition of atomic densities
 @scfsetup: occupation set:
            from initial orbitals
 @scfsetup: Parameter-set for SCF acceleration: difficult
 @scfsetup: diis runs from iteration:   2
 @scfsetup: diis runs to iteration:  50
 @scfsetup: diis runs in every iteration
 @scfsetup: diiswatch is disabled                   
 @scfsetup: diis dtol criteria to switch on:      0.0000E+00
           (or the iteration number below is reached)
 @scfsetup: damping is turned off.
 @scfsetup: dynamic level shifting
            tolarance in HOMO-LUMO gap:  0.200
            tolarance in density deviation:     0.0000E+00
            iteration step criteria to turn level shifting off: 8
 Allocation of 1500.0 Gbytes of memory...
 ======================================================================
 ITERATION STEP   1
 CPU time [min]:     0.030                   Wall time [min]:     0.004
 

 SCF control                  : initial
 Damping factor/level shift   : 0.000/0.200
 DIIS [start/end/frequency]   :   2 / 50 /  1

 Gradient norm:      6.4658E-01
 RMS of [F,P]:                                         0.02317688046926
 RMS of difference density:                            0.04130907259140
 Gap [au]:  0.12963248
 ALPHA OCC:  38
 BETA  OCC:  38
 
 ***HARTREE-FOCK ENERGY IN STEP   1 IS       -537.2330558110290895 [AU]
 ======================================================================
 ITERATION STEP   2
 CPU time [min]:     0.107                   Wall time [min]:     0.006
 

 SCF control                  : diis
 Damping factor/level shift   : 0.000/0.200
 DIIS [start/end/frequency]   :   2 / 50 /  1

 Gradient norm:      2.4388E-01
 DIIS is running in this iteration step.
 RMS of [F,P]:                                         0.01095191059249
 RMS of difference density:                            0.01795238725469
 Gap [au]:  0.23553965
 ALPHA OCC:  38
 BETA  OCC:  38
 
 ***HARTREE-FOCK ENERGY IN STEP   2 IS       -538.0582550428198374 [AU]
 
 Step comparison  Energy Drift [au]  DIIS error drift  Gradient drift
        1            8.2520E-01         1.2225E-02       4.0270E-01
        2            5.3806E+02         1.0000E-07       4.0270E-01
 ======================================================================
 ITERATION STEP   3
 CPU time [min]:     0.180                   Wall time [min]:     0.008
 

 SCF control                  : diis
 Damping factor/level shift   : 0.000/0.000
 DIIS [start/end/frequency]   :   2 / 50 /  1

 Gradient norm:      6.6180E-02
 DIIS is running in this iteration step.
 RMS of [F,P]:                                         0.00272869175399
 RMS of difference density:                            0.00361072514536
 Gap [au]:  0.21149015
 ALPHA OCC:  38
 BETA  OCC:  38
 
 ***HARTREE-FOCK ENERGY IN STEP   3 IS       -538.1673971191767123 [AU]
 
 Step comparison  Energy Drift [au]  DIIS error drift  Gradient drift
        2            1.0914E-01         8.2232E-03       1.7770E-01
 ======================================================================
 ITERATION STEP   4
 CPU time [min]:     0.253                   Wall time [min]:     0.010
 

 SCF control                  : diis
 Damping factor/level shift   : 0.000/0.000
 DIIS [start/end/frequency]   :   2 / 50 /  1

 Gradient norm:      1.4811E-02
 DIIS is running in this iteration step.
 RMS of [F,P]:                                         0.00051833090616
 RMS of difference density:                            0.00246881076804
 Gap [au]:  0.21621850
 ALPHA OCC:  38
 BETA  OCC:  38
 
 ***HARTREE-FOCK ENERGY IN STEP   4 IS       -538.1777511823781879 [AU]
 
 Step comparison  Energy Drift [au]  DIIS error drift  Gradient drift
        3            1.0354E-02         2.2104E-03       5.1369E-02
 ======================================================================
 ITERATION STEP   5
 CPU time [min]:     0.326                   Wall time [min]:     0.012
 

 SCF control                  : diis
 Damping factor/level shift   : 0.000/0.000
 DIIS [start/end/frequency]   :   2 / 50 /  1

 Gradient norm:      5.5656E-03
 DIIS is running in this iteration step.
 RMS of [F,P]:                                         0.00017985623888
 RMS of difference density:                            0.00072809225798
 Gap [au]:  0.21597506
 ALPHA OCC:  38
 BETA  OCC:  38
 
 ***HARTREE-FOCK ENERGY IN STEP   5 IS       -538.1790988853231283 [AU]
 
 Step comparison  Energy Drift [au]  DIIS error drift  Gradient drift
        4            1.3477E-03         3.3847E-04       9.2458E-03
 ======================================================================
 ITERATION STEP   6
 CPU time [min]:     0.399                   Wall time [min]:     0.015
 

 SCF control                  : diis
 Damping factor/level shift   : 0.000/0.000
 DIIS [start/end/frequency]   :   2 / 50 /  1

 Gradient norm:      2.3975E-03
 DIIS is running in this iteration step.
 RMS of [F,P]:                                         0.00007288429359
 RMS of difference density:                            0.00027026322484
 Gap [au]:  0.21701315
 ALPHA OCC:  38
 BETA  OCC:  38
 
 ***HARTREE-FOCK ENERGY IN STEP   6 IS       -538.1792361544687537 [AU]
 
 Step comparison  Energy Drift [au]  DIIS error drift  Gradient drift
        5            1.3727E-04         1.0697E-04       3.1681E-03
 ======================================================================
 ITERATION STEP   7
 CPU time [min]:     0.472                   Wall time [min]:     0.017
 

 SCF control                  : diis
 Damping factor/level shift   : 0.000/0.000
 DIIS [start/end/frequency]   :   2 / 50 /  1

 Gradient norm:      1.1522E-03
 DIIS is running in this iteration step.
 RMS of [F,P]:                                         0.00002315350809
 RMS of difference density:                            0.00009561329249
 Gap [au]:  0.21698034
 ALPHA OCC:  38
 BETA  OCC:  38
 
 ***HARTREE-FOCK ENERGY IN STEP   7 IS       -538.1792587715838181 [AU]
 
 Step comparison  Energy Drift [au]  DIIS error drift  Gradient drift
        6            2.2617E-05         4.9731E-05       1.2454E-03
 ======================================================================
 ITERATION STEP   8
 CPU time [min]:     0.544                   Wall time [min]:     0.019
 

 SCF control                  : diis
 Damping factor/level shift   : 0.000/0.000
 DIIS [start/end/frequency]   :   2 / 50 /  1

 Gradient norm:      3.1034E-04
 DIIS is running in this iteration step.
 RMS of [F,P]:                                         0.00000887054094
 RMS of difference density:                            0.00002871393608
 Gap [au]:  0.21698594
 ALPHA OCC:  38
 BETA  OCC:  38
 
 ***HARTREE-FOCK ENERGY IN STEP   8 IS       -538.1792623663302493 [AU]
 
 Step comparison  Energy Drift [au]  DIIS error drift  Gradient drift
        7            3.5947E-06         1.4283E-05       8.4181E-04
 ======================================================================
 ITERATION STEP   9
 CPU time [min]:     0.618                   Wall time [min]:     0.021
 

 SCF control                  : diis
 Damping factor/level shift   : 0.000/0.000
 DIIS [start/end/frequency]   :   2 / 50 /  1

 Gradient norm:      1.4537E-04
 DIIS is running in this iteration step.
 RMS of [F,P]:                                         0.00000425710316
 RMS of difference density:                            0.00001148382265
 Gap [au]:  0.21699571
 ALPHA OCC:  38
 BETA  OCC:  38
 
 ***HARTREE-FOCK ENERGY IN STEP   9 IS       -538.1792628008329302 [AU]
 
 Step comparison  Energy Drift [au]  DIIS error drift  Gradient drift
        8            4.3450E-07         4.6134E-06       1.6498E-04
 ======================================================================
 ITERATION STEP  10
 CPU time [min]:     0.690                   Wall time [min]:     0.023
 

 SCF control                  : diis
 Damping factor/level shift   : 0.000/0.000
 DIIS [start/end/frequency]   :   2 / 50 /  1

 Gradient norm:      5.1645E-05
 DIIS is running in this iteration step.
 RMS of [F,P]:                                         0.00000117550489
 RMS of difference density:                            0.00000580848391
 Gap [au]:  0.21698936
 ALPHA OCC:  38
 BETA  OCC:  38
 
 ***HARTREE-FOCK ENERGY IN STEP  10 IS       -538.1792628849673292 [AU]
 
 Step comparison  Energy Drift [au]  DIIS error drift  Gradient drift
        9            8.4134E-08         3.0816E-06       9.3722E-05
 ======================================================================
 ITERATION STEP  11
 CPU time [min]:     0.763                   Wall time [min]:     0.025
 

 SCF control                  : diis
 Damping factor/level shift   : 0.000/0.000
 DIIS [start/end/frequency]   :   2 / 50 /  1

 Gradient norm:      1.1290E-05
 DIIS is running in this iteration step.
 RMS of [F,P]:                                         0.00000028877230
 RMS of difference density:                            0.00000152011656
 Gap [au]:  0.21698920
 ALPHA OCC:  38
 BETA  OCC:  38
 
 ***HARTREE-FOCK ENERGY IN STEP  11 IS       -538.1792628953628537 [AU]
 
 Step comparison  Energy Drift [au]  DIIS error drift  Gradient drift
       10            1.0396E-08         8.8673E-07       4.0355E-05
 ======================================================================
 ITERATION STEP  12
 CPU time [min]:     0.835                   Wall time [min]:     0.027
 

 SCF control                  : diis
 Damping factor/level shift   : 0.000/0.000
 DIIS [start/end/frequency]   :   2 / 50 /  1

 Gradient norm:      2.8777E-06
 DIIS is running in this iteration step.
 RMS of [F,P]:                                         0.00000006477235
 RMS of difference density:                            0.00000030984343
 Gap [au]:  0.21698894
 ALPHA OCC:  38
 BETA  OCC:  38
 
 ***HARTREE-FOCK ENERGY IN STEP  12 IS       -538.1792628960279217 [AU]
 
 Step comparison  Energy Drift [au]  DIIS error drift  Gradient drift
       11            6.6507E-10         2.2400E-07       8.4123E-06
 ======================================================================
 ITERATION STEP  13
 CPU time [min]:     0.908                   Wall time [min]:     0.029
 

 SCF control                  : diis
 Damping factor/level shift   : 0.000/0.000
 DIIS [start/end/frequency]   :   2 / 50 /  1

 Gradient norm:      9.5120E-07
 DIIS is running in this iteration step.
 RMS of [F,P]:                                         0.00000002164707
 RMS of difference density:                            0.00000009320031
 Gap [au]:  0.21698885
 ALPHA OCC:  38
 BETA  OCC:  38
 
 ***HARTREE-FOCK ENERGY IN STEP  13 IS       -538.1792628960624825 [AU]
 
 Step comparison  Energy Drift [au]  DIIS error drift  Gradient drift
       12            3.4561E-11         4.3125E-08       1.9265E-06
 ======================================================================
 
 SUCCESS...
 THE SCF ITERATION HAS CONVERGED!
 
                   A   
 FINAL ALPHA OCC:  38
 FINAL BETA  OCC:  38
 
 ***FINAL HARTREE-FOCK ENERGY:       -538.1792628960624825 [AU]
 
 Orbital energies [au]:
      Irrep         Alpha          Beta
    1   A         -4.731263      -4.731263
    2   A         -4.730658      -4.730658
    3   A         -4.699846      -4.699846
    4   A         -4.658987      -4.658987
    5   A         -2.733415      -2.733415
    6   A         -2.723078      -2.723078
    7   A         -2.722565      -2.722565
    8   A         -2.718829      -2.718829
    9   A         -2.718469      -2.718469
   10   A         -2.717809      -2.717809
   11   A         -2.695719      -2.695719
   12   A         -2.686528      -2.686528
   13   A         -2.683497      -2.683497
   14   A         -2.652498      -2.652498
   15   A         -2.644811      -2.644811
   16   A         -2.644679      -2.644679
   17   A         -0.561784      -0.561784
   18   A         -0.536816      -0.536816
   19   A         -0.523817      -0.523817
   20   A         -0.517329      -0.517329
   21   A         -0.495462      -0.495462
   22   A         -0.494918      -0.494918
   23   A         -0.481622      -0.481622
   24   A         -0.468140      -0.468140
   25   A         -0.459308      -0.459308
   26   A         -0.453159      -0.453159
   27   A         -0.451600      -0.451600
   28   A         -0.449164      -0.449164
   29   A         -0.434613      -0.434613
   30   A         -0.432663      -0.432663
   31   A         -0.428755      -0.428755
   32   A         -0.400134      -0.400134
   33   A         -0.400072      -0.400072
   34   A         -0.385510      -0.385510
   35   A         -0.375079      -0.375079
   36   A         -0.374496      -0.374496
   37   A         -0.359874      -0.359874
   38   A         -0.251562      -0.251562
 
   39   A         -0.034573      -0.034573
   40   A          0.007906       0.007906
   41   A          0.026008       0.026008
   42   A          0.047707       0.047707
   43   A          0.056624       0.056624
   44   A          0.062915       0.062915
   45   A          0.073266       0.073266
   46   A          0.074422       0.074422
   47   A          0.084052       0.084052
   48   A          0.100772       0.100772
   49   A          0.113300       0.113300
   50   A          0.124676       0.124676
   51   A          0.135478       0.135478
   52   A          0.152159       0.152159
   53   A          0.179642       0.179642
   54   A          0.186404       0.186404
   55   A          0.202402       0.202402
   56   A          0.221422       0.221422
   57   A          0.240314       0.240314
   58   A          0.257007       0.257007
   59   A          0.270541       0.270541
   60   A          0.319069       0.319069
   61   A          0.379986       0.379986
   62   A          0.394253       0.394253
   63   A          0.436678       0.436678
   64   A          0.477660       0.477660
   65   A          0.511134       0.511134
   66   A          0.515012       0.515012
   67   A          0.536736       0.536736
   68   A          0.543885       0.543885
   69   A          0.551552       0.551552
   70   A          0.561549       0.561549
   71   A          0.593073       0.593073
   72   A          0.614385       0.614385
   73   A          0.654391       0.654391
   74   A          0.656824       0.656824
   75   A          0.664443       0.664443
   76   A          0.678024       0.678024
   77   A          0.710780       0.710780
   78   A          0.748857       0.748857
   79   A          0.754382       0.754382
   80   A          0.830864       0.830864
   81   A          0.853622       0.853622
   82   A          0.856893       0.856893
   83   A          0.942892       0.942892
   84   A          0.955776       0.955776
   85   A          4.506887       4.506887
   86   A          5.216255       5.216255
   87   A          5.682187       5.682187
   88   A          7.321133       7.321133
 
 RETURNING FROM SCF ALGORITHM
 ======================================================================

 ************************ 2023-08-12 01:25:06 *************************
 Executing ovirt...

 ovirt, the routine of orbital optimization and integral transformation 
Sat Aug 12 01:25:06 BST 2023
 memory =                1536000  Mb          201326592000  8 byte word
 mrccboot = T
 scftype  = rhf  
 localcc  = off 
 core     = 16    
 ovirt    = off  
 ccprog   = mrcc
 dfnbasis =                      0
 dfbasis_cor =none                
 lmp2dens = on 
 dens =                      0
 verblev =                      3
 task     =                      4
 epsilon =   0.000000000000000E+000
 lmp2= on 
 localNO  =  F
 localMP2 =  F
 localMP2_TEST =  F
 LMP2_shortcut =  F
 FOCKTR   =  T
 Allocated memory:                 1536000  Mb
 onbasis=                    88
 RHF calculation! 
 integral transforamtion: AOs ------ MOs
 # of basis functions, # of int. blocks    88     1
100 % 
 second part
100 %
 integral transformation is completed! 
CPU and WC time          62.25           4.27     AOs -> MOs 
 occupied and 
     1 -0.5617836080
     2 -0.5368164877
     3 -0.5238166723
     4 -0.5173290732
     5 -0.4954615402
     6 -0.4949177044
     7 -0.4816220768
     8 -0.4681401015
     9 -0.4593076535
    10 -0.4531587989
    11 -0.4515997158
    12 -0.4491639246
    13 -0.4346134014
    14 -0.4326628543
    15 -0.4287546491
    16 -0.4001343765
    17 -0.4000717826
    18 -0.3855096546
    19 -0.3750791521
    20 -0.3744955326
    21 -0.3598743849
    22 -0.2515621451
               virtual energies 
    23 -0.0345732915
    24  0.0079064579
    25  0.0260076307
    26  0.0477072465
    27  0.0566244300
    28  0.0629153411
    29  0.0732664102
    30  0.0744220984
    31  0.0840515768
    32  0.1007722281
    33  0.1133000853
    34  0.1246757247
    35  0.1354781089
    36  0.1521592372
    37  0.1796422415
    38  0.1864036245
    39  0.2024021687
    40  0.2214218798
    41  0.2403144415
    42  0.2570067803
    43  0.2705414838
    44  0.3190686479
    45  0.3799856278
    46  0.3942526366
    47  0.4366782660
    48  0.4776603969
    49  0.5111343332
    50  0.5150119805
    51  0.5367359899
    52  0.5438851576
    53  0.5515517197
    54  0.5615486288
    55  0.5930728020
    56  0.6143853564
    57  0.6543914586
    58  0.6568240405
    59  0.6644431172
    60  0.6780237904
    61  0.7107796911
    62  0.7488574854
    63  0.7543823751
    64  0.8308637286
    65  0.8536224486
    66  0.8568933508
    67  0.9428922538
    68  0.9557762618
    69  4.5068867588
    70  5.2162553738
    71  5.6821867811
    72  7.3211329493
 inttol =   1.000000000000000E-010   10.0000000000000     
Integrals are written to fort.55
Sat Aug 12 01:25:17 BST 2023
  ovirt terminated normally 

 ************************ 2023-08-12 01:25:17 *************************
 Executing goldstone...

 Generation of CC equations in terms of H and T...
 Generation of antisymmetrized Goldstone diagrams...
 Number of diagrams in T^1 equations:    15
 Number of diagrams in T^2 equations:    33
 Number of diagrams in T^3 equations:     2
 Translation of diagrams to factorized equations...
 Optimizing intermediate calculation...
 Number of floating-point operations per iteration step:   2.9963E+12
 Probable CPU time per iteration step (hours):     29.96
 Required memory (Mbytes):   16338.8
 Number of intermediates:                                  48
 Number of intermediates to be stored:                     20
 Length of intermediate file (Mbytes):     483.2

 ************************ 2023-08-12 01:25:17 *************************
 Executing xmrcc...

 **********************************************************************
 CC(2)(3) calculation 
 
 
 Allocation of****** Mbytes of memory...
 Number of spinorbitals:                   144
 Number of alpha electrons:                       22
 Number of beta electrons:                        22
 Spin multiplicity:                     1
 z-component of spin:  0.0
 Spatial symmetry:                      1
 Convergence criterion:  1.0E-06
 Construction of occupation graphs...
 Number of                     0 -fold excitations:                      1
 Number of                     1 -fold excitations:                   2200
 Number of                     2 -fold excitations:                1775950
 Total number of configurations:                1778151
 Calculation of coupling coefficients...
 Length of intermediate file (Mbytes):     364.0
 
 ======================================================================
 
 Spin case  1   Alpha:  0   Beta:  3
 Number of excitations:               30184000
 Spin case  2   Alpha:  1   Beta:  2
 Number of excitations:              311272500
 Number of                     3 -fold excitations:              682913000
 
 Memory requirements /Mbyte/: 
               Minimal        Optimal
 Real*8:        803.0159       916.1870
 Integer:         0.5524
 Total:         803.5683       916.7394
 

 ************************ 2023-08-12 01:25:18 *************************
 Executing mrcc...

 **********************************************************************
 CCSD(T) calculation                                                    
 
 
 OpenMP parallel version is running.
 Number of CPU cores:  36
 Allocation of  916.2 Mbytes of memory...
 Number of spinorbitals: 144
 Number of alpha electrons: 22
 Number of beta  electrons: 22
 Spin multiplicity: 1
 z-component of spin:  0.0
 Spatial symmetry: 1
 Convergence criterion:  1.0E-06
 Construction of occupation graphs...
 Number of 0-fold excitations: 1
 Number of 1-fold excitations: 2200
 Number of 2-fold excitations: 1775950
 Total number of determinants: 1778151
 Calculation of coupling coefficients...
 Initial cluster amplitudes are generated.
 Length of intermediate file (Mbytes):     364.0
 Reading integral list from unit 55...
 Sorting integrals...
 Calculation of MP denominators...
 
 Starting CC iteration...
 ======================================================================
 Norm of residual vector:     0.71122929
 CPU time [min]:     9.145                   Wall time [min]:     0.409
 
 Iteration  1  CC energy:  -538.45875582  Energy decrease:   0.27949292
 ======================================================================
 Norm of residual vector:     0.16077621
 CPU time [min]:    18.467                   Wall time [min]:     0.731
 
 Iteration  2  CC energy:  -538.45106114  Energy decrease:   0.00769468
 ======================================================================
 Norm of residual vector:     0.05582154
 CPU time [min]:    27.913                   Wall time [min]:     1.057
 
 Iteration  3  CC energy:  -538.46862516  Energy decrease:   0.01756403
 ======================================================================
 Norm of residual vector:     0.01781637
 CPU time [min]:    37.396                   Wall time [min]:     1.383
 
 Iteration  4  CC energy:  -538.47070901  Energy decrease:   0.00208384
 ======================================================================
 Norm of residual vector:     0.01069777
 CPU time [min]:    46.982                   Wall time [min]:     1.713
 
 Iteration  5  CC energy:  -538.47129247  Energy decrease:   0.00058346
 ======================================================================
 Norm of residual vector:     0.00486908
 CPU time [min]:    56.629                   Wall time [min]:     2.044
 
 Iteration  6  CC energy:  -538.47135564  Energy decrease:   0.00006317
 ======================================================================
 Norm of residual vector:     0.00290983
 CPU time [min]:    66.376                   Wall time [min]:     2.378
 
 Iteration  7  CC energy:  -538.47139605  Energy decrease:   0.00004042
 ======================================================================
 Norm of residual vector:     0.00156157
 CPU time [min]:    76.191                   Wall time [min]:     2.714
 
 Iteration  8  CC energy:  -538.47138787  Energy decrease:   0.00000818
 ======================================================================
 Norm of residual vector:     0.00079345
 CPU time [min]:    86.119                   Wall time [min]:     3.053
 
 Iteration  9  CC energy:  -538.47139053  Energy decrease:   0.00000265
 ======================================================================
 Norm of residual vector:     0.00042143
 CPU time [min]:    96.146                   Wall time [min]:     3.394
 
 Iteration 10  CC energy:  -538.47140448  Energy decrease:   0.00001396
 ======================================================================
 Norm of residual vector:     0.00023187
 CPU time [min]:   106.362                   Wall time [min]:     3.742
 
 Iteration 11  CC energy:  -538.47140814  Energy decrease:   0.00000366
 ======================================================================
 Norm of residual vector:     0.00012804
 CPU time [min]:   116.592                   Wall time [min]:     4.090
 
 Iteration 12  CC energy:  -538.47140508  Energy decrease:   0.00000306
 ======================================================================
 Norm of residual vector:     0.00006762
 CPU time [min]:   127.013                   Wall time [min]:     4.444
 
 Iteration 13  CC energy:  -538.47140436  Energy decrease:   0.00000072
 ======================================================================
 Norm of residual vector:     0.00003449
 CPU time [min]:   137.388                   Wall time [min]:     4.796
 
 Iteration 14  CC energy:  -538.47140547  Energy decrease:   0.00000111
 ======================================================================
 Norm of residual vector:     0.00001622
 CPU time [min]:   147.933                   Wall time [min]:     5.152
 
 Iteration 15  CC energy:  -538.47140586  Energy decrease:   0.00000038
 ======================================================================
 Norm of residual vector:     0.00000805
 CPU time [min]:   158.342                   Wall time [min]:     5.505
 
 Iteration 16  CC energy:  -538.47140566  Energy decrease:   0.00000019
 ======================================================================
 Norm of residual vector:     0.00000379
 CPU time [min]:   168.904                   Wall time [min]:     5.863
 
 Iteration 17  CC energy:  -538.47140563  Energy decrease:   0.00000004
 ======================================================================
 Norm of residual vector:     0.00000179
 CPU time [min]:   179.463                   Wall time [min]:     6.219
 
 Iteration 18  CC energy:  -538.47140567  Energy decrease:   0.00000004
 ======================================================================
 Norm of residual vector:     0.00000085
 CPU time [min]:   190.191                   Wall time [min]:     6.582
 
 Iteration 19  CC energy:  -538.47140568  Energy decrease:   0.00000001
 ======================================================================
 
 Iteration has converged in 19 steps.
 
 Final results:
 Total CCSD energy [au]:            -538.471405679094
 Total MP2 energy [au]:             -538.458755818520
 
 Perturbative corrections are calculated...
 ======================================================================
 Spin case  1   Alpha:  0   Beta:  3
 Number of excitations:        30184000
 CPU time [min]:   190.699                   Wall time [min]:     6.604
 ======================================================================
 Spin case  2   Alpha:  1   Beta:  2
 Number of excitations:        311272500
 CPU time [min]:   193.379                   Wall time [min]:     6.679
 ======================================================================
 Number of 3-fold excitations: 682913000
 CPU time [min]:   193.379                   Wall time [min]:     6.679
 
 Total CCSD[T] energy [au]:         -538.502766043501
 Total CCSD(T) energy [au]:         -538.495590429975
 
 ************************ 2023-08-12 01:31:59 *************************
                      Normal termination of mrcc.
 **********************************************************************
