 **********************************************************************
                          MRCC program system
 **********************************************************************
 
                              Written by
     Mihaly Kallay, Peter R. Nagy, David Mester, Laszlo Gyevi-Nagy,
        Jozsef Csoka, P. Bernat Szabo, Zoltan Rolik, Gyula Samu,
     Jozsef Csontos, Bence Hegely, Adam Ganyecz, Istvan Ladjanszki,
       Lorant Szegedy, Bence Ladoczki, Klara Petrov, Mate Farkas,
                    Pal D. Mezei, and Reka A. Horvath
 
        Department of Physical Chemistry and Materials Science
            Budapest University of Technology and Economics
                  Budapest P.O.Box 91, H-1521 Hungary
 
                              www.mrcc.hu
 
                      Release date: March 18, 2022

 ************************ 2023-09-08 12:51:44 *************************
 Executing minp...

 Reading input from MINP...
 
 Input file:
 
calc=CCSDT(Q)
verbosity=3
mem=1500GB
unit=angs
scfiguess=sad
ccprog=mrcc
ECP=MCDHF-ECP-60
basis=def2-SV(P)
core=16
unit=angs
geom=xyz
    4
Au4_4
Au     1.34227618     0.43836662     1.24985019
Au     0.01522087    -0.14250087    -1.36303947
Au    -0.48346539    -1.30769546     1.36303947
Au    -1.34227618     1.30769546     0.19991232
 
 
 Checking keyword combinations...
 
 Keywords:
 
 active=none
 agrid=ld0006-ld0590
 agrid_pssp=ld0006-ld0194
 agrid_pssp_sm=ld0006-ld0074
 basis=def2-sv(p)
 basis_sm=none
 basopt=off
 bfbasis=none
 bfgsmem=10
 bfgstol=1.0d-3
 bpcompo=0.985
 bpcompv=0.98
 bpdfo=0.985
 bpocc=0.985
 bppdo=0.985
 bppdv=0.98
 bpedo=0.985
 bpedv=0.98
 calc=ccsdt(q)
 ccmaxit=50
 ccprog=mrcc
 ccsdalg=disk
 ccsdmkl=seq
 ccsdrest=off
 ccsdthreads=2
 cctol=6
 charge=0
 cialg=disk
 ciguess=off
 cmpgrp=auto
 comprest=off
 core=16
 corembed=off
 csapprox=off
 cvs=off
 dboc=off
 delocsomofact=
 dendec=cholesky
 dens=0
 dfalg=lineq
 dfbasis_cab=none
 dfbasis_cor=none
 dfbasis_scf=none
 dfbasis_scf_sm=none
 dfintran=ovirt
 dft=off
 dhexc=adc(2)
 diag=david
 docc=
 domrad=10.d0
 drpaalg=fit
 dual=off
 dual_df=off
 ecp=mcdhf-ecp-60
 edisp=off
 edisp_embed=off
 embed=off
 etemp=300
 epert=none
 eps=
 espcharge=off
 excrad=0.d0
 excrad_fin=0.000000000D+00
 fitting=coulomb
 fmm=off
 fmmord=8
 freq=off
 gamma=1.d0
 gauss=spher
 geom=xyz
 gopt=off
 ghost=none
 gtol=7
 grdens=off
 gridbatch_cos=2000
 grtol=10
 guido_ct=off
 hamilton=dc
 iface=none
 intalg=auto
 itol=10
 laptol=1.d-2
 lccoporder=trffirst
 lcorthr=normal
 lccrest=off
 lmp2dens=on
 lnoepso=0.d0
 lnoepsv=1e-6
 boysalg=jacobi
 localcc=off
 localcorrsymm=off
 locintrf=disk
 mact=
 maxact=off
 maxdim=100
 maxex=0
 maxmicroit=100
 mcscfiguess=hf
 mem=1500gb
 mmprog=
 molden=on
 mpitasks=1
 mulmet=0
 mult=
 nacto=0
 nactv=0
 naf_amp=1.d-2
 naf_cor=off
 naf_scf=off
 nafalg=albe
 naftyp=
 nchol=auto
 ndeps=1e-3
 nstate=1
 nsing=0
 nto=off
 ntrip=0
 occ=
 occri=off
 oniom=off
 oniom_eechg=off
 oniom_pcm=off
 oniom_qcorr=off
 optalg=
 optmaxit=50
 optetol=1e-6
 optex=0
 optgtol=1e-4
 optstol=1e-3
 orblocc=off
 orbloce=off
 orbloco=off
 orblocv=off
 orblocguess=cholesky
 osveps=1e-3
 ovirt=off
 ovltol=1e-7
 ovosnorb=80.0
 pcm=off
 popul=off
 pressure=100000
 pssp=off
 ptfreq=0.0
 ptthreads=2
 qro=off
 qscf=off
 qmmm=off
 redcost_exc=off
 redcost_tddft=off
 refdet=none
 rest=0
 rgrid=log3
 rism=off
 rohfcore=semicanonical
 rohftype=semicanonical
 scfalg=auto
 scf_conv=difficult
 scfdamp=0.0d0
 scfdamp_mode=off
 scfdamp_end=50
 scfdamp_dampstep=0.d0
 scfdamp_dtol=0.0d0
 scfdamp_maxfact=0.0d0
 scfdamp_minfact=0.0d0
 scfdiis=on
 scfdiis_dtol=0.0d0
 scfdiis_end=50
 scfdiis_start=2
 scfdiis_step=1
 scfdiis_watch=off
 scfdiis_wrange=10
 scfdiis_wlimit=5
 scfdiis_delmax=2
 scfdtol=7
 scfext=10
 scfguessdens=
 scfiguess=sad
 scfloc=off
 scflshift=0.20
 scflshift_end=8
 scflshift_dtol=0.0
 scflshift_gaptol=0.20
 scfmaxit=50
 scftype=
 scftol=6
 scspe=1.d0
 scsph=1.d0
 scsps=1.2d0
 scsps_t=1.2d0
 scspt=0.33333333333333
 scspt_t=0.33333333333333
 scspv=1.d0
 spairtol=1e-4
 sqmprog=
 subminp=top
 symm=
 talg=occ
 temp=298.15
 test=off
 theodore=off
 tlmo=0.999
 tpao=0.94
 tprint=off
 uncontract=off
 unit=angs
 usedisk=2
 verbosity=3
 wpairtol=0.100000000E-05

 ************************ 2023-09-08 12:51:45 *************************
 Executing integ...

 Allocation of 1500.0 Gbytes of memory...
 
 
 Number of atoms:                  4
 Charge:                           0
 Number of electrons:             76
 Number of core electrons:        32
 Spin multiplicity:                1
 
                 Cartesian coordinates [bohr]      Atomic mass [AMU]  Z
   1  Au    2.53653436    0.82839285    2.36187456   196.966543      79
   2  Au    0.02876328   -0.26928762   -2.57577130   196.966543      79
   3  Au   -0.91361718   -2.47118627    2.57577130   196.966543      79
   4  Au   -2.53653436    2.47118627    0.37777953   196.966543      79
 
 This molecule is an asymmetric top.
 
 Rotational constants [cm-1]: 
      0.013390086598      0.009586079657      0.009455563160
 
 Point group: C1  
 Computational point group: C1  
 
 Cartesian coordinates in standard orientation [bohr]
   1  Au    2.27932454   -1.72212867   -1.65242752
   2  Au   -2.26719807   -1.68826983    1.69453388
   3  Au    2.26933533    1.73120043    1.65074343
   4  Au   -2.28146180    1.67919807   -1.69284979
 
 Nuclear repulsion energy [au]:        405.981725271968
 
 
 Basis set information:
 
 Maximum angular momentum: h
 Maximum number of contracted Gaussians:    6
 Maximum number of primitive Gaussians:     7
 Spherical harmonic GTOs are used.
 
   1  Au def2-sv(p) [ 7s 6p 5d | 6s 3p 2d ]
   2  Au def2-sv(p) [ 7s 6p 5d | 6s 3p 2d ]
   3  Au def2-sv(p) [ 7s 6p 5d | 6s 3p 2d ]
   4  Au def2-sv(p) [ 7s 6p 5d | 6s 3p 2d ]
 
 Basis functions:
            1             2             3             4             5             6             7             8             9            10
    0    1Au1s         1Au2s         1Au3s         1Au4s         1Au5s         1Au6s         1Au1pz        1Au1py        1Au1px        1Au2pz    
    1    1Au2py        1Au2px        1Au3pz        1Au3py        1Au3px        1Au1d-2       1Au1d-1       1Au1d0        1Au1d+1       1Au1d+2   
    2    1Au2d-2       1Au2d-1       1Au2d0        1Au2d+1       1Au2d+2       2Au1s         2Au2s         2Au3s         2Au4s         2Au5s     
    3    2Au6s         2Au1pz        2Au1py        2Au1px        2Au2pz        2Au2py        2Au2px        2Au3pz        2Au3py        2Au3px    
    4    2Au1d-2       2Au1d-1       2Au1d0        2Au1d+1       2Au1d+2       2Au2d-2       2Au2d-1       2Au2d0        2Au2d+1       2Au2d+2   
    5    3Au1s         3Au2s         3Au3s         3Au4s         3Au5s         3Au6s         3Au1pz        3Au1py        3Au1px        3Au2pz    
    6    3Au2py        3Au2px        3Au3pz        3Au3py        3Au3px        3Au1d-2       3Au1d-1       3Au1d0        3Au1d+1       3Au1d+2   
    7    3Au2d-2       3Au2d-1       3Au2d0        3Au2d+1       3Au2d+2       4Au1s         4Au2s         4Au3s         4Au4s         4Au5s     
    8    4Au6s         4Au1pz        4Au1py        4Au1px        4Au2pz        4Au2py        4Au2px        4Au3pz        4Au3py        4Au3px    
    9    4Au1d-2       4Au1d-1       4Au1d0        4Au1d+1       4Au1d+2       4Au2d-2       4Au2d-1       4Au2d0        4Au2d+1       4Au2d+2   
 
 Maximum number of basis functions per shell:   10
 Total number of basis functions:    100
 
 
 Effective core potentials:
 
   1  Au mcdhf-ecp-60        
   2  Au mcdhf-ecp-60        
   3  Au mcdhf-ecp-60        
   4  Au mcdhf-ecp-60        
 
 Initializing the SAD routines for the initial guess...
 Checking the files required for the initial guess...
 Density files have not been found for the initial guess.
 Generating SCFDENSITIES.Au.def2-sv-p-.0
 CPU time [min]:     0.053                   Wall time [min]:     0.158
 
 Character table for point group C1:
 
          E  
    A     1
 
 Number of basis functions per irrep:
    A     100
 
 
 Calculation of overlap integrals...
 CPU time [min]:     0.053                   Wall time [min]:     0.158
 
 Calculation of the square root of the overlap matrix...
 Minimum eigenvalue of the overlap matrix: 0.292476E-02
 CPU time [min]:     0.059                   Wall time [min]:     0.158
 
 Calculation of kinetic energy integrals...
 CPU time [min]:     0.059                   Wall time [min]:     0.158
 Calculation of nuclear attraction integrals...
 CPU time [min]:     0.059                   Wall time [min]:     0.158
 Calculation of core potential integrals...
 CPU time [min]:     0.160                   Wall time [min]:     0.213
 
 Calculation of prescreening integrals...
 CPU time [min]:     0.202                   Wall time [min]:     0.216
 
 Calculation of two-electron integrals...
   1% done.
  18% done.
  32% done.
  43% done.
  66% done.
 100% done.
 CPU time [min]:     1.288                   Wall time [min]:     0.284

 ************************ 2023-09-08 12:52:02 *************************
 Executing scf...

 @scfsetup: integrals taken from disk
            mrcc/integ binary format
 @scfsetup: calculating on full matrices
            not using symmetry adapted basis
 @scfsetup: diis switched on
 @scfsetup: number of steps to extrapolate from  10
 @scfsetup: tolerance in energy deviation    0.100000E-05
            tolerance in density deviation    0.100000E-06
 @scfsetup: maximum number of iterations:  50
 @scfsetup: restricted closed shell hf calc
 @scfsetup: starting scf from superposition of atomic densities
 @scfsetup: occupation set:
            from initial orbitals
 @scfsetup: Parameter-set for SCF acceleration: difficult
 @scfsetup: diis runs from iteration:   2
 @scfsetup: diis runs to iteration:  50
 @scfsetup: diis runs in every iteration
 @scfsetup: diiswatch is disabled                   
 @scfsetup: diis dtol criteria to switch on:      0.0000E+00
           (or the iteration number below is reached)
 @scfsetup: damping is turned off.
 @scfsetup: dynamic level shifting
            tolarance in HOMO-LUMO gap:  0.200
            tolarance in density deviation:     0.0000E+00
            iteration step criteria to turn level shifting off: 8
 Allocation of 1500.0 Gbytes of memory...
 ======================================================================
 ITERATION STEP   1
 CPU time [min]:     0.009                   Wall time [min]:     0.004
 

 SCF control                  : initial
 Damping factor/level shift   : 0.000/0.200
 DIIS [start/end/frequency]   :   2 / 50 /  1

 Gradient norm:      2.7271E+00
 RMS of [F,P]:                                         0.05423322900616
 RMS of difference density:                            0.03854136448040
 Gap [au]:  0.13802972
 ALPHA OCC:  38
 BETA  OCC:  38
 
 ***HARTREE-FOCK ENERGY IN STEP   1 IS       -537.7468185915226968 [AU]
 ======================================================================
 ITERATION STEP   2
 CPU time [min]:     0.064                   Wall time [min]:     0.008
 

 SCF control                  : diis
 Damping factor/level shift   : 0.000/0.200
 DIIS [start/end/frequency]   :   2 / 50 /  1

 Gradient norm:      4.0428E-01
 DIIS is running in this iteration step.
 RMS of [F,P]:                                         0.01833274813137
 RMS of difference density:                            0.02195850373223
 Gap [au]:  0.18565965
 ALPHA OCC:  38
 BETA  OCC:  38
 
 ***HARTREE-FOCK ENERGY IN STEP   2 IS       -538.7940362850940801 [AU]
 
 Step comparison  Energy Drift [au]  DIIS error drift  Gradient drift
        1            1.0472E+00         3.5900E-02       2.3228E+00
        2            5.3879E+02         1.0000E-07       2.3228E+00
 ======================================================================
 ITERATION STEP   3
 CPU time [min]:     0.113                   Wall time [min]:     0.011
 

 SCF control                  : diis
 Damping factor/level shift   : 0.000/0.200
 DIIS [start/end/frequency]   :   2 / 50 /  1

 Gradient norm:      1.3488E-01
 DIIS is running in this iteration step.
 RMS of [F,P]:                                         0.00631374918458
 RMS of difference density:                            0.00532900963754
 Gap [au]:  0.18146825
 ALPHA OCC:  38
 BETA  OCC:  38
 
 ***HARTREE-FOCK ENERGY IN STEP   3 IS       -539.0540660666495114 [AU]
 
 Step comparison  Energy Drift [au]  DIIS error drift  Gradient drift
        2            2.6003E-01         1.2019E-02       2.6940E-01
 ======================================================================
 ITERATION STEP   4
 CPU time [min]:     0.162                   Wall time [min]:     0.014
 

 SCF control                  : diis
 Damping factor/level shift   : 0.000/0.200
 DIIS [start/end/frequency]   :   2 / 50 /  1

 Gradient norm:      2.2024E-02
 DIIS is running in this iteration step.
 RMS of [F,P]:                                         0.00088652771289
 RMS of difference density:                            0.00133042594556
 Gap [au]:  0.18378692
 ALPHA OCC:  38
 BETA  OCC:  38
 
 ***HARTREE-FOCK ENERGY IN STEP   4 IS       -539.0935064187710850 [AU]
 
 Step comparison  Energy Drift [au]  DIIS error drift  Gradient drift
        3            3.9440E-02         5.4272E-03       1.1286E-01
 ======================================================================
 ITERATION STEP   5
 CPU time [min]:     0.211                   Wall time [min]:     0.017
 

 SCF control                  : diis
 Damping factor/level shift   : 0.000/0.200
 DIIS [start/end/frequency]   :   2 / 50 /  1

 Gradient norm:      1.4482E-02
 DIIS is running in this iteration step.
 RMS of [F,P]:                                         0.00023226683864
 RMS of difference density:                            0.00076520352451
 Gap [au]:  0.18467320
 ALPHA OCC:  38
 BETA  OCC:  38
 
 ***HARTREE-FOCK ENERGY IN STEP   5 IS       -539.0954257786020207 [AU]
 
 Step comparison  Energy Drift [au]  DIIS error drift  Gradient drift
        4            1.9194E-03         6.5426E-04       7.5424E-03
 ======================================================================
 ITERATION STEP   6
 CPU time [min]:     0.261                   Wall time [min]:     0.020
 

 SCF control                  : diis
 Damping factor/level shift   : 0.000/0.200
 DIIS [start/end/frequency]   :   2 / 50 /  1

 Gradient norm:      8.2413E-03
 DIIS is running in this iteration step.
 RMS of [F,P]:                                         0.00010519400188
 RMS of difference density:                            0.00047684905107
 Gap [au]:  0.18497386
 ALPHA OCC:  38
 BETA  OCC:  38
 
 ***HARTREE-FOCK ENERGY IN STEP   6 IS       -539.0957376548053617 [AU]
 
 Step comparison  Energy Drift [au]  DIIS error drift  Gradient drift
        5            3.1188E-04         1.2707E-04       6.2403E-03
 ======================================================================
 ITERATION STEP   7
 CPU time [min]:     0.310                   Wall time [min]:     0.023
 

 SCF control                  : diis
 Damping factor/level shift   : 0.000/0.200
 DIIS [start/end/frequency]   :   2 / 50 /  1

 Gradient norm:      4.4520E-03
 DIIS is running in this iteration step.
 RMS of [F,P]:                                         0.00004835958404
 RMS of difference density:                            0.00023528510247
 Gap [au]:  0.18509154
 ALPHA OCC:  38
 BETA  OCC:  38
 
 ***HARTREE-FOCK ENERGY IN STEP   7 IS       -539.0958317427666771 [AU]
 
 Step comparison  Energy Drift [au]  DIIS error drift  Gradient drift
        6            9.4088E-05         5.6834E-05       3.7893E-03
 ======================================================================
 ITERATION STEP   8
 CPU time [min]:     0.359                   Wall time [min]:     0.026
 

 SCF control                  : diis
 Damping factor/level shift   : 0.000/0.200
 DIIS [start/end/frequency]   :   2 / 50 /  1

 Gradient norm:      2.2202E-03
 DIIS is running in this iteration step.
 RMS of [F,P]:                                         0.00002095671802
 RMS of difference density:                            0.00009774264333
 Gap [au]:  0.18513914
 ALPHA OCC:  38
 BETA  OCC:  38
 
 ***HARTREE-FOCK ENERGY IN STEP   8 IS       -539.0958539663781721 [AU]
 
 Step comparison  Energy Drift [au]  DIIS error drift  Gradient drift
        7            2.2224E-05         2.7403E-05       2.2318E-03
 ======================================================================
 ITERATION STEP   9
 CPU time [min]:     0.408                   Wall time [min]:     0.029
 

 SCF control                  : diis
 Damping factor/level shift   : 0.000/0.000
 DIIS [start/end/frequency]   :   2 / 50 /  1

 Gradient norm:      1.0805E-03
 DIIS is running in this iteration step.
 RMS of [F,P]:                                         0.00000993480264
 RMS of difference density:                            0.00006711255502
 Gap [au]:  0.18514344
 ALPHA OCC:  38
 BETA  OCC:  38
 
 ***HARTREE-FOCK ENERGY IN STEP   9 IS       -539.0958585243283778 [AU]
 
 Step comparison  Energy Drift [au]  DIIS error drift  Gradient drift
        8            4.5580E-06         1.1022E-05       1.1397E-03
 ======================================================================
 ITERATION STEP  10
 CPU time [min]:     0.457                   Wall time [min]:     0.032
 

 SCF control                  : diis
 Damping factor/level shift   : 0.000/0.000
 DIIS [start/end/frequency]   :   2 / 50 /  1

 Gradient norm:      1.6153E-04
 DIIS is running in this iteration step.
 RMS of [F,P]:                                         0.00000260789207
 RMS of difference density:                            0.00000928857473
 Gap [au]:  0.18513889
 ALPHA OCC:  38
 BETA  OCC:  38
 
 ***HARTREE-FOCK ENERGY IN STEP  10 IS       -539.0958596665939240 [AU]
 
 Step comparison  Energy Drift [au]  DIIS error drift  Gradient drift
        9            1.1423E-06         7.3269E-06       9.1899E-04
 ======================================================================
 ITERATION STEP  11
 CPU time [min]:     0.507                   Wall time [min]:     0.035
 

 SCF control                  : diis
 Damping factor/level shift   : 0.000/0.000
 DIIS [start/end/frequency]   :   2 / 50 /  1

 Gradient norm:      4.5640E-05
 DIIS is running in this iteration step.
 RMS of [F,P]:                                         0.00000068107315
 RMS of difference density:                            0.00000358744884
 Gap [au]:  0.18514026
 ALPHA OCC:  38
 BETA  OCC:  38
 
 ***HARTREE-FOCK ENERGY IN STEP  11 IS       -539.0958596955540543 [AU]
 
 Step comparison  Energy Drift [au]  DIIS error drift  Gradient drift
       10            2.8960E-08         1.9268E-06       1.1589E-04
 ======================================================================
 ITERATION STEP  12
 CPU time [min]:     0.556                   Wall time [min]:     0.039
 

 SCF control                  : diis
 Damping factor/level shift   : 0.000/0.000
 DIIS [start/end/frequency]   :   2 / 50 /  1

 Gradient norm:      1.2931E-05
 DIIS is running in this iteration step.
 RMS of [F,P]:                                         0.00000024458738
 RMS of difference density:                            0.00000123027567
 Gap [au]:  0.18513974
 ALPHA OCC:  38
 BETA  OCC:  38
 
 ***HARTREE-FOCK ENERGY IN STEP  12 IS       -539.0958596996101733 [AU]
 
 Step comparison  Energy Drift [au]  DIIS error drift  Gradient drift
       11            4.0561E-09         4.3649E-07       3.2709E-05
 ======================================================================
 ITERATION STEP  13
 CPU time [min]:     0.605                   Wall time [min]:     0.042
 

 SCF control                  : diis
 Damping factor/level shift   : 0.000/0.000
 DIIS [start/end/frequency]   :   2 / 50 /  1

 Gradient norm:      4.7351E-06
 DIIS is running in this iteration step.
 RMS of [F,P]:                                         0.00000009967267
 RMS of difference density:                            0.00000038722871
 Gap [au]:  0.18513958
 ALPHA OCC:  38
 BETA  OCC:  38
 
 ***HARTREE-FOCK ENERGY IN STEP  13 IS       -539.0958597002918395 [AU]
 
 Step comparison  Energy Drift [au]  DIIS error drift  Gradient drift
       12            6.8167E-10         1.4491E-07       8.1960E-06
 ======================================================================
 ITERATION STEP  14
 CPU time [min]:     0.654                   Wall time [min]:     0.045
 

 SCF control                  : diis
 Damping factor/level shift   : 0.000/0.000
 DIIS [start/end/frequency]   :   2 / 50 /  1

 Gradient norm:      1.9075E-06
 DIIS is running in this iteration step.
 RMS of [F,P]:                                         0.00000004636639
 RMS of difference density:                            0.00000023986318
 Gap [au]:  0.18513944
 ALPHA OCC:  38
 BETA  OCC:  38
 
 ***HARTREE-FOCK ENERGY IN STEP  14 IS       -539.0958597003725572 [AU]
 
 Step comparison  Energy Drift [au]  DIIS error drift  Gradient drift
       13            8.0718E-11         5.3306E-08       2.8276E-06
 ======================================================================
 ITERATION STEP  15
 CPU time [min]:     0.703                   Wall time [min]:     0.048
 

 SCF control                  : diis
 Damping factor/level shift   : 0.000/0.000
 DIIS [start/end/frequency]   :   2 / 50 /  1

 Gradient norm:      1.0941E-06
 DIIS is running in this iteration step.
 RMS of [F,P]:                                         0.00000001573013
 RMS of difference density:                            0.00000008893524
 Gap [au]:  0.18513941
 ALPHA OCC:  38
 BETA  OCC:  38
 
 ***HARTREE-FOCK ENERGY IN STEP  15 IS       -539.0958597003914292 [AU]
 
 Step comparison  Energy Drift [au]  DIIS error drift  Gradient drift
       14            1.8872E-11         3.0636E-08       8.1343E-07
 ======================================================================
 
 SUCCESS...
 THE SCF ITERATION HAS CONVERGED!
 
                   A   
 FINAL ALPHA OCC:  38
 FINAL BETA  OCC:  38
 
 ***FINAL HARTREE-FOCK ENERGY:       -539.0958597003914292 [AU]
 
 Orbital energies [au]:
      Irrep         Alpha          Beta
    1   A         -4.678047      -4.678047
    2   A         -4.677923      -4.677923
    3   A         -4.677163      -4.677163
    4   A         -4.677156      -4.677156
    5   A         -2.753768      -2.753768
    6   A         -2.752644      -2.752644
    7   A         -2.739928      -2.739928
    8   A         -2.739825      -2.739825
    9   A         -2.739711      -2.739711
   10   A         -2.738237      -2.738237
   11   A         -2.738201      -2.738201
   12   A         -2.738092      -2.738092
   13   A         -2.737128      -2.737128
   14   A         -2.737037      -2.737037
   15   A         -2.736451      -2.736451
   16   A         -2.736421      -2.736421
   17   A         -0.545116      -0.545116
   18   A         -0.524427      -0.524427
   19   A         -0.523175      -0.523175
   20   A         -0.511254      -0.511254
   21   A         -0.511132      -0.511132
   22   A         -0.491446      -0.491446
   23   A         -0.477685      -0.477685
   24   A         -0.477145      -0.477145
   25   A         -0.475701      -0.475701
   26   A         -0.456997      -0.456997
   27   A         -0.454827      -0.454827
   28   A         -0.446975      -0.446975
   29   A         -0.446339      -0.446339
   30   A         -0.433125      -0.433125
   31   A         -0.432971      -0.432971
   32   A         -0.431907      -0.431907
   33   A         -0.431546      -0.431546
   34   A         -0.422139      -0.422139
   35   A         -0.406458      -0.406458
   36   A         -0.405233      -0.405233
   37   A         -0.372116      -0.372116
   38   A         -0.206749      -0.206749
 
   39   A         -0.021609      -0.021609
   40   A         -0.020184      -0.020184
   41   A          0.061168       0.061168
   42   A          0.082326       0.082326
   43   A          0.083216       0.083216
   44   A          0.091146       0.091146
   45   A          0.093770       0.093770
   46   A          0.112580       0.112580
   47   A          0.172854       0.172854
   48   A          0.182782       0.182782
   49   A          0.187139       0.187139
   50   A          0.188433       0.188433
   51   A          0.193688       0.193688
   52   A          0.193932       0.193932
   53   A          0.318086       0.318086
   54   A          0.351313       0.351313
   55   A          0.353787       0.353787
   56   A          0.363941       0.363941
   57   A          0.562801       0.562801
   58   A          0.595956       0.595956
   59   A          0.597305       0.597305
   60   A          0.609386       0.609386
   61   A          0.644677       0.644677
   62   A          0.644891       0.644891
   63   A          0.665378       0.665378
   64   A          0.700665       0.700665
   65   A          0.702433       0.702433
   66   A          0.705357       0.705357
   67   A          0.717257       0.717257
   68   A          0.731179       0.731179
   69   A          0.758699       0.758699
   70   A          0.763872       0.763872
   71   A          0.809877       0.809877
   72   A          0.811705       0.811705
   73   A          0.817306       0.817306
   74   A          0.831645       0.831645
   75   A          0.841954       0.841954
   76   A          0.846184       0.846184
   77   A          1.012430       1.012430
   78   A          1.048943       1.048943
   79   A          1.069475       1.069475
   80   A          1.123119       1.123119
   81   A          1.123511       1.123511
   82   A          1.215912       1.215912
   83   A          1.256981       1.256981
   84   A          1.264399       1.264399
   85   A          1.278394       1.278394
   86   A          1.395715       1.395715
   87   A          1.591191       1.591191
   88   A          1.592983       1.592983
   89   A          2.251981       2.251981
   90   A          2.353901       2.353901
   91   A          2.354131       2.354131
   92   A          2.440145       2.440145
   93   A         41.872085      41.872085
   94   A         41.940406      41.940406
   95   A         41.941804      41.941804
   96   A         42.035001      42.035001
   97   A        200.224880     200.224880
   98   A        200.260340     200.260340
   99   A        200.260993     200.260993
  100   A        200.306672     200.306672
 
 RETURNING FROM SCF ALGORITHM
 ======================================================================

 ************************ 2023-09-08 12:52:05 *************************
 Executing ovirt...

 ovirt, the routine of orbital optimization and integral transformation 
Fri Sep  8 12:52:05 BST 2023
 memory =                1536000  Mb          201326592000  8 byte word
 mrccboot = T
 scftype  = rhf  
 localcc  = off 
 core     = 16    
 ovirt    = off  
 ccprog   = mrcc
 dfnbasis =                      0
 dfbasis_cor =none                
 lmp2dens = on 
 dens =                      0
 verblev =                      3
 task     =                      4
 epsilon =   0.000000000000000E+000
 lmp2= on 
 localNO  =  F
 localMP2 =  F
 localMP2_TEST =  F
 LMP2_shortcut =  F
 FOCKTR   =  T
 Allocated memory:                 1536000  Mb
 onbasis=                   100
 RHF calculation! 
 integral transforamtion: AOs ------ MOs
 # of basis functions, # of int. blocks   100     1
100 % 
 second part
100 %
 integral transformation is completed! 
CPU and WC time          45.21           7.21     AOs -> MOs 
 occupied and 
     1 -0.5451155670
     2 -0.5244267398
     3 -0.5231754520
     4 -0.5112540469
     5 -0.5111315525
     6 -0.4914455011
     7 -0.4776851911
     8 -0.4771446232
     9 -0.4757011065
    10 -0.4569967278
    11 -0.4548265239
    12 -0.4469753771
    13 -0.4463389987
    14 -0.4331251627
    15 -0.4329712534
    16 -0.4319072580
    17 -0.4315455111
    18 -0.4221388899
    19 -0.4064582993
    20 -0.4052328392
    21 -0.3721164867
    22 -0.2067486719
               virtual energies 
    23 -0.0216092570
    24 -0.0201835996
    25  0.0611680862
    26  0.0823264629
    27  0.0832164411
    28  0.0911456704
    29  0.0937701644
    30  0.1125795695
    31  0.1728542297
    32  0.1827824866
    33  0.1871394934
    34  0.1884329541
    35  0.1936876816
    36  0.1939318196
    37  0.3180862227
    38  0.3513129633
    39  0.3537869599
    40  0.3639407510
    41  0.5628011564
    42  0.5959556009
    43  0.5973045516
    44  0.6093857284
    45  0.6446767131
    46  0.6448914922
    47  0.6653775075
    48  0.7006652103
    49  0.7024331866
    50  0.7053567155
    51  0.7172573765
    52  0.7311788950
    53  0.7586990054
    54  0.7638724464
    55  0.8098770117
    56  0.8117054129
    57  0.8173063412
    58  0.8316445315
    59  0.8419543537
    60  0.8461844961
    61  1.0124303645
    62  1.0489432787
    63  1.0694748572
    64  1.1231189028
    65  1.1235113195
    66  1.2159121083
    67  1.2569807287
    68  1.2643991141
    69  1.2783943916
    70  1.3957153055
    71  1.5911911442
    72  1.5929825627
    73  2.2519808601
    74  2.3539007309
    75  2.3541314528
    76  2.4401451129
    77 41.8720847578
    78 41.9404058987
    79 41.9418041387
    80 42.0350005049
    81200.2248797198
    82200.2603396430
    83200.2609929876
    84200.3066721971
 inttol =   1.000000000000000E-010   10.0000000000000     
Integrals are written to fort.55
Fri Sep  8 12:52:25 BST 2023
  ovirt terminated normally 

 ************************ 2023-09-08 12:52:25 *************************
 Executing goldstone...

 Generation of CC equations in terms of H and T...
 Generation of antisymmetrized Goldstone diagrams...
 Number of diagrams in T^1 equations:    15
 Number of diagrams in T^2 equations:    38
 Number of diagrams in T^3 equations:    49
 Number of diagrams in T^4 equations:     5
 Translation of diagrams to factorized equations...
 Optimizing intermediate calculation...
 Number of floating-point operations per iteration step:   8.1378E+15
 Probable CPU time per iteration step (hours):  81377.76
 Required memory (Mbytes): 9716142.3
 Number of intermediates:                                  78
 Number of intermediates to be stored:                     31
 Length of intermediate file (Mbytes):   35252.4

 ************************ 2023-09-08 12:52:25 *************************
 Executing xmrcc...

 **********************************************************************
 CC(3)(4) calculation 
 
 
 Allocation of****** Mbytes of memory...
 Number of spinorbitals:                   168
 Number of alpha electrons:                       22
 Number of beta electrons:                        22
 Spin multiplicity:                     1
 z-component of spin:  0.0
 Spatial symmetry:                      1
 Convergence criterion:  1.0E-06
 Construction of occupation graphs...
 Number of                     0 -fold excitations:                      1
 Number of                     1 -fold excitations:                   2728
 Number of                     2 -fold excitations:                2734138
 Number of                     3 -fold excitations:             1308133288
 Total number of configurations:             1310870155
 Calculation of coupling coefficients...
 Length of intermediate file (Mbytes):   22537.1
 
 ======================================================================
 
 Spin case  1   Alpha:  0   Beta:  4
 Number of excitations:             4080636175
 Spin case  2   Alpha:  1   Beta:  3
 Number of excitations:            79443179200
 Spin case  3   Alpha:  2   Beta:  2
 Number of excitations:           190812586041
 Number of                     4 -fold excitations:           357860216791
 
 Memory requirements /Mbyte/: 
               Minimal        Optimal
 Real*8:      77391.3818     77391.3818
 Integer:         7.8107
 Total:       77399.1925     77399.1925
 

 ************************ 2023-09-08 12:52:27 *************************
 Executing mrcc...

 **********************************************************************
 CCSDT(Q) calculation                                                   
 
 
 OpenMP parallel version is running.
 Number of CPU cores:  16
 Allocation of77391.4 Mbytes of memory...
 Number of spinorbitals: 168
 Number of alpha electrons: 22
 Number of beta  electrons: 22
 Spin multiplicity: 1
 z-component of spin:  0.0
 Spatial symmetry: 1
 Convergence criterion:  1.0E-06
 Construction of occupation graphs...
 Number of 0-fold excitations: 1
 Number of 1-fold excitations: 2728
 Number of 2-fold excitations: 2734138
 Number of 3-fold excitations: 1308133288
 Total number of determinants: 1310870155
 Calculation of coupling coefficients...
 Initial cluster amplitudes are generated.
 Length of intermediate file (Mbytes):   22537.1
 Reading integral list from unit 55...
 Sorting integrals...
 Calculation of MP denominators...
 
 Starting CC iteration...
 ======================================================================
 Norm of residual vector:     0.86912684
 CPU time [min]:   735.257                   Wall time [min]:    73.735
 
 Iteration  1  CC energy:  -539.45123026  Energy decrease:   0.35537056
 ======================================================================
 Norm of residual vector:     0.29491130
 CPU time [min]:  1494.107                   Wall time [min]:   149.427
 
 Iteration  2  CC energy:  -539.44617170  Energy decrease:   0.00505856
 ======================================================================
 Norm of residual vector:     0.11257340
 CPU time [min]:  2278.219                   Wall time [min]:   228.052
 
 Iteration  3  CC energy:  -539.48242879  Energy decrease:   0.03625709
 ======================================================================
 Norm of residual vector:     0.04354465
 CPU time [min]:  3063.993                   Wall time [min]:   307.832
 
 Iteration  4  CC energy:  -539.49305044  Energy decrease:   0.01062165
 ======================================================================
 Norm of residual vector:     0.02377588
 CPU time [min]:  3857.911                   Wall time [min]:   389.370
 
 Iteration  5  CC energy:  -539.49470844  Energy decrease:   0.00165800
 ======================================================================
 Norm of residual vector:     0.01400959
 CPU time [min]:  4650.861                   Wall time [min]:   472.368
 
 Iteration  6  CC energy:  -539.49448734  Energy decrease:   0.00022110
 ======================================================================
 Norm of residual vector:     0.00774722
 CPU time [min]:  5441.636                   Wall time [min]:   556.566
 
 Iteration  7  CC energy:  -539.49473870  Energy decrease:   0.00025136
 ======================================================================
 Norm of residual vector:     0.00438890
 CPU time [min]:  6240.440                   Wall time [min]:   642.526
 
 Iteration  8  CC energy:  -539.49500223  Energy decrease:   0.00026353
 ======================================================================
 Norm of residual vector:     0.00244332
 CPU time [min]:  7037.427                   Wall time [min]:   729.307
 
 Iteration  9  CC energy:  -539.49505412  Energy decrease:   0.00005188
 ======================================================================
 Norm of residual vector:     0.00136382
 CPU time [min]:  7843.982                   Wall time [min]:   817.961
 
 Iteration 10  CC energy:  -539.49504647  Energy decrease:   0.00000764
 ======================================================================
 Norm of residual vector:     0.00081039
 CPU time [min]:  8642.811                   Wall time [min]:   907.713
 
 Iteration 11  CC energy:  -539.49504827  Energy decrease:   0.00000180
 ======================================================================
 Norm of residual vector:     0.00047346
 CPU time [min]:  9443.667                   Wall time [min]:   998.547
 
 Iteration 12  CC energy:  -539.49505746  Energy decrease:   0.00000919
 ======================================================================
 Norm of residual vector:     0.00027846
 CPU time [min]: 10246.017                   Wall time [min]:  1090.846
 
 Iteration 13  CC energy:  -539.49505868  Energy decrease:   0.00000122
 ======================================================================
 Norm of residual vector:     0.00016333
 CPU time [min]: 11053.595                   Wall time [min]:  1184.600
 
 Iteration 14  CC energy:  -539.49505564  Energy decrease:   0.00000304
 ======================================================================
 Norm of residual vector:     0.00009673
 CPU time [min]: 11869.765                   Wall time [min]:  1280.214
 
 Iteration 15  CC energy:  -539.49505546  Energy decrease:   0.00000019
 ======================================================================
 Norm of residual vector:     0.00005544
 CPU time [min]: 12680.041                   Wall time [min]:  1376.769
 
 Iteration 16  CC energy:  -539.49505659  Energy decrease:   0.00000114
 ======================================================================
 Norm of residual vector:     0.00003278
 CPU time [min]: 13494.496                   Wall time [min]:  1474.771
 
 Iteration 17  CC energy:  -539.49505662  Energy decrease:   0.00000003
 ======================================================================
 Norm of residual vector:     0.00001846
 CPU time [min]: 14311.767                   Wall time [min]:  1574.362
 
 Iteration 18  CC energy:  -539.49505644  Energy decrease:   0.00000019
 ======================================================================
 Norm of residual vector:     0.00001050
 CPU time [min]: 15133.151                   Wall time [min]:  1675.365
 
 Iteration 19  CC energy:  -539.49505641  Energy decrease:   0.00000002
 ======================================================================
 Norm of residual vector:     0.00000595
 CPU time [min]: 15958.109                   Wall time [min]:  1777.739
 
 Iteration 20  CC energy:  -539.49505643  Energy decrease:   0.00000002
 ======================================================================
 Norm of residual vector:     0.00000360
 CPU time [min]: 16777.319                   Wall time [min]:  1881.097
 
 Iteration 21  CC energy:  -539.49505643  Energy decrease:   3.2215E-09
 ======================================================================
 Norm of residual vector:     0.00000225
 CPU time [min]: 17599.135                   Wall time [min]:  1986.182
 
 Iteration 22  CC energy:  -539.49505643  Energy decrease:   1.8737E-09
 ======================================================================
 Norm of residual vector:     0.00000158
 CPU time [min]: 18424.133                   Wall time [min]:  2092.395
 
 Iteration 23  CC energy:  -539.49505643  Energy decrease:   3.4129E-10
 ======================================================================
 Norm of residual vector:     0.00000115
 CPU time [min]: 19253.778                   Wall time [min]:  2200.311
 
 Iteration 24  CC energy:  -539.49505642  Energy decrease:   4.9127E-09
 ======================================================================
 Norm of residual vector:     0.00000088
 CPU time [min]: 20078.752                   Wall time [min]:  2309.076
 
 Iteration 25  CC energy:  -539.49505642  Energy decrease:   0.00000001
 ======================================================================
 
 Iteration has converged in 25 steps.
 
 Final results:
 Total CCSDT energy [au]:           -539.495056416325
 Total MP2 energy [au]:             -539.451230261357
 
 Perturbative corrections are calculated...
 ======================================================================
 Spin case  1   Alpha:  0   Beta:  4
 Number of excitations:        4080636175
 CPU time [min]: 20535.447                   Wall time [min]:  2344.578
 ======================================================================
 Spin case  2   Alpha:  1   Beta:  3
 Number of excitations:        79443179200
 CPU time [min]: 26536.087                   Wall time [min]:  2727.899
 ======================================================================
 Spin case  3   Alpha:  2   Beta:  2
 Number of excitations:        190812586041
 CPU time [min]: 41297.294                   Wall time [min]:  3693.639
 ======================================================================
 Number of 4-fold excitations: 357860216791
 CPU time [min]: 41297.294                   Wall time [min]:  3693.639
 
 Total CCSDT[Q] energy [au]:        -539.489498572266
 Total CCSDT(Q) energy [au]:        -539.493306605208
 
 ************************ 2023-09-11 02:26:45 *************************
                      Normal termination of mrcc.
 **********************************************************************
