 **********************************************************************
                          MRCC program system
 **********************************************************************
 
                              Written by
     Mihaly Kallay, Peter R. Nagy, David Mester, Laszlo Gyevi-Nagy,
        Jozsef Csoka, P. Bernat Szabo, Zoltan Rolik, Gyula Samu,
     Jozsef Csontos, Bence Hegely, Adam Ganyecz, Istvan Ladjanszki,
       Lorant Szegedy, Bence Ladoczki, Klara Petrov, Mate Farkas,
                    Pal D. Mezei, and Reka A. Horvath
 
        Department of Physical Chemistry and Materials Science
            Budapest University of Technology and Economics
                  Budapest P.O.Box 91, H-1521 Hungary
 
                              www.mrcc.hu
 
                      Release date: March 18, 2022

 ************************ 2023-08-17 09:08:50 *************************
 Executing minp...

 Reading input from MINP...
 
 Input file:
 
calc=CCSD(T)
verbosity=3
mem=1500GB
unit=angs
scfiguess=sad
ccprog=mrcc
ECP=LANL2DZ-ECP-28
basis=LANL2DZ
core=16
unit=angs
geom=xyz
    4
Ag4_4
Ag     1.38234453     0.41121207     1.31810165
Ag    -0.02255139    -0.11485254    -1.42712622
Ag    -0.44839253    -1.34899592     1.42712622
Ag    -1.38234453     1.34899592     0.14452962
 
 
 Checking keyword combinations...
 
 Keywords:
 
 active=none
 agrid=ld0006-ld0590
 agrid_pssp=ld0006-ld0194
 agrid_pssp_sm=ld0006-ld0074
 basis=lanl2dz
 basis_sm=none
 basopt=off
 bfbasis=none
 bfgsmem=10
 bfgstol=1.0d-3
 bpcompo=0.985
 bpcompv=0.98
 bpdfo=0.985
 bpocc=0.985
 bppdo=0.985
 bppdv=0.98
 bpedo=0.985
 bpedv=0.98
 calc=ccsd(t)
 ccmaxit=50
 ccprog=mrcc
 ccsdalg=disk
 ccsdmkl=seq
 ccsdrest=off
 ccsdthreads=2
 cctol=6
 charge=0
 cialg=disk
 ciguess=off
 cmpgrp=auto
 comprest=off
 core=16
 corembed=off
 csapprox=off
 cvs=off
 dboc=off
 delocsomofact=
 dendec=cholesky
 dens=0
 dfalg=lineq
 dfbasis_cab=none
 dfbasis_cor=none
 dfbasis_scf=none
 dfbasis_scf_sm=none
 dfintran=ovirt
 dft=off
 dhexc=adc(2)
 diag=david
 docc=
 domrad=10.d0
 drpaalg=fit
 dual=off
 dual_df=off
 ecp=lanl2dz-ecp-28
 edisp=off
 edisp_embed=off
 embed=off
 etemp=300
 epert=none
 eps=
 espcharge=off
 excrad=0.d0
 excrad_fin=0.000000000D+00
 fitting=coulomb
 fmm=off
 fmmord=8
 freq=off
 gamma=1.d0
 gauss=spher
 geom=xyz
 gopt=off
 ghost=none
 gtol=7
 grdens=off
 gridbatch_cos=2000
 grtol=10
 guido_ct=off
 hamilton=dc
 iface=none
 intalg=auto
 itol=10
 laptol=1.d-2
 lccoporder=trffirst
 lcorthr=normal
 lccrest=off
 lmp2dens=on
 lnoepso=0.d0
 lnoepsv=1e-6
 boysalg=jacobi
 localcc=off
 localcorrsymm=off
 locintrf=disk
 mact=
 maxact=off
 maxdim=100
 maxex=0
 maxmicroit=100
 mcscfiguess=hf
 mem=1500gb
 mmprog=
 molden=on
 mpitasks=1
 mulmet=0
 mult=
 nacto=0
 nactv=0
 naf_amp=1.d-2
 naf_cor=off
 naf_scf=off
 nafalg=albe
 naftyp=
 nchol=auto
 ndeps=1e-3
 nstate=1
 nsing=0
 nto=off
 ntrip=0
 occ=
 occri=off
 oniom=off
 oniom_eechg=off
 oniom_pcm=off
 oniom_qcorr=off
 optalg=
 optmaxit=50
 optetol=1e-6
 optex=0
 optgtol=1e-4
 optstol=1e-3
 orblocc=off
 orbloce=off
 orbloco=off
 orblocv=off
 orblocguess=cholesky
 osveps=1e-3
 ovirt=off
 ovltol=1e-7
 ovosnorb=80.0
 pcm=off
 popul=off
 pressure=100000
 pssp=off
 ptfreq=0.0
 ptthreads=2
 qro=off
 qscf=off
 qmmm=off
 redcost_exc=off
 redcost_tddft=off
 refdet=none
 rest=0
 rgrid=log3
 rism=off
 rohfcore=semicanonical
 rohftype=semicanonical
 scfalg=auto
 scf_conv=difficult
 scfdamp=0.0d0
 scfdamp_mode=off
 scfdamp_end=50
 scfdamp_dampstep=0.d0
 scfdamp_dtol=0.0d0
 scfdamp_maxfact=0.0d0
 scfdamp_minfact=0.0d0
 scfdiis=on
 scfdiis_dtol=0.0d0
 scfdiis_end=50
 scfdiis_start=2
 scfdiis_step=1
 scfdiis_watch=off
 scfdiis_wrange=10
 scfdiis_wlimit=5
 scfdiis_delmax=2
 scfdtol=7
 scfext=10
 scfguessdens=
 scfiguess=sad
 scfloc=off
 scflshift=0.20
 scflshift_end=8
 scflshift_dtol=0.0
 scflshift_gaptol=0.20
 scfmaxit=50
 scftype=
 scftol=6
 scspe=1.d0
 scsph=1.d0
 scsps=1.2d0
 scsps_t=1.2d0
 scspt=0.33333333333333
 scspt_t=0.33333333333333
 scspv=1.d0
 spairtol=1e-4
 sqmprog=
 subminp=top
 symm=
 talg=occ
 temp=298.15
 test=off
 theodore=off
 tlmo=0.999
 tpao=0.94
 tprint=off
 uncontract=off
 unit=angs
 usedisk=2
 verbosity=3
 wpairtol=0.100000000E-05

 ************************ 2023-08-17 09:08:50 *************************
 Executing integ...

 Allocation of 1500.0 Gbytes of memory...
 
 
 Number of atoms:                  4
 Charge:                           0
 Number of electrons:             76
 Number of core electrons:        32
 Spin multiplicity:                1
 
                 Cartesian coordinates [bohr]      Atomic mass [AMU]  Z
   1  Ag    2.61225257    0.77707819    2.49085112   106.905092      47
   2  Ag   -0.04261595   -0.21703985   -2.69687770   106.905092      47
   3  Ag   -0.84733908   -2.54923283    2.69687770   106.905092      47
   4  Ag   -2.61225257    2.54923283    0.27312140   106.905092      47
 
 This molecule is an asymmetric top.
 
 Rotational constants [cm-1]: 
      0.024402860326      0.016104294843      0.015967231961
 
 Point group: C1  
 Computational point group: C1  
 
 Cartesian coordinates in standard orientation [bohr]
   1  Ag    2.43509121   -1.70237091   -1.68919144
   2  Ag   -2.41722415   -1.71636756    1.68778468
   3  Ag    2.42068351    1.71495133    1.68679249
   4  Ag   -2.43855056    1.70378714   -1.68538573
 
 Nuclear repulsion energy [au]:        393.976462361395
 
 
 Basis set information:
 
 Maximum angular momentum: f
 Maximum number of contracted Gaussians:    3
 Maximum number of primitive Gaussians:     6
 Spherical harmonic GTOs are used.
 
   1  Ag lanl2dz [ 5s 6p 4d | 3s 3p 2d ]
   2  Ag lanl2dz [ 5s 6p 4d | 3s 3p 2d ]
   3  Ag lanl2dz [ 5s 6p 4d | 3s 3p 2d ]
   4  Ag lanl2dz [ 5s 6p 4d | 3s 3p 2d ]
 
 Basis functions:
            1             2             3             4             5             6             7             8             9            10
    0    1Ag1s         1Ag2s         1Ag3s         1Ag1pz        1Ag1py        1Ag1px        1Ag2pz        1Ag2py        1Ag2px        1Ag3pz    
    1    1Ag3py        1Ag3px        1Ag1d-2       1Ag1d-1       1Ag1d0        1Ag1d+1       1Ag1d+2       1Ag2d-2       1Ag2d-1       1Ag2d0    
    2    1Ag2d+1       1Ag2d+2       2Ag1s         2Ag2s         2Ag3s         2Ag1pz        2Ag1py        2Ag1px        2Ag2pz        2Ag2py    
    3    2Ag2px        2Ag3pz        2Ag3py        2Ag3px        2Ag1d-2       2Ag1d-1       2Ag1d0        2Ag1d+1       2Ag1d+2       2Ag2d-2   
    4    2Ag2d-1       2Ag2d0        2Ag2d+1       2Ag2d+2       3Ag1s         3Ag2s         3Ag3s         3Ag1pz        3Ag1py        3Ag1px    
    5    3Ag2pz        3Ag2py        3Ag2px        3Ag3pz        3Ag3py        3Ag3px        3Ag1d-2       3Ag1d-1       3Ag1d0        3Ag1d+1   
    6    3Ag1d+2       3Ag2d-2       3Ag2d-1       3Ag2d0        3Ag2d+1       3Ag2d+2       4Ag1s         4Ag2s         4Ag3s         4Ag1pz    
    7    4Ag1py        4Ag1px        4Ag2pz        4Ag2py        4Ag2px        4Ag3pz        4Ag3py        4Ag3px        4Ag1d-2       4Ag1d-1   
    8    4Ag1d0        4Ag1d+1       4Ag1d+2       4Ag2d-2       4Ag2d-1       4Ag2d0        4Ag2d+1       4Ag2d+2   
 
 Maximum number of basis functions per shell:   10
 Total number of basis functions:     88
 
 
 Effective core potentials:
 
   1  Ag lanl2dz-ecp-28      
   2  Ag lanl2dz-ecp-28      
   3  Ag lanl2dz-ecp-28      
   4  Ag lanl2dz-ecp-28      
 
 Initializing the SAD routines for the initial guess...
 Checking the files required for the initial guess...
 Density files have not been found for the initial guess.
 Generating SCFDENSITIES.Ag.lanl2dz.0
 CPU time [min]:     0.119                   Wall time [min]:     0.202
 
 Character table for point group C1:
 
          E  
    A     1
 
 Number of basis functions per irrep:
    A      88
 
 
 Calculation of overlap integrals...
 CPU time [min]:     0.120                   Wall time [min]:     0.202
 
 Calculation of the square root of the overlap matrix...
 Minimum eigenvalue of the overlap matrix: 0.476737E-02
 CPU time [min]:     0.132                   Wall time [min]:     0.203
 
 Calculation of kinetic energy integrals...
 CPU time [min]:     0.132                   Wall time [min]:     0.203
 Calculation of nuclear attraction integrals...
 CPU time [min]:     0.133                   Wall time [min]:     0.203
 Calculation of core potential integrals...
 CPU time [min]:     0.246                   Wall time [min]:     0.214
 
 Calculation of prescreening integrals...
 CPU time [min]:     0.309                   Wall time [min]:     0.216
 
 Calculation of two-electron integrals...
   1% done.
  17% done.
  32% done.
  62% done.
 100% done.
 CPU time [min]:     2.167                   Wall time [min]:     0.268

 ************************ 2023-08-17 09:09:07 *************************
 Executing scf...

 @scfsetup: integrals taken from disk
            mrcc/integ binary format
 @scfsetup: calculating on full matrices
            not using symmetry adapted basis
 @scfsetup: diis switched on
 @scfsetup: number of steps to extrapolate from  10
 @scfsetup: tolerance in energy deviation    0.100000E-05
            tolerance in density deviation    0.100000E-06
 @scfsetup: maximum number of iterations:  50
 @scfsetup: restricted closed shell hf calc
 @scfsetup: starting scf from superposition of atomic densities
 @scfsetup: occupation set:
            from initial orbitals
 @scfsetup: Parameter-set for SCF acceleration: difficult
 @scfsetup: diis runs from iteration:   2
 @scfsetup: diis runs to iteration:  50
 @scfsetup: diis runs in every iteration
 @scfsetup: diiswatch is disabled                   
 @scfsetup: diis dtol criteria to switch on:      0.0000E+00
           (or the iteration number below is reached)
 @scfsetup: damping is turned off.
 @scfsetup: dynamic level shifting
            tolarance in HOMO-LUMO gap:  0.200
            tolarance in density deviation:     0.0000E+00
            iteration step criteria to turn level shifting off: 8
 Allocation of 1500.0 Gbytes of memory...
 ======================================================================
 ITERATION STEP   1
 CPU time [min]:     0.029                   Wall time [min]:     0.004
 

 SCF control                  : initial
 Damping factor/level shift   : 0.000/0.200
 DIIS [start/end/frequency]   :   2 / 50 /  1

 Gradient norm:      1.0841E+00
 RMS of [F,P]:                                         0.03799098516413
 RMS of difference density:                            0.04742935253349
 Gap [au]:  0.11473163
 ALPHA OCC:  38
 BETA  OCC:  38
 
 ***HARTREE-FOCK ENERGY IN STEP   1 IS       -577.5542794266391411 [AU]
 ======================================================================
 ITERATION STEP   2
 CPU time [min]:     0.124                   Wall time [min]:     0.007
 

 SCF control                  : diis
 Damping factor/level shift   : 0.000/0.200
 DIIS [start/end/frequency]   :   2 / 50 /  1

 Gradient norm:      5.6069E-01
 DIIS is running in this iteration step.
 RMS of [F,P]:                                         0.02401798037952
 RMS of difference density:                            0.02098133039056
 Gap [au]:  0.16259142
 ALPHA OCC:  38
 BETA  OCC:  38
 
 ***HARTREE-FOCK ENERGY IN STEP   2 IS       -579.0907860187162441 [AU]
 
 Step comparison  Energy Drift [au]  DIIS error drift  Gradient drift
        1            1.5365E+00         1.3973E-02       5.2340E-01
        2            5.7909E+02         1.0000E-07       5.2340E-01
 ======================================================================
 ITERATION STEP   3
 CPU time [min]:     0.211                   Wall time [min]:     0.009
 

 SCF control                  : diis
 Damping factor/level shift   : 0.000/0.200
 DIIS [start/end/frequency]   :   2 / 50 /  1

 Gradient norm:      1.8649E-01
 DIIS is running in this iteration step.
 RMS of [F,P]:                                         0.00750234618982
 RMS of difference density:                            0.00506357435597
 Gap [au]:  0.15550027
 ALPHA OCC:  38
 BETA  OCC:  38
 
 ***HARTREE-FOCK ENERGY IN STEP   3 IS       -579.5097355142384004 [AU]
 
 Step comparison  Energy Drift [au]  DIIS error drift  Gradient drift
        2            4.1895E-01         1.6516E-02       3.7420E-01
 ======================================================================
 ITERATION STEP   4
 CPU time [min]:     0.297                   Wall time [min]:     0.012
 

 SCF control                  : diis
 Damping factor/level shift   : 0.000/0.200
 DIIS [start/end/frequency]   :   2 / 50 /  1

 Gradient norm:      2.9783E-02
 DIIS is running in this iteration step.
 RMS of [F,P]:                                         0.00116762240222
 RMS of difference density:                            0.00123853148058
 Gap [au]:  0.15559679
 ALPHA OCC:  38
 BETA  OCC:  38
 
 ***HARTREE-FOCK ENERGY IN STEP   4 IS       -579.5589733336728386 [AU]
 
 Step comparison  Energy Drift [au]  DIIS error drift  Gradient drift
        3            4.9238E-02         6.3347E-03       1.5671E-01
 ======================================================================
 ITERATION STEP   5
 CPU time [min]:     0.384                   Wall time [min]:     0.014
 

 SCF control                  : diis
 Damping factor/level shift   : 0.000/0.200
 DIIS [start/end/frequency]   :   2 / 50 /  1

 Gradient norm:      1.6156E-02
 DIIS is running in this iteration step.
 RMS of [F,P]:                                         0.00025157804905
 RMS of difference density:                            0.00066319211842
 Gap [au]:  0.15584381
 ALPHA OCC:  38
 BETA  OCC:  38
 
 ***HARTREE-FOCK ENERGY IN STEP   5 IS       -579.5610378517462777 [AU]
 
 Step comparison  Energy Drift [au]  DIIS error drift  Gradient drift
        4            2.0645E-03         9.1604E-04       1.3627E-02
 ======================================================================
 ITERATION STEP   6
 CPU time [min]:     0.470                   Wall time [min]:     0.017
 

 SCF control                  : diis
 Damping factor/level shift   : 0.000/0.200
 DIIS [start/end/frequency]   :   2 / 50 /  1

 Gradient norm:      8.2585E-03
 DIIS is running in this iteration step.
 RMS of [F,P]:                                         0.00011783411277
 RMS of difference density:                            0.00039227008548
 Gap [au]:  0.15579173
 ALPHA OCC:  38
 BETA  OCC:  38
 
 ***HARTREE-FOCK ENERGY IN STEP   6 IS       -579.5613926075795916 [AU]
 
 Step comparison  Energy Drift [au]  DIIS error drift  Gradient drift
        5            3.5476E-04         1.3374E-04       7.8973E-03
 ======================================================================
 ITERATION STEP   7
 CPU time [min]:     0.556                   Wall time [min]:     0.019
 

 SCF control                  : diis
 Damping factor/level shift   : 0.000/0.200
 DIIS [start/end/frequency]   :   2 / 50 /  1

 Gradient norm:      4.9838E-03
 DIIS is running in this iteration step.
 RMS of [F,P]:                                         0.00005341727533
 RMS of difference density:                            0.00014634181201
 Gap [au]:  0.15579911
 ALPHA OCC:  38
 BETA  OCC:  38
 
 ***HARTREE-FOCK ENERGY IN STEP   7 IS       -579.5615042210099546 [AU]
 
 Step comparison  Energy Drift [au]  DIIS error drift  Gradient drift
        6            1.1161E-04         6.4417E-05       3.2747E-03
 ======================================================================
 ITERATION STEP   8
 CPU time [min]:     0.641                   Wall time [min]:     0.022
 

 SCF control                  : diis
 Damping factor/level shift   : 0.000/0.200
 DIIS [start/end/frequency]   :   2 / 50 /  1

 Gradient norm:      3.1907E-03
 DIIS is running in this iteration step.
 RMS of [F,P]:                                         0.00002968422002
 RMS of difference density:                            0.00009705128613
 Gap [au]:  0.15575847
 ALPHA OCC:  38
 BETA  OCC:  38
 
 ***HARTREE-FOCK ENERGY IN STEP   8 IS       -579.5615295869449710 [AU]
 
 Step comparison  Energy Drift [au]  DIIS error drift  Gradient drift
        7            2.5366E-05         2.3733E-05       1.7932E-03
 ======================================================================
 ITERATION STEP   9
 CPU time [min]:     0.725                   Wall time [min]:     0.024
 

 SCF control                  : diis
 Damping factor/level shift   : 0.000/0.000
 DIIS [start/end/frequency]   :   2 / 50 /  1

 Gradient norm:      1.8171E-03
 DIIS is running in this iteration step.
 RMS of [F,P]:                                         0.00001610515984
 RMS of difference density:                            0.00010301102010
 Gap [au]:  0.15576972
 ALPHA OCC:  38
 BETA  OCC:  38
 
 ***HARTREE-FOCK ENERGY IN STEP   9 IS       -579.5615390611874318 [AU]
 
 Step comparison  Energy Drift [au]  DIIS error drift  Gradient drift
        8            9.4742E-06         1.3579E-05       1.3736E-03
 ======================================================================
 ITERATION STEP  10
 CPU time [min]:     0.810                   Wall time [min]:     0.026
 

 SCF control                  : diis
 Damping factor/level shift   : 0.000/0.000
 DIIS [start/end/frequency]   :   2 / 50 /  1

 Gradient norm:      2.8780E-04
 DIIS is running in this iteration step.
 RMS of [F,P]:                                         0.00000357153752
 RMS of difference density:                            0.00001839421003
 Gap [au]:  0.15577528
 ALPHA OCC:  38
 BETA  OCC:  38
 
 ***HARTREE-FOCK ENERGY IN STEP  10 IS       -579.5615429644005872 [AU]
 
 Step comparison  Energy Drift [au]  DIIS error drift  Gradient drift
        9            3.9032E-06         1.2534E-05       1.5293E-03
 ======================================================================
 ITERATION STEP  11
 CPU time [min]:     0.894                   Wall time [min]:     0.029
 

 SCF control                  : diis
 Damping factor/level shift   : 0.000/0.000
 DIIS [start/end/frequency]   :   2 / 50 /  1

 Gradient norm:      3.8087E-05
 DIIS is running in this iteration step.
 RMS of [F,P]:                                         0.00000119170939
 RMS of difference density:                            0.00000333491653
 Gap [au]:  0.15577741
 ALPHA OCC:  38
 BETA  OCC:  38
 
 ***HARTREE-FOCK ENERGY IN STEP  11 IS       -579.5615430819127596 [AU]
 
 Step comparison  Energy Drift [au]  DIIS error drift  Gradient drift
       10            1.1751E-07         2.3798E-06       2.4971E-04
 ======================================================================
 ITERATION STEP  12
 CPU time [min]:     0.978                   Wall time [min]:     0.031
 

 SCF control                  : diis
 Damping factor/level shift   : 0.000/0.000
 DIIS [start/end/frequency]   :   2 / 50 /  1

 Gradient norm:      1.1054E-05
 DIIS is running in this iteration step.
 RMS of [F,P]:                                         0.00000028032602
 RMS of difference density:                            0.00000102256314
 Gap [au]:  0.15577950
 ALPHA OCC:  38
 BETA  OCC:  38
 
 ***HARTREE-FOCK ENERGY IN STEP  12 IS       -579.5615430871903300 [AU]
 
 Step comparison  Energy Drift [au]  DIIS error drift  Gradient drift
       11            5.2776E-09         9.1138E-07       2.7033E-05
 ======================================================================
 ITERATION STEP  13
 CPU time [min]:     1.062                   Wall time [min]:     0.033
 

 SCF control                  : diis
 Damping factor/level shift   : 0.000/0.000
 DIIS [start/end/frequency]   :   2 / 50 /  1

 Gradient norm:      4.1133E-06
 DIIS is running in this iteration step.
 RMS of [F,P]:                                         0.00000007501153
 RMS of difference density:                            0.00000027870053
 Gap [au]:  0.15577958
 ALPHA OCC:  38
 BETA  OCC:  38
 
 ***HARTREE-FOCK ENERGY IN STEP  13 IS       -579.5615430877103336 [AU]
 
 Step comparison  Energy Drift [au]  DIIS error drift  Gradient drift
       12            5.2000E-10         2.0531E-07       6.9409E-06
 ======================================================================
 ITERATION STEP  14
 CPU time [min]:     1.147                   Wall time [min]:     0.036
 

 SCF control                  : diis
 Damping factor/level shift   : 0.000/0.000
 DIIS [start/end/frequency]   :   2 / 50 /  1

 Gradient norm:      3.0681E-06
 DIIS is running in this iteration step.
 RMS of [F,P]:                                         0.00000003462832
 RMS of difference density:                            0.00000018090031
 Gap [au]:  0.15577964
 ALPHA OCC:  38
 BETA  OCC:  38
 
 ***HARTREE-FOCK ENERGY IN STEP  14 IS       -579.5615430877783183 [AU]
 
 Step comparison  Energy Drift [au]  DIIS error drift  Gradient drift
       13            6.7985E-11         4.0383E-08       1.0452E-06
 ======================================================================
 ITERATION STEP  15
 CPU time [min]:     1.270                   Wall time [min]:     0.039
 

 SCF control                  : diis
 Damping factor/level shift   : 0.000/0.000
 DIIS [start/end/frequency]   :   2 / 50 /  1

 Gradient norm:      2.0449E-06
 DIIS is running in this iteration step.
 RMS of [F,P]:                                         0.00000002282823
 RMS of difference density:                            0.00000023580386
 Gap [au]:  0.15577964
 ALPHA OCC:  38
 BETA  OCC:  38
 
 ***HARTREE-FOCK ENERGY IN STEP  15 IS       -579.5615430878099232 [AU]
 
 Step comparison  Energy Drift [au]  DIIS error drift  Gradient drift
       14            3.1605E-11         1.1800E-08       1.0233E-06
 ======================================================================
 ITERATION STEP  16
 CPU time [min]:     1.360                   Wall time [min]:     0.042
 

 SCF control                  : diis
 Damping factor/level shift   : 0.000/0.000
 DIIS [start/end/frequency]   :   2 / 50 /  1

 Gradient norm:      6.7844E-07
 DIIS is running in this iteration step.
 RMS of [F,P]:                                         0.00000000867154
 RMS of difference density:                            0.00000009278966
 Gap [au]:  0.15577963
 ALPHA OCC:  38
 BETA  OCC:  38
 
 ***HARTREE-FOCK ENERGY IN STEP  16 IS       -579.5615430878326606 [AU]
 
 Step comparison  Energy Drift [au]  DIIS error drift  Gradient drift
       15            2.2737E-11         1.4157E-08       1.3664E-06
 ======================================================================
 
 SUCCESS...
 THE SCF ITERATION HAS CONVERGED!
 
                   A   
 FINAL ALPHA OCC:  38
 FINAL BETA  OCC:  38
 
 ***FINAL HARTREE-FOCK ENERGY:       -579.5615430878326606 [AU]
 
 Orbital energies [au]:
      Irrep         Alpha          Beta
    1   A         -4.200604      -4.200604
    2   A         -4.200492      -4.200492
    3   A         -4.199609      -4.199609
    4   A         -4.199594      -4.199594
    5   A         -2.707058      -2.707058
    6   A         -2.706579      -2.706579
    7   A         -2.699273      -2.699273
    8   A         -2.699253      -2.699253
    9   A         -2.698954      -2.698954
   10   A         -2.698460      -2.698460
   11   A         -2.698067      -2.698067
   12   A         -2.697917      -2.697917
   13   A         -2.697854      -2.697854
   14   A         -2.697664      -2.697664
   15   A         -2.696547      -2.696547
   16   A         -2.696542      -2.696542
   17   A         -0.556223      -0.556223
   18   A         -0.552092      -0.552092
   19   A         -0.551825      -0.551825
   20   A         -0.539735      -0.539735
   21   A         -0.539687      -0.539687
   22   A         -0.529677      -0.529677
   23   A         -0.519524      -0.519524
   24   A         -0.519157      -0.519157
   25   A         -0.518629      -0.518629
   26   A         -0.510069      -0.510069
   27   A         -0.509378      -0.509378
   28   A         -0.503111      -0.503111
   29   A         -0.502972      -0.502972
   30   A         -0.494488      -0.494488
   31   A         -0.492156      -0.492156
   32   A         -0.490969      -0.490969
   33   A         -0.490864      -0.490864
   34   A         -0.489590      -0.489590
   35   A         -0.475568      -0.475568
   36   A         -0.475198      -0.475198
   37   A         -0.303107      -0.303107
   38   A         -0.164069      -0.164069
 
   39   A         -0.008290      -0.008290
   40   A         -0.007651      -0.007651
   41   A          0.032298       0.032298
   42   A          0.053144       0.053144
   43   A          0.053437       0.053437
   44   A          0.055424       0.055424
   45   A          0.055538       0.055538
   46   A          0.060932       0.060932
   47   A          0.080476       0.080476
   48   A          0.086453       0.086453
   49   A          0.086912       0.086912
   50   A          0.096341       0.096341
   51   A          0.100078       0.100078
   52   A          0.100129       0.100129
   53   A          0.153580       0.153580
   54   A          0.176919       0.176919
   55   A          0.177369       0.177369
   56   A          0.187255       0.187255
   57   A          0.187503       0.187503
   58   A          0.211290       0.211290
   59   A          0.288541       0.288541
   60   A          0.291528       0.291528
   61   A          0.292581       0.292581
   62   A          0.330568       0.330568
   63   A          0.333617       0.333617
   64   A          0.347934       0.347934
   65   A          0.642922       0.642922
   66   A          0.660641       0.660641
   67   A          0.668733       0.668733
   68   A          0.669607       0.669607
   69   A          0.735625       0.735625
   70   A          0.738183       0.738183
   71   A          0.764716       0.764716
   72   A          0.815307       0.815307
   73   A          0.835524       0.835524
   74   A          0.837456       0.837456
   75   A          0.893146       0.893146
   76   A          0.896248       0.896248
   77   A          0.931643       0.931643
   78   A          0.936597       0.936597
   79   A          0.938928       0.938928
   80   A          1.011262       1.011262
   81   A          1.101460       1.101460
   82   A          1.127830       1.127830
   83   A          1.175661       1.175661
   84   A          1.180077       1.180077
   85   A          1.340198       1.340198
   86   A          1.651022       1.651022
   87   A          2.188255       2.188255
   88   A          2.199255       2.199255
 
 RETURNING FROM SCF ALGORITHM
 ======================================================================

 ************************ 2023-08-17 09:09:09 *************************
 Executing ovirt...

 ovirt, the routine of orbital optimization and integral transformation 
Thu Aug 17 09:09:09 BST 2023
 memory =                1536000  Mb          201326592000  8 byte word
 mrccboot = T
 scftype  = rhf  
 localcc  = off 
 core     = 16    
 ovirt    = off  
 ccprog   = mrcc
 dfnbasis =                      0
 dfbasis_cor =none                
 lmp2dens = on 
 dens =                      0
 verblev =                      3
 task     =                      4
 epsilon =   0.000000000000000E+000
 lmp2= on 
 localNO  =  F
 localMP2 =  F
 localMP2_TEST =  F
 LMP2_shortcut =  F
 FOCKTR   =  T
 Allocated memory:                 1536000  Mb
 onbasis=                    88
 RHF calculation! 
 integral transforamtion: AOs ------ MOs
 # of basis functions, # of int. blocks    88     1
100 % 
 second part
100 %
 integral transformation is completed! 
CPU and WC time          63.42           4.20     AOs -> MOs 
 occupied and 
     1 -0.5562230713
     2 -0.5520922848
     3 -0.5518248909
     4 -0.5397354848
     5 -0.5396870503
     6 -0.5296769512
     7 -0.5195242452
     8 -0.5191570418
     9 -0.5186286105
    10 -0.5100685070
    11 -0.5093783637
    12 -0.5031107858
    13 -0.5029721693
    14 -0.4944883136
    15 -0.4921557308
    16 -0.4909690663
    17 -0.4908635428
    18 -0.4895895275
    19 -0.4755683621
    20 -0.4751982332
    21 -0.3031069033
    22 -0.1640691861
               virtual energies 
    23 -0.0082895567
    24 -0.0076509875
    25  0.0322978947
    26  0.0531436129
    27  0.0534370480
    28  0.0554236154
    29  0.0555382021
    30  0.0609324769
    31  0.0804758652
    32  0.0864526923
    33  0.0869115279
    34  0.0963412001
    35  0.1000777054
    36  0.1001292940
    37  0.1535803164
    38  0.1769194669
    39  0.1773688870
    40  0.1872554984
    41  0.1875028447
    42  0.2112895032
    43  0.2885405061
    44  0.2915282075
    45  0.2925809858
    46  0.3305679691
    47  0.3336169890
    48  0.3479344823
    49  0.6429215582
    50  0.6606405825
    51  0.6687329195
    52  0.6696068592
    53  0.7356253916
    54  0.7381829119
    55  0.7647161799
    56  0.8153072385
    57  0.8355243332
    58  0.8374560513
    59  0.8931460488
    60  0.8962475504
    61  0.9316434823
    62  0.9365965783
    63  0.9389277433
    64  1.0112618340
    65  1.1014603621
    66  1.1278304194
    67  1.1756613179
    68  1.1800766928
    69  1.3401983346
    70  1.6510219314
    71  2.1882550396
    72  2.1992554966
 inttol =   1.000000000000000E-010   10.0000000000000     
Integrals are written to fort.55
Thu Aug 17 09:09:20 BST 2023
  ovirt terminated normally 

 ************************ 2023-08-17 09:09:20 *************************
 Executing goldstone...

 Generation of CC equations in terms of H and T...
 Generation of antisymmetrized Goldstone diagrams...
 Number of diagrams in T^1 equations:    15
 Number of diagrams in T^2 equations:    33
 Number of diagrams in T^3 equations:     2
 Translation of diagrams to factorized equations...
 Optimizing intermediate calculation...
 Number of floating-point operations per iteration step:   2.9963E+12
 Probable CPU time per iteration step (hours):     29.96
 Required memory (Mbytes):   16338.8
 Number of intermediates:                                  48
 Number of intermediates to be stored:                     20
 Length of intermediate file (Mbytes):     483.2

 ************************ 2023-08-17 09:09:20 *************************
 Executing xmrcc...

 **********************************************************************
 CC(2)(3) calculation 
 
 
 Allocation of****** Mbytes of memory...
 Number of spinorbitals:                   144
 Number of alpha electrons:                       22
 Number of beta electrons:                        22
 Spin multiplicity:                     1
 z-component of spin:  0.0
 Spatial symmetry:                      1
 Convergence criterion:  1.0E-06
 Construction of occupation graphs...
 Number of                     0 -fold excitations:                      1
 Number of                     1 -fold excitations:                   2200
 Number of                     2 -fold excitations:                1775950
 Total number of configurations:                1778151
 Calculation of coupling coefficients...
 Length of intermediate file (Mbytes):     364.0
 
 ======================================================================
 
 Spin case  1   Alpha:  0   Beta:  3
 Number of excitations:               30184000
 Spin case  2   Alpha:  1   Beta:  2
 Number of excitations:              311272500
 Number of                     3 -fold excitations:              682913000
 
 Memory requirements /Mbyte/: 
               Minimal        Optimal
 Real*8:        803.0159       916.1870
 Integer:         0.5524
 Total:         803.5683       916.7394
 

 ************************ 2023-08-17 09:09:21 *************************
 Executing mrcc...

 **********************************************************************
 CCSD(T) calculation                                                    
 
 
 OpenMP parallel version is running.
 Number of CPU cores:  36
 Allocation of  916.2 Mbytes of memory...
 Number of spinorbitals: 144
 Number of alpha electrons: 22
 Number of beta  electrons: 22
 Spin multiplicity: 1
 z-component of spin:  0.0
 Spatial symmetry: 1
 Convergence criterion:  1.0E-06
 Construction of occupation graphs...
 Number of 0-fold excitations: 1
 Number of 1-fold excitations: 2200
 Number of 2-fold excitations: 1775950
 Total number of determinants: 1778151
 Calculation of coupling coefficients...
 Initial cluster amplitudes are generated.
 Length of intermediate file (Mbytes):     364.0
 Reading integral list from unit 55...
 Sorting integrals...
 Calculation of MP denominators...
 
 Starting CC iteration...
 ======================================================================
 Norm of residual vector:     0.84262290
 CPU time [min]:     9.091                   Wall time [min]:     0.408
 
 Iteration  1  CC energy:  -579.87507967  Energy decrease:   0.31353659
 ======================================================================
 Norm of residual vector:     0.16692978
 CPU time [min]:    18.462                   Wall time [min]:     0.733
 
 Iteration  2  CC energy:  -579.86276195  Energy decrease:   0.01231773
 ======================================================================
 Norm of residual vector:     0.04992337
 CPU time [min]:    27.865                   Wall time [min]:     1.057
 
 Iteration  3  CC energy:  -579.87823331  Energy decrease:   0.01547136
 ======================================================================
 Norm of residual vector:     0.01383902
 CPU time [min]:    37.426                   Wall time [min]:     1.387
 
 Iteration  4  CC energy:  -579.88042572  Energy decrease:   0.00219240
 ======================================================================
 Norm of residual vector:     0.00619060
 CPU time [min]:    46.973                   Wall time [min]:     1.714
 
 Iteration  5  CC energy:  -579.88047233  Energy decrease:   0.00004662
 ======================================================================
 Norm of residual vector:     0.00217063
 CPU time [min]:    56.695                   Wall time [min]:     2.049
 
 Iteration  6  CC energy:  -579.88045040  Energy decrease:   0.00002194
 ======================================================================
 Norm of residual vector:     0.00100183
 CPU time [min]:    66.398                   Wall time [min]:     2.381
 
 Iteration  7  CC energy:  -579.88044215  Energy decrease:   0.00000825
 ======================================================================
 Norm of residual vector:     0.00048211
 CPU time [min]:    76.243                   Wall time [min]:     2.720
 
 Iteration  8  CC energy:  -579.88043980  Energy decrease:   0.00000235
 ======================================================================
 Norm of residual vector:     0.00021326
 CPU time [min]:    86.115                   Wall time [min]:     3.057
 
 Iteration  9  CC energy:  -579.88044588  Energy decrease:   0.00000607
 ======================================================================
 Norm of residual vector:     0.00007954
 CPU time [min]:    96.150                   Wall time [min]:     3.401
 
 Iteration 10  CC energy:  -579.88044756  Energy decrease:   0.00000168
 ======================================================================
 Norm of residual vector:     0.00003013
 CPU time [min]:   106.174                   Wall time [min]:     3.742
 
 Iteration 11  CC energy:  -579.88044697  Energy decrease:   0.00000059
 ======================================================================
 Norm of residual vector:     0.00001210
 CPU time [min]:   116.319                   Wall time [min]:     4.089
 
 Iteration 12  CC energy:  -579.88044673  Energy decrease:   0.00000023
 ======================================================================
 Norm of residual vector:     0.00000558
 CPU time [min]:   126.547                   Wall time [min]:     4.436
 
 Iteration 13  CC energy:  -579.88044679  Energy decrease:   0.00000006
 ======================================================================
 Norm of residual vector:     0.00000284
 CPU time [min]:   136.831                   Wall time [min]:     4.785
 
 Iteration 14  CC energy:  -579.88044684  Energy decrease:   0.00000005
 ======================================================================
 Norm of residual vector:     0.00000180
 CPU time [min]:   147.271                   Wall time [min]:     5.138
 
 Iteration 15  CC energy:  -579.88044683  Energy decrease:   0.00000002
 ======================================================================
 Norm of residual vector:     0.00000136
 CPU time [min]:   157.688                   Wall time [min]:     5.491
 
 Iteration 16  CC energy:  -579.88044682  Energy decrease:   0.00000001
 ======================================================================
 Norm of residual vector:     0.00000099
 CPU time [min]:   168.272                   Wall time [min]:     5.848
 
 Iteration 17  CC energy:  -579.88044683  Energy decrease:   0.00000001
 ======================================================================
 
 Iteration has converged in 17 steps.
 
 Final results:
 Total CCSD energy [au]:            -579.880446826730
 Total MP2 energy [au]:             -579.875079673319
 
 Perturbative corrections are calculated...
 ======================================================================
 Spin case  1   Alpha:  0   Beta:  3
 Number of excitations:        30184000
 CPU time [min]:   168.783                   Wall time [min]:     5.870
 ======================================================================
 Spin case  2   Alpha:  1   Beta:  2
 Number of excitations:        311272500
 CPU time [min]:   171.492                   Wall time [min]:     5.945
 ======================================================================
 Number of 3-fold excitations: 682913000
 CPU time [min]:   171.492                   Wall time [min]:     5.946
 
 Total CCSD[T] energy [au]:         -579.906701958715
 Total CCSD(T) energy [au]:         -579.901954570104
 
 ************************ 2023-08-17 09:15:18 *************************
                      Normal termination of mrcc.
 **********************************************************************
