 **********************************************************************
                          MRCC program system
 **********************************************************************
 
                              Written by
     Mihaly Kallay, Peter R. Nagy, David Mester, Laszlo Gyevi-Nagy,
        Jozsef Csoka, P. Bernat Szabo, Zoltan Rolik, Gyula Samu,
     Jozsef Csontos, Bence Hegely, Adam Ganyecz, Istvan Ladjanszki,
       Lorant Szegedy, Bence Ladoczki, Klara Petrov, Mate Farkas,
                    Pal D. Mezei, and Reka A. Horvath
 
        Department of Physical Chemistry and Materials Science
            Budapest University of Technology and Economics
                  Budapest P.O.Box 91, H-1521 Hungary
 
                              www.mrcc.hu
 
                      Release date: March 18, 2022

 ************************ 2023-08-12 01:44:24 *************************
 Executing minp...

 Reading input from MINP...
 
 Input file:
 
calc=CCSD(T)
verbosity=3
mem=1500GB
unit=angs
scfiguess=sad
ccprog=mrcc
ECP=LANL2DZ-ECP-60
basis=LANL2DZ
core=16
unit=angs
geom=xyz
    4
Au4_4
Au     1.34227618     0.43836662     1.24985019
Au     0.01522087    -0.14250087    -1.36303947
Au    -0.48346539    -1.30769546     1.36303947
Au    -1.34227618     1.30769546     0.19991232
 
 
 Checking keyword combinations...
 
 Keywords:
 
 active=none
 agrid=ld0006-ld0590
 agrid_pssp=ld0006-ld0194
 agrid_pssp_sm=ld0006-ld0074
 basis=lanl2dz
 basis_sm=none
 basopt=off
 bfbasis=none
 bfgsmem=10
 bfgstol=1.0d-3
 bpcompo=0.985
 bpcompv=0.98
 bpdfo=0.985
 bpocc=0.985
 bppdo=0.985
 bppdv=0.98
 bpedo=0.985
 bpedv=0.98
 calc=ccsd(t)
 ccmaxit=50
 ccprog=mrcc
 ccsdalg=disk
 ccsdmkl=seq
 ccsdrest=off
 ccsdthreads=2
 cctol=6
 charge=0
 cialg=disk
 ciguess=off
 cmpgrp=auto
 comprest=off
 core=16
 corembed=off
 csapprox=off
 cvs=off
 dboc=off
 delocsomofact=
 dendec=cholesky
 dens=0
 dfalg=lineq
 dfbasis_cab=none
 dfbasis_cor=none
 dfbasis_scf=none
 dfbasis_scf_sm=none
 dfintran=ovirt
 dft=off
 dhexc=adc(2)
 diag=david
 docc=
 domrad=10.d0
 drpaalg=fit
 dual=off
 dual_df=off
 ecp=lanl2dz-ecp-60
 edisp=off
 edisp_embed=off
 embed=off
 etemp=300
 epert=none
 eps=
 espcharge=off
 excrad=0.d0
 excrad_fin=0.000000000D+00
 fitting=coulomb
 fmm=off
 fmmord=8
 freq=off
 gamma=1.d0
 gauss=spher
 geom=xyz
 gopt=off
 ghost=none
 gtol=7
 grdens=off
 gridbatch_cos=2000
 grtol=10
 guido_ct=off
 hamilton=dc
 iface=none
 intalg=auto
 itol=10
 laptol=1.d-2
 lccoporder=trffirst
 lcorthr=normal
 lccrest=off
 lmp2dens=on
 lnoepso=0.d0
 lnoepsv=1e-6
 boysalg=jacobi
 localcc=off
 localcorrsymm=off
 locintrf=disk
 mact=
 maxact=off
 maxdim=100
 maxex=0
 maxmicroit=100
 mcscfiguess=hf
 mem=1500gb
 mmprog=
 molden=on
 mpitasks=1
 mulmet=0
 mult=
 nacto=0
 nactv=0
 naf_amp=1.d-2
 naf_cor=off
 naf_scf=off
 nafalg=albe
 naftyp=
 nchol=auto
 ndeps=1e-3
 nstate=1
 nsing=0
 nto=off
 ntrip=0
 occ=
 occri=off
 oniom=off
 oniom_eechg=off
 oniom_pcm=off
 oniom_qcorr=off
 optalg=
 optmaxit=50
 optetol=1e-6
 optex=0
 optgtol=1e-4
 optstol=1e-3
 orblocc=off
 orbloce=off
 orbloco=off
 orblocv=off
 orblocguess=cholesky
 osveps=1e-3
 ovirt=off
 ovltol=1e-7
 ovosnorb=80.0
 pcm=off
 popul=off
 pressure=100000
 pssp=off
 ptfreq=0.0
 ptthreads=2
 qro=off
 qscf=off
 qmmm=off
 redcost_exc=off
 redcost_tddft=off
 refdet=none
 rest=0
 rgrid=log3
 rism=off
 rohfcore=semicanonical
 rohftype=semicanonical
 scfalg=auto
 scf_conv=difficult
 scfdamp=0.0d0
 scfdamp_mode=off
 scfdamp_end=50
 scfdamp_dampstep=0.d0
 scfdamp_dtol=0.0d0
 scfdamp_maxfact=0.0d0
 scfdamp_minfact=0.0d0
 scfdiis=on
 scfdiis_dtol=0.0d0
 scfdiis_end=50
 scfdiis_start=2
 scfdiis_step=1
 scfdiis_watch=off
 scfdiis_wrange=10
 scfdiis_wlimit=5
 scfdiis_delmax=2
 scfdtol=7
 scfext=10
 scfguessdens=
 scfiguess=sad
 scfloc=off
 scflshift=0.20
 scflshift_end=8
 scflshift_dtol=0.0
 scflshift_gaptol=0.20
 scfmaxit=50
 scftype=
 scftol=6
 scspe=1.d0
 scsph=1.d0
 scsps=1.2d0
 scsps_t=1.2d0
 scspt=0.33333333333333
 scspt_t=0.33333333333333
 scspv=1.d0
 spairtol=1e-4
 sqmprog=
 subminp=top
 symm=
 talg=occ
 temp=298.15
 test=off
 theodore=off
 tlmo=0.999
 tpao=0.94
 tprint=off
 uncontract=off
 unit=angs
 usedisk=2
 verbosity=3
 wpairtol=0.100000000E-05

 ************************ 2023-08-12 01:44:25 *************************
 Executing integ...

 Allocation of 1500.0 Gbytes of memory...
 
 
 Number of atoms:                  4
 Charge:                           0
 Number of electrons:             76
 Number of core electrons:        32
 Spin multiplicity:                1
 
                 Cartesian coordinates [bohr]      Atomic mass [AMU]  Z
   1  Au    2.53653436    0.82839285    2.36187456   196.966543      79
   2  Au    0.02876328   -0.26928762   -2.57577130   196.966543      79
   3  Au   -0.91361718   -2.47118627    2.57577130   196.966543      79
   4  Au   -2.53653436    2.47118627    0.37777953   196.966543      79
 
 This molecule is an asymmetric top.
 
 Rotational constants [cm-1]: 
      0.013390086598      0.009586079657      0.009455563160
 
 Point group: C1  
 Computational point group: C1  
 
 Cartesian coordinates in standard orientation [bohr]
   1  Au    2.27932454   -1.72212867   -1.65242752
   2  Au   -2.26719807   -1.68826983    1.69453388
   3  Au    2.26933533    1.73120043    1.65074343
   4  Au   -2.28146180    1.67919807   -1.69284979
 
 Nuclear repulsion energy [au]:        405.981725271968
 
 
 Basis set information:
 
 Maximum angular momentum: g
 Maximum number of contracted Gaussians:    3
 Maximum number of primitive Gaussians:     6
 Spherical harmonic GTOs are used.
 
   1  Au lanl2dz [ 5s 6p 3d | 3s 3p 2d ]
   2  Au lanl2dz [ 5s 6p 3d | 3s 3p 2d ]
   3  Au lanl2dz [ 5s 6p 3d | 3s 3p 2d ]
   4  Au lanl2dz [ 5s 6p 3d | 3s 3p 2d ]
 
 Basis functions:
            1             2             3             4             5             6             7             8             9            10
    0    1Au1s         1Au2s         1Au3s         1Au1pz        1Au1py        1Au1px        1Au2pz        1Au2py        1Au2px        1Au3pz    
    1    1Au3py        1Au3px        1Au1d-2       1Au1d-1       1Au1d0        1Au1d+1       1Au1d+2       1Au2d-2       1Au2d-1       1Au2d0    
    2    1Au2d+1       1Au2d+2       2Au1s         2Au2s         2Au3s         2Au1pz        2Au1py        2Au1px        2Au2pz        2Au2py    
    3    2Au2px        2Au3pz        2Au3py        2Au3px        2Au1d-2       2Au1d-1       2Au1d0        2Au1d+1       2Au1d+2       2Au2d-2   
    4    2Au2d-1       2Au2d0        2Au2d+1       2Au2d+2       3Au1s         3Au2s         3Au3s         3Au1pz        3Au1py        3Au1px    
    5    3Au2pz        3Au2py        3Au2px        3Au3pz        3Au3py        3Au3px        3Au1d-2       3Au1d-1       3Au1d0        3Au1d+1   
    6    3Au1d+2       3Au2d-2       3Au2d-1       3Au2d0        3Au2d+1       3Au2d+2       4Au1s         4Au2s         4Au3s         4Au1pz    
    7    4Au1py        4Au1px        4Au2pz        4Au2py        4Au2px        4Au3pz        4Au3py        4Au3px        4Au1d-2       4Au1d-1   
    8    4Au1d0        4Au1d+1       4Au1d+2       4Au2d-2       4Au2d-1       4Au2d0        4Au2d+1       4Au2d+2   
 
 Maximum number of basis functions per shell:   10
 Total number of basis functions:     88
 
 
 Effective core potentials:
 
   1  Au lanl2dz-ecp-60      
   2  Au lanl2dz-ecp-60      
   3  Au lanl2dz-ecp-60      
   4  Au lanl2dz-ecp-60      
 
 Initializing the SAD routines for the initial guess...
 Checking the files required for the initial guess...
 Density files have not been found for the initial guess.
 Generating SCFDENSITIES.Au.lanl2dz.0
 CPU time [min]:     0.115                   Wall time [min]:     0.199
 
 Character table for point group C1:
 
          E  
    A     1
 
 Number of basis functions per irrep:
    A      88
 
 
 Calculation of overlap integrals...
 CPU time [min]:     0.115                   Wall time [min]:     0.199
 
 Calculation of the square root of the overlap matrix...
 Minimum eigenvalue of the overlap matrix: 0.269803E-02
 CPU time [min]:     0.126                   Wall time [min]:     0.200
 
 Calculation of kinetic energy integrals...
 CPU time [min]:     0.126                   Wall time [min]:     0.200
 Calculation of nuclear attraction integrals...
 CPU time [min]:     0.127                   Wall time [min]:     0.200
 Calculation of core potential integrals...
 CPU time [min]:     0.255                   Wall time [min]:     0.228
 
 Calculation of prescreening integrals...
 CPU time [min]:     0.294                   Wall time [min]:     0.229
 
 Calculation of two-electron integrals...
   1% done.
  17% done.
  32% done.
  62% done.
 100% done.
 CPU time [min]:     1.631                   Wall time [min]:     0.267

 ************************ 2023-08-12 01:44:41 *************************
 Executing scf...

 @scfsetup: integrals taken from disk
            mrcc/integ binary format
 @scfsetup: calculating on full matrices
            not using symmetry adapted basis
 @scfsetup: diis switched on
 @scfsetup: number of steps to extrapolate from  10
 @scfsetup: tolerance in energy deviation    0.100000E-05
            tolerance in density deviation    0.100000E-06
 @scfsetup: maximum number of iterations:  50
 @scfsetup: restricted closed shell hf calc
 @scfsetup: starting scf from superposition of atomic densities
 @scfsetup: occupation set:
            from initial orbitals
 @scfsetup: Parameter-set for SCF acceleration: difficult
 @scfsetup: diis runs from iteration:   2
 @scfsetup: diis runs to iteration:  50
 @scfsetup: diis runs in every iteration
 @scfsetup: diiswatch is disabled                   
 @scfsetup: diis dtol criteria to switch on:      0.0000E+00
           (or the iteration number below is reached)
 @scfsetup: damping is turned off.
 @scfsetup: dynamic level shifting
            tolarance in HOMO-LUMO gap:  0.200
            tolarance in density deviation:     0.0000E+00
            iteration step criteria to turn level shifting off: 8
 Allocation of 1500.0 Gbytes of memory...
 ======================================================================
 ITERATION STEP   1
 CPU time [min]:     0.018                   Wall time [min]:     0.004
 

 SCF control                  : initial
 Damping factor/level shift   : 0.000/0.200
 DIIS [start/end/frequency]   :   2 / 50 /  1

 Gradient norm:      5.9485E-01
 RMS of [F,P]:                                         0.02335796171353
 RMS of difference density:                            0.03928915217067
 Gap [au]:  0.13845952
 ALPHA OCC:  38
 BETA  OCC:  38
 
 ***HARTREE-FOCK ENERGY IN STEP   1 IS       -537.1895042595392624 [AU]
 ======================================================================
 ITERATION STEP   2
 CPU time [min]:     0.107                   Wall time [min]:     0.006
 

 SCF control                  : diis
 Damping factor/level shift   : 0.000/0.200
 DIIS [start/end/frequency]   :   2 / 50 /  1

 Gradient norm:      2.1764E-01
 DIIS is running in this iteration step.
 RMS of [F,P]:                                         0.01118040510753
 RMS of difference density:                            0.01742415893388
 Gap [au]:  0.18656336
 ALPHA OCC:  38
 BETA  OCC:  38
 
 ***HARTREE-FOCK ENERGY IN STEP   2 IS       -538.0208034668019081 [AU]
 
 Step comparison  Energy Drift [au]  DIIS error drift  Gradient drift
        1            8.3130E-01         1.2178E-02       3.7721E-01
        2            5.3802E+02         1.0000E-07       3.7721E-01
 ======================================================================
 ITERATION STEP   3
 CPU time [min]:     0.192                   Wall time [min]:     0.009
 

 SCF control                  : diis
 Damping factor/level shift   : 0.000/0.200
 DIIS [start/end/frequency]   :   2 / 50 /  1

 Gradient norm:      5.7043E-02
 DIIS is running in this iteration step.
 RMS of [F,P]:                                         0.00279517699798
 RMS of difference density:                            0.00316576165292
 Gap [au]:  0.18097310
 ALPHA OCC:  38
 BETA  OCC:  38
 
 ***HARTREE-FOCK ENERGY IN STEP   3 IS       -538.1288789946854649 [AU]
 
 Step comparison  Energy Drift [au]  DIIS error drift  Gradient drift
        2            1.0808E-01         8.3852E-03       1.6060E-01
 ======================================================================
 ITERATION STEP   4
 CPU time [min]:     0.276                   Wall time [min]:     0.011
 

 SCF control                  : diis
 Damping factor/level shift   : 0.000/0.200
 DIIS [start/end/frequency]   :   2 / 50 /  1

 Gradient norm:      1.8402E-02
 DIIS is running in this iteration step.
 RMS of [F,P]:                                         0.00061608328010
 RMS of difference density:                            0.00144283854229
 Gap [au]:  0.18277821
 ALPHA OCC:  38
 BETA  OCC:  38
 
 ***HARTREE-FOCK ENERGY IN STEP   4 IS       -538.1377660889077106 [AU]
 
 Step comparison  Energy Drift [au]  DIIS error drift  Gradient drift
        3            8.8871E-03         2.1791E-03       3.8641E-02
 ======================================================================
 ITERATION STEP   5
 CPU time [min]:     0.360                   Wall time [min]:     0.013
 

 SCF control                  : diis
 Damping factor/level shift   : 0.000/0.200
 DIIS [start/end/frequency]   :   2 / 50 /  1

 Gradient norm:      1.2071E-02
 DIIS is running in this iteration step.
 RMS of [F,P]:                                         0.00022829736229
 RMS of difference density:                            0.00072217136658
 Gap [au]:  0.18367298
 ALPHA OCC:  38
 BETA  OCC:  38
 
 ***HARTREE-FOCK ENERGY IN STEP   5 IS       -538.1391058832059571 [AU]
 
 Step comparison  Energy Drift [au]  DIIS error drift  Gradient drift
        4            1.3398E-03         3.8779E-04       6.3308E-03
 ======================================================================
 ITERATION STEP   6
 CPU time [min]:     0.444                   Wall time [min]:     0.016
 

 SCF control                  : diis
 Damping factor/level shift   : 0.000/0.200
 DIIS [start/end/frequency]   :   2 / 50 /  1

 Gradient norm:      7.0721E-03
 DIIS is running in this iteration step.
 RMS of [F,P]:                                         0.00011288752541
 RMS of difference density:                            0.00041483052236
 Gap [au]:  0.18406065
 ALPHA OCC:  38
 BETA  OCC:  38
 
 ***HARTREE-FOCK ENERGY IN STEP   6 IS       -538.1394175415275640 [AU]
 
 Step comparison  Energy Drift [au]  DIIS error drift  Gradient drift
        5            3.1166E-04         1.1541E-04       4.9991E-03
 ======================================================================
 ITERATION STEP   7
 CPU time [min]:     0.529                   Wall time [min]:     0.018
 

 SCF control                  : diis
 Damping factor/level shift   : 0.000/0.200
 DIIS [start/end/frequency]   :   2 / 50 /  1

 Gradient norm:      3.7619E-03
 DIIS is running in this iteration step.
 RMS of [F,P]:                                         0.00005079183630
 RMS of difference density:                            0.00018721038420
 Gap [au]:  0.18421782
 ALPHA OCC:  38
 BETA  OCC:  38
 
 ***HARTREE-FOCK ENERGY IN STEP   7 IS       -538.1395148645722202 [AU]
 
 Step comparison  Energy Drift [au]  DIIS error drift  Gradient drift
        6            9.7323E-05         6.2096E-05       3.3103E-03
 ======================================================================
 ITERATION STEP   8
 CPU time [min]:     0.614                   Wall time [min]:     0.020
 

 SCF control                  : diis
 Damping factor/level shift   : 0.000/0.200
 DIIS [start/end/frequency]   :   2 / 50 /  1

 Gradient norm:      1.9342E-03
 DIIS is running in this iteration step.
 RMS of [F,P]:                                         0.00002392155123
 RMS of difference density:                            0.00009649748856
 Gap [au]:  0.18429675
 ALPHA OCC:  38
 BETA  OCC:  38
 
 ***HARTREE-FOCK ENERGY IN STEP   8 IS       -538.1395368312714709 [AU]
 
 Step comparison  Energy Drift [au]  DIIS error drift  Gradient drift
        7            2.1967E-05         2.6870E-05       1.8277E-03
 ======================================================================
 ITERATION STEP   9
 CPU time [min]:     0.729                   Wall time [min]:     0.024
 

 SCF control                  : diis
 Damping factor/level shift   : 0.000/0.000
 DIIS [start/end/frequency]   :   2 / 50 /  1

 Gradient norm:      9.3618E-04
 DIIS is running in this iteration step.
 RMS of [F,P]:                                         0.00001089819310
 RMS of difference density:                            0.00006712532078
 Gap [au]:  0.18430222
 ALPHA OCC:  38
 BETA  OCC:  38
 
 ***HARTREE-FOCK ENERGY IN STEP   9 IS       -538.1395420616627234 [AU]
 
 Step comparison  Energy Drift [au]  DIIS error drift  Gradient drift
        8            5.2304E-06         1.3023E-05       9.9799E-04
 ======================================================================
 ITERATION STEP  10
 CPU time [min]:     0.818                   Wall time [min]:     0.026
 

 SCF control                  : diis
 Damping factor/level shift   : 0.000/0.000
 DIIS [start/end/frequency]   :   2 / 50 /  1

 Gradient norm:      1.3388E-04
 DIIS is running in this iteration step.
 RMS of [F,P]:                                         0.00000233777748
 RMS of difference density:                            0.00000925999840
 Gap [au]:  0.18429902
 ALPHA OCC:  38
 BETA  OCC:  38
 
 ***HARTREE-FOCK ENERGY IN STEP  10 IS       -538.1395432232764051 [AU]
 
 Step comparison  Energy Drift [au]  DIIS error drift  Gradient drift
        9            1.1616E-06         8.5604E-06       8.0230E-04
 ======================================================================
 ITERATION STEP  11
 CPU time [min]:     0.902                   Wall time [min]:     0.029
 

 SCF control                  : diis
 Damping factor/level shift   : 0.000/0.000
 DIIS [start/end/frequency]   :   2 / 50 /  1

 Gradient norm:      2.5968E-05
 DIIS is running in this iteration step.
 RMS of [F,P]:                                         0.00000061811091
 RMS of difference density:                            0.00000202481103
 Gap [au]:  0.18430108
 ALPHA OCC:  38
 BETA  OCC:  38
 
 ***HARTREE-FOCK ENERGY IN STEP  11 IS       -538.1395432524177522 [AU]
 
 Step comparison  Energy Drift [au]  DIIS error drift  Gradient drift
       10            2.9141E-08         1.7197E-06       1.0791E-04
 ======================================================================
 ITERATION STEP  12
 CPU time [min]:     0.986                   Wall time [min]:     0.031
 

 SCF control                  : diis
 Damping factor/level shift   : 0.000/0.000
 DIIS [start/end/frequency]   :   2 / 50 /  1

 Gradient norm:      7.5492E-06
 DIIS is running in this iteration step.
 RMS of [F,P]:                                         0.00000020792721
 RMS of difference density:                            0.00000101824467
 Gap [au]:  0.18430097
 ALPHA OCC:  38
 BETA  OCC:  38
 
 ***HARTREE-FOCK ENERGY IN STEP  12 IS       -538.1395432549147699 [AU]
 
 Step comparison  Energy Drift [au]  DIIS error drift  Gradient drift
       11            2.4970E-09         4.1018E-07       1.8419E-05
 ======================================================================
 ITERATION STEP  13
 CPU time [min]:     1.070                   Wall time [min]:     0.033
 

 SCF control                  : diis
 Damping factor/level shift   : 0.000/0.000
 DIIS [start/end/frequency]   :   2 / 50 /  1

 Gradient norm:      2.2916E-06
 DIIS is running in this iteration step.
 RMS of [F,P]:                                         0.00000006700866
 RMS of difference density:                            0.00000026324331
 Gap [au]:  0.18430103
 ALPHA OCC:  38
 BETA  OCC:  38
 
 ***HARTREE-FOCK ENERGY IN STEP  13 IS       -538.1395432552808415 [AU]
 
 Step comparison  Energy Drift [au]  DIIS error drift  Gradient drift
       12            3.6607E-10         1.4092E-07       5.2576E-06
 ======================================================================
 ITERATION STEP  14
 CPU time [min]:     1.154                   Wall time [min]:     0.036
 

 SCF control                  : diis
 Damping factor/level shift   : 0.000/0.000
 DIIS [start/end/frequency]   :   2 / 50 /  1

 Gradient norm:      1.2335E-06
 DIIS is running in this iteration step.
 RMS of [F,P]:                                         0.00000003257590
 RMS of difference density:                            0.00000012835391
 Gap [au]:  0.18430103
 ALPHA OCC:  38
 BETA  OCC:  38
 
 ***HARTREE-FOCK ENERGY IN STEP  14 IS       -538.1395432553081264 [AU]
 
 Step comparison  Energy Drift [au]  DIIS error drift  Gradient drift
       13            2.7285E-11         3.4433E-08       1.0581E-06
 ======================================================================
 ITERATION STEP  15
 CPU time [min]:     1.239                   Wall time [min]:     0.038
 

 SCF control                  : diis
 Damping factor/level shift   : 0.000/0.000
 DIIS [start/end/frequency]   :   2 / 50 /  1

 Gradient norm:      9.1775E-07
 DIIS is running in this iteration step.
 RMS of [F,P]:                                         0.00000001334959
 RMS of difference density:                            0.00000005828411
 Gap [au]:  0.18430106
 ALPHA OCC:  38
 BETA  OCC:  38
 
 ***HARTREE-FOCK ENERGY IN STEP  15 IS       -538.1395432553154023 [AU]
 
 Step comparison  Energy Drift [au]  DIIS error drift  Gradient drift
       14            7.2760E-12         1.9226E-08       3.1574E-07
 ======================================================================
 
 SUCCESS...
 THE SCF ITERATION HAS CONVERGED!
 
                   A   
 FINAL ALPHA OCC:  38
 FINAL BETA  OCC:  38
 
 ***FINAL HARTREE-FOCK ENERGY:       -538.1395432553154023 [AU]
 
 Orbital energies [au]:
      Irrep         Alpha          Beta
    1   A         -4.709499      -4.709499
    2   A         -4.709377      -4.709377
    3   A         -4.708628      -4.708628
    4   A         -4.708622      -4.708622
    5   A         -2.712908      -2.712908
    6   A         -2.711748      -2.711748
    7   A         -2.698601      -2.698601
    8   A         -2.698515      -2.698515
    9   A         -2.698420      -2.698420
   10   A         -2.696919      -2.696919
   11   A         -2.696804      -2.696804
   12   A         -2.696767      -2.696767
   13   A         -2.695856      -2.695856
   14   A         -2.695665      -2.695665
   15   A         -2.695034      -2.695034
   16   A         -2.695002      -2.695002
   17   A         -0.541665      -0.541665
   18   A         -0.520390      -0.520390
   19   A         -0.518771      -0.518771
   20   A         -0.507362      -0.507362
   21   A         -0.507245      -0.507245
   22   A         -0.487200      -0.487200
   23   A         -0.473240      -0.473240
   24   A         -0.472913      -0.472913
   25   A         -0.471453      -0.471453
   26   A         -0.452553      -0.452553
   27   A         -0.450194      -0.450194
   28   A         -0.442265      -0.442265
   29   A         -0.441625      -0.441625
   30   A         -0.428392      -0.428392
   31   A         -0.428332      -0.428332
   32   A         -0.427176      -0.427176
   33   A         -0.426820      -0.426820
   34   A         -0.416925      -0.416925
   35   A         -0.401257      -0.401257
   36   A         -0.399993      -0.399993
   37   A         -0.375968      -0.375968
   38   A         -0.210210      -0.210210
 
   39   A         -0.025909      -0.025909
   40   A         -0.024596      -0.024596
   41   A          0.044724       0.044724
   42   A          0.058475       0.058475
   43   A          0.059037       0.059037
   44   A          0.060653       0.060653
   45   A          0.063032       0.063032
   46   A          0.069890       0.069890
   47   A          0.093217       0.093217
   48   A          0.102054       0.102054
   49   A          0.103020       0.103020
   50   A          0.108789       0.108789
   51   A          0.113030       0.113030
   52   A          0.113066       0.113066
   53   A          0.166949       0.166949
   54   A          0.197524       0.197524
   55   A          0.198165       0.198165
   56   A          0.205383       0.205383
   57   A          0.207131       0.207131
   58   A          0.236975       0.236975
   59   A          0.332742       0.332742
   60   A          0.342367       0.342367
   61   A          0.345189       0.345189
   62   A          0.397290       0.397290
   63   A          0.448885       0.448885
   64   A          0.451354       0.451354
   65   A          0.481722       0.481722
   66   A          0.527225       0.527225
   67   A          0.530884       0.530884
   68   A          0.535371       0.535371
   69   A          0.607987       0.607987
   70   A          0.626362       0.626362
   71   A          0.626428       0.626428
   72   A          0.629649       0.629649
   73   A          0.646446       0.646446
   74   A          0.696857       0.696857
   75   A          0.707418       0.707418
   76   A          0.709175       0.709175
   77   A          0.720924       0.720924
   78   A          0.740824       0.740824
   79   A          0.773911       0.773911
   80   A          0.783666       0.783666
   81   A          0.789003       0.789003
   82   A          0.804277       0.804277
   83   A          0.891263       0.891263
   84   A          0.894895       0.894895
   85   A          4.568457       4.568457
   86   A          6.497686       6.497686
   87   A          6.560879       6.560879
   88   A          8.938903       8.938903
 
 RETURNING FROM SCF ALGORITHM
 ======================================================================

 ************************ 2023-08-12 01:44:43 *************************
 Executing ovirt...

 ovirt, the routine of orbital optimization and integral transformation 
Sat Aug 12 01:44:43 BST 2023
 memory =                1536000  Mb          201326592000  8 byte word
 mrccboot = T
 scftype  = rhf  
 localcc  = off 
 core     = 16    
 ovirt    = off  
 ccprog   = mrcc
 dfnbasis =                      0
 dfbasis_cor =none                
 lmp2dens = on 
 dens =                      0
 verblev =                      3
 task     =                      4
 epsilon =   0.000000000000000E+000
 lmp2= on 
 localNO  =  F
 localMP2 =  F
 localMP2_TEST =  F
 LMP2_shortcut =  F
 FOCKTR   =  T
 Allocated memory:                 1536000  Mb
 onbasis=                    88
 RHF calculation! 
 integral transforamtion: AOs ------ MOs
 # of basis functions, # of int. blocks    88     1
100 % 
 second part
100 %
 integral transformation is completed! 
CPU and WC time          69.52           4.38     AOs -> MOs 
 occupied and 
     1 -0.5416654315
     2 -0.5203899761
     3 -0.5187713665
     4 -0.5073623950
     5 -0.5072451790
     6 -0.4872002643
     7 -0.4732404885
     8 -0.4729128389
     9 -0.4714534799
    10 -0.4525529590
    11 -0.4501943147
    12 -0.4422647480
    13 -0.4416249152
    14 -0.4283915438
    15 -0.4283316527
    16 -0.4271762064
    17 -0.4268199731
    18 -0.4169254702
    19 -0.4012570131
    20 -0.3999926562
    21 -0.3759684092
    22 -0.2102097128
               virtual energies 
    23 -0.0259086552
    24 -0.0245964292
    25  0.0447242462
    26  0.0584753331
    27  0.0590373296
    28  0.0606526216
    29  0.0630317850
    30  0.0698897350
    31  0.0932165487
    32  0.1020544883
    33  0.1030199626
    34  0.1087887368
    35  0.1130301031
    36  0.1130657425
    37  0.1669489577
    38  0.1975243060
    39  0.1981649198
    40  0.2053826674
    41  0.2071305879
    42  0.2369748098
    43  0.3327418247
    44  0.3423665951
    45  0.3451888886
    46  0.3972898971
    47  0.4488854467
    48  0.4513542583
    49  0.4817216161
    50  0.5272253161
    51  0.5308839406
    52  0.5353705370
    53  0.6079866847
    54  0.6263620203
    55  0.6264282005
    56  0.6296486681
    57  0.6464460316
    58  0.6968567306
    59  0.7074179026
    60  0.7091754954
    61  0.7209238819
    62  0.7408237099
    63  0.7739107456
    64  0.7836662883
    65  0.7890032967
    66  0.8042768701
    67  0.8912631563
    68  0.8948945648
    69  4.5684568063
    70  6.4976856937
    71  6.5608793291
    72  8.9389033300
 inttol =   1.000000000000000E-010   10.0000000000000     
Integrals are written to fort.55
Sat Aug 12 01:44:54 BST 2023
  ovirt terminated normally 

 ************************ 2023-08-12 01:44:54 *************************
 Executing goldstone...

 Generation of CC equations in terms of H and T...
 Generation of antisymmetrized Goldstone diagrams...
 Number of diagrams in T^1 equations:    15
 Number of diagrams in T^2 equations:    33
 Number of diagrams in T^3 equations:     2
 Translation of diagrams to factorized equations...
 Optimizing intermediate calculation...
 Number of floating-point operations per iteration step:   2.9963E+12
 Probable CPU time per iteration step (hours):     29.96
 Required memory (Mbytes):   16338.8
 Number of intermediates:                                  48
 Number of intermediates to be stored:                     20
 Length of intermediate file (Mbytes):     483.2

 ************************ 2023-08-12 01:44:54 *************************
 Executing xmrcc...

 **********************************************************************
 CC(2)(3) calculation 
 
 
 Allocation of****** Mbytes of memory...
 Number of spinorbitals:                   144
 Number of alpha electrons:                       22
 Number of beta electrons:                        22
 Spin multiplicity:                     1
 z-component of spin:  0.0
 Spatial symmetry:                      1
 Convergence criterion:  1.0E-06
 Construction of occupation graphs...
 Number of                     0 -fold excitations:                      1
 Number of                     1 -fold excitations:                   2200
 Number of                     2 -fold excitations:                1775950
 Total number of configurations:                1778151
 Calculation of coupling coefficients...
 Length of intermediate file (Mbytes):     364.0
 
 ======================================================================
 
 Spin case  1   Alpha:  0   Beta:  3
 Number of excitations:               30184000
 Spin case  2   Alpha:  1   Beta:  2
 Number of excitations:              311272500
 Number of                     3 -fold excitations:              682913000
 
 Memory requirements /Mbyte/: 
               Minimal        Optimal
 Real*8:        803.0159       916.1870
 Integer:         0.5524
 Total:         803.5683       916.7394
 

 ************************ 2023-08-12 01:44:55 *************************
 Executing mrcc...

 **********************************************************************
 CCSD(T) calculation                                                    
 
 
 OpenMP parallel version is running.
 Number of CPU cores:  36
 Allocation of  916.2 Mbytes of memory...
 Number of spinorbitals: 144
 Number of alpha electrons: 22
 Number of beta  electrons: 22
 Spin multiplicity: 1
 z-component of spin:  0.0
 Spatial symmetry: 1
 Convergence criterion:  1.0E-06
 Construction of occupation graphs...
 Number of 0-fold excitations: 1
 Number of 1-fold excitations: 2200
 Number of 2-fold excitations: 1775950
 Total number of determinants: 1778151
 Calculation of coupling coefficients...
 Initial cluster amplitudes are generated.
 Length of intermediate file (Mbytes):     364.0
 Reading integral list from unit 55...
 Sorting integrals...
 Calculation of MP denominators...
 
 Starting CC iteration...
 ======================================================================
 Norm of residual vector:     0.71875365
 CPU time [min]:     9.181                   Wall time [min]:     0.420
 
 Iteration  1  CC energy:  -538.42948589  Energy decrease:   0.28994264
 ======================================================================
 Norm of residual vector:     0.16387404
 CPU time [min]:    18.599                   Wall time [min]:     0.748
 
 Iteration  2  CC energy:  -538.42022951  Energy decrease:   0.00925638
 ======================================================================
 Norm of residual vector:     0.05604834
 CPU time [min]:    28.100                   Wall time [min]:     1.079
 
 Iteration  3  CC energy:  -538.43833047  Energy decrease:   0.01810095
 ======================================================================
 Norm of residual vector:     0.01784831
 CPU time [min]:    37.681                   Wall time [min]:     1.412
 
 Iteration  4  CC energy:  -538.44066707  Energy decrease:   0.00233660
 ======================================================================
 Norm of residual vector:     0.00951896
 CPU time [min]:    47.352                   Wall time [min]:     1.748
 
 Iteration  5  CC energy:  -538.44107054  Energy decrease:   0.00040347
 ======================================================================
 Norm of residual vector:     0.00408800
 CPU time [min]:    57.088                   Wall time [min]:     2.086
 
 Iteration  6  CC energy:  -538.44116048  Energy decrease:   0.00008994
 ======================================================================
 Norm of residual vector:     0.00211803
 CPU time [min]:    66.914                   Wall time [min]:     2.426
 
 Iteration  7  CC energy:  -538.44116596  Energy decrease:   0.00000548
 ======================================================================
 Norm of residual vector:     0.00110514
 CPU time [min]:    76.845                   Wall time [min]:     2.768
 
 Iteration  8  CC energy:  -538.44115237  Energy decrease:   0.00001359
 ======================================================================
 Norm of residual vector:     0.00059442
 CPU time [min]:    86.806                   Wall time [min]:     3.110
 
 Iteration  9  CC energy:  -538.44116714  Energy decrease:   0.00001477
 ======================================================================
 Norm of residual vector:     0.00030035
 CPU time [min]:    96.903                   Wall time [min]:     3.457
 
 Iteration 10  CC energy:  -538.44117080  Energy decrease:   0.00000366
 ======================================================================
 Norm of residual vector:     0.00014615
 CPU time [min]:   106.994                   Wall time [min]:     3.803
 
 Iteration 11  CC energy:  -538.44116553  Energy decrease:   0.00000527
 ======================================================================
 Norm of residual vector:     0.00006296
 CPU time [min]:   117.290                   Wall time [min]:     4.156
 
 Iteration 12  CC energy:  -538.44116398  Energy decrease:   0.00000155
 ======================================================================
 Norm of residual vector:     0.00003248
 CPU time [min]:   127.530                   Wall time [min]:     4.507
 
 Iteration 13  CC energy:  -538.44116462  Energy decrease:   0.00000064
 ======================================================================
 Norm of residual vector:     0.00001655
 CPU time [min]:   137.941                   Wall time [min]:     4.862
 
 Iteration 14  CC energy:  -538.44116493  Energy decrease:   0.00000031
 ======================================================================
 Norm of residual vector:     0.00000869
 CPU time [min]:   148.356                   Wall time [min]:     5.217
 
 Iteration 15  CC energy:  -538.44116474  Energy decrease:   0.00000018
 ======================================================================
 Norm of residual vector:     0.00000450
 CPU time [min]:   158.901                   Wall time [min]:     5.577
 
 Iteration 16  CC energy:  -538.44116471  Energy decrease:   0.00000003
 ======================================================================
 Norm of residual vector:     0.00000215
 CPU time [min]:   169.470                   Wall time [min]:     5.936
 
 Iteration 17  CC energy:  -538.44116475  Energy decrease:   0.00000003
 ======================================================================
 Norm of residual vector:     0.00000108
 CPU time [min]:   180.197                   Wall time [min]:     6.302
 
 Iteration 18  CC energy:  -538.44116474  Energy decrease:   3.9705E-09
 ======================================================================
 Norm of residual vector:     0.00000062
 CPU time [min]:   190.934                   Wall time [min]:     6.666
 
 Iteration 19  CC energy:  -538.44116473  Energy decrease:   0.00000001
 ======================================================================
 
 Iteration has converged in 19 steps.
 
 Final results:
 Total CCSD energy [au]:            -538.441164734742
 Total MP2 energy [au]:             -538.429485893686
 
 Perturbative corrections are calculated...
 ======================================================================
 Spin case  1   Alpha:  0   Beta:  3
 Number of excitations:        30184000
 CPU time [min]:   191.440                   Wall time [min]:     6.688
 ======================================================================
 Spin case  2   Alpha:  1   Beta:  2
 Number of excitations:        311272500
 CPU time [min]:   194.272                   Wall time [min]:     6.768
 ======================================================================
 Number of 3-fold excitations: 682913000
 CPU time [min]:   194.272                   Wall time [min]:     6.768
 
 Total CCSD[T] energy [au]:         -538.474383761855
 Total CCSD(T) energy [au]:         -538.467375748901
 
 ************************ 2023-08-12 01:51:42 *************************
                      Normal termination of mrcc.
 **********************************************************************
