 **********************************************************************
                          MRCC program system
 **********************************************************************
 
                              Written by
     Mihaly Kallay, Peter R. Nagy, David Mester, Laszlo Gyevi-Nagy,
        Jozsef Csoka, P. Bernat Szabo, Zoltan Rolik, Gyula Samu,
     Jozsef Csontos, Bence Hegely, Adam Ganyecz, Istvan Ladjanszki,
       Lorant Szegedy, Bence Ladoczki, Klara Petrov, Mate Farkas,
                    Pal D. Mezei, and Reka A. Horvath
 
        Department of Physical Chemistry and Materials Science
            Budapest University of Technology and Economics
                  Budapest P.O.Box 91, H-1521 Hungary
 
                              www.mrcc.hu
 
                      Release date: March 18, 2022

 ************************ 2023-08-20 19:23:37 *************************
 Executing minp...

 Reading input from MINP...
 
 Input file:
 
calc=CCSDT(Q)
verbosity=3
mem=1500GB
unit=angs
scfiguess=sad
ccprog=mrcc
ECP=MCDHF-ECP-10
basis=def2-SV(P)
core=16
unit=angs
geom=xyz
    4
Cu4_2
Cu    -0.79550424     2.19091526    -0.08195085
Cu    -1.03012119    -2.19091526    -0.91001768
Cu    -0.43608716    -0.14643675    -0.22475424
Cu     1.03012119     1.32773866     0.91001768
 
 
 Checking keyword combinations...
 
 Keywords:
 
 active=none
 agrid=ld0006-ld0590
 agrid_pssp=ld0006-ld0194
 agrid_pssp_sm=ld0006-ld0074
 basis=def2-sv(p)
 basis_sm=none
 basopt=off
 bfbasis=none
 bfgsmem=10
 bfgstol=1.0d-3
 bpcompo=0.985
 bpcompv=0.98
 bpdfo=0.985
 bpocc=0.985
 bppdo=0.985
 bppdv=0.98
 bpedo=0.985
 bpedv=0.98
 calc=ccsdt(q)
 ccmaxit=50
 ccprog=mrcc
 ccsdalg=disk
 ccsdmkl=seq
 ccsdrest=off
 ccsdthreads=2
 cctol=6
 charge=0
 cialg=disk
 ciguess=off
 cmpgrp=auto
 comprest=off
 core=16
 corembed=off
 csapprox=off
 cvs=off
 dboc=off
 delocsomofact=
 dendec=cholesky
 dens=0
 dfalg=lineq
 dfbasis_cab=none
 dfbasis_cor=none
 dfbasis_scf=none
 dfbasis_scf_sm=none
 dfintran=ovirt
 dft=off
 dhexc=adc(2)
 diag=david
 docc=
 domrad=10.d0
 drpaalg=fit
 dual=off
 dual_df=off
 ecp=mcdhf-ecp-10
 edisp=off
 edisp_embed=off
 embed=off
 etemp=300
 epert=none
 eps=
 espcharge=off
 excrad=0.d0
 excrad_fin=0.000000000D+00
 fitting=coulomb
 fmm=off
 fmmord=8
 freq=off
 gamma=1.d0
 gauss=spher
 geom=xyz
 gopt=off
 ghost=none
 gtol=7
 grdens=off
 gridbatch_cos=2000
 grtol=10
 guido_ct=off
 hamilton=dc
 iface=none
 intalg=auto
 itol=10
 laptol=1.d-2
 lccoporder=trffirst
 lcorthr=normal
 lccrest=off
 lmp2dens=on
 lnoepso=0.d0
 lnoepsv=1e-6
 boysalg=jacobi
 localcc=off
 localcorrsymm=off
 locintrf=disk
 mact=
 maxact=off
 maxdim=100
 maxex=0
 maxmicroit=100
 mcscfiguess=hf
 mem=1500gb
 mmprog=
 molden=on
 mpitasks=1
 mulmet=0
 mult=
 nacto=0
 nactv=0
 naf_amp=1.d-2
 naf_cor=off
 naf_scf=off
 nafalg=albe
 naftyp=
 nchol=auto
 ndeps=1e-3
 nstate=1
 nsing=0
 nto=off
 ntrip=0
 occ=
 occri=off
 oniom=off
 oniom_eechg=off
 oniom_pcm=off
 oniom_qcorr=off
 optalg=
 optmaxit=50
 optetol=1e-6
 optex=0
 optgtol=1e-4
 optstol=1e-3
 orblocc=off
 orbloce=off
 orbloco=off
 orblocv=off
 orblocguess=cholesky
 osveps=1e-3
 ovirt=off
 ovltol=1e-7
 ovosnorb=80.0
 pcm=off
 popul=off
 pressure=100000
 pssp=off
 ptfreq=0.0
 ptthreads=2
 qro=off
 qscf=off
 qmmm=off
 redcost_exc=off
 redcost_tddft=off
 refdet=none
 rest=0
 rgrid=log3
 rism=off
 rohfcore=semicanonical
 rohftype=semicanonical
 scfalg=auto
 scf_conv=difficult
 scfdamp=0.0d0
 scfdamp_mode=off
 scfdamp_end=50
 scfdamp_dampstep=0.d0
 scfdamp_dtol=0.0d0
 scfdamp_maxfact=0.0d0
 scfdamp_minfact=0.0d0
 scfdiis=on
 scfdiis_dtol=0.0d0
 scfdiis_end=50
 scfdiis_start=2
 scfdiis_step=1
 scfdiis_watch=off
 scfdiis_wrange=10
 scfdiis_wlimit=5
 scfdiis_delmax=2
 scfdtol=7
 scfext=10
 scfguessdens=
 scfiguess=sad
 scfloc=off
 scflshift=0.20
 scflshift_end=8
 scflshift_dtol=0.0
 scflshift_gaptol=0.20
 scfmaxit=50
 scftype=
 scftol=6
 scspe=1.d0
 scsph=1.d0
 scsps=1.2d0
 scsps_t=1.2d0
 scspt=0.33333333333333
 scspt_t=0.33333333333333
 scspv=1.d0
 spairtol=1e-4
 sqmprog=
 subminp=top
 symm=
 talg=occ
 temp=298.15
 test=off
 theodore=off
 tlmo=0.999
 tpao=0.94
 tprint=off
 uncontract=off
 unit=angs
 usedisk=2
 verbosity=3
 wpairtol=0.100000000E-05

 ************************ 2023-08-20 19:23:38 *************************
 Executing integ...

 Allocation of 1500.0 Gbytes of memory...
 
 
 Number of atoms:                  4
 Charge:                           0
 Number of electrons:             76
 Number of core electrons:        32
 Spin multiplicity:                1
 
                 Cartesian coordinates [bohr]      Atomic mass [AMU]  Z
   1  Cu   -1.50328515    4.14022981   -0.15486466    62.929599      29
   2  Cu   -1.94664693   -4.14022981   -1.71968418    62.929599      29
   3  Cu   -0.82408530   -0.27672535   -0.42472396    62.929599      29
   4  Cu    1.94664693    2.50906243    1.71968418    62.929599      29
 
 This molecule is an asymmetric top.
 This molecule is planar.
 
 Rotational constants [cm-1]: 
      0.105840237448      0.020992532784      0.017517985710
 
 Point group: C1  
 Computational point group: C1  
 
 Cartesian coordinates in standard orientation [bohr]
   1  Cu    3.02689208   -2.12575790    0.00003506
   2  Cu   -5.13972763   -0.00030177    0.00006538
   3  Cu   -0.91317667    0.00015074   -0.00013551
   4  Cu    3.02601221    2.12590893    0.00003508
 
 Nuclear repulsion energy [au]:        417.165650803070
 
 
 Basis set information:
 
 Maximum angular momentum: g
 Maximum number of contracted Gaussians:    5
 Maximum number of primitive Gaussians:    14
 Spherical harmonic GTOs are used.
 
   1  Cu def2-sv(p) [ 14s 9p 5d | 5s 3p 2d ]
   2  Cu def2-sv(p) [ 14s 9p 5d | 5s 3p 2d ]
   3  Cu def2-sv(p) [ 14s 9p 5d | 5s 3p 2d ]
   4  Cu def2-sv(p) [ 14s 9p 5d | 5s 3p 2d ]
 
 Basis functions:
            1             2             3             4             5             6             7             8             9            10
    0    1Cu1s         1Cu2s         1Cu3s         1Cu4s         1Cu5s         1Cu1pz        1Cu1py        1Cu1px        1Cu2pz        1Cu2py    
    1    1Cu2px        1Cu3pz        1Cu3py        1Cu3px        1Cu1d-2       1Cu1d-1       1Cu1d0        1Cu1d+1       1Cu1d+2       1Cu2d-2   
    2    1Cu2d-1       1Cu2d0        1Cu2d+1       1Cu2d+2       2Cu1s         2Cu2s         2Cu3s         2Cu4s         2Cu5s         2Cu1pz    
    3    2Cu1py        2Cu1px        2Cu2pz        2Cu2py        2Cu2px        2Cu3pz        2Cu3py        2Cu3px        2Cu1d-2       2Cu1d-1   
    4    2Cu1d0        2Cu1d+1       2Cu1d+2       2Cu2d-2       2Cu2d-1       2Cu2d0        2Cu2d+1       2Cu2d+2       3Cu1s         3Cu2s     
    5    3Cu3s         3Cu4s         3Cu5s         3Cu1pz        3Cu1py        3Cu1px        3Cu2pz        3Cu2py        3Cu2px        3Cu3pz    
    6    3Cu3py        3Cu3px        3Cu1d-2       3Cu1d-1       3Cu1d0        3Cu1d+1       3Cu1d+2       3Cu2d-2       3Cu2d-1       3Cu2d0    
    7    3Cu2d+1       3Cu2d+2       4Cu1s         4Cu2s         4Cu3s         4Cu4s         4Cu5s         4Cu1pz        4Cu1py        4Cu1px    
    8    4Cu2pz        4Cu2py        4Cu2px        4Cu3pz        4Cu3py        4Cu3px        4Cu1d-2       4Cu1d-1       4Cu1d0        4Cu1d+1   
    9    4Cu1d+2       4Cu2d-2       4Cu2d-1       4Cu2d0        4Cu2d+1       4Cu2d+2   
 
 Maximum number of basis functions per shell:   10
 Total number of basis functions:     96
 
 
 Effective core potentials:
 
   1  Cu mcdhf-ecp-10        
   2  Cu mcdhf-ecp-10        
   3  Cu mcdhf-ecp-10        
   4  Cu mcdhf-ecp-10        
 
 Initializing the SAD routines for the initial guess...
 Checking the files required for the initial guess...
 Density files have not been found for the initial guess.
 Generating SCFDENSITIES.Cu.def2-sv-p-.0
 CPU time [min]:     0.053                   Wall time [min]:     0.170
 
 Character table for point group C1:
 
          E  
    A     1
 
 Number of basis functions per irrep:
    A      96
 
 
 Calculation of overlap integrals...
 CPU time [min]:     0.053                   Wall time [min]:     0.171
 
 Calculation of the square root of the overlap matrix...
 Minimum eigenvalue of the overlap matrix: 0.258982E-01
 CPU time [min]:     0.058                   Wall time [min]:     0.171
 
 Calculation of kinetic energy integrals...
 CPU time [min]:     0.058                   Wall time [min]:     0.171
 Calculation of nuclear attraction integrals...
 CPU time [min]:     0.058                   Wall time [min]:     0.171
 Calculation of core potential integrals...
 CPU time [min]:     0.112                   Wall time [min]:     0.178
 
 Calculation of prescreening integrals...
 CPU time [min]:     0.200                   Wall time [min]:     0.184
 
 Calculation of two-electron integrals...
   1% done.
  18% done.
  32% done.
  65% done.
 100% done.
 CPU time [min]:     1.794                   Wall time [min]:     0.286

 ************************ 2023-08-20 19:23:56 *************************
 Executing scf...

 @scfsetup: integrals taken from disk
            mrcc/integ binary format
 @scfsetup: calculating on full matrices
            not using symmetry adapted basis
 @scfsetup: diis switched on
 @scfsetup: number of steps to extrapolate from  10
 @scfsetup: tolerance in energy deviation    0.100000E-05
            tolerance in density deviation    0.100000E-06
 @scfsetup: maximum number of iterations:  50
 @scfsetup: restricted closed shell hf calc
 @scfsetup: starting scf from superposition of atomic densities
 @scfsetup: occupation set:
            from initial orbitals
 @scfsetup: Parameter-set for SCF acceleration: difficult
 @scfsetup: diis runs from iteration:   2
 @scfsetup: diis runs to iteration:  50
 @scfsetup: diis runs in every iteration
 @scfsetup: diiswatch is disabled                   
 @scfsetup: diis dtol criteria to switch on:      0.0000E+00
           (or the iteration number below is reached)
 @scfsetup: damping is turned off.
 @scfsetup: dynamic level shifting
            tolarance in HOMO-LUMO gap:  0.200
            tolarance in density deviation:     0.0000E+00
            iteration step criteria to turn level shifting off: 8
 Allocation of 1500.0 Gbytes of memory...
 ======================================================================
 ITERATION STEP   1
 CPU time [min]:     0.011                   Wall time [min]:     0.004
 

 SCF control                  : initial
 Damping factor/level shift   : 0.000/0.200
 DIIS [start/end/frequency]   :   2 / 50 /  1

 Gradient norm:      3.4583E+00
 RMS of [F,P]:                                         0.09331642998892
 RMS of difference density:                            0.55469232757980
 Gap [au]:  0.02074276
 ALPHA OCC:  38
 BETA  OCC:  38
 
 ***HARTREE-FOCK ENERGY IN STEP   1 IS       -768.8574830898951404 [AU]
 ======================================================================
 ITERATION STEP   2
 CPU time [min]:     0.042                   Wall time [min]:     0.006
 

 SCF control                  : diis
 Damping factor/level shift   : 0.000/0.200
 DIIS [start/end/frequency]   :   2 / 50 /  1

 Gradient norm:      5.1708E+00
 DIIS is running in this iteration step.
 RMS of [F,P]:                                         0.20315047499603
 RMS of difference density:                            0.54955969590972
 Gap [au]:  0.00391278
 ALPHA OCC:  38
 BETA  OCC:  38
 
 ***HARTREE-FOCK ENERGY IN STEP   2 IS       -728.3421348086894795 [AU]
 
 Step comparison  Energy Drift [au]  DIIS error drift  Gradient drift
        1           -4.0515E+01        -1.0983E-01      -1.7124E+00
        2            7.2834E+02         1.0000E-07      -1.7124E+00
 Warning! The energy goes uphill (with respect to previous step).
 Warning! The gradient goes uphill (with respect to previous step).
 Warning! The gradient goes uphill (with respect to step   1 ).
 ======================================================================
 ITERATION STEP   3
 CPU time [min]:     0.067                   Wall time [min]:     0.007
 

 SCF control                  : diis
 Damping factor/level shift   : 0.000/0.200
 DIIS [start/end/frequency]   :   2 / 50 /  1

 Gradient norm:      4.1573E+00
 DIIS is running in this iteration step.
 RMS of [F,P]:                                         0.12154522519208
 RMS of difference density:                            0.06724093524891
 Gap [au]:  0.07872681
 ALPHA OCC:  38
 BETA  OCC:  38
 
 ***HARTREE-FOCK ENERGY IN STEP   3 IS       -763.6762615462939721 [AU]
 
 Step comparison  Energy Drift [au]  DIIS error drift  Gradient drift
        2            3.5334E+01         8.1605E-02       1.0134E+00
 Warning! The gradient goes uphill (with respect to step   1 ).
 ======================================================================
 ITERATION STEP   4
 CPU time [min]:     0.091                   Wall time [min]:     0.009
 

 SCF control                  : diis
 Damping factor/level shift   : 0.000/0.200
 DIIS [start/end/frequency]   :   2 / 50 /  1

 Gradient norm:      1.9361E+00
 DIIS is running in this iteration step.
 RMS of [F,P]:                                         0.05362849948179
 RMS of difference density:                            0.02367291486403
 Gap [au]:  0.22810684
 ALPHA OCC:  38
 BETA  OCC:  38
 
 ***HARTREE-FOCK ENERGY IN STEP   4 IS       -774.7077717585684695 [AU]
 
 Step comparison  Energy Drift [au]  DIIS error drift  Gradient drift
        3            1.1032E+01         6.7917E-02       2.2212E+00
 ======================================================================
 ITERATION STEP   5
 CPU time [min]:     0.114                   Wall time [min]:     0.010
 

 SCF control                  : diis
 Damping factor/level shift   : 0.000/0.000
 DIIS [start/end/frequency]   :   2 / 50 /  1

 Gradient norm:      7.0967E-01
 DIIS is running in this iteration step.
 RMS of [F,P]:                                         0.01800386672495
 RMS of difference density:                            0.02738326744641
 Gap [au]:  0.11888862
 ALPHA OCC:  38
 BETA  OCC:  38
 
 ***HARTREE-FOCK ENERGY IN STEP   5 IS       -776.7060606055338212 [AU]
 
 Step comparison  Energy Drift [au]  DIIS error drift  Gradient drift
        4            1.9983E+00         3.5625E-02       1.2264E+00
 ======================================================================
 ITERATION STEP   6
 CPU time [min]:     0.138                   Wall time [min]:     0.012
 

 SCF control                  : diis
 Damping factor/level shift   : 0.000/0.200
 DIIS [start/end/frequency]   :   2 / 50 /  1

 Gradient norm:      3.2881E-01
 DIIS is running in this iteration step.
 RMS of [F,P]:                                         0.01459581264806
 RMS of difference density:                            0.00505442508537
 Gap [au]:  0.12646114
 ALPHA OCC:  38
 BETA  OCC:  38
 
 ***HARTREE-FOCK ENERGY IN STEP   6 IS       -776.9268378719907560 [AU]
 
 Step comparison  Energy Drift [au]  DIIS error drift  Gradient drift
        5            2.2078E-01         3.4081E-03       3.8086E-01
 ======================================================================
 ITERATION STEP   7
 CPU time [min]:     0.161                   Wall time [min]:     0.013
 

 SCF control                  : diis
 Damping factor/level shift   : 0.000/0.200
 DIIS [start/end/frequency]   :   2 / 50 /  1

 Gradient norm:      7.8593E-02
 DIIS is running in this iteration step.
 RMS of [F,P]:                                         0.00239882591797
 RMS of difference density:                            0.00269286917132
 Gap [au]:  0.18409270
 ALPHA OCC:  38
 BETA  OCC:  38
 
 ***HARTREE-FOCK ENERGY IN STEP   7 IS       -777.0396376580124524 [AU]
 
 Step comparison  Energy Drift [au]  DIIS error drift  Gradient drift
        6            1.1280E-01         1.2197E-02       2.5022E-01
 ======================================================================
 ITERATION STEP   8
 CPU time [min]:     0.185                   Wall time [min]:     0.015
 

 SCF control                  : diis
 Damping factor/level shift   : 0.000/0.200
 DIIS [start/end/frequency]   :   2 / 50 /  1

 Gradient norm:      2.8622E-02
 DIIS is running in this iteration step.
 RMS of [F,P]:                                         0.00072502735154
 RMS of difference density:                            0.00174565512727
 Gap [au]:  0.18101790
 ALPHA OCC:  38
 BETA  OCC:  38
 
 ***HARTREE-FOCK ENERGY IN STEP   8 IS       -777.0476695069378366 [AU]
 
 Step comparison  Energy Drift [au]  DIIS error drift  Gradient drift
        7            8.0318E-03         1.6738E-03       4.9971E-02
 ======================================================================
 ITERATION STEP   9
 CPU time [min]:     0.209                   Wall time [min]:     0.016
 

 SCF control                  : diis
 Damping factor/level shift   : 0.000/0.000
 DIIS [start/end/frequency]   :   2 / 50 /  1

 Gradient norm:      2.1407E-02
 DIIS is running in this iteration step.
 RMS of [F,P]:                                         0.00059572260880
 RMS of difference density:                            0.00180021788172
 Gap [au]:  0.18673343
 ALPHA OCC:  38
 BETA  OCC:  38
 
 ***HARTREE-FOCK ENERGY IN STEP   9 IS       -777.0496833736365261 [AU]
 
 Step comparison  Energy Drift [au]  DIIS error drift  Gradient drift
        8            2.0139E-03         1.2930E-04       7.2152E-03
 ======================================================================
 ITERATION STEP  10
 CPU time [min]:     0.232                   Wall time [min]:     0.018
 

 SCF control                  : diis
 Damping factor/level shift   : 0.000/0.000
 DIIS [start/end/frequency]   :   2 / 50 /  1

 Gradient norm:      8.4684E-03
 DIIS is running in this iteration step.
 RMS of [F,P]:                                         0.00016035709144
 RMS of difference density:                            0.00100495346870
 Gap [au]:  0.18741322
 ALPHA OCC:  38
 BETA  OCC:  38
 
 ***HARTREE-FOCK ENERGY IN STEP  10 IS       -777.0508673694857862 [AU]
 
 Step comparison  Energy Drift [au]  DIIS error drift  Gradient drift
        9            1.1840E-03         4.3537E-04       1.2938E-02
 ======================================================================
 ITERATION STEP  11
 CPU time [min]:     0.256                   Wall time [min]:     0.019
 

 SCF control                  : diis
 Damping factor/level shift   : 0.000/0.000
 DIIS [start/end/frequency]   :   2 / 50 /  1

 Gradient norm:      2.3105E-03
 DIIS is running in this iteration step.
 RMS of [F,P]:                                         0.00006650086499
 RMS of difference density:                            0.00038789098598
 Gap [au]:  0.18815139
 ALPHA OCC:  38
 BETA  OCC:  38
 
 ***HARTREE-FOCK ENERGY IN STEP  11 IS       -777.0510870008333768 [AU]
 
 Step comparison  Energy Drift [au]  DIIS error drift  Gradient drift
       10            2.1963E-04         9.3856E-05       6.1579E-03
 ======================================================================
 ITERATION STEP  12
 CPU time [min]:     0.280                   Wall time [min]:     0.021
 

 SCF control                  : diis
 Damping factor/level shift   : 0.000/0.000
 DIIS [start/end/frequency]   :   2 / 50 /  1

 Gradient norm:      6.2209E-04
 DIIS is running in this iteration step.
 RMS of [F,P]:                                         0.00001726832977
 RMS of difference density:                            0.00006314965125
 Gap [au]:  0.18829627
 ALPHA OCC:  38
 BETA  OCC:  38
 
 ***HARTREE-FOCK ENERGY IN STEP  12 IS       -777.0511155847234477 [AU]
 
 Step comparison  Energy Drift [au]  DIIS error drift  Gradient drift
       11            2.8584E-05         4.9233E-05       1.6884E-03
 ======================================================================
 ITERATION STEP  13
 CPU time [min]:     0.303                   Wall time [min]:     0.022
 

 SCF control                  : diis
 Damping factor/level shift   : 0.000/0.000
 DIIS [start/end/frequency]   :   2 / 50 /  1

 Gradient norm:      1.5642E-04
 DIIS is running in this iteration step.
 RMS of [F,P]:                                         0.00000433135105
 RMS of difference density:                            0.00001336507895
 Gap [au]:  0.18823980
 ALPHA OCC:  38
 BETA  OCC:  38
 
 ***HARTREE-FOCK ENERGY IN STEP  13 IS       -777.0511170927525200 [AU]
 
 Step comparison  Energy Drift [au]  DIIS error drift  Gradient drift
       12            1.5080E-06         1.2937E-05       4.6567E-04
 ======================================================================
 ITERATION STEP  14
 CPU time [min]:     0.326                   Wall time [min]:     0.024
 

 SCF control                  : diis
 Damping factor/level shift   : 0.000/0.000
 DIIS [start/end/frequency]   :   2 / 50 /  1

 Gradient norm:      5.4945E-05
 DIIS is running in this iteration step.
 RMS of [F,P]:                                         0.00000147268986
 RMS of difference density:                            0.00000338016195
 Gap [au]:  0.18824698
 ALPHA OCC:  38
 BETA  OCC:  38
 
 ***HARTREE-FOCK ENERGY IN STEP  14 IS       -777.0511171847565492 [AU]
 
 Step comparison  Energy Drift [au]  DIIS error drift  Gradient drift
       13            9.2004E-08         2.8587E-06       1.0148E-04
 ======================================================================
 ITERATION STEP  15
 CPU time [min]:     0.349                   Wall time [min]:     0.025
 

 SCF control                  : diis
 Damping factor/level shift   : 0.000/0.000
 DIIS [start/end/frequency]   :   2 / 50 /  1

 Gradient norm:      3.1022E-05
 DIIS is running in this iteration step.
 RMS of [F,P]:                                         0.00000112284523
 RMS of difference density:                            0.00000145794247
 Gap [au]:  0.18824580
 ALPHA OCC:  38
 BETA  OCC:  38
 
 ***HARTREE-FOCK ENERGY IN STEP  15 IS       -777.0511171946523064 [AU]
 
 Step comparison  Energy Drift [au]  DIIS error drift  Gradient drift
       14            9.8958E-09         3.4984E-07       2.3923E-05
 ======================================================================
 ITERATION STEP  16
 CPU time [min]:     0.373                   Wall time [min]:     0.027
 

 SCF control                  : diis
 Damping factor/level shift   : 0.000/0.000
 DIIS [start/end/frequency]   :   2 / 50 /  1

 Gradient norm:      1.1999E-05
 DIIS is running in this iteration step.
 RMS of [F,P]:                                         0.00000028950428
 RMS of difference density:                            0.00000141546158
 Gap [au]:  0.18824379
 ALPHA OCC:  38
 BETA  OCC:  38
 
 ***HARTREE-FOCK ENERGY IN STEP  16 IS       -777.0511171969128554 [AU]
 
 Step comparison  Energy Drift [au]  DIIS error drift  Gradient drift
       15            2.2605E-09         8.3334E-07       1.9023E-05
 ======================================================================
 ITERATION STEP  17
 CPU time [min]:     0.396                   Wall time [min]:     0.028
 

 SCF control                  : diis
 Damping factor/level shift   : 0.000/0.000
 DIIS [start/end/frequency]   :   2 / 50 /  1

 Gradient norm:      3.0581E-06
 DIIS is running in this iteration step.
 RMS of [F,P]:                                         0.00000006860560
 RMS of difference density:                            0.00000027156452
 Gap [au]:  0.18824394
 ALPHA OCC:  38
 BETA  OCC:  38
 
 ***HARTREE-FOCK ENERGY IN STEP  17 IS       -777.0511171974835634 [AU]
 
 Step comparison  Energy Drift [au]  DIIS error drift  Gradient drift
       16            5.7071E-10         2.2090E-07       8.9408E-06
 ======================================================================
 ITERATION STEP  18
 CPU time [min]:     0.419                   Wall time [min]:     0.030
 

 SCF control                  : diis
 Damping factor/level shift   : 0.000/0.000
 DIIS [start/end/frequency]   :   2 / 50 /  1

 Gradient norm:      7.2882E-07
 DIIS is running in this iteration step.
 RMS of [F,P]:                                         0.00000001767089
 RMS of difference density:                            0.00000005732783
 Gap [au]:  0.18824388
 ALPHA OCC:  38
 BETA  OCC:  38
 
 ***HARTREE-FOCK ENERGY IN STEP  18 IS       -777.0511171975108482 [AU]
 
 Step comparison  Energy Drift [au]  DIIS error drift  Gradient drift
       17            2.7285E-11         5.0935E-08       2.3292E-06
 ======================================================================
 
 SUCCESS...
 THE SCF ITERATION HAS CONVERGED!
 
                   A   
 FINAL ALPHA OCC:  38
 FINAL BETA  OCC:  38
 
 ***FINAL HARTREE-FOCK ENERGY:       -777.0511171975108482 [AU]
 
 Orbital energies [au]:
      Irrep         Alpha          Beta
    1   A         -4.998511      -4.998511
    2   A         -4.998245      -4.998245
    3   A         -4.975702      -4.975702
    4   A         -4.930479      -4.930479
    5   A         -3.220339      -3.220339
    6   A         -3.215263      -3.215263
    7   A         -3.215132      -3.215132
    8   A         -3.213564      -3.213564
    9   A         -3.213141      -3.213141
   10   A         -3.212953      -3.212953
   11   A         -3.194130      -3.194130
   12   A         -3.191203      -3.191203
   13   A         -3.189596      -3.189596
   14   A         -3.148907      -3.148907
   15   A         -3.145423      -3.145423
   16   A         -3.145355      -3.145355
   17   A         -0.523782      -0.523782
   18   A         -0.511638      -0.511638
   19   A         -0.507824      -0.507824
   20   A         -0.496876      -0.496876
   21   A         -0.492706      -0.492706
   22   A         -0.491558      -0.491558
   23   A         -0.484077      -0.484077
   24   A         -0.468661      -0.468661
   25   A         -0.464093      -0.464093
   26   A         -0.461450      -0.461450
   27   A         -0.459122      -0.459122
   28   A         -0.457023      -0.457023
   29   A         -0.454922      -0.454922
   30   A         -0.454920      -0.454920
   31   A         -0.438060      -0.438060
   32   A         -0.414624      -0.414624
   33   A         -0.414622      -0.414622
   34   A         -0.407309      -0.407309
   35   A         -0.403739      -0.403739
   36   A         -0.397401      -0.397401
   37   A         -0.299788      -0.299788
   38   A         -0.189503      -0.189503
 
   39   A         -0.001259      -0.001259
   40   A          0.028622       0.028622
   41   A          0.100404       0.100404
   42   A          0.151139       0.151139
   43   A          0.152967       0.152967
   44   A          0.183092       0.183092
   45   A          0.218620       0.218620
   46   A          0.218967       0.218967
   47   A          0.248905       0.248905
   48   A          0.257890       0.257890
   49   A          0.285578       0.285578
   50   A          0.321242       0.321242
   51   A          0.324376       0.324376
   52   A          0.399115       0.399115
   53   A          0.491289       0.491289
   54   A          0.544136       0.544136
   55   A          0.645402       0.645402
   56   A          0.742533       0.742533
   57   A          1.157030       1.157030
   58   A          1.187556       1.187556
   59   A          1.231953       1.231953
   60   A          1.265492       1.265492
   61   A          1.266187       1.266187
   62   A          1.295601       1.295601
   63   A          1.328673       1.328673
   64   A          1.395331       1.395331
   65   A          1.398937       1.398937
   66   A          1.417922       1.417922
   67   A          1.474638       1.474638
   68   A          1.486301       1.486301
   69   A          1.499352       1.499352
   70   A          1.556102       1.556102
   71   A          1.608082       1.608082
   72   A          1.714622       1.714622
   73   A          1.802177       1.802177
   74   A          1.997743       1.997743
   75   A          2.015589       2.015589
   76   A          2.130954       2.130954
   77   A        100.091148     100.091148
   78   A        100.196507     100.196507
   79   A        100.358409     100.358409
   80   A        100.454487     100.454487
   81   A        108.734760     108.734760
   82   A        108.819489     108.819489
   83   A        108.821683     108.821683
   84   A        108.847210     108.847210
   85   A        108.862524     108.862524
   86   A        108.883608     108.883608
   87   A        108.922540     108.922540
   88   A        109.016341     109.016341
   89   A        109.022009     109.022009
   90   A        109.112370     109.112370
   91   A        109.182435     109.182435
   92   A        109.518850     109.518850
   93   A        315.836434     315.836434
   94   A        315.918816     315.918816
   95   A        315.988042     315.988042
   96   A        316.045586     316.045586
 
 RETURNING FROM SCF ALGORITHM
 ======================================================================

 ************************ 2023-08-20 19:23:58 *************************
 Executing ovirt...

 ovirt, the routine of orbital optimization and integral transformation 
Sun Aug 20 19:23:58 BST 2023
 memory =                1536000  Mb          201326592000  8 byte word
 mrccboot = T
 scftype  = rhf  
 localcc  = off 
 core     = 16    
 ovirt    = off  
 ccprog   = mrcc
 dfnbasis =                      0
 dfbasis_cor =none                
 lmp2dens = on 
 dens =                      0
 verblev =                      3
 task     =                      4
 epsilon =   0.000000000000000E+000
 lmp2= on 
 localNO  =  F
 localMP2 =  F
 localMP2_TEST =  F
 LMP2_shortcut =  F
 FOCKTR   =  T
 Allocated memory:                 1536000  Mb
 onbasis=                    96
 RHF calculation! 
 integral transforamtion: AOs ------ MOs
 # of basis functions, # of int. blocks    96     1
100 % 
 second part
100 %
 integral transformation is completed! 
CPU and WC time          41.45           7.69     AOs -> MOs 
 occupied and 
     1 -0.5237819716
     2 -0.5116382318
     3 -0.5078235662
     4 -0.4968762647
     5 -0.4927057021
     6 -0.4915577177
     7 -0.4840767380
     8 -0.4686610459
     9 -0.4640925195
    10 -0.4614504127
    11 -0.4591217420
    12 -0.4570232766
    13 -0.4549222511
    14 -0.4549197001
    15 -0.4380603287
    16 -0.4146239494
    17 -0.4146218079
    18 -0.4073087615
    19 -0.4037388601
    20 -0.3974009934
    21 -0.2997879255
    22 -0.1895030357
               virtual energies 
    23 -0.0012591567
    24  0.0286221486
    25  0.1004041073
    26  0.1511393042
    27  0.1529670510
    28  0.1830916721
    29  0.2186202003
    30  0.2189672857
    31  0.2489045622
    32  0.2578899099
    33  0.2855778437
    34  0.3212421260
    35  0.3243758740
    36  0.3991150113
    37  0.4912886495
    38  0.5441363408
    39  0.6454021615
    40  0.7425326421
    41  1.1570297845
    42  1.1875556686
    43  1.2319526536
    44  1.2654920730
    45  1.2661865139
    46  1.2956009547
    47  1.3286732579
    48  1.3953310645
    49  1.3989370216
    50  1.4179221914
    51  1.4746381805
    52  1.4863006263
    53  1.4993520096
    54  1.5561023362
    55  1.6080820869
    56  1.7146220810
    57  1.8021767288
    58  1.9977426683
    59  2.0155890589
    60  2.1309540640
    61100.0911477313
    62100.1965066839
    63100.3584085753
    64100.4544874891
    65108.7347601729
    66108.8194894274
    67108.8216830480
    68108.8472099339
    69108.8625240822
    70108.8836084548
    71108.9225401882
    72109.0163405130
    73109.0220085770
    74109.1123700978
    75109.1824352856
    76109.5188498692
    77315.8364337236
    78315.9188159054
    79315.9880417016
    80316.0455856388
 inttol =   1.000000000000000E-010   10.0000000000000     
Integrals are written to fort.55
Sun Aug 20 19:24:15 BST 2023
  ovirt terminated normally 

 ************************ 2023-08-20 19:24:15 *************************
 Executing goldstone...

 Generation of CC equations in terms of H and T...
 Generation of antisymmetrized Goldstone diagrams...
 Number of diagrams in T^1 equations:    15
 Number of diagrams in T^2 equations:    38
 Number of diagrams in T^3 equations:    49
 Number of diagrams in T^4 equations:     5
 Translation of diagrams to factorized equations...
 Optimizing intermediate calculation...
 Number of floating-point operations per iteration step:   5.9242E+15
 Probable CPU time per iteration step (hours):  59242.26
 Required memory (Mbytes): 7415851.0
 Number of intermediates:                                  78
 Number of intermediates to be stored:                     31
 Length of intermediate file (Mbytes):   30793.0

 ************************ 2023-08-20 19:24:15 *************************
 Executing xmrcc...

 **********************************************************************
 CC(3)(4) calculation 
 
 
 Allocation of****** Mbytes of memory...
 Number of spinorbitals:                   160
 Number of alpha electrons:                       22
 Number of beta electrons:                        22
 Spin multiplicity:                     1
 z-component of spin:  0.0
 Spatial symmetry:                      1
 Convergence criterion:  1.0E-06
 Construction of occupation graphs...
 Number of                     0 -fold excitations:                      1
 Number of                     1 -fold excitations:                   2552
 Number of                     2 -fold excitations:                2391862
 Number of                     3 -fold excitations:             1069499816
 Total number of configurations:             1071894231
 Calculation of coupling coefficients...
 Length of intermediate file (Mbytes):   19684.1
 
 ======================================================================
 
 Spin case  1   Alpha:  0   Beta:  4
 Number of excitations:             3103535050
 Spin case  2   Alpha:  1   Beta:  3
 Number of excitations:            60633274240
 Spin case  3   Alpha:  2   Beta:  2
 Number of excitations:           145804076649
 Number of                     4 -fold excitations:           273277695229
 
 Memory requirements /Mbyte/: 
               Minimal        Optimal
 Real*8:      63280.5533     63280.5533
 Integer:         6.8275
 Total:       63287.3807     63287.3807
 

 ************************ 2023-08-20 19:24:16 *************************
 Executing mrcc...

 **********************************************************************
 CCSDT(Q) calculation                                                   
 
 
 OpenMP parallel version is running.
 Number of CPU cores:  16
 Allocation of63280.6 Mbytes of memory...
 Number of spinorbitals: 160
 Number of alpha electrons: 22
 Number of beta  electrons: 22
 Spin multiplicity: 1
 z-component of spin:  0.0
 Spatial symmetry: 1
 Convergence criterion:  1.0E-06
 Construction of occupation graphs...
 Number of 0-fold excitations: 1
 Number of 1-fold excitations: 2552
 Number of 2-fold excitations: 2391862
 Number of 3-fold excitations: 1069499816
 Total number of determinants: 1071894231
 Calculation of coupling coefficients...
 Initial cluster amplitudes are generated.
 Length of intermediate file (Mbytes):   19684.1
 Reading integral list from unit 55...
 Sorting integrals...
 Calculation of MP denominators...
 
 Starting CC iteration...
 ======================================================================
 Norm of residual vector:     1.78924590
 CPU time [min]:   543.862                   Wall time [min]:    56.175
 
 Iteration  1  CC energy:  -777.97359536  Energy decrease:   0.92247816
 ======================================================================
 Norm of residual vector:     0.79858279
 CPU time [min]:  1085.246                   Wall time [min]:   112.531
 
 Iteration  2  CC energy:  -777.81525638  Energy decrease:   0.15833898
 ======================================================================
 Norm of residual vector:     0.22804044
 CPU time [min]:  1649.243                   Wall time [min]:   171.213
 
 Iteration  3  CC energy:  -777.85660407  Energy decrease:   0.04134769
 ======================================================================
 Norm of residual vector:     0.11537687
 CPU time [min]:  2214.985                   Wall time [min]:   231.127
 
 Iteration  4  CC energy:  -777.88481504  Energy decrease:   0.02821097
 ======================================================================
 Norm of residual vector:     0.06549752
 CPU time [min]:  2789.918                   Wall time [min]:   292.740
 
 Iteration  5  CC energy:  -777.89754831  Energy decrease:   0.01273327
 ======================================================================
 Norm of residual vector:     0.04731986
 CPU time [min]:  3379.119                   Wall time [min]:   356.353
 
 Iteration  6  CC energy:  -777.89650088  Energy decrease:   0.00104743
 ======================================================================
 Norm of residual vector:     0.03222549
 CPU time [min]:  3974.330                   Wall time [min]:   421.543
 
 Iteration  7  CC energy:  -777.89697347  Energy decrease:   0.00047259
 ======================================================================
 Norm of residual vector:     0.01936095
 CPU time [min]:  4576.106                   Wall time [min]:   488.042
 
 Iteration  8  CC energy:  -777.89864235  Energy decrease:   0.00166888
 ======================================================================
 Norm of residual vector:     0.01441086
 CPU time [min]:  5204.829                   Wall time [min]:   557.341
 
 Iteration  9  CC energy:  -777.90021504  Energy decrease:   0.00157269
 ======================================================================
 Norm of residual vector:     0.01107657
 CPU time [min]:  5813.430                   Wall time [min]:   626.618
 
 Iteration 10  CC energy:  -777.90033012  Energy decrease:   0.00011507
 ======================================================================
 Norm of residual vector:     0.00793615
 CPU time [min]:  6430.335                   Wall time [min]:   697.338
 
 Iteration 11  CC energy:  -777.90005552  Energy decrease:   0.00027459
 ======================================================================
 Norm of residual vector:     0.00577670
 CPU time [min]:  7019.267                   Wall time [min]:   767.091
 
 Iteration 12  CC energy:  -777.90007344  Energy decrease:   0.00001792
 ======================================================================
 Norm of residual vector:     0.00365155
 CPU time [min]:  7615.874                   Wall time [min]:   838.345
 
 Iteration 13  CC energy:  -777.90025698  Energy decrease:   0.00018353
 ======================================================================
 Norm of residual vector:     0.00284639
 CPU time [min]:  8214.890                   Wall time [min]:   910.747
 
 Iteration 14  CC energy:  -777.90037114  Energy decrease:   0.00011417
 ======================================================================
 Norm of residual vector:     0.00182239
 CPU time [min]:  8803.977                   Wall time [min]:   983.548
 
 Iteration 15  CC energy:  -777.90035835  Energy decrease:   0.00001280
 ======================================================================
 Norm of residual vector:     0.00140290
 CPU time [min]:  9396.934                   Wall time [min]:  1057.588
 
 Iteration 16  CC energy:  -777.90031480  Energy decrease:   0.00004355
 ======================================================================
 Norm of residual vector:     0.00093420
 CPU time [min]:  9990.403                   Wall time [min]:  1132.938
 
 Iteration 17  CC energy:  -777.90031495  Energy decrease:   0.00000016
 ======================================================================
 Norm of residual vector:     0.00065536
 CPU time [min]: 10593.398                   Wall time [min]:  1209.899
 
 Iteration 18  CC energy:  -777.90033629  Energy decrease:   0.00002134
 ======================================================================
 Norm of residual vector:     0.00050351
 CPU time [min]: 11193.055                   Wall time [min]:  1287.724
 
 Iteration 19  CC energy:  -777.90034686  Energy decrease:   0.00001057
 ======================================================================
 Norm of residual vector:     0.00032762
 CPU time [min]: 11798.430                   Wall time [min]:  1366.901
 
 Iteration 20  CC energy:  -777.90034707  Energy decrease:   0.00000021
 ======================================================================
 Norm of residual vector:     0.00025782
 CPU time [min]: 12406.670                   Wall time [min]:  1447.407
 
 Iteration 21  CC energy:  -777.90034394  Energy decrease:   0.00000313
 ======================================================================
 Norm of residual vector:     0.00017721
 CPU time [min]: 13032.488                   Wall time [min]:  1530.107
 
 Iteration 22  CC energy:  -777.90034290  Energy decrease:   0.00000104
 ======================================================================
 Norm of residual vector:     0.00012622
 CPU time [min]: 13645.022                   Wall time [min]:  1612.685
 
 Iteration 23  CC energy:  -777.90034391  Energy decrease:   0.00000101
 ======================================================================
 Norm of residual vector:     0.00008521
 CPU time [min]: 14257.705                   Wall time [min]:  1696.329
 
 Iteration 24  CC energy:  -777.90034507  Energy decrease:   0.00000116
 ======================================================================
 Norm of residual vector:     0.00005772
 CPU time [min]: 14876.547                   Wall time [min]:  1781.340
 
 Iteration 25  CC energy:  -777.90034534  Energy decrease:   0.00000027
 ======================================================================
 Norm of residual vector:     0.00003965
 CPU time [min]: 15492.717                   Wall time [min]:  1867.280
 
 Iteration 26  CC energy:  -777.90034527  Energy decrease:   0.00000007
 ======================================================================
 Norm of residual vector:     0.00002632
 CPU time [min]: 16112.849                   Wall time [min]:  1954.404
 
 Iteration 27  CC energy:  -777.90034522  Energy decrease:   0.00000004
 ======================================================================
 Norm of residual vector:     0.00001737
 CPU time [min]: 16738.561                   Wall time [min]:  2043.044
 
 Iteration 28  CC energy:  -777.90034527  Energy decrease:   0.00000005
 ======================================================================
 Norm of residual vector:     0.00001146
 CPU time [min]: 17358.661                   Wall time [min]:  2132.535
 
 Iteration 29  CC energy:  -777.90034536  Energy decrease:   0.00000009
 ======================================================================
 Norm of residual vector:     0.00000764
 CPU time [min]: 17983.045                   Wall time [min]:  2223.109
 
 Iteration 30  CC energy:  -777.90034539  Energy decrease:   0.00000003
 ======================================================================
 Norm of residual vector:     0.00000512
 CPU time [min]: 18612.352                   Wall time [min]:  2314.934
 
 Iteration 31  CC energy:  -777.90034536  Energy decrease:   0.00000003
 ======================================================================
 Norm of residual vector:     0.00000336
 CPU time [min]: 19239.016                   Wall time [min]:  2407.598
 
 Iteration 32  CC energy:  -777.90034532  Energy decrease:   0.00000004
 ======================================================================
 Norm of residual vector:     0.00000219
 CPU time [min]: 19865.443                   Wall time [min]:  2501.044
 
 Iteration 33  CC energy:  -777.90034532  Energy decrease:   3.9536E-09
 ======================================================================
 Norm of residual vector:     0.00000139
 CPU time [min]: 20492.781                   Wall time [min]:  2595.630
 
 Iteration 34  CC energy:  -777.90034535  Energy decrease:   0.00000003
 ======================================================================
 Norm of residual vector:     0.00000092
 CPU time [min]: 21120.369                   Wall time [min]:  2691.632
 
 Iteration 35  CC energy:  -777.90034536  Energy decrease:   0.00000001
 ======================================================================
 
 Iteration has converged in 35 steps.
 
 Final results:
 Total CCSDT energy [au]:           -777.900345361099
 Total MP2 energy [au]:             -777.973595357499
 
 Perturbative corrections are calculated...
 ======================================================================
 Spin case  1   Alpha:  0   Beta:  4
 Number of excitations:        3103535050
 CPU time [min]: 21441.072                   Wall time [min]:  2716.542
 ======================================================================
 Spin case  2   Alpha:  1   Beta:  3
 Number of excitations:        60633274240
 CPU time [min]: 25655.121                   Wall time [min]:  2986.067
 ======================================================================
 Spin case  3   Alpha:  2   Beta:  2
 Number of excitations:        145804076649
 CPU time [min]: 36126.262                   Wall time [min]:  3670.697
 ======================================================================
 Number of 4-fold excitations: 273277695229
 CPU time [min]: 36126.262                   Wall time [min]:  3670.697
 
 Total CCSDT[Q] energy [au]:        -777.872733401166
 Total CCSDT(Q) energy [au]:        -777.889707642174
 
 ************************ 2023-08-23 08:35:42 *************************
                      Normal termination of mrcc.
 **********************************************************************
