 **********************************************************************
                          MRCC program system
 **********************************************************************
 
                              Written by
     Mihaly Kallay, Peter R. Nagy, David Mester, Laszlo Gyevi-Nagy,
        Jozsef Csoka, P. Bernat Szabo, Zoltan Rolik, Gyula Samu,
     Jozsef Csontos, Bence Hegely, Adam Ganyecz, Istvan Ladjanszki,
       Lorant Szegedy, Bence Ladoczki, Klara Petrov, Mate Farkas,
                    Pal D. Mezei, and Reka A. Horvath
 
        Department of Physical Chemistry and Materials Science
            Budapest University of Technology and Economics
                  Budapest P.O.Box 91, H-1521 Hungary
 
                              www.mrcc.hu
 
                      Release date: March 18, 2022

 ************************ 2023-10-24 09:31:41 *************************
 Executing minp...

 Reading input from MINP...
 
 Input file:
 
calc=PBE0
verbosity=3
mem=220GB
symm=off
unit=angs
scfiguess=small
scfalg=locfit1
ECP=MCDHF-ECP-10
basis=bse_ACVQZ
basis_sm=def2-SVP
dfbasis_scf=def2-QZVPP-RI-JK
dfbasis_cor=bse_ACVQZ_mp2fit
scfalg=locfit1
core=0
unit=angs
geom=xyz
6
Cu6_1
Cu    -2.44844585    -0.38292048     1.03502692
Cu    -0.92977500     1.02242999    -0.02770657
Cu     1.26021350     0.19619315    -0.53541545
Cu    -0.32797805    -1.21708521     0.56827652
Cu     0.63555071     2.36421886    -1.10574655
Cu     1.81043469    -1.98283631     0.06556513

ghost=serialno


 
 
 Checking keyword combinations...
 
 Keywords:
 
 active=none
 agrid=ld0006-ld0590
 agrid_pssp=ld0006-ld0194
 agrid_pssp_sm=ld0006-ld0074
 basis=bse_acvqz
 basis_sm=def2-svp
 basopt=off
 bfbasis=none
 bfgsmem=10
 bfgstol=1.0d-3
 bpcompo=0.985
 bpcompv=0.98
 bpdfo=0.985
 bpocc=0.985
 bppdo=0.985
 bppdv=0.98
 bpedo=0.985
 bpedv=0.98
 calc=scf
 ccmaxit=50
 ccprog=mrcc
 ccsdalg=disk
 ccsdmkl=seq
 ccsdrest=off
 ccsdthreads=2
 cctol=6
 charge=0
 cialg=disk
 ciguess=off
 cmpgrp=auto
 comprest=off
 core=corr
 corembed=off
 csapprox=off
 cvs=off
 dboc=off
 delocsomofact=
 dendec=cholesky
 dens=0
 dfalg=lineq
 dfbasis_cab=none
 dfbasis_cor=bse_acvqz_mp2fit
 dfbasis_scf=def2-qzvpp-ri-jk
 dfbasis_scf_sm=def2-qzvpp-ri-jk
 dfintran=drpa
 dft=pbe0
 dhexc=adc(2)
 diag=david
 docc=
 domrad=10.d0
 drpaalg=fit
 dual=off
 dual_df=off
 ecp=mcdhf-ecp-10
 edisp=off
 edisp_embed=off
 embed=off
 etemp=300
 epert=none
 eps=
 espcharge=off
 excrad=1.0
 excrad_fin=0.100000000D-02
 fitting=coulomb
 fmm=off
 fmmord=8
 freq=off
 gamma=1.d0
 gauss=spher
 geom=xyz
 gopt=off
 ghost=serialno
 gtol=7
 grdens=off
 gridbatch_cos=2000
 grtol=10
 guido_ct=off
 hamilton=dc
 iface=none
 intalg=auto
 itol=10
 laptol=1.d-2
 lccoporder=trffirst
 lcorthr=normal
 lccrest=off
 lmp2dens=on
 lnoepso=0.d0
 lnoepsv=1e-6
 boysalg=jacobi
 localcc=off
 localcorrsymm=off
 locintrf=disk
 mact=
 maxact=off
 maxdim=100
 maxex=0
 maxmicroit=100
 mcscfiguess=hf
 mem=220gb
 mmprog=
 molden=on
 mpitasks=1
 mulmet=0
 mult=
 nacto=0
 nactv=0
 naf_amp=1.d-2
 naf_cor=off
 naf_scf=off
 nafalg=albe
 naftyp=
 nchol=auto
 ndeps=1e-3
 nstate=1
 nsing=0
 nto=off
 ntrip=0
 occ=
 occri=off
 oniom=off
 oniom_eechg=off
 oniom_pcm=off
 oniom_qcorr=off
 optalg=
 optmaxit=50
 optetol=1e-6
 optex=0
 optgtol=1e-4
 optstol=1e-3
 orblocc=off
 orbloce=off
 orbloco=off
 orblocv=off
 orblocguess=cholesky
 osveps=1e-3
 ovirt=off
 ovltol=1e-7
 ovosnorb=80.0
 pcm=off
 popul=off
 pressure=100000
 pssp=off
 ptfreq=0.0
 ptthreads=2
 qro=off
 qscf=off
 qmmm=off
 redcost_exc=off
 redcost_tddft=off
 refdet=none
 rest=0
 rgrid=log3
 rism=off
 rohfcore=semicanonical
 rohftype=standard
 scfalg=locfit1
 scf_conv=difficult
 scfdamp=0.7d0
 scfdamp_mode=1
 scfdamp_end=3
 scfdamp_dampstep=0.d0
 scfdamp_dtol=0.0d0
 scfdamp_maxfact=0.7d0
 scfdamp_minfact=0.7d0
 scfdiis=on
 scfdiis_dtol=0.0d0
 scfdiis_end=50
 scfdiis_start=2
 scfdiis_step=1
 scfdiis_watch=off
 scfdiis_wrange=10
 scfdiis_wlimit=5
 scfdiis_delmax=2
 scfdtol=6
 scfext=10
 scfguessdens=
 scfiguess=small
 scfloc=pm
 scflshift=0.20
 scflshift_end=8
 scflshift_dtol=0.0
 scflshift_gaptol=0.20
 scfmaxit=50
 scftype=
 scftol=6
 scspe=1.d0
 scsph=1.d0
 scsps=1.2d0
 scsps_t=1.2d0
 scspt=0.33333333333333
 scspt_t=0.33333333333333
 scspv=1.d0
 spairtol=1e-4
 sqmprog=
 subminp=top
 symm=0
 talg=occ
 temp=298.15
 test=off
 theodore=off
 tlmo=0.999
 tpao=0.94
 tprint=off
 uncontract=off
 unit=angs
 usedisk=2
 verbosity=3
 wpairtol=0.100000000E-05
 
 Calculating integrals for small-basis SCF...

 ************************ 2023-10-24 09:31:42 *************************
 Executing integ...

 Allocation of 220.0 Gbytes of memory...
 
 
 Number of atoms:                  6
 Charge:                           0
 Number of electrons:            114
 Number of core electrons:        48
 Spin multiplicity:                1
 
                 Cartesian coordinates [bohr]      Atomic mass [AMU]  Z
   1  Cu   -4.62689209   -0.72361484    1.95591741    62.929599      29
   2  Cu   -1.75702011    1.93211266   -0.05235783    62.929599      29
   3  Cu    2.38145837    0.37075132   -1.01178856    62.929599      29
   4  Cu   -0.61978869   -2.29995772    1.07388699    62.929599      29
   5  Cu    1.20101678    4.46772615   -2.08955814    62.929599      29
   6  Cu    3.42122573   -3.74701758    0.12390014    62.929599      29
 
 This molecule is an asymmetric top.
 
 Point group: C1  
 Computational point group: C1  
 
 Cartesian coordinates in standard orientation [bohr]
   1  Cu   -1.51082585   -4.84507223   -0.00649225
   2  Cu    1.77061027   -1.92034133    0.01219816
   3  Cu    0.77784141    2.49549122   -0.00171828
   4  Cu   -2.54905063   -0.57403595    0.00062618
   5  Cu    4.95274987    1.11333385   -0.00528370
   6  Cu   -3.44132508    3.73062444    0.00066989
 
 Nuclear repulsion energy [au]:        996.031051307792
 
 
 Basis set information:
 
 Maximum angular momentum: i
 Maximum number of contracted Gaussians:   16
 Maximum number of primitive Gaussians:    19
 Spherical harmonic GTOs are used.
 
 
 Conventional basis set:
 
   1  Cu def2-svp [ 14s 9p 5d 1f | 5s 3p 2d 1f ]
   2  Cu def2-svp [ 14s 9p 5d 1f | 5s 3p 2d 1f ]
   3  Cu def2-svp [ 14s 9p 5d 1f | 5s 3p 2d 1f ]
   4  Cu def2-svp [ 14s 9p 5d 1f | 5s 3p 2d 1f ]
   5  Cu def2-svp [ 14s 9p 5d 1f | 5s 3p 2d 1f ]
   6  Cu def2-svp [ 14s 9p 5d 1f | 5s 3p 2d 1f ]
 
 Basis functions:
            1             2             3             4             5             6             7             8             9            10
    0    1Cu1s         1Cu2s         1Cu3s         1Cu4s         1Cu5s         1Cu1pz        1Cu1py        1Cu1px        1Cu2pz        1Cu2py    
    1    1Cu2px        1Cu3pz        1Cu3py        1Cu3px        1Cu1d-2       1Cu1d-1       1Cu1d0        1Cu1d+1       1Cu1d+2       1Cu2d-2   
    2    1Cu2d-1       1Cu2d0        1Cu2d+1       1Cu2d+2       1Cu1f-3       1Cu1f-2       1Cu1f-1       1Cu1f0        1Cu1f+1       1Cu1f+2   
    3    1Cu1f+3       2Cu1s         2Cu2s         2Cu3s         2Cu4s         2Cu5s         2Cu1pz        2Cu1py        2Cu1px        2Cu2pz    
    4    2Cu2py        2Cu2px        2Cu3pz        2Cu3py        2Cu3px        2Cu1d-2       2Cu1d-1       2Cu1d0        2Cu1d+1       2Cu1d+2   
    5    2Cu2d-2       2Cu2d-1       2Cu2d0        2Cu2d+1       2Cu2d+2       2Cu1f-3       2Cu1f-2       2Cu1f-1       2Cu1f0        2Cu1f+1   
    6    2Cu1f+2       2Cu1f+3       3Cu1s         3Cu2s         3Cu3s         3Cu4s         3Cu5s         3Cu1pz        3Cu1py        3Cu1px    
    7    3Cu2pz        3Cu2py        3Cu2px        3Cu3pz        3Cu3py        3Cu3px        3Cu1d-2       3Cu1d-1       3Cu1d0        3Cu1d+1   
    8    3Cu1d+2       3Cu2d-2       3Cu2d-1       3Cu2d0        3Cu2d+1       3Cu2d+2       3Cu1f-3       3Cu1f-2       3Cu1f-1       3Cu1f0    
    9    3Cu1f+1       3Cu1f+2       3Cu1f+3       4Cu1s         4Cu2s         4Cu3s         4Cu4s         4Cu5s         4Cu1pz        4Cu1py    
   10    4Cu1px        4Cu2pz        4Cu2py        4Cu2px        4Cu3pz        4Cu3py        4Cu3px        4Cu1d-2       4Cu1d-1       4Cu1d0    
   11    4Cu1d+1       4Cu1d+2       4Cu2d-2       4Cu2d-1       4Cu2d0        4Cu2d+1       4Cu2d+2       4Cu1f-3       4Cu1f-2       4Cu1f-1   
   12    4Cu1f0        4Cu1f+1       4Cu1f+2       4Cu1f+3       5Cu1s         5Cu2s         5Cu3s         5Cu4s         5Cu5s         5Cu1pz    
   13    5Cu1py        5Cu1px        5Cu2pz        5Cu2py        5Cu2px        5Cu3pz        5Cu3py        5Cu3px        5Cu1d-2       5Cu1d-1   
   14    5Cu1d0        5Cu1d+1       5Cu1d+2       5Cu2d-2       5Cu2d-1       5Cu2d0        5Cu2d+1       5Cu2d+2       5Cu1f-3       5Cu1f-2   
   15    5Cu1f-1       5Cu1f0        5Cu1f+1       5Cu1f+2       5Cu1f+3       6Cu1s         6Cu2s         6Cu3s         6Cu4s         6Cu5s     
   16    6Cu1pz        6Cu1py        6Cu1px        6Cu2pz        6Cu2py        6Cu2px        6Cu3pz        6Cu3py        6Cu3px        6Cu1d-2   
   17    6Cu1d-1       6Cu1d0        6Cu1d+1       6Cu1d+2       6Cu2d-2       6Cu2d-1       6Cu2d0        6Cu2d+1       6Cu2d+2       6Cu1f-3   
   18    6Cu1f-2       6Cu1f-1       6Cu1f0        6Cu1f+1       6Cu1f+2       6Cu1f+3   
 
 Maximum number of basis functions per shell:   10
 Total number of basis functions:    186
 
 
 Fitting basis set for the SCF calculation:
 
   1  Cu def2-qzvpp-ri-jk [ 19s 14p 12d 10f 7g 3h 1i | 16s 13p 11d 9f 5g 3h 1i ]
   2  Cu def2-qzvpp-ri-jk [ 19s 14p 12d 10f 7g 3h 1i | 16s 13p 11d 9f 5g 3h 1i ]
   3  Cu def2-qzvpp-ri-jk [ 19s 14p 12d 10f 7g 3h 1i | 16s 13p 11d 9f 5g 3h 1i ]
   4  Cu def2-qzvpp-ri-jk [ 19s 14p 12d 10f 7g 3h 1i | 16s 13p 11d 9f 5g 3h 1i ]
   5  Cu def2-qzvpp-ri-jk [ 19s 14p 12d 10f 7g 3h 1i | 16s 13p 11d 9f 5g 3h 1i ]
   6  Cu def2-qzvpp-ri-jk [ 19s 14p 12d 10f 7g 3h 1i | 16s 13p 11d 9f 5g 3h 1i ]
 
 Basis functions:
            1             2             3             4             5             6             7             8             9            10
    0    1Cu1s         1Cu2s         1Cu3s         1Cu4s         1Cu5s         1Cu6s         1Cu7s         1Cu8s         1Cu9s         1Cu10s    
    1    1Cu11s        1Cu12s        1Cu13s        1Cu14s        1Cu15s        1Cu16s        1Cu1pz        1Cu1py        1Cu1px        1Cu2pz    
    2    1Cu2py        1Cu2px        1Cu3pz        1Cu3py        1Cu3px        1Cu4pz        1Cu4py        1Cu4px        1Cu5pz        1Cu5py    
    3    1Cu5px        1Cu6pz        1Cu6py        1Cu6px        1Cu7pz        1Cu7py        1Cu7px        1Cu8pz        1Cu8py        1Cu8px    
    4    1Cu9pz        1Cu9py        1Cu9px        1Cu10pz       1Cu10py       1Cu10px       1Cu11pz       1Cu11py       1Cu11px       1Cu12pz   
    5    1Cu12py       1Cu12px       1Cu13pz       1Cu13py       1Cu13px       1Cu1d-2       1Cu1d-1       1Cu1d0        1Cu1d+1       1Cu1d+2   
    6    1Cu2d-2       1Cu2d-1       1Cu2d0        1Cu2d+1       1Cu2d+2       1Cu3d-2       1Cu3d-1       1Cu3d0        1Cu3d+1       1Cu3d+2   
    7    1Cu4d-2       1Cu4d-1       1Cu4d0        1Cu4d+1       1Cu4d+2       1Cu5d-2       1Cu5d-1       1Cu5d0        1Cu5d+1       1Cu5d+2   
    8    1Cu6d-2       1Cu6d-1       1Cu6d0        1Cu6d+1       1Cu6d+2       1Cu7d-2       1Cu7d-1       1Cu7d0        1Cu7d+1       1Cu7d+2   
    9    1Cu8d-2       1Cu8d-1       1Cu8d0        1Cu8d+1       1Cu8d+2       1Cu9d-2       1Cu9d-1       1Cu9d0        1Cu9d+1       1Cu9d+2   
   10    1Cu10d-2      1Cu10d-1      1Cu10d0       1Cu10d+1      1Cu10d+2      1Cu11d-2      1Cu11d-1      1Cu11d0       1Cu11d+1      1Cu11d+2  
   11    1Cu1f-3       1Cu1f-2       1Cu1f-1       1Cu1f0        1Cu1f+1       1Cu1f+2       1Cu1f+3       1Cu2f-3       1Cu2f-2       1Cu2f-1   
   12    1Cu2f0        1Cu2f+1       1Cu2f+2       1Cu2f+3       1Cu3f-3       1Cu3f-2       1Cu3f-1       1Cu3f0        1Cu3f+1       1Cu3f+2   
   13    1Cu3f+3       1Cu4f-3       1Cu4f-2       1Cu4f-1       1Cu4f0        1Cu4f+1       1Cu4f+2       1Cu4f+3       1Cu5f-3       1Cu5f-2   
   14    1Cu5f-1       1Cu5f0        1Cu5f+1       1Cu5f+2       1Cu5f+3       1Cu6f-3       1Cu6f-2       1Cu6f-1       1Cu6f0        1Cu6f+1   
   15    1Cu6f+2       1Cu6f+3       1Cu7f-3       1Cu7f-2       1Cu7f-1       1Cu7f0        1Cu7f+1       1Cu7f+2       1Cu7f+3       1Cu8f-3   
   16    1Cu8f-2       1Cu8f-1       1Cu8f0        1Cu8f+1       1Cu8f+2       1Cu8f+3       1Cu9f-3       1Cu9f-2       1Cu9f-1       1Cu9f0    
   17    1Cu9f+1       1Cu9f+2       1Cu9f+3       1Cu1g-4       1Cu1g-3       1Cu1g-2       1Cu1g-1       1Cu1g0        1Cu1g+1       1Cu1g+2   
   18    1Cu1g+3       1Cu1g+4       1Cu2g-4       1Cu2g-3       1Cu2g-2       1Cu2g-1       1Cu2g0        1Cu2g+1       1Cu2g+2       1Cu2g+3   
   19    1Cu2g+4       1Cu3g-4       1Cu3g-3       1Cu3g-2       1Cu3g-1       1Cu3g0        1Cu3g+1       1Cu3g+2       1Cu3g+3       1Cu3g+4   
   20    1Cu4g-4       1Cu4g-3       1Cu4g-2       1Cu4g-1       1Cu4g0        1Cu4g+1       1Cu4g+2       1Cu4g+3       1Cu4g+4       1Cu5g-4   
   21    1Cu5g-3       1Cu5g-2       1Cu5g-1       1Cu5g0        1Cu5g+1       1Cu5g+2       1Cu5g+3       1Cu5g+4       1Cu1h-5       1Cu1h-4   
   22    1Cu1h-3       1Cu1h-2       1Cu1h-1       1Cu1h0        1Cu1h+1       1Cu1h+2       1Cu1h+3       1Cu1h+4       1Cu1h+5       1Cu2h-5   
   23    1Cu2h-4       1Cu2h-3       1Cu2h-2       1Cu2h-1       1Cu2h0        1Cu2h+1       1Cu2h+2       1Cu2h+3       1Cu2h+4       1Cu2h+5   
   24    1Cu3h-5       1Cu3h-4       1Cu3h-3       1Cu3h-2       1Cu3h-1       1Cu3h0        1Cu3h+1       1Cu3h+2       1Cu3h+3       1Cu3h+4   
   25    1Cu3h+5       1Cu1i-6       1Cu1i-5       1Cu1i-4       1Cu1i-3       1Cu1i-2       1Cu1i-1       1Cu1i0        1Cu1i+1       1Cu1i+2   
   26    1Cu1i+3       1Cu1i+4       1Cu1i+5       1Cu1i+6       2Cu1s         2Cu2s         2Cu3s         2Cu4s         2Cu5s         2Cu6s     
   27    2Cu7s         2Cu8s         2Cu9s         2Cu10s        2Cu11s        2Cu12s        2Cu13s        2Cu14s        2Cu15s        2Cu16s    
   28    2Cu1pz        2Cu1py        2Cu1px        2Cu2pz        2Cu2py        2Cu2px        2Cu3pz        2Cu3py        2Cu3px        2Cu4pz    
   29    2Cu4py        2Cu4px        2Cu5pz        2Cu5py        2Cu5px        2Cu6pz        2Cu6py        2Cu6px        2Cu7pz        2Cu7py    
   30    2Cu7px        2Cu8pz        2Cu8py        2Cu8px        2Cu9pz        2Cu9py        2Cu9px        2Cu10pz       2Cu10py       2Cu10px   
   31    2Cu11pz       2Cu11py       2Cu11px       2Cu12pz       2Cu12py       2Cu12px       2Cu13pz       2Cu13py       2Cu13px       2Cu1d-2   
   32    2Cu1d-1       2Cu1d0        2Cu1d+1       2Cu1d+2       2Cu2d-2       2Cu2d-1       2Cu2d0        2Cu2d+1       2Cu2d+2       2Cu3d-2   
   33    2Cu3d-1       2Cu3d0        2Cu3d+1       2Cu3d+2       2Cu4d-2       2Cu4d-1       2Cu4d0        2Cu4d+1       2Cu4d+2       2Cu5d-2   
   34    2Cu5d-1       2Cu5d0        2Cu5d+1       2Cu5d+2       2Cu6d-2       2Cu6d-1       2Cu6d0        2Cu6d+1       2Cu6d+2       2Cu7d-2   
   35    2Cu7d-1       2Cu7d0        2Cu7d+1       2Cu7d+2       2Cu8d-2       2Cu8d-1       2Cu8d0        2Cu8d+1       2Cu8d+2       2Cu9d-2   
   36    2Cu9d-1       2Cu9d0        2Cu9d+1       2Cu9d+2       2Cu10d-2      2Cu10d-1      2Cu10d0       2Cu10d+1      2Cu10d+2      2Cu11d-2  
   37    2Cu11d-1      2Cu11d0       2Cu11d+1      2Cu11d+2      2Cu1f-3       2Cu1f-2       2Cu1f-1       2Cu1f0        2Cu1f+1       2Cu1f+2   
   38    2Cu1f+3       2Cu2f-3       2Cu2f-2       2Cu2f-1       2Cu2f0        2Cu2f+1       2Cu2f+2       2Cu2f+3       2Cu3f-3       2Cu3f-2   
   39    2Cu3f-1       2Cu3f0        2Cu3f+1       2Cu3f+2       2Cu3f+3       2Cu4f-3       2Cu4f-2       2Cu4f-1       2Cu4f0        2Cu4f+1   
   40    2Cu4f+2       2Cu4f+3       2Cu5f-3       2Cu5f-2       2Cu5f-1       2Cu5f0        2Cu5f+1       2Cu5f+2       2Cu5f+3       2Cu6f-3   
   41    2Cu6f-2       2Cu6f-1       2Cu6f0        2Cu6f+1       2Cu6f+2       2Cu6f+3       2Cu7f-3       2Cu7f-2       2Cu7f-1       2Cu7f0    
   42    2Cu7f+1       2Cu7f+2       2Cu7f+3       2Cu8f-3       2Cu8f-2       2Cu8f-1       2Cu8f0        2Cu8f+1       2Cu8f+2       2Cu8f+3   
   43    2Cu9f-3       2Cu9f-2       2Cu9f-1       2Cu9f0        2Cu9f+1       2Cu9f+2       2Cu9f+3       2Cu1g-4       2Cu1g-3       2Cu1g-2   
   44    2Cu1g-1       2Cu1g0        2Cu1g+1       2Cu1g+2       2Cu1g+3       2Cu1g+4       2Cu2g-4       2Cu2g-3       2Cu2g-2       2Cu2g-1   
   45    2Cu2g0        2Cu2g+1       2Cu2g+2       2Cu2g+3       2Cu2g+4       2Cu3g-4       2Cu3g-3       2Cu3g-2       2Cu3g-1       2Cu3g0    
   46    2Cu3g+1       2Cu3g+2       2Cu3g+3       2Cu3g+4       2Cu4g-4       2Cu4g-3       2Cu4g-2       2Cu4g-1       2Cu4g0        2Cu4g+1   
   47    2Cu4g+2       2Cu4g+3       2Cu4g+4       2Cu5g-4       2Cu5g-3       2Cu5g-2       2Cu5g-1       2Cu5g0        2Cu5g+1       2Cu5g+2   
   48    2Cu5g+3       2Cu5g+4       2Cu1h-5       2Cu1h-4       2Cu1h-3       2Cu1h-2       2Cu1h-1       2Cu1h0        2Cu1h+1       2Cu1h+2   
   49    2Cu1h+3       2Cu1h+4       2Cu1h+5       2Cu2h-5       2Cu2h-4       2Cu2h-3       2Cu2h-2       2Cu2h-1       2Cu2h0        2Cu2h+1   
   50    2Cu2h+2       2Cu2h+3       2Cu2h+4       2Cu2h+5       2Cu3h-5       2Cu3h-4       2Cu3h-3       2Cu3h-2       2Cu3h-1       2Cu3h0    
   51    2Cu3h+1       2Cu3h+2       2Cu3h+3       2Cu3h+4       2Cu3h+5       2Cu1i-6       2Cu1i-5       2Cu1i-4       2Cu1i-3       2Cu1i-2   
   52    2Cu1i-1       2Cu1i0        2Cu1i+1       2Cu1i+2       2Cu1i+3       2Cu1i+4       2Cu1i+5       2Cu1i+6       3Cu1s         3Cu2s     
   53    3Cu3s         3Cu4s         3Cu5s         3Cu6s         3Cu7s         3Cu8s         3Cu9s         3Cu10s        3Cu11s        3Cu12s    
   54    3Cu13s        3Cu14s        3Cu15s        3Cu16s        3Cu1pz        3Cu1py        3Cu1px        3Cu2pz        3Cu2py        3Cu2px    
   55    3Cu3pz        3Cu3py        3Cu3px        3Cu4pz        3Cu4py        3Cu4px        3Cu5pz        3Cu5py        3Cu5px        3Cu6pz    
   56    3Cu6py        3Cu6px        3Cu7pz        3Cu7py        3Cu7px        3Cu8pz        3Cu8py        3Cu8px        3Cu9pz        3Cu9py    
   57    3Cu9px        3Cu10pz       3Cu10py       3Cu10px       3Cu11pz       3Cu11py       3Cu11px       3Cu12pz       3Cu12py       3Cu12px   
   58    3Cu13pz       3Cu13py       3Cu13px       3Cu1d-2       3Cu1d-1       3Cu1d0        3Cu1d+1       3Cu1d+2       3Cu2d-2       3Cu2d-1   
   59    3Cu2d0        3Cu2d+1       3Cu2d+2       3Cu3d-2       3Cu3d-1       3Cu3d0        3Cu3d+1       3Cu3d+2       3Cu4d-2       3Cu4d-1   
   60    3Cu4d0        3Cu4d+1       3Cu4d+2       3Cu5d-2       3Cu5d-1       3Cu5d0        3Cu5d+1       3Cu5d+2       3Cu6d-2       3Cu6d-1   
   61    3Cu6d0        3Cu6d+1       3Cu6d+2       3Cu7d-2       3Cu7d-1       3Cu7d0        3Cu7d+1       3Cu7d+2       3Cu8d-2       3Cu8d-1   
   62    3Cu8d0        3Cu8d+1       3Cu8d+2       3Cu9d-2       3Cu9d-1       3Cu9d0        3Cu9d+1       3Cu9d+2       3Cu10d-2      3Cu10d-1  
   63    3Cu10d0       3Cu10d+1      3Cu10d+2      3Cu11d-2      3Cu11d-1      3Cu11d0       3Cu11d+1      3Cu11d+2      3Cu1f-3       3Cu1f-2   
   64    3Cu1f-1       3Cu1f0        3Cu1f+1       3Cu1f+2       3Cu1f+3       3Cu2f-3       3Cu2f-2       3Cu2f-1       3Cu2f0        3Cu2f+1   
   65    3Cu2f+2       3Cu2f+3       3Cu3f-3       3Cu3f-2       3Cu3f-1       3Cu3f0        3Cu3f+1       3Cu3f+2       3Cu3f+3       3Cu4f-3   
   66    3Cu4f-2       3Cu4f-1       3Cu4f0        3Cu4f+1       3Cu4f+2       3Cu4f+3       3Cu5f-3       3Cu5f-2       3Cu5f-1       3Cu5f0    
   67    3Cu5f+1       3Cu5f+2       3Cu5f+3       3Cu6f-3       3Cu6f-2       3Cu6f-1       3Cu6f0        3Cu6f+1       3Cu6f+2       3Cu6f+3   
   68    3Cu7f-3       3Cu7f-2       3Cu7f-1       3Cu7f0        3Cu7f+1       3Cu7f+2       3Cu7f+3       3Cu8f-3       3Cu8f-2       3Cu8f-1   
   69    3Cu8f0        3Cu8f+1       3Cu8f+2       3Cu8f+3       3Cu9f-3       3Cu9f-2       3Cu9f-1       3Cu9f0        3Cu9f+1       3Cu9f+2   
   70    3Cu9f+3       3Cu1g-4       3Cu1g-3       3Cu1g-2       3Cu1g-1       3Cu1g0        3Cu1g+1       3Cu1g+2       3Cu1g+3       3Cu1g+4   
   71    3Cu2g-4       3Cu2g-3       3Cu2g-2       3Cu2g-1       3Cu2g0        3Cu2g+1       3Cu2g+2       3Cu2g+3       3Cu2g+4       3Cu3g-4   
   72    3Cu3g-3       3Cu3g-2       3Cu3g-1       3Cu3g0        3Cu3g+1       3Cu3g+2       3Cu3g+3       3Cu3g+4       3Cu4g-4       3Cu4g-3   
   73    3Cu4g-2       3Cu4g-1       3Cu4g0        3Cu4g+1       3Cu4g+2       3Cu4g+3       3Cu4g+4       3Cu5g-4       3Cu5g-3       3Cu5g-2   
   74    3Cu5g-1       3Cu5g0        3Cu5g+1       3Cu5g+2       3Cu5g+3       3Cu5g+4       3Cu1h-5       3Cu1h-4       3Cu1h-3       3Cu1h-2   
   75    3Cu1h-1       3Cu1h0        3Cu1h+1       3Cu1h+2       3Cu1h+3       3Cu1h+4       3Cu1h+5       3Cu2h-5       3Cu2h-4       3Cu2h-3   
   76    3Cu2h-2       3Cu2h-1       3Cu2h0        3Cu2h+1       3Cu2h+2       3Cu2h+3       3Cu2h+4       3Cu2h+5       3Cu3h-5       3Cu3h-4   
   77    3Cu3h-3       3Cu3h-2       3Cu3h-1       3Cu3h0        3Cu3h+1       3Cu3h+2       3Cu3h+3       3Cu3h+4       3Cu3h+5       3Cu1i-6   
   78    3Cu1i-5       3Cu1i-4       3Cu1i-3       3Cu1i-2       3Cu1i-1       3Cu1i0        3Cu1i+1       3Cu1i+2       3Cu1i+3       3Cu1i+4   
   79    3Cu1i+5       3Cu1i+6       4Cu1s         4Cu2s         4Cu3s         4Cu4s         4Cu5s         4Cu6s         4Cu7s         4Cu8s     
   80    4Cu9s         4Cu10s        4Cu11s        4Cu12s        4Cu13s        4Cu14s        4Cu15s        4Cu16s        4Cu1pz        4Cu1py    
   81    4Cu1px        4Cu2pz        4Cu2py        4Cu2px        4Cu3pz        4Cu3py        4Cu3px        4Cu4pz        4Cu4py        4Cu4px    
   82    4Cu5pz        4Cu5py        4Cu5px        4Cu6pz        4Cu6py        4Cu6px        4Cu7pz        4Cu7py        4Cu7px        4Cu8pz    
   83    4Cu8py        4Cu8px        4Cu9pz        4Cu9py        4Cu9px        4Cu10pz       4Cu10py       4Cu10px       4Cu11pz       4Cu11py   
   84    4Cu11px       4Cu12pz       4Cu12py       4Cu12px       4Cu13pz       4Cu13py       4Cu13px       4Cu1d-2       4Cu1d-1       4Cu1d0    
   85    4Cu1d+1       4Cu1d+2       4Cu2d-2       4Cu2d-1       4Cu2d0        4Cu2d+1       4Cu2d+2       4Cu3d-2       4Cu3d-1       4Cu3d0    
   86    4Cu3d+1       4Cu3d+2       4Cu4d-2       4Cu4d-1       4Cu4d0        4Cu4d+1       4Cu4d+2       4Cu5d-2       4Cu5d-1       4Cu5d0    
   87    4Cu5d+1       4Cu5d+2       4Cu6d-2       4Cu6d-1       4Cu6d0        4Cu6d+1       4Cu6d+2       4Cu7d-2       4Cu7d-1       4Cu7d0    
   88    4Cu7d+1       4Cu7d+2       4Cu8d-2       4Cu8d-1       4Cu8d0        4Cu8d+1       4Cu8d+2       4Cu9d-2       4Cu9d-1       4Cu9d0    
   89    4Cu9d+1       4Cu9d+2       4Cu10d-2      4Cu10d-1      4Cu10d0       4Cu10d+1      4Cu10d+2      4Cu11d-2      4Cu11d-1      4Cu11d0   
   90    4Cu11d+1      4Cu11d+2      4Cu1f-3       4Cu1f-2       4Cu1f-1       4Cu1f0        4Cu1f+1       4Cu1f+2       4Cu1f+3       4Cu2f-3   
   91    4Cu2f-2       4Cu2f-1       4Cu2f0        4Cu2f+1       4Cu2f+2       4Cu2f+3       4Cu3f-3       4Cu3f-2       4Cu3f-1       4Cu3f0    
   92    4Cu3f+1       4Cu3f+2       4Cu3f+3       4Cu4f-3       4Cu4f-2       4Cu4f-1       4Cu4f0        4Cu4f+1       4Cu4f+2       4Cu4f+3   
   93    4Cu5f-3       4Cu5f-2       4Cu5f-1       4Cu5f0        4Cu5f+1       4Cu5f+2       4Cu5f+3       4Cu6f-3       4Cu6f-2       4Cu6f-1   
   94    4Cu6f0        4Cu6f+1       4Cu6f+2       4Cu6f+3       4Cu7f-3       4Cu7f-2       4Cu7f-1       4Cu7f0        4Cu7f+1       4Cu7f+2   
   95    4Cu7f+3       4Cu8f-3       4Cu8f-2       4Cu8f-1       4Cu8f0        4Cu8f+1       4Cu8f+2       4Cu8f+3       4Cu9f-3       4Cu9f-2   
   96    4Cu9f-1       4Cu9f0        4Cu9f+1       4Cu9f+2       4Cu9f+3       4Cu1g-4       4Cu1g-3       4Cu1g-2       4Cu1g-1       4Cu1g0    
   97    4Cu1g+1       4Cu1g+2       4Cu1g+3       4Cu1g+4       4Cu2g-4       4Cu2g-3       4Cu2g-2       4Cu2g-1       4Cu2g0        4Cu2g+1   
   98    4Cu2g+2       4Cu2g+3       4Cu2g+4       4Cu3g-4       4Cu3g-3       4Cu3g-2       4Cu3g-1       4Cu3g0        4Cu3g+1       4Cu3g+2   
   99    4Cu3g+3       4Cu3g+4       4Cu4g-4       4Cu4g-3       4Cu4g-2       4Cu4g-1       4Cu4g0        4Cu4g+1       4Cu4g+2       4Cu4g+3   
  100    4Cu4g+4       4Cu5g-4       4Cu5g-3       4Cu5g-2       4Cu5g-1       4Cu5g0        4Cu5g+1       4Cu5g+2       4Cu5g+3       4Cu5g+4   
  101    4Cu1h-5       4Cu1h-4       4Cu1h-3       4Cu1h-2       4Cu1h-1       4Cu1h0        4Cu1h+1       4Cu1h+2       4Cu1h+3       4Cu1h+4   
  102    4Cu1h+5       4Cu2h-5       4Cu2h-4       4Cu2h-3       4Cu2h-2       4Cu2h-1       4Cu2h0        4Cu2h+1       4Cu2h+2       4Cu2h+3   
  103    4Cu2h+4       4Cu2h+5       4Cu3h-5       4Cu3h-4       4Cu3h-3       4Cu3h-2       4Cu3h-1       4Cu3h0        4Cu3h+1       4Cu3h+2   
  104    4Cu3h+3       4Cu3h+4       4Cu3h+5       4Cu1i-6       4Cu1i-5       4Cu1i-4       4Cu1i-3       4Cu1i-2       4Cu1i-1       4Cu1i0    
  105    4Cu1i+1       4Cu1i+2       4Cu1i+3       4Cu1i+4       4Cu1i+5       4Cu1i+6       5Cu1s         5Cu2s         5Cu3s         5Cu4s     
  106    5Cu5s         5Cu6s         5Cu7s         5Cu8s         5Cu9s         5Cu10s        5Cu11s        5Cu12s        5Cu13s        5Cu14s    
  107    5Cu15s        5Cu16s        5Cu1pz        5Cu1py        5Cu1px        5Cu2pz        5Cu2py        5Cu2px        5Cu3pz        5Cu3py    
  108    5Cu3px        5Cu4pz        5Cu4py        5Cu4px        5Cu5pz        5Cu5py        5Cu5px        5Cu6pz        5Cu6py        5Cu6px    
  109    5Cu7pz        5Cu7py        5Cu7px        5Cu8pz        5Cu8py        5Cu8px        5Cu9pz        5Cu9py        5Cu9px        5Cu10pz   
  110    5Cu10py       5Cu10px       5Cu11pz       5Cu11py       5Cu11px       5Cu12pz       5Cu12py       5Cu12px       5Cu13pz       5Cu13py   
  111    5Cu13px       5Cu1d-2       5Cu1d-1       5Cu1d0        5Cu1d+1       5Cu1d+2       5Cu2d-2       5Cu2d-1       5Cu2d0        5Cu2d+1   
  112    5Cu2d+2       5Cu3d-2       5Cu3d-1       5Cu3d0        5Cu3d+1       5Cu3d+2       5Cu4d-2       5Cu4d-1       5Cu4d0        5Cu4d+1   
  113    5Cu4d+2       5Cu5d-2       5Cu5d-1       5Cu5d0        5Cu5d+1       5Cu5d+2       5Cu6d-2       5Cu6d-1       5Cu6d0        5Cu6d+1   
  114    5Cu6d+2       5Cu7d-2       5Cu7d-1       5Cu7d0        5Cu7d+1       5Cu7d+2       5Cu8d-2       5Cu8d-1       5Cu8d0        5Cu8d+1   
  115    5Cu8d+2       5Cu9d-2       5Cu9d-1       5Cu9d0        5Cu9d+1       5Cu9d+2       5Cu10d-2      5Cu10d-1      5Cu10d0       5Cu10d+1  
  116    5Cu10d+2      5Cu11d-2      5Cu11d-1      5Cu11d0       5Cu11d+1      5Cu11d+2      5Cu1f-3       5Cu1f-2       5Cu1f-1       5Cu1f0    
  117    5Cu1f+1       5Cu1f+2       5Cu1f+3       5Cu2f-3       5Cu2f-2       5Cu2f-1       5Cu2f0        5Cu2f+1       5Cu2f+2       5Cu2f+3   
  118    5Cu3f-3       5Cu3f-2       5Cu3f-1       5Cu3f0        5Cu3f+1       5Cu3f+2       5Cu3f+3       5Cu4f-3       5Cu4f-2       5Cu4f-1   
  119    5Cu4f0        5Cu4f+1       5Cu4f+2       5Cu4f+3       5Cu5f-3       5Cu5f-2       5Cu5f-1       5Cu5f0        5Cu5f+1       5Cu5f+2   
  120    5Cu5f+3       5Cu6f-3       5Cu6f-2       5Cu6f-1       5Cu6f0        5Cu6f+1       5Cu6f+2       5Cu6f+3       5Cu7f-3       5Cu7f-2   
  121    5Cu7f-1       5Cu7f0        5Cu7f+1       5Cu7f+2       5Cu7f+3       5Cu8f-3       5Cu8f-2       5Cu8f-1       5Cu8f0        5Cu8f+1   
  122    5Cu8f+2       5Cu8f+3       5Cu9f-3       5Cu9f-2       5Cu9f-1       5Cu9f0        5Cu9f+1       5Cu9f+2       5Cu9f+3       5Cu1g-4   
  123    5Cu1g-3       5Cu1g-2       5Cu1g-1       5Cu1g0        5Cu1g+1       5Cu1g+2       5Cu1g+3       5Cu1g+4       5Cu2g-4       5Cu2g-3   
  124    5Cu2g-2       5Cu2g-1       5Cu2g0        5Cu2g+1       5Cu2g+2       5Cu2g+3       5Cu2g+4       5Cu3g-4       5Cu3g-3       5Cu3g-2   
  125    5Cu3g-1       5Cu3g0        5Cu3g+1       5Cu3g+2       5Cu3g+3       5Cu3g+4       5Cu4g-4       5Cu4g-3       5Cu4g-2       5Cu4g-1   
  126    5Cu4g0        5Cu4g+1       5Cu4g+2       5Cu4g+3       5Cu4g+4       5Cu5g-4       5Cu5g-3       5Cu5g-2       5Cu5g-1       5Cu5g0    
  127    5Cu5g+1       5Cu5g+2       5Cu5g+3       5Cu5g+4       5Cu1h-5       5Cu1h-4       5Cu1h-3       5Cu1h-2       5Cu1h-1       5Cu1h0    
  128    5Cu1h+1       5Cu1h+2       5Cu1h+3       5Cu1h+4       5Cu1h+5       5Cu2h-5       5Cu2h-4       5Cu2h-3       5Cu2h-2       5Cu2h-1   
  129    5Cu2h0        5Cu2h+1       5Cu2h+2       5Cu2h+3       5Cu2h+4       5Cu2h+5       5Cu3h-5       5Cu3h-4       5Cu3h-3       5Cu3h-2   
  130    5Cu3h-1       5Cu3h0        5Cu3h+1       5Cu3h+2       5Cu3h+3       5Cu3h+4       5Cu3h+5       5Cu1i-6       5Cu1i-5       5Cu1i-4   
  131    5Cu1i-3       5Cu1i-2       5Cu1i-1       5Cu1i0        5Cu1i+1       5Cu1i+2       5Cu1i+3       5Cu1i+4       5Cu1i+5       5Cu1i+6   
  132    6Cu1s         6Cu2s         6Cu3s         6Cu4s         6Cu5s         6Cu6s         6Cu7s         6Cu8s         6Cu9s         6Cu10s    
  133    6Cu11s        6Cu12s        6Cu13s        6Cu14s        6Cu15s        6Cu16s        6Cu1pz        6Cu1py        6Cu1px        6Cu2pz    
  134    6Cu2py        6Cu2px        6Cu3pz        6Cu3py        6Cu3px        6Cu4pz        6Cu4py        6Cu4px        6Cu5pz        6Cu5py    
  135    6Cu5px        6Cu6pz        6Cu6py        6Cu6px        6Cu7pz        6Cu7py        6Cu7px        6Cu8pz        6Cu8py        6Cu8px    
  136    6Cu9pz        6Cu9py        6Cu9px        6Cu10pz       6Cu10py       6Cu10px       6Cu11pz       6Cu11py       6Cu11px       6Cu12pz   
  137    6Cu12py       6Cu12px       6Cu13pz       6Cu13py       6Cu13px       6Cu1d-2       6Cu1d-1       6Cu1d0        6Cu1d+1       6Cu1d+2   
  138    6Cu2d-2       6Cu2d-1       6Cu2d0        6Cu2d+1       6Cu2d+2       6Cu3d-2       6Cu3d-1       6Cu3d0        6Cu3d+1       6Cu3d+2   
  139    6Cu4d-2       6Cu4d-1       6Cu4d0        6Cu4d+1       6Cu4d+2       6Cu5d-2       6Cu5d-1       6Cu5d0        6Cu5d+1       6Cu5d+2   
  140    6Cu6d-2       6Cu6d-1       6Cu6d0        6Cu6d+1       6Cu6d+2       6Cu7d-2       6Cu7d-1       6Cu7d0        6Cu7d+1       6Cu7d+2   
  141    6Cu8d-2       6Cu8d-1       6Cu8d0        6Cu8d+1       6Cu8d+2       6Cu9d-2       6Cu9d-1       6Cu9d0        6Cu9d+1       6Cu9d+2   
  142    6Cu10d-2      6Cu10d-1      6Cu10d0       6Cu10d+1      6Cu10d+2      6Cu11d-2      6Cu11d-1      6Cu11d0       6Cu11d+1      6Cu11d+2  
  143    6Cu1f-3       6Cu1f-2       6Cu1f-1       6Cu1f0        6Cu1f+1       6Cu1f+2       6Cu1f+3       6Cu2f-3       6Cu2f-2       6Cu2f-1   
  144    6Cu2f0        6Cu2f+1       6Cu2f+2       6Cu2f+3       6Cu3f-3       6Cu3f-2       6Cu3f-1       6Cu3f0        6Cu3f+1       6Cu3f+2   
  145    6Cu3f+3       6Cu4f-3       6Cu4f-2       6Cu4f-1       6Cu4f0        6Cu4f+1       6Cu4f+2       6Cu4f+3       6Cu5f-3       6Cu5f-2   
  146    6Cu5f-1       6Cu5f0        6Cu5f+1       6Cu5f+2       6Cu5f+3       6Cu6f-3       6Cu6f-2       6Cu6f-1       6Cu6f0        6Cu6f+1   
  147    6Cu6f+2       6Cu6f+3       6Cu7f-3       6Cu7f-2       6Cu7f-1       6Cu7f0        6Cu7f+1       6Cu7f+2       6Cu7f+3       6Cu8f-3   
  148    6Cu8f-2       6Cu8f-1       6Cu8f0        6Cu8f+1       6Cu8f+2       6Cu8f+3       6Cu9f-3       6Cu9f-2       6Cu9f-1       6Cu9f0    
  149    6Cu9f+1       6Cu9f+2       6Cu9f+3       6Cu1g-4       6Cu1g-3       6Cu1g-2       6Cu1g-1       6Cu1g0        6Cu1g+1       6Cu1g+2   
  150    6Cu1g+3       6Cu1g+4       6Cu2g-4       6Cu2g-3       6Cu2g-2       6Cu2g-1       6Cu2g0        6Cu2g+1       6Cu2g+2       6Cu2g+3   
  151    6Cu2g+4       6Cu3g-4       6Cu3g-3       6Cu3g-2       6Cu3g-1       6Cu3g0        6Cu3g+1       6Cu3g+2       6Cu3g+3       6Cu3g+4   
  152    6Cu4g-4       6Cu4g-3       6Cu4g-2       6Cu4g-1       6Cu4g0        6Cu4g+1       6Cu4g+2       6Cu4g+3       6Cu4g+4       6Cu5g-4   
  153    6Cu5g-3       6Cu5g-2       6Cu5g-1       6Cu5g0        6Cu5g+1       6Cu5g+2       6Cu5g+3       6Cu5g+4       6Cu1h-5       6Cu1h-4   
  154    6Cu1h-3       6Cu1h-2       6Cu1h-1       6Cu1h0        6Cu1h+1       6Cu1h+2       6Cu1h+3       6Cu1h+4       6Cu1h+5       6Cu2h-5   
  155    6Cu2h-4       6Cu2h-3       6Cu2h-2       6Cu2h-1       6Cu2h0        6Cu2h+1       6Cu2h+2       6Cu2h+3       6Cu2h+4       6Cu2h+5   
  156    6Cu3h-5       6Cu3h-4       6Cu3h-3       6Cu3h-2       6Cu3h-1       6Cu3h0        6Cu3h+1       6Cu3h+2       6Cu3h+3       6Cu3h+4   
  157    6Cu3h+5       6Cu1i-6       6Cu1i-5       6Cu1i-4       6Cu1i-3       6Cu1i-2       6Cu1i-1       6Cu1i0        6Cu1i+1       6Cu1i+2   
  158    6Cu1i+3       6Cu1i+4       6Cu1i+5       6Cu1i+6   
 
 Maximum number of basis functions per shell:   63
 Total number of basis functions:   1584
 
 
 Effective core potentials:
 
   1  Cu mcdhf-ecp-10        
   2  Cu mcdhf-ecp-10        
   3  Cu mcdhf-ecp-10        
   4  Cu mcdhf-ecp-10        
   5  Cu mcdhf-ecp-10        
   6  Cu mcdhf-ecp-10        
 
 Initializing the SAD routines for the initial guess...
 Checking the files required for the initial guess...
 Density files have not been found for the initial guess.
 Generating SCFDENSITIES.Cu.def2-svp.0
 CPU time [min]:     0.120                   Wall time [min]:     0.210
 
 Character table for point group C1:
 
          E  
    A     1
 
 Number of basis functions per irrep:
    A     186
 
 
 Density functional: PBE hybrid functional (PBE0)
 Constructing integration grid for DFT...
 Angular integration grid: adaptive 590-point Lebedev quadrature
 Radial integration grid: Log3 quadrature
 Total number of grid points: 120588      
 CPU time [min]:     1.337                   Wall time [min]:     0.246
 
 Calculation of overlap integrals...
 CPU time [min]:     1.340                   Wall time [min]:     0.246
 
 Calculation of the square root of the overlap matrix...
 Minimum eigenvalue of the overlap matrix: 0.274756E-01
 CPU time [min]:     1.403                   Wall time [min]:     0.251
 
 Calculation of kinetic energy integrals...
 CPU time [min]:     1.404                   Wall time [min]:     0.251
 Calculation of dipole moment integrals...
 CPU time [min]:     1.407                   Wall time [min]:     0.251
 Calculation of nuclear attraction integrals...
 CPU time [min]:     1.410                   Wall time [min]:     0.251
 Calculation of core potential integrals...
 CPU time [min]:     1.575                   Wall time [min]:     0.304
 
 Calculation of prescreening integrals...
 CPU time [min]:     2.252                   Wall time [min]:     0.323
 
 Calculation of two-center Coulomb integrals...
   1% done.
  12% done.
  24% done.
  37% done.
  49% done.
  60% done.
  71% done.
  82% done.
  94% done.
 100% done.
 CPU time [min]:     2.422                   Wall time [min]:     0.328
 
 Cholesky decomposition of the two-center matrix...
 Reciprocal of the condition number:  0.252459E-05
 CPU time [min]:     2.526                   Wall time [min]:     0.332
 
 
 Running small-basis SCF...

 ************************ 2023-10-24 09:32:02 *************************
 Executing scf...

 @scfsetup: integrals calculated directly
            mrcc/integ direct run
 @scfsetup: calculating on full matrices
            not using symmetry adapted basis
 @scfsetup: diis switched on
 @scfsetup: number of steps to extrapolate from  10
 @scfsetup: tolerance in energy deviation    0.100000E-05
            tolerance in density deviation    0.100000E-05
 @scfsetup: maximum number of iterations:  50
 @scfsetup: restricted closed shell hf calc
 @scfsetup: starting scf from superposition of atomic densities
 @scfsetup: occupation set:
            from initial orbitals
 @scfsetup: Parameter-set for SCF acceleration: difficult
 @scfsetup: diis runs from iteration:   2
 @scfsetup: diis runs to iteration:  50
 @scfsetup: diis runs in every iteration
 @scfsetup: diiswatch is disabled                   
 @scfsetup: diis dtol criteria to switch on:      0.0000E+00
           (or the iteration number below is reached)
 @scfsetup: static damping scheme
            iteration step criteria to turn damping off: 3
 @scfsetup: dynamic level shifting
            tolarance in HOMO-LUMO gap:  0.200
            tolarance in density deviation:     0.0000E+00
            iteration step criteria to turn level shifting off: 8
 Allocation of 220.0 Gbytes of memory...
 ======================================================================
 ITERATION STEP   1
 CPU time [min]:     0.121                   Wall time [min]:     0.007
 

 SCF control                  : initial
 Damping factor/level shift   : 0.700/0.200
 DIIS [start/end/frequency]   :   2 / 50 /  1

 Constructing Fock-matrix...
 
 Pipek-Mezey localization...
 Step  Convergence
   1  11.406219422536
   2   4.689978416641
   3   0.056743149016
   4   0.000021898609
   5   0.000000009737
 CPU time [min]:     0.165                   Wall time [min]:     0.010
 
 Constructing local fitting domains...
 Maximum number of atoms in fitting domains:    6
 Average number of atoms in fitting domains:    6.0
 
 First step of Coulomb + first step of exchange...
 Exchange contribution is evaluated for MOs 1 to 57.
   1% done.
  13% done.
  25% done.
  40% done.
  55% done.
  70% done.
  83% done.
 100% done.
 CPU time [min]:     1.546                   Wall time [min]:     0.053
 
 Fitting and assembly step of exchange...
 CPU time [min]:     1.590                   Wall time [min]:     0.055
 
 Second step of Coulomb...
   1% done.
  13% done.
  25% done.
  40% done.
  55% done.
  70% done.
  83% done.
 100% done.
 CPU time [min]:     1.777                   Wall time [min]:     0.064
 
 Calculating the exchange-correlation matrix...
                  0.7500*PBEX [au]:    -92.114307450403
                  1.0000*PBEC [au]:     -5.699367102059
 Exchange-correlation energy  [au]:    -97.813674552463
 CPU time [min]:     2.351                   Wall time [min]:     0.098
 
 Coulomb energy + HF exchange [au]:   2152.248046898651
 Gradient norm:      4.5460E+00
 RMS of [F,P]:                                         0.06135521352064
 RMS of difference density:                            0.02045955003095
 Gap [au]:  0.00315110
 ALPHA OCC:  57
 BETA  OCC:  57
 
 ***KOHN-SHAM ENERGY IN STEP   1 IS         -1158.9454653856068944 [AU]
 ======================================================================
 ITERATION STEP   2
 CPU time [min]:     2.378                   Wall time [min]:     0.099
 

 SCF control                  : diis+damping
 Damping factor/level shift   : 0.700/0.200
 DIIS [start/end/frequency]   :   2 / 50 /  1

 Constructing Fock-matrix...
 
 Pipek-Mezey localization...
 Step  Convergence
   1  18.248519611131
   2   5.172290091946
   3   0.090137974981
   4   0.000562141174
   5   0.000001690571
   6   0.000000003685
 CPU time [min]:     2.415                   Wall time [min]:     0.100
 
 Constructing local fitting domains...
 Maximum number of atoms in fitting domains:    6
 Average number of atoms in fitting domains:    6.0
 
 First step of Coulomb + first step of exchange...
 Exchange contribution is evaluated for MOs 1 to 57.
   1% done.
  13% done.
  25% done.
  40% done.
  55% done.
  70% done.
  83% done.
 100% done.
 CPU time [min]:     2.715                   Wall time [min]:     0.109
 
 Fitting and assembly step of exchange...
 CPU time [min]:     2.753                   Wall time [min]:     0.110
 
 Second step of Coulomb...
   1% done.
  13% done.
  25% done.
  40% done.
  55% done.
  70% done.
  83% done.
 100% done.
 CPU time [min]:     2.835                   Wall time [min]:     0.112
 
 Calculating the exchange-correlation matrix...
                  0.7500*PBEX [au]:    -88.855369490310
                  1.0000*PBEC [au]:     -5.574545024031
 Exchange-correlation energy  [au]:    -94.429914514341
 CPU time [min]:     3.304                   Wall time [min]:     0.138
 
 Coulomb energy + HF exchange [au]:   2108.720953215070
 Gradient norm:      7.4819E-01
 DIIS is running in this iteration step.
 RMS of [F,P]:                                         0.04790903696414
 RMS of difference density:                            0.03707501408353
 Gap [au]:  0.00006473
 ALPHA OCC:  57
 BETA  OCC:  57
 
 ***KOHN-SHAM ENERGY IN STEP   2 IS         -1164.5805372044364958 [AU]
 
 Step comparison  Energy Drift [au]  DIIS error drift  Gradient drift
        1            5.6351E+00         1.3446E-02       3.7978E+00
        2            1.1646E+03         1.0000E-06       3.7978E+00
 ======================================================================
 ITERATION STEP   3
 CPU time [min]:     3.320                   Wall time [min]:     0.138
 

 SCF control                  : diis+damping
 Damping factor/level shift   : 0.700/0.200
 DIIS [start/end/frequency]   :   2 / 50 /  1

 Constructing Fock-matrix...
 
 Pipek-Mezey localization...
 Step  Convergence
   1  14.213588131044
   2   7.204864528116
   3   1.854235239284
   4   0.140980648435
   5   0.019277284446
   6   0.000549102403
   7   0.000041378747
   8   0.000010612337
   9   0.000003121814
  10   0.000000937607
 CPU time [min]:     3.352                   Wall time [min]:     0.139
 
 Constructing local fitting domains...
 Local fitting domains are unchanged.
 
 First step of Coulomb + first step of exchange...
 Exchange contribution is evaluated for MOs 1 to 57.
   1% done.
  13% done.
  25% done.
  40% done.
  55% done.
  70% done.
  83% done.
 100% done.
 CPU time [min]:     3.650                   Wall time [min]:     0.148
 
 Fitting and assembly step of exchange...
 CPU time [min]:     3.682                   Wall time [min]:     0.148
 
 Second step of Coulomb...
   1% done.
  13% done.
  25% done.
  40% done.
  55% done.
  70% done.
  83% done.
 100% done.
 CPU time [min]:     3.763                   Wall time [min]:     0.151
 
 Calculating the exchange-correlation matrix...
                  0.7500*PBEX [au]:    -84.960723239681
                  1.0000*PBEC [au]:     -5.450330821277
 Exchange-correlation energy  [au]:    -90.411054060958
 CPU time [min]:     4.231                   Wall time [min]:     0.176
 
 Coulomb energy + HF exchange [au]:   2057.563150079979
 Gradient norm:      5.0451E-01
 DIIS is running in this iteration step.
 RMS of [F,P]:                                         0.03179486668460
 RMS of difference density:                            0.01097442559931
 Gap [au]:  0.02428034
 ALPHA OCC:  57
 BETA  OCC:  57
 
 ***KOHN-SHAM ENERGY IN STEP   3 IS         -1168.5225052057858193 [AU]
 
 Step comparison  Energy Drift [au]  DIIS error drift  Gradient drift
        2            3.9420E+00         1.6114E-02       2.4369E-01
 ======================================================================
 ITERATION STEP   4
 CPU time [min]:     4.245                   Wall time [min]:     0.177
 

 SCF control                  : diis
 Damping factor/level shift   : 0.000/0.200
 DIIS [start/end/frequency]   :   2 / 50 /  1

 Constructing Fock-matrix...
 
 Pipek-Mezey localization...
 Step  Convergence
   1   9.606393422219
   2   4.328428959279
   3   1.008451845142
   4   0.032160742217
   5   0.001087869605
   6   0.000068637527
   7   0.000004185337
   8   0.000000396749
 CPU time [min]:     4.274                   Wall time [min]:     0.178
 
 Constructing local fitting domains...
 Local fitting domains are unchanged.
 
 First step of Coulomb + first step of exchange...
 Exchange contribution is evaluated for MOs 1 to 57.
   1% done.
  13% done.
  25% done.
  40% done.
  55% done.
  70% done.
  83% done.
 100% done.
 CPU time [min]:     4.572                   Wall time [min]:     0.186
 
 Fitting and assembly step of exchange...
 CPU time [min]:     4.603                   Wall time [min]:     0.187
 
 Second step of Coulomb...
   1% done.
  13% done.
  25% done.
  40% done.
  55% done.
  70% done.
  83% done.
 100% done.
 CPU time [min]:     4.685                   Wall time [min]:     0.189
 
 Calculating the exchange-correlation matrix...
                  0.7500*PBEX [au]:    -80.773115560805
                  1.0000*PBEC [au]:     -5.369177323595
 Exchange-correlation energy  [au]:    -86.142292884400
 CPU time [min]:     5.153                   Wall time [min]:     0.215
 
 Coulomb energy + HF exchange [au]:   2051.575485613819
 Gradient norm:      5.8401E-01
 DIIS is running in this iteration step.
 RMS of [F,P]:                                         0.02582595683557
 RMS of difference density:                            0.03961578929723
 Gap [au]:  0.00436757
 ALPHA OCC:  57
 BETA  OCC:  57
 
 ***KOHN-SHAM ENERGY IN STEP   4 IS         -1166.5744835226109899 [AU]
 
 Step comparison  Energy Drift [au]  DIIS error drift  Gradient drift
        3           -1.9480E+00         5.9689E-03      -7.9504E-02
 Warning! The energy goes uphill (with respect to previous step).
 Warning! The gradient goes uphill (with respect to previous step).
 Warning! The gradient goes uphill (with respect to step   3 ).
 ======================================================================
 ITERATION STEP   5
 CPU time [min]:     5.163                   Wall time [min]:     0.215
 

 SCF control                  : diis
 Damping factor/level shift   : 0.000/0.200
 DIIS [start/end/frequency]   :   2 / 50 /  1

 Constructing Fock-matrix...
 
 Pipek-Mezey localization...
 Step  Convergence
   1  14.959374837409
   2   4.405951357306
   3   0.885323148978
   4   0.274581093244
   5   0.000539679389
   6   0.000004354986
   7   0.000000062893
 CPU time [min]:     5.191                   Wall time [min]:     0.216
 
 Constructing local fitting domains...
 Local fitting domains are unchanged.
 
 First step of Coulomb + first step of exchange...
 Exchange contribution is evaluated for MOs 1 to 57.
   1% done.
  13% done.
  25% done.
  40% done.
  55% done.
  70% done.
  83% done.
 100% done.
 CPU time [min]:     5.489                   Wall time [min]:     0.224
 
 Fitting and assembly step of exchange...
 CPU time [min]:     5.520                   Wall time [min]:     0.225
 
 Second step of Coulomb...
   1% done.
  13% done.
  25% done.
  40% done.
  55% done.
  70% done.
  83% done.
 100% done.
 CPU time [min]:     5.602                   Wall time [min]:     0.227
 
 Calculating the exchange-correlation matrix...
                  0.7500*PBEX [au]:    -80.424888384022
                  1.0000*PBEC [au]:     -5.375573115616
 Exchange-correlation energy  [au]:    -85.800461499637
 CPU time [min]:     6.070                   Wall time [min]:     0.253
 
 Coulomb energy + HF exchange [au]:   2013.713433816295
 Gradient norm:      6.0290E-01
 DIIS is running in this iteration step.
 RMS of [F,P]:                                         0.01266903792386
 RMS of difference density:                            0.01025854265496
 Gap [au]:  0.15020397
 ALPHA OCC:  57
 BETA  OCC:  57
 
 ***KOHN-SHAM ENERGY IN STEP   5 IS         -1171.8996271473879460 [AU]
 
 Step comparison  Energy Drift [au]  DIIS error drift  Gradient drift
        4            5.3251E+00         1.3157E-02      -1.8895E-02
 Warning! The gradient goes uphill (with respect to previous step).
 Warning! The gradient goes uphill (with respect to step   3 ).
 ======================================================================
 ITERATION STEP   6
 CPU time [min]:     6.081                   Wall time [min]:     0.253
 

 SCF control                  : diis
 Damping factor/level shift   : 0.000/0.200
 DIIS [start/end/frequency]   :   2 / 50 /  1

 Constructing Fock-matrix...
 
 Pipek-Mezey localization...
 Step  Convergence
   1  15.743516672596
   2   6.153910180867
   3   0.733161884363
   4   0.058077117132
   5   0.000622085845
   6   0.000009185191
   7   0.000000166254
 CPU time [min]:     6.108                   Wall time [min]:     0.254
 
 Constructing local fitting domains...
 Local fitting domains are unchanged.
 
 First step of Coulomb + first step of exchange...
 Exchange contribution is evaluated for MOs 1 to 57.
   1% done.
  13% done.
  25% done.
  40% done.
  55% done.
  70% done.
  83% done.
 100% done.
 CPU time [min]:     6.406                   Wall time [min]:     0.262
 
 Fitting and assembly step of exchange...
 CPU time [min]:     6.437                   Wall time [min]:     0.263
 
 Second step of Coulomb...
   1% done.
  13% done.
  25% done.
  40% done.
  55% done.
  70% done.
  83% done.
 100% done.
 CPU time [min]:     6.519                   Wall time [min]:     0.265
 
 Calculating the exchange-correlation matrix...
                  0.7500*PBEX [au]:    -80.617231624169
                  1.0000*PBEC [au]:     -5.391538781728
 Exchange-correlation energy  [au]:    -86.008770405897
 CPU time [min]:     6.987                   Wall time [min]:     0.291
 
 Coulomb energy + HF exchange [au]:   2023.621177995605
 Gradient norm:      4.5465E-01
 DIIS is running in this iteration step.
 RMS of [F,P]:                                         0.00817927331141
 RMS of difference density:                            0.00514160430357
 Gap [au]:  0.14025863
 ALPHA OCC:  57
 BETA  OCC:  57
 
 ***KOHN-SHAM ENERGY IN STEP   6 IS         -1172.2000482368380290 [AU]
 
 Step comparison  Energy Drift [au]  DIIS error drift  Gradient drift
        5            3.0042E-01         4.4898E-03       1.4825E-01
 ======================================================================
 ITERATION STEP   7
 CPU time [min]:     6.997                   Wall time [min]:     0.291
 

 SCF control                  : diis
 Damping factor/level shift   : 0.000/0.200
 DIIS [start/end/frequency]   :   2 / 50 /  1

 Constructing Fock-matrix...
 
 Pipek-Mezey localization...
 Step  Convergence
   1  18.888529650520
   2   9.122063609015
   3   4.329735345212
   4   0.264225781906
   5   0.002436992236
   6   0.000048002375
   7   0.000002020265
   8   0.000000112951
   9   0.000000006960
 CPU time [min]:     7.026                   Wall time [min]:     0.292
 
 Constructing local fitting domains...
 Local fitting domains are unchanged.
 
 First step of Coulomb + first step of exchange...
 Exchange contribution is evaluated for MOs 1 to 57.
   1% done.
  13% done.
  25% done.
  40% done.
  55% done.
  70% done.
  83% done.
 100% done.
 CPU time [min]:     7.325                   Wall time [min]:     0.300
 
 Fitting and assembly step of exchange...
 CPU time [min]:     7.356                   Wall time [min]:     0.301
 
 Second step of Coulomb...
   1% done.
  13% done.
  25% done.
  40% done.
  55% done.
  70% done.
  83% done.
 100% done.
 CPU time [min]:     7.438                   Wall time [min]:     0.304
 
 Calculating the exchange-correlation matrix...
                  0.7500*PBEX [au]:    -81.205715384081
                  1.0000*PBEC [au]:     -5.403708751203
 Exchange-correlation energy  [au]:    -86.609424135285
 CPU time [min]:     7.907                   Wall time [min]:     0.329
 
 Coulomb energy + HF exchange [au]:   2032.382267530816
 Gradient norm:      1.3864E-01
 DIIS is running in this iteration step.
 RMS of [F,P]:                                         0.00282032005299
 RMS of difference density:                            0.00290295451612
 Gap [au]:  0.12196140
 ALPHA OCC:  57
 BETA  OCC:  57
 
 ***KOHN-SHAM ENERGY IN STEP   7 IS         -1172.3510630051337102 [AU]
 
 Step comparison  Energy Drift [au]  DIIS error drift  Gradient drift
        6            1.5101E-01         5.3590E-03       3.1602E-01
 ======================================================================
 ITERATION STEP   8
 CPU time [min]:     7.918                   Wall time [min]:     0.330
 

 SCF control                  : diis
 Damping factor/level shift   : 0.000/0.200
 DIIS [start/end/frequency]   :   2 / 50 /  1

 Constructing Fock-matrix...
 
 Pipek-Mezey localization...
 Step  Convergence
   1  17.309210782891
   2  11.468706922963
   3   8.147088274401
   4   1.197776944105
   5   0.018120123271
   6   0.001867540817
   7   0.000060840032
   8   0.000005184821
   9   0.000000352994
  10   0.000000025092
  11   0.000000001858
 CPU time [min]:     7.949                   Wall time [min]:     0.331
 
 Constructing local fitting domains...
 Local fitting domains are unchanged.
 
 First step of Coulomb + first step of exchange...
 Exchange contribution is evaluated for MOs 1 to 57.
   1% done.
  13% done.
  25% done.
  40% done.
  55% done.
  70% done.
  83% done.
 100% done.
 CPU time [min]:     8.248                   Wall time [min]:     0.339
 
 Fitting and assembly step of exchange...
 CPU time [min]:     8.280                   Wall time [min]:     0.340
 
 Second step of Coulomb...
   1% done.
  13% done.
  25% done.
  40% done.
  55% done.
  70% done.
  83% done.
 100% done.
 CPU time [min]:     8.361                   Wall time [min]:     0.342
 
 Calculating the exchange-correlation matrix...
                  0.7500*PBEX [au]:    -81.336369869393
                  1.0000*PBEC [au]:     -5.399222885849
 Exchange-correlation energy  [au]:    -86.735592755242
 CPU time [min]:     8.830                   Wall time [min]:     0.368
 
 Coulomb energy + HF exchange [au]:   2031.836116664031
 Gradient norm:      4.7756E-02
 DIIS is running in this iteration step.
 RMS of [F,P]:                                         0.00125004278532
 RMS of difference density:                            0.00147200525174
 Gap [au]:  0.12317450
 ALPHA OCC:  57
 BETA  OCC:  57
 
 ***KOHN-SHAM ENERGY IN STEP   8 IS         -1172.3797728137096783 [AU]
 
 Step comparison  Energy Drift [au]  DIIS error drift  Gradient drift
        7            2.8710E-02         1.5703E-03       9.0882E-02
 ======================================================================
 ITERATION STEP   9
 CPU time [min]:     8.840                   Wall time [min]:     0.368
 

 SCF control                  : diis
 Damping factor/level shift   : 0.000/0.000
 DIIS [start/end/frequency]   :   2 / 50 /  1

 Constructing Fock-matrix...
 
 Pipek-Mezey localization...
 Step  Convergence
   1  22.534482618320
   2   7.822634775706
   3   9.532855867678
   4   1.490717282547
   5   0.305004562306
   6   0.025937812844
   7   0.001786812911
   8   0.000163203285
   9   0.000014854393
  10   0.000001393038
  11   0.000000128384
  12   0.000000011970
  13   0.000000001106
  14   0.000000000103
 CPU time [min]:     8.876                   Wall time [min]:     0.369
 
 Constructing local fitting domains...
 Local fitting domains are unchanged.
 
 First step of Coulomb + first step of exchange...
 Exchange contribution is evaluated for MOs 1 to 57.
   1% done.
  13% done.
  25% done.
  40% done.
  55% done.
  70% done.
  83% done.
 100% done.
 CPU time [min]:     9.174                   Wall time [min]:     0.377
 
 Fitting and assembly step of exchange...
 CPU time [min]:     9.205                   Wall time [min]:     0.378
 
 Second step of Coulomb...
   1% done.
  13% done.
  25% done.
  40% done.
  55% done.
  70% done.
  83% done.
 100% done.
 CPU time [min]:     9.287                   Wall time [min]:     0.380
 
 Calculating the exchange-correlation matrix...
                  0.7500*PBEX [au]:    -81.367208262800
                  1.0000*PBEC [au]:     -5.396863204771
 Exchange-correlation energy  [au]:    -86.764071467571
 CPU time [min]:     9.755                   Wall time [min]:     0.406
 
 Coulomb energy + HF exchange [au]:   2031.442565346556
 Gradient norm:      2.9825E-02
 DIIS is running in this iteration step.
 RMS of [F,P]:                                         0.00072456206516
 RMS of difference density:                            0.00140646454912
 Gap [au]:  0.12692263
 ALPHA OCC:  57
 BETA  OCC:  57
 
 ***KOHN-SHAM ENERGY IN STEP   9 IS         -1172.3848188557449248 [AU]
 
 Step comparison  Energy Drift [au]  DIIS error drift  Gradient drift
        8            5.0460E-03         5.2548E-04       1.7930E-02
 ======================================================================
 ITERATION STEP  10
 CPU time [min]:     9.807                   Wall time [min]:     0.408
 

 SCF control                  : diis
 Damping factor/level shift   : 0.000/0.000
 DIIS [start/end/frequency]   :   2 / 50 /  1

 Constructing Fock-matrix...
 
 Pipek-Mezey localization...
 Step  Convergence
   1  19.309654637068
   2   7.174108606799
   3   9.542097312914
   4   3.241655582187
   5   0.169783264607
   6   0.010819840551
   7   0.000142682875
   8   0.000007151273
   9   0.000000172691
  10   0.000000011355
  11   0.000000000700
  12   0.000000000052
 CPU time [min]:     9.847                   Wall time [min]:     0.409
 
 Constructing local fitting domains...
 Local fitting domains are unchanged.
 
 First step of Coulomb + first step of exchange...
 Exchange contribution is evaluated for MOs 1 to 57.
   1% done.
  13% done.
  25% done.
  40% done.
  55% done.
  70% done.
  83% done.
 100% done.
 CPU time [min]:    10.145                   Wall time [min]:     0.417
 
 Fitting and assembly step of exchange...
 CPU time [min]:    10.177                   Wall time [min]:     0.418
 
 Second step of Coulomb...
   1% done.
  13% done.
  25% done.
  40% done.
  55% done.
  70% done.
  83% done.
 100% done.
 CPU time [min]:    10.258                   Wall time [min]:     0.420
 
 Calculating the exchange-correlation matrix...
                  0.7500*PBEX [au]:    -81.398292753303
                  1.0000*PBEC [au]:     -5.396877034334
 Exchange-correlation energy  [au]:    -86.795169787638
 CPU time [min]:    10.726                   Wall time [min]:     0.446
 
 Coulomb energy + HF exchange [au]:   2031.945112920451
 Gradient norm:      1.2037E-02
 DIIS is running in this iteration step.
 RMS of [F,P]:                                         0.00028697657590
 RMS of difference density:                            0.00053002598398
 Gap [au]:  0.12764475
 ALPHA OCC:  57
 BETA  OCC:  57
 
 ***KOHN-SHAM ENERGY IN STEP  10 IS         -1172.3878605699824220 [AU]
 
 Step comparison  Energy Drift [au]  DIIS error drift  Gradient drift
        9            3.0417E-03         4.3759E-04       1.7788E-02
 ======================================================================
 ITERATION STEP  11
 CPU time [min]:    10.737                   Wall time [min]:     0.446
 

 SCF control                  : diis
 Damping factor/level shift   : 0.000/0.000
 DIIS [start/end/frequency]   :   2 / 50 /  1

 Constructing Fock-matrix...
 
 Pipek-Mezey localization...
 Step  Convergence
   1  19.064303869054
   2  10.673869321761
   3  11.279263708440
   4   4.671037044699
   5   0.476496075785
   6   0.016650315630
   7   0.000225811466
   8   0.000007846890
   9   0.000000085372
  10   0.000000002802
  11   0.000000000041
  12   0.000000000001
 CPU time [min]:    10.770                   Wall time [min]:     0.447
 
 Constructing local fitting domains...
 Local fitting domains are unchanged.
 
 First step of Coulomb + first step of exchange...
 Exchange contribution is evaluated for MOs 1 to 57.
   1% done.
  13% done.
  25% done.
  40% done.
  55% done.
  70% done.
  83% done.
 100% done.
 CPU time [min]:    11.068                   Wall time [min]:     0.455
 
 Fitting and assembly step of exchange...
 CPU time [min]:    11.100                   Wall time [min]:     0.456
 
 Second step of Coulomb...
   1% done.
  13% done.
  25% done.
  40% done.
  55% done.
  70% done.
  83% done.
 100% done.
 CPU time [min]:    11.181                   Wall time [min]:     0.458
 
 Calculating the exchange-correlation matrix...
                  0.7500*PBEX [au]:    -81.420337652239
                  1.0000*PBEC [au]:     -5.397774088486
 Exchange-correlation energy  [au]:    -86.818111740725
 CPU time [min]:    11.653                   Wall time [min]:     0.484
 
 Coulomb energy + HF exchange [au]:   2032.509306081061
 Gradient norm:      4.0899E-03
 DIIS is running in this iteration step.
 RMS of [F,P]:                                         0.00007634392450
 RMS of difference density:                            0.00015619829709
 Gap [au]:  0.12702331
 ALPHA OCC:  57
 BETA  OCC:  57
 
 ***KOHN-SHAM ENERGY IN STEP  11 IS         -1172.3883078717067292 [AU]
 
 Step comparison  Energy Drift [au]  DIIS error drift  Gradient drift
       10            4.4730E-04         2.1063E-04       7.9473E-03
 ======================================================================
 ITERATION STEP  12
 CPU time [min]:    11.664                   Wall time [min]:     0.485
 

 SCF control                  : diis
 Damping factor/level shift   : 0.000/0.000
 DIIS [start/end/frequency]   :   2 / 50 /  1

 Constructing Fock-matrix...
 
 Pipek-Mezey localization...
 Step  Convergence
   1  21.199749873235
   2   7.180742773215
   3  13.990619907960
   4   5.880559357155
   5   1.791268579808
   6   0.221913983855
   7   0.001000029553
   8   0.000006868699
   9   0.000000064726
  10   0.000000002498
  11   0.000000000033
  12   0.000000000001
  13   0.000000000000
 CPU time [min]:    11.699                   Wall time [min]:     0.486
 
 Constructing local fitting domains...
 Local fitting domains are unchanged.
 
 First step of Coulomb + first step of exchange...
 Exchange contribution is evaluated for MOs 1 to 57.
   1% done.
  13% done.
  25% done.
  40% done.
  55% done.
  70% done.
  83% done.
 100% done.
 CPU time [min]:    11.998                   Wall time [min]:     0.494
 
 Fitting and assembly step of exchange...
 CPU time [min]:    12.029                   Wall time [min]:     0.495
 
 Second step of Coulomb...
   1% done.
  13% done.
  25% done.
  40% done.
  55% done.
  70% done.
  83% done.
 100% done.
 CPU time [min]:    12.110                   Wall time [min]:     0.497
 
 Calculating the exchange-correlation matrix...
