 **********************************************************************
                          MRCC program system
 **********************************************************************
 
                              Written by
     Mihaly Kallay, Peter R. Nagy, David Mester, Laszlo Gyevi-Nagy,
        Jozsef Csoka, P. Bernat Szabo, Zoltan Rolik, Gyula Samu,
     Jozsef Csontos, Bence Hegely, Adam Ganyecz, Istvan Ladjanszki,
       Lorant Szegedy, Bence Ladoczki, Klara Petrov, Mate Farkas,
                    Pal D. Mezei, and Reka A. Horvath
 
        Department of Physical Chemistry and Materials Science
            Budapest University of Technology and Economics
                  Budapest P.O.Box 91, H-1521 Hungary
 
                              www.mrcc.hu
 
                      Release date: March 18, 2022

 ************************ 2023-08-12 01:34:37 *************************
 Executing minp...

 Reading input from MINP...
 
 Input file:
 
calc=CCSD(T)
verbosity=3
mem=1500GB
unit=angs
scfiguess=sad
ccprog=mrcc
ECP=LANL2DZ-ECP-60
basis=LANL2DZ
core=16
unit=angs
geom=xyz
    4
Au4_3
Au    -1.22034660     0.25240430     0.26244573
Au     1.22782340    -0.27696533    -0.25281631
Au     2.44105788    -0.80717041    -2.38806481
Au    -2.44105788     0.80717041     2.38806481
 
 
 Checking keyword combinations...
 
 Keywords:
 
 active=none
 agrid=ld0006-ld0590
 agrid_pssp=ld0006-ld0194
 agrid_pssp_sm=ld0006-ld0074
 basis=lanl2dz
 basis_sm=none
 basopt=off
 bfbasis=none
 bfgsmem=10
 bfgstol=1.0d-3
 bpcompo=0.985
 bpcompv=0.98
 bpdfo=0.985
 bpocc=0.985
 bppdo=0.985
 bppdv=0.98
 bpedo=0.985
 bpedv=0.98
 calc=ccsd(t)
 ccmaxit=50
 ccprog=mrcc
 ccsdalg=disk
 ccsdmkl=seq
 ccsdrest=off
 ccsdthreads=2
 cctol=6
 charge=0
 cialg=disk
 ciguess=off
 cmpgrp=auto
 comprest=off
 core=16
 corembed=off
 csapprox=off
 cvs=off
 dboc=off
 delocsomofact=
 dendec=cholesky
 dens=0
 dfalg=lineq
 dfbasis_cab=none
 dfbasis_cor=none
 dfbasis_scf=none
 dfbasis_scf_sm=none
 dfintran=ovirt
 dft=off
 dhexc=adc(2)
 diag=david
 docc=
 domrad=10.d0
 drpaalg=fit
 dual=off
 dual_df=off
 ecp=lanl2dz-ecp-60
 edisp=off
 edisp_embed=off
 embed=off
 etemp=300
 epert=none
 eps=
 espcharge=off
 excrad=0.d0
 excrad_fin=0.000000000D+00
 fitting=coulomb
 fmm=off
 fmmord=8
 freq=off
 gamma=1.d0
 gauss=spher
 geom=xyz
 gopt=off
 ghost=none
 gtol=7
 grdens=off
 gridbatch_cos=2000
 grtol=10
 guido_ct=off
 hamilton=dc
 iface=none
 intalg=auto
 itol=10
 laptol=1.d-2
 lccoporder=trffirst
 lcorthr=normal
 lccrest=off
 lmp2dens=on
 lnoepso=0.d0
 lnoepsv=1e-6
 boysalg=jacobi
 localcc=off
 localcorrsymm=off
 locintrf=disk
 mact=
 maxact=off
 maxdim=100
 maxex=0
 maxmicroit=100
 mcscfiguess=hf
 mem=1500gb
 mmprog=
 molden=on
 mpitasks=1
 mulmet=0
 mult=
 nacto=0
 nactv=0
 naf_amp=1.d-2
 naf_cor=off
 naf_scf=off
 nafalg=albe
 naftyp=
 nchol=auto
 ndeps=1e-3
 nstate=1
 nsing=0
 nto=off
 ntrip=0
 occ=
 occri=off
 oniom=off
 oniom_eechg=off
 oniom_pcm=off
 oniom_qcorr=off
 optalg=
 optmaxit=50
 optetol=1e-6
 optex=0
 optgtol=1e-4
 optstol=1e-3
 orblocc=off
 orbloce=off
 orbloco=off
 orblocv=off
 orblocguess=cholesky
 osveps=1e-3
 ovirt=off
 ovltol=1e-7
 ovosnorb=80.0
 pcm=off
 popul=off
 pressure=100000
 pssp=off
 ptfreq=0.0
 ptthreads=2
 qro=off
 qscf=off
 qmmm=off
 redcost_exc=off
 redcost_tddft=off
 refdet=none
 rest=0
 rgrid=log3
 rism=off
 rohfcore=semicanonical
 rohftype=semicanonical
 scfalg=auto
 scf_conv=difficult
 scfdamp=0.0d0
 scfdamp_mode=off
 scfdamp_end=50
 scfdamp_dampstep=0.d0
 scfdamp_dtol=0.0d0
 scfdamp_maxfact=0.0d0
 scfdamp_minfact=0.0d0
 scfdiis=on
 scfdiis_dtol=0.0d0
 scfdiis_end=50
 scfdiis_start=2
 scfdiis_step=1
 scfdiis_watch=off
 scfdiis_wrange=10
 scfdiis_wlimit=5
 scfdiis_delmax=2
 scfdtol=7
 scfext=10
 scfguessdens=
 scfiguess=sad
 scfloc=off
 scflshift=0.20
 scflshift_end=8
 scflshift_dtol=0.0
 scflshift_gaptol=0.20
 scfmaxit=50
 scftype=
 scftol=6
 scspe=1.d0
 scsph=1.d0
 scsps=1.2d0
 scsps_t=1.2d0
 scspt=0.33333333333333
 scspt_t=0.33333333333333
 scspv=1.d0
 spairtol=1e-4
 sqmprog=
 subminp=top
 symm=
 talg=occ
 temp=298.15
 test=off
 theodore=off
 tlmo=0.999
 tpao=0.94
 tprint=off
 uncontract=off
 unit=angs
 usedisk=2
 verbosity=3
 wpairtol=0.100000000E-05

 ************************ 2023-08-12 01:34:37 *************************
 Executing integ...

 Allocation of 1500.0 Gbytes of memory...
 
 
 Number of atoms:                  4
 Charge:                           0
 Number of electrons:             76
 Number of core electrons:        32
 Spin multiplicity:                1
 
                 Cartesian coordinates [bohr]      Atomic mass [AMU]  Z
   1  Au   -2.30612085    0.47697500    0.49595055   196.966543      79
   2  Au    2.32024996   -0.52338862   -0.47775359   196.966543      79
   3  Au    4.61293085   -1.52533101   -4.51278846   196.966543      79
   4  Au   -4.61293085    1.52533101    4.51278846   196.966543      79
 
 This molecule is an asymmetric top.
 
 Rotational constants [cm-1]: 
      0.104155586026      0.003161135477      0.003068052191
 
 Point group: C1  
 Computational point group: C1  
 
 Cartesian coordinates in standard orientation [bohr]
   1  Au    2.12083259   -1.14744081    0.01141975
   2  Au   -2.12555339    1.15914543    0.01120683
   3  Au   -6.61838240   -0.37570379   -0.01128722
   4  Au    6.62310321    0.36399916   -0.01133936
 
 Nuclear repulsion energy [au]:        336.212990489629
 
 
 Basis set information:
 
 Maximum angular momentum: g
 Maximum number of contracted Gaussians:    3
 Maximum number of primitive Gaussians:     6
 Spherical harmonic GTOs are used.
 
   1  Au lanl2dz [ 5s 6p 3d | 3s 3p 2d ]
   2  Au lanl2dz [ 5s 6p 3d | 3s 3p 2d ]
   3  Au lanl2dz [ 5s 6p 3d | 3s 3p 2d ]
   4  Au lanl2dz [ 5s 6p 3d | 3s 3p 2d ]
 
 Basis functions:
            1             2             3             4             5             6             7             8             9            10
    0    1Au1s         1Au2s         1Au3s         1Au1pz        1Au1py        1Au1px        1Au2pz        1Au2py        1Au2px        1Au3pz    
    1    1Au3py        1Au3px        1Au1d-2       1Au1d-1       1Au1d0        1Au1d+1       1Au1d+2       1Au2d-2       1Au2d-1       1Au2d0    
    2    1Au2d+1       1Au2d+2       2Au1s         2Au2s         2Au3s         2Au1pz        2Au1py        2Au1px        2Au2pz        2Au2py    
    3    2Au2px        2Au3pz        2Au3py        2Au3px        2Au1d-2       2Au1d-1       2Au1d0        2Au1d+1       2Au1d+2       2Au2d-2   
    4    2Au2d-1       2Au2d0        2Au2d+1       2Au2d+2       3Au1s         3Au2s         3Au3s         3Au1pz        3Au1py        3Au1px    
    5    3Au2pz        3Au2py        3Au2px        3Au3pz        3Au3py        3Au3px        3Au1d-2       3Au1d-1       3Au1d0        3Au1d+1   
    6    3Au1d+2       3Au2d-2       3Au2d-1       3Au2d0        3Au2d+1       3Au2d+2       4Au1s         4Au2s         4Au3s         4Au1pz    
    7    4Au1py        4Au1px        4Au2pz        4Au2py        4Au2px        4Au3pz        4Au3py        4Au3px        4Au1d-2       4Au1d-1   
    8    4Au1d0        4Au1d+1       4Au1d+2       4Au2d-2       4Au2d-1       4Au2d0        4Au2d+1       4Au2d+2   
 
 Maximum number of basis functions per shell:   10
 Total number of basis functions:     88
 
 
 Effective core potentials:
 
   1  Au lanl2dz-ecp-60      
   2  Au lanl2dz-ecp-60      
   3  Au lanl2dz-ecp-60      
   4  Au lanl2dz-ecp-60      
 
 Initializing the SAD routines for the initial guess...
 Checking the files required for the initial guess...
 Density files have not been found for the initial guess.
 Generating SCFDENSITIES.Au.lanl2dz.0
 CPU time [min]:     0.121                   Wall time [min]:     0.190
 
 Character table for point group C1:
 
          E  
    A     1
 
 Number of basis functions per irrep:
    A      88
 
 
 Calculation of overlap integrals...
 CPU time [min]:     0.122                   Wall time [min]:     0.191
 
 Calculation of the square root of the overlap matrix...
 Minimum eigenvalue of the overlap matrix: 0.284250E-02
 CPU time [min]:     0.144                   Wall time [min]:     0.191
 
 Calculation of kinetic energy integrals...
 CPU time [min]:     0.144                   Wall time [min]:     0.191
 Calculation of nuclear attraction integrals...
 CPU time [min]:     0.145                   Wall time [min]:     0.191
 Calculation of core potential integrals...
 CPU time [min]:     0.266                   Wall time [min]:     0.211
 
 Calculation of prescreening integrals...
 CPU time [min]:     0.305                   Wall time [min]:     0.212
 
 Calculation of two-electron integrals...
   1% done.
  17% done.
  32% done.
  62% done.
 100% done.
 CPU time [min]:     1.447                   Wall time [min]:     0.244

 ************************ 2023-08-12 01:34:52 *************************
 Executing scf...

 @scfsetup: integrals taken from disk
            mrcc/integ binary format
 @scfsetup: calculating on full matrices
            not using symmetry adapted basis
 @scfsetup: diis switched on
 @scfsetup: number of steps to extrapolate from  10
 @scfsetup: tolerance in energy deviation    0.100000E-05
            tolerance in density deviation    0.100000E-06
 @scfsetup: maximum number of iterations:  50
 @scfsetup: restricted closed shell hf calc
 @scfsetup: starting scf from superposition of atomic densities
 @scfsetup: occupation set:
            from initial orbitals
 @scfsetup: Parameter-set for SCF acceleration: difficult
 @scfsetup: diis runs from iteration:   2
 @scfsetup: diis runs to iteration:  50
 @scfsetup: diis runs in every iteration
 @scfsetup: diiswatch is disabled                   
 @scfsetup: diis dtol criteria to switch on:      0.0000E+00
           (or the iteration number below is reached)
 @scfsetup: damping is turned off.
 @scfsetup: dynamic level shifting
            tolarance in HOMO-LUMO gap:  0.200
            tolarance in density deviation:     0.0000E+00
            iteration step criteria to turn level shifting off: 8
 Allocation of 1500.0 Gbytes of memory...
 ======================================================================
 ITERATION STEP   1
 CPU time [min]:     0.023                   Wall time [min]:     0.004
 

 SCF control                  : initial
 Damping factor/level shift   : 0.000/0.200
 DIIS [start/end/frequency]   :   2 / 50 /  1

 Gradient norm:      6.2381E-01
 RMS of [F,P]:                                         0.02282030293327
 RMS of difference density:                            0.03917621513726
 Gap [au]:  0.18604186
 ALPHA OCC:  38
 BETA  OCC:  38
 
 ***HARTREE-FOCK ENERGY IN STEP   1 IS       -537.2424193931153695 [AU]
 ======================================================================
 ITERATION STEP   2
 CPU time [min]:     0.096                   Wall time [min]:     0.006
 

 SCF control                  : diis
 Damping factor/level shift   : 0.000/0.200
 DIIS [start/end/frequency]   :   2 / 50 /  1

 Gradient norm:      2.2919E-01
 DIIS is running in this iteration step.
 RMS of [F,P]:                                         0.01060021044761
 RMS of difference density:                            0.01659957175744
 Gap [au]:  0.22050279
 ALPHA OCC:  38
 BETA  OCC:  38
 
 ***HARTREE-FOCK ENERGY IN STEP   2 IS       -538.0550347570238046 [AU]
 
 Step comparison  Energy Drift [au]  DIIS error drift  Gradient drift
        1            8.1262E-01         1.2220E-02       3.9461E-01
        2            5.3806E+02         1.0000E-07       3.9461E-01
 ======================================================================
 ITERATION STEP   3
 CPU time [min]:     0.167                   Wall time [min]:     0.008
 

 SCF control                  : diis
 Damping factor/level shift   : 0.000/0.000
 DIIS [start/end/frequency]   :   2 / 50 /  1

 Gradient norm:      5.8512E-02
 DIIS is running in this iteration step.
 RMS of [F,P]:                                         0.00240697624115
 RMS of difference density:                            0.00310162528638
 Gap [au]:  0.22287525
 ALPHA OCC:  38
 BETA  OCC:  38
 
 ***HARTREE-FOCK ENERGY IN STEP   3 IS       -538.1549480193684758 [AU]
 
 Step comparison  Energy Drift [au]  DIIS error drift  Gradient drift
        2            9.9913E-02         8.1932E-03       1.7068E-01
 ======================================================================
 ITERATION STEP   4
 CPU time [min]:     0.237                   Wall time [min]:     0.010
 

 SCF control                  : diis
 Damping factor/level shift   : 0.000/0.000
 DIIS [start/end/frequency]   :   2 / 50 /  1

 Gradient norm:      2.0518E-02
 DIIS is running in this iteration step.
 RMS of [F,P]:                                         0.00048547782278
 RMS of difference density:                            0.00220162890513
 Gap [au]:  0.22980779
 ALPHA OCC:  38
 BETA  OCC:  38
 
 ***HARTREE-FOCK ENERGY IN STEP   4 IS       -538.1635811106862093 [AU]
 
 Step comparison  Energy Drift [au]  DIIS error drift  Gradient drift
        3            8.6331E-03         1.9215E-03       3.7994E-02
 ======================================================================
 ITERATION STEP   5
 CPU time [min]:     0.307                   Wall time [min]:     0.012
 

 SCF control                  : diis
 Damping factor/level shift   : 0.000/0.000
 DIIS [start/end/frequency]   :   2 / 50 /  1

 Gradient norm:      1.0019E-02
 DIIS is running in this iteration step.
 RMS of [F,P]:                                         0.00015433970575
 RMS of difference density:                            0.00060096933043
 Gap [au]:  0.23128786
 ALPHA OCC:  38
 BETA  OCC:  38
 
 ***HARTREE-FOCK ENERGY IN STEP   5 IS       -538.1650270189118146 [AU]
 
 Step comparison  Energy Drift [au]  DIIS error drift  Gradient drift
        4            1.4459E-03         3.3114E-04       1.0499E-02
 ======================================================================
 ITERATION STEP   6
 CPU time [min]:     0.376                   Wall time [min]:     0.014
 

 SCF control                  : diis
 Damping factor/level shift   : 0.000/0.000
 DIIS [start/end/frequency]   :   2 / 50 /  1

 Gradient norm:      4.8594E-03
 DIIS is running in this iteration step.
 RMS of [F,P]:                                         0.00006658561879
 RMS of difference density:                            0.00031337170174
 Gap [au]:  0.23192553
 ALPHA OCC:  38
 BETA  OCC:  38
 
 ***HARTREE-FOCK ENERGY IN STEP   6 IS       -538.1651867124619457 [AU]
 
 Step comparison  Energy Drift [au]  DIIS error drift  Gradient drift
        5            1.5969E-04         8.7754E-05       5.1593E-03
 ======================================================================
 ITERATION STEP   7
 CPU time [min]:     0.446                   Wall time [min]:     0.016
 

 SCF control                  : diis
 Damping factor/level shift   : 0.000/0.000
 DIIS [start/end/frequency]   :   2 / 50 /  1

 Gradient norm:      1.8498E-03
 DIIS is running in this iteration step.
 RMS of [F,P]:                                         0.00002954902653
 RMS of difference density:                            0.00010237976998
 Gap [au]:  0.23205880
 ALPHA OCC:  38
 BETA  OCC:  38
 
 ***HARTREE-FOCK ENERGY IN STEP   7 IS       -538.1652230033362230 [AU]
 
 Step comparison  Energy Drift [au]  DIIS error drift  Gradient drift
        6            3.6291E-05         3.7037E-05       3.0096E-03
 ======================================================================
 ITERATION STEP   8
 CPU time [min]:     0.516                   Wall time [min]:     0.018
 

 SCF control                  : diis
 Damping factor/level shift   : 0.000/0.000
 DIIS [start/end/frequency]   :   2 / 50 /  1

 Gradient norm:      5.5489E-04
 DIIS is running in this iteration step.
 RMS of [F,P]:                                         0.00001159357729
 RMS of difference density:                            0.00004756886839
 Gap [au]:  0.23201258
 ALPHA OCC:  38
 BETA  OCC:  38
 
 ***HARTREE-FOCK ENERGY IN STEP   8 IS       -538.1652280907087516 [AU]
 
 Step comparison  Energy Drift [au]  DIIS error drift  Gradient drift
        7            5.0874E-06         1.7955E-05       1.2949E-03
 ======================================================================
 ITERATION STEP   9
 CPU time [min]:     0.586                   Wall time [min]:     0.020
 

 SCF control                  : diis
 Damping factor/level shift   : 0.000/0.000
 DIIS [start/end/frequency]   :   2 / 50 /  1

 Gradient norm:      1.0153E-04
 DIIS is running in this iteration step.
 RMS of [F,P]:                                         0.00000212401088
 RMS of difference density:                            0.00001041124050
 Gap [au]:  0.23200126
 ALPHA OCC:  38
 BETA  OCC:  38
 
 ***HARTREE-FOCK ENERGY IN STEP   9 IS       -538.1652290628508126 [AU]
 
 Step comparison  Energy Drift [au]  DIIS error drift  Gradient drift
        8            9.7214E-07         9.4696E-06       4.5336E-04
 ======================================================================
 ITERATION STEP  10
 CPU time [min]:     0.657                   Wall time [min]:     0.022
 

 SCF control                  : diis
 Damping factor/level shift   : 0.000/0.000
 DIIS [start/end/frequency]   :   2 / 50 /  1

 Gradient norm:      2.0871E-05
 DIIS is running in this iteration step.
 RMS of [F,P]:                                         0.00000049738344
 RMS of difference density:                            0.00000231294252
 Gap [au]:  0.23199965
 ALPHA OCC:  38
 BETA  OCC:  38
 
 ***HARTREE-FOCK ENERGY IN STEP  10 IS       -538.1652291001532831 [AU]
 
 Step comparison  Energy Drift [au]  DIIS error drift  Gradient drift
        9            3.7302E-08         1.6266E-06       8.0657E-05
 ======================================================================
 ITERATION STEP  11
 CPU time [min]:     0.727                   Wall time [min]:     0.024
 

 SCF control                  : diis
 Damping factor/level shift   : 0.000/0.000
 DIIS [start/end/frequency]   :   2 / 50 /  1

 Gradient norm:      5.4032E-06
 DIIS is running in this iteration step.
 RMS of [F,P]:                                         0.00000013245009
 RMS of difference density:                            0.00000056390566
 Gap [au]:  0.23200008
 ALPHA OCC:  38
 BETA  OCC:  38
 
 ***HARTREE-FOCK ENERGY IN STEP  11 IS       -538.1652291019231598 [AU]
 
 Step comparison  Energy Drift [au]  DIIS error drift  Gradient drift
       10            1.7699E-09         3.6493E-07       1.5467E-05
 ======================================================================
 ITERATION STEP  12
 CPU time [min]:     0.796                   Wall time [min]:     0.026
 

 SCF control                  : diis
 Damping factor/level shift   : 0.000/0.000
 DIIS [start/end/frequency]   :   2 / 50 /  1

 Gradient norm:      1.3897E-06
 DIIS is running in this iteration step.
 RMS of [F,P]:                                         0.00000004404550
 RMS of difference density:                            0.00000012438737
 Gap [au]:  0.23200023
 ALPHA OCC:  38
 BETA  OCC:  38
 
 ***HARTREE-FOCK ENERGY IN STEP  12 IS       -538.1652291020559460 [AU]
 
 Step comparison  Energy Drift [au]  DIIS error drift  Gradient drift
       11            1.3279E-10         8.8405E-08       4.0134E-06
 ======================================================================
 ITERATION STEP  13
 CPU time [min]:     0.866                   Wall time [min]:     0.028
 

 SCF control                  : diis
 Damping factor/level shift   : 0.000/0.000
 DIIS [start/end/frequency]   :   2 / 50 /  1

 Gradient norm:      5.4715E-07
 DIIS is running in this iteration step.
 RMS of [F,P]:                                         0.00000001988333
 RMS of difference density:                            0.00000006259383
 Gap [au]:  0.23200028
 ALPHA OCC:  38
 BETA  OCC:  38
 
 ***HARTREE-FOCK ENERGY IN STEP  13 IS       -538.1652291020675420 [AU]
 
 Step comparison  Energy Drift [au]  DIIS error drift  Gradient drift
       12            1.1596E-11         2.4162E-08       8.4260E-07
 ======================================================================
 
 SUCCESS...
 THE SCF ITERATION HAS CONVERGED!
 
                   A   
 FINAL ALPHA OCC:  38
 FINAL BETA  OCC:  38
 
 ***FINAL HARTREE-FOCK ENERGY:       -538.1652291020675420 [AU]
 
 Orbital energies [au]:
      Irrep         Alpha          Beta
    1   A         -4.710892      -4.710892
    2   A         -4.710142      -4.710142
    3   A         -4.702842      -4.702842
    4   A         -4.702581      -4.702581
    5   A         -2.715921      -2.715921
    6   A         -2.709413      -2.709413
    7   A         -2.701895      -2.701895
    8   A         -2.696369      -2.696369
    9   A         -2.696161      -2.696161
   10   A         -2.695225      -2.695225
   11   A         -2.693351      -2.693351
   12   A         -2.692555      -2.692555
   13   A         -2.690590      -2.690590
   14   A         -2.690488      -2.690488
   15   A         -2.690326      -2.690326
   16   A         -2.690225      -2.690225
   17   A         -0.540673      -0.540673
   18   A         -0.531088      -0.531088
   19   A         -0.508590      -0.508590
   20   A         -0.507692      -0.507692
   21   A         -0.491567      -0.491567
   22   A         -0.484377      -0.484377
   23   A         -0.469174      -0.469174
   24   A         -0.463218      -0.463218
   25   A         -0.454990      -0.454990
   26   A         -0.452132      -0.452132
   27   A         -0.446639      -0.446639
   28   A         -0.446211      -0.446211
   29   A         -0.443291      -0.443291
   30   A         -0.439309      -0.439309
   31   A         -0.435299      -0.435299
   32   A         -0.424078      -0.424078
   33   A         -0.416239      -0.416239
   34   A         -0.409180      -0.409180
   35   A         -0.396770      -0.396770
   36   A         -0.394294      -0.394294
   37   A         -0.330970      -0.330970
   38   A         -0.272503      -0.272503
 
   39   A         -0.040503      -0.040503
   40   A          0.010521       0.010521
   41   A          0.032695       0.032695
   42   A          0.039225       0.039225
   43   A          0.049401       0.049401
   44   A          0.055793       0.055793
   45   A          0.077615       0.077615
   46   A          0.083623       0.083623
   47   A          0.091170       0.091170
   48   A          0.092264       0.092264
   49   A          0.102507       0.102507
   50   A          0.116200       0.116200
   51   A          0.133680       0.133680
   52   A          0.155795       0.155795
   53   A          0.187552       0.187552
   54   A          0.193264       0.193264
   55   A          0.201708       0.201708
   56   A          0.219405       0.219405
   57   A          0.222693       0.222693
   58   A          0.246993       0.246993
   59   A          0.268449       0.268449
   60   A          0.287191       0.287191
   61   A          0.314779       0.314779
   62   A          0.408174       0.408174
   63   A          0.452933       0.452933
   64   A          0.459694       0.459694
   65   A          0.492718       0.492718
   66   A          0.500449       0.500449
   67   A          0.515568       0.515568
   68   A          0.521924       0.521924
   69   A          0.547193       0.547193
   70   A          0.560084       0.560084
   71   A          0.570845       0.570845
   72   A          0.598201       0.598201
   73   A          0.606396       0.606396
   74   A          0.612406       0.612406
   75   A          0.641186       0.641186
   76   A          0.689186       0.689186
   77   A          0.695433       0.695433
   78   A          0.742408       0.742408
   79   A          0.764211       0.764211
   80   A          0.765815       0.765815
   81   A          0.770179       0.770179
   82   A          0.896151       0.896151
   83   A          0.899204       0.899204
   84   A          0.942436       0.942436
   85   A          4.101267       4.101267
   86   A          4.746340       4.746340
   87   A          5.523736       5.523736
   88   A          6.084958       6.084958
 
 RETURNING FROM SCF ALGORITHM
 ======================================================================

 ************************ 2023-08-12 01:34:54 *************************
 Executing ovirt...

 ovirt, the routine of orbital optimization and integral transformation 
Sat Aug 12 01:34:54 BST 2023
 memory =                1536000  Mb          201326592000  8 byte word
 mrccboot = T
 scftype  = rhf  
 localcc  = off 
 core     = 16    
 ovirt    = off  
 ccprog   = mrcc
 dfnbasis =                      0
 dfbasis_cor =none                
 lmp2dens = on 
 dens =                      0
 verblev =                      3
 task     =                      4
 epsilon =   0.000000000000000E+000
 lmp2= on 
 localNO  =  F
 localMP2 =  F
 localMP2_TEST =  F
 LMP2_shortcut =  F
 FOCKTR   =  T
 Allocated memory:                 1536000  Mb
 onbasis=                    88
 RHF calculation! 
 integral transforamtion: AOs ------ MOs
 # of basis functions, # of int. blocks    88     1
100 % 
 second part
100 %
 integral transformation is completed! 
CPU and WC time          68.91           4.35     AOs -> MOs 
 occupied and 
     1 -0.5406725857
     2 -0.5310878370
     3 -0.5085896842
     4 -0.5076924448
     5 -0.4915667161
     6 -0.4843770611
     7 -0.4691740723
     8 -0.4632182114
     9 -0.4549900720
    10 -0.4521321099
    11 -0.4466393529
    12 -0.4462112046
    13 -0.4432912754
    14 -0.4393087536
    15 -0.4352991984
    16 -0.4240779262
    17 -0.4162386451
    18 -0.4091800482
    19 -0.3967697183
    20 -0.3942942549
    21 -0.3309700011
    22 -0.2725030371
               virtual energies 
    23 -0.0405027591
    24  0.0105207410
    25  0.0326949746
    26  0.0392254969
    27  0.0494005090
    28  0.0557932646
    29  0.0776151441
    30  0.0836230187
    31  0.0911699526
    32  0.0922639611
    33  0.1025066415
    34  0.1161999926
    35  0.1336797646
    36  0.1557946696
    37  0.1875515355
    38  0.1932641290
    39  0.2017082312
    40  0.2194053882
    41  0.2226927105
    42  0.2469932704
    43  0.2684490849
    44  0.2871906906
    45  0.3147786143
    46  0.4081738047
    47  0.4529332543
    48  0.4596944625
    49  0.4927177165
    50  0.5004487776
    51  0.5155683464
    52  0.5219239368
    53  0.5471926775
    54  0.5600840999
    55  0.5708446883
    56  0.5982013383
    57  0.6063957324
    58  0.6124063414
    59  0.6411861538
    60  0.6891856287
    61  0.6954327356
    62  0.7424081361
    63  0.7642108150
    64  0.7658152267
    65  0.7701793970
    66  0.8961506308
    67  0.8992041111
    68  0.9424355484
    69  4.1012665222
    70  4.7463401246
    71  5.5237355633
    72  6.0849577074
 inttol =   1.000000000000000E-010   10.0000000000000     
Integrals are written to fort.55
Sat Aug 12 01:35:05 BST 2023
  ovirt terminated normally 

 ************************ 2023-08-12 01:35:05 *************************
 Executing goldstone...

 Generation of CC equations in terms of H and T...
 Generation of antisymmetrized Goldstone diagrams...
 Number of diagrams in T^1 equations:    15
 Number of diagrams in T^2 equations:    33
 Number of diagrams in T^3 equations:     2
 Translation of diagrams to factorized equations...
 Optimizing intermediate calculation...
 Number of floating-point operations per iteration step:   2.9963E+12
 Probable CPU time per iteration step (hours):     29.96
 Required memory (Mbytes):   16338.8
 Number of intermediates:                                  48
 Number of intermediates to be stored:                     20
 Length of intermediate file (Mbytes):     483.2

 ************************ 2023-08-12 01:35:05 *************************
 Executing xmrcc...

 **********************************************************************
 CC(2)(3) calculation 
 
 
 Allocation of****** Mbytes of memory...
 Number of spinorbitals:                   144
 Number of alpha electrons:                       22
 Number of beta electrons:                        22
 Spin multiplicity:                     1
 z-component of spin:  0.0
 Spatial symmetry:                      1
 Convergence criterion:  1.0E-06
 Construction of occupation graphs...
 Number of                     0 -fold excitations:                      1
 Number of                     1 -fold excitations:                   2200
 Number of                     2 -fold excitations:                1775950
 Total number of configurations:                1778151
 Calculation of coupling coefficients...
 Length of intermediate file (Mbytes):     364.0
 
 ======================================================================
 
 Spin case  1   Alpha:  0   Beta:  3
 Number of excitations:               30184000
 Spin case  2   Alpha:  1   Beta:  2
 Number of excitations:              311272500
 Number of                     3 -fold excitations:              682913000
 
 Memory requirements /Mbyte/: 
               Minimal        Optimal
 Real*8:        803.0159       916.1870
 Integer:         0.5524
 Total:         803.5683       916.7394
 

 ************************ 2023-08-12 01:35:06 *************************
 Executing mrcc...

 **********************************************************************
 CCSD(T) calculation                                                    
 
 
 OpenMP parallel version is running.
 Number of CPU cores:  36
 Allocation of  916.2 Mbytes of memory...
 Number of spinorbitals: 144
 Number of alpha electrons: 22
 Number of beta  electrons: 22
 Spin multiplicity: 1
 z-component of spin:  0.0
 Spatial symmetry: 1
 Convergence criterion:  1.0E-06
 Construction of occupation graphs...
 Number of 0-fold excitations: 1
 Number of 1-fold excitations: 2200
 Number of 2-fold excitations: 1775950
 Total number of determinants: 1778151
 Calculation of coupling coefficients...
 Initial cluster amplitudes are generated.
 Length of intermediate file (Mbytes):     364.0
 Reading integral list from unit 55...
 Sorting integrals...
 Calculation of MP denominators...
 
 Starting CC iteration...
 ======================================================================
 Norm of residual vector:     0.69560268
 CPU time [min]:     9.053                   Wall time [min]:     0.408
 
 Iteration  1  CC energy:  -538.43527291  Energy decrease:   0.27004381
 ======================================================================
 Norm of residual vector:     0.15634816
 CPU time [min]:    18.457                   Wall time [min]:     0.736
 
 Iteration  2  CC energy:  -538.42954433  Energy decrease:   0.00572858
 ======================================================================
 Norm of residual vector:     0.05444252
 CPU time [min]:    27.820                   Wall time [min]:     1.060
 
 Iteration  3  CC energy:  -538.44728038  Energy decrease:   0.01773605
 ======================================================================
 Norm of residual vector:     0.01787563
 CPU time [min]:    37.327                   Wall time [min]:     1.391
 
 Iteration  4  CC energy:  -538.44923059  Energy decrease:   0.00195021
 ======================================================================
 Norm of residual vector:     0.01142490
 CPU time [min]:    46.845                   Wall time [min]:     1.721
 
 Iteration  5  CC energy:  -538.44984251  Energy decrease:   0.00061192
 ======================================================================
 Norm of residual vector:     0.00594083
 CPU time [min]:    56.484                   Wall time [min]:     2.055
 
 Iteration  6  CC energy:  -538.45001096  Energy decrease:   0.00016845
 ======================================================================
 Norm of residual vector:     0.00353259
 CPU time [min]:    66.155                   Wall time [min]:     2.388
 
 Iteration  7  CC energy:  -538.45006149  Energy decrease:   0.00005053
 ======================================================================
 Norm of residual vector:     0.00184115
 CPU time [min]:    75.962                   Wall time [min]:     2.728
 
 Iteration  8  CC energy:  -538.45003987  Energy decrease:   0.00002162
 ======================================================================
 Norm of residual vector:     0.00094023
 CPU time [min]:    85.784                   Wall time [min]:     3.065
 
 Iteration  9  CC energy:  -538.45005325  Energy decrease:   0.00001338
 ======================================================================
 Norm of residual vector:     0.00044414
 CPU time [min]:    95.766                   Wall time [min]:     3.409
 
 Iteration 10  CC energy:  -538.45006888  Energy decrease:   0.00001563
 ======================================================================
 Norm of residual vector:     0.00020769
 CPU time [min]:   105.757                   Wall time [min]:     3.751
 
 Iteration 11  CC energy:  -538.45006727  Energy decrease:   0.00000161
 ======================================================================
 Norm of residual vector:     0.00010597
 CPU time [min]:   115.923                   Wall time [min]:     4.100
 
 Iteration 12  CC energy:  -538.45006336  Energy decrease:   0.00000391
 ======================================================================
 Norm of residual vector:     0.00004680
 CPU time [min]:   126.060                   Wall time [min]:     4.446
 
 Iteration 13  CC energy:  -538.45006327  Energy decrease:   0.00000009
 ======================================================================
 Norm of residual vector:     0.00002084
 CPU time [min]:   136.364                   Wall time [min]:     4.799
 
 Iteration 14  CC energy:  -538.45006397  Energy decrease:   0.00000071
 ======================================================================
 Norm of residual vector:     0.00000907
 CPU time [min]:   146.660                   Wall time [min]:     5.150
 
 Iteration 15  CC energy:  -538.45006404  Energy decrease:   0.00000006
 ======================================================================
 Norm of residual vector:     0.00000430
 CPU time [min]:   157.121                   Wall time [min]:     5.507
 
 Iteration 16  CC energy:  -538.45006391  Energy decrease:   0.00000012
 ======================================================================
 Norm of residual vector:     0.00000211
 CPU time [min]:   167.576                   Wall time [min]:     5.862
 
 Iteration 17  CC energy:  -538.45006392  Energy decrease:   0.00000001
 ======================================================================
 Norm of residual vector:     0.00000104
 CPU time [min]:   178.176                   Wall time [min]:     6.224
 
 Iteration 18  CC energy:  -538.45006394  Energy decrease:   0.00000002
 ======================================================================
 Norm of residual vector:     0.00000054
 CPU time [min]:   188.849                   Wall time [min]:     6.585
 
 Iteration 19  CC energy:  -538.45006394  Energy decrease:   4.9199E-09
 ======================================================================
 
 Iteration has converged in 19 steps.
 
 Final results:
 Total CCSD energy [au]:            -538.450063936096
 Total MP2 energy [au]:             -538.435272907543
 
 Perturbative corrections are calculated...
 ======================================================================
 Spin case  1   Alpha:  0   Beta:  3
 Number of excitations:        30184000
 CPU time [min]:   189.361                   Wall time [min]:     6.608
 ======================================================================
 Spin case  2   Alpha:  1   Beta:  2
 Number of excitations:        311272500
 CPU time [min]:   192.022                   Wall time [min]:     6.682
 ======================================================================
 Number of 3-fold excitations: 682913000
 CPU time [min]:   192.022                   Wall time [min]:     6.682
 
 Total CCSD[T] energy [au]:         -538.480463230596
 Total CCSD(T) energy [au]:         -538.473545081571
 
 ************************ 2023-08-12 01:41:47 *************************
                      Normal termination of mrcc.
 **********************************************************************
