 **********************************************************************
                          MRCC program system
 **********************************************************************
 
                              Written by
     Mihaly Kallay, Peter R. Nagy, David Mester, Laszlo Gyevi-Nagy,
        Jozsef Csoka, P. Bernat Szabo, Zoltan Rolik, Gyula Samu,
     Jozsef Csontos, Bence Hegely, Adam Ganyecz, Istvan Ladjanszki,
       Lorant Szegedy, Bence Ladoczki, Klara Petrov, Mate Farkas,
                    Pal D. Mezei, and Reka A. Horvath
 
        Department of Physical Chemistry and Materials Science
            Budapest University of Technology and Economics
                  Budapest P.O.Box 91, H-1521 Hungary
 
                              www.mrcc.hu
 
                      Release date: March 18, 2022

 ************************ 2023-09-17 23:40:22 *************************
 Executing minp...

 Reading input from MINP...
 
 Input file:
 
calc=CCSD(T)
verbosity=3
mem=1500GB
unit=angs
scfiguess=sad
ccprog=mrcc
ECP=MCDHF-ECP-28
basis=def2-SV(P)
core=16
unit=angs
geom=xyz
    4
Ag4_2
Ag    -0.90700039     2.52814297    -0.08992678
Ag    -1.18589649    -2.52814297    -1.04855213
Ag    -0.50295400    -0.17608448    -0.26155096
Ag     1.18589649     1.53709669     1.04855213
 
 
 Checking keyword combinations...
 
 Keywords:
 
 active=none
 agrid=ld0006-ld0590
 agrid_pssp=ld0006-ld0194
 agrid_pssp_sm=ld0006-ld0074
 basis=def2-sv(p)
 basis_sm=none
 basopt=off
 bfbasis=none
 bfgsmem=10
 bfgstol=1.0d-3
 bpcompo=0.985
 bpcompv=0.98
 bpdfo=0.985
 bpocc=0.985
 bppdo=0.985
 bppdv=0.98
 bpedo=0.985
 bpedv=0.98
 calc=ccsd(t)
 ccmaxit=50
 ccprog=mrcc
 ccsdalg=disk
 ccsdmkl=seq
 ccsdrest=off
 ccsdthreads=2
 cctol=6
 charge=0
 cialg=disk
 ciguess=off
 cmpgrp=auto
 comprest=off
 core=16
 corembed=off
 csapprox=off
 cvs=off
 dboc=off
 delocsomofact=
 dendec=cholesky
 dens=0
 dfalg=lineq
 dfbasis_cab=none
 dfbasis_cor=none
 dfbasis_scf=none
 dfbasis_scf_sm=none
 dfintran=ovirt
 dft=off
 dhexc=adc(2)
 diag=david
 docc=
 domrad=10.d0
 drpaalg=fit
 dual=off
 dual_df=off
 ecp=mcdhf-ecp-28
 edisp=off
 edisp_embed=off
 embed=off
 etemp=300
 epert=none
 eps=
 espcharge=off
 excrad=0.d0
 excrad_fin=0.000000000D+00
 fitting=coulomb
 fmm=off
 fmmord=8
 freq=off
 gamma=1.d0
 gauss=spher
 geom=xyz
 gopt=off
 ghost=none
 gtol=7
 grdens=off
 gridbatch_cos=2000
 grtol=10
 guido_ct=off
 hamilton=dc
 iface=none
 intalg=auto
 itol=10
 laptol=1.d-2
 lccoporder=trffirst
 lcorthr=normal
 lccrest=off
 lmp2dens=on
 lnoepso=0.d0
 lnoepsv=1e-6
 boysalg=jacobi
 localcc=off
 localcorrsymm=off
 locintrf=disk
 mact=
 maxact=off
 maxdim=100
 maxex=0
 maxmicroit=100
 mcscfiguess=hf
 mem=1500gb
 mmprog=
 molden=on
 mpitasks=1
 mulmet=0
 mult=
 nacto=0
 nactv=0
 naf_amp=1.d-2
 naf_cor=off
 naf_scf=off
 nafalg=albe
 naftyp=
 nchol=auto
 ndeps=1e-3
 nstate=1
 nsing=0
 nto=off
 ntrip=0
 occ=
 occri=off
 oniom=off
 oniom_eechg=off
 oniom_pcm=off
 oniom_qcorr=off
 optalg=
 optmaxit=50
 optetol=1e-6
 optex=0
 optgtol=1e-4
 optstol=1e-3
 orblocc=off
 orbloce=off
 orbloco=off
 orblocv=off
 orblocguess=cholesky
 osveps=1e-3
 ovirt=off
 ovltol=1e-7
 ovosnorb=80.0
 pcm=off
 popul=off
 pressure=100000
 pssp=off
 ptfreq=0.0
 ptthreads=2
 qro=off
 qscf=off
 qmmm=off
 redcost_exc=off
 redcost_tddft=off
 refdet=none
 rest=0
 rgrid=log3
 rism=off
 rohfcore=semicanonical
 rohftype=semicanonical
 scfalg=auto
 scf_conv=difficult
 scfdamp=0.0d0
 scfdamp_mode=off
 scfdamp_end=50
 scfdamp_dampstep=0.d0
 scfdamp_dtol=0.0d0
 scfdamp_maxfact=0.0d0
 scfdamp_minfact=0.0d0
 scfdiis=on
 scfdiis_dtol=0.0d0
 scfdiis_end=50
 scfdiis_start=2
 scfdiis_step=1
 scfdiis_watch=off
 scfdiis_wrange=10
 scfdiis_wlimit=5
 scfdiis_delmax=2
 scfdtol=7
 scfext=10
 scfguessdens=
 scfiguess=sad
 scfloc=off
 scflshift=0.20
 scflshift_end=8
 scflshift_dtol=0.0
 scflshift_gaptol=0.20
 scfmaxit=50
 scftype=
 scftol=6
 scspe=1.d0
 scsph=1.d0
 scsps=1.2d0
 scsps_t=1.2d0
 scspt=0.33333333333333
 scspt_t=0.33333333333333
 scspv=1.d0
 spairtol=1e-4
 sqmprog=
 subminp=top
 symm=
 talg=occ
 temp=298.15
 test=off
 theodore=off
 tlmo=0.999
 tpao=0.94
 tprint=off
 uncontract=off
 unit=angs
 usedisk=2
 verbosity=3
 wpairtol=0.100000000E-05

 ************************ 2023-09-17 23:40:22 *************************
 Executing integ...

 Allocation of 1500.0 Gbytes of memory...
 
 
 Number of atoms:                  4
 Charge:                           0
 Number of electrons:             76
 Number of core electrons:        32
 Spin multiplicity:                1
 
                 Cartesian coordinates [bohr]      Atomic mass [AMU]  Z
   1  Ag   -1.71398233    4.77749782   -0.16993699   106.905092      47
   2  Ag   -2.24101958   -4.77749782   -1.98147635   106.905092      47
   3  Ag   -0.95044531   -0.33275144   -0.49425968   106.905092      47
   4  Ag    2.24101958    2.90469177    1.98147635   106.905092      47
 
 This molecule is an asymmetric top.
 This molecule is planar.
 
 Rotational constants [cm-1]: 
      0.047364193315      0.009264749539      0.007748995020
 
 Point group: C1  
 Computational point group: C1  
 
 Cartesian coordinates in standard orientation [bohr]
   1  Ag    3.50018457   -2.43740877    0.00017992
   2  Ag   -5.92939799   -0.00012392    0.00033759
   3  Ag   -1.06800280   -0.00132896   -0.00069697
   4  Ag    3.49721622    2.43886164    0.00017945
 
 Nuclear repulsion energy [au]:        361.899428867528
 
 
 Basis set information:
 
 Maximum angular momentum: g
 Maximum number of contracted Gaussians:    5
 Maximum number of primitive Gaussians:     7
 Spherical harmonic GTOs are used.
 
   1  Ag def2-sv(p) [ 7s 6p 5d | 5s 3p 2d ]
   2  Ag def2-sv(p) [ 7s 6p 5d | 5s 3p 2d ]
   3  Ag def2-sv(p) [ 7s 6p 5d | 5s 3p 2d ]
   4  Ag def2-sv(p) [ 7s 6p 5d | 5s 3p 2d ]
 
 Basis functions:
            1             2             3             4             5             6             7             8             9            10
    0    1Ag1s         1Ag2s         1Ag3s         1Ag4s         1Ag5s         1Ag1pz        1Ag1py        1Ag1px        1Ag2pz        1Ag2py    
    1    1Ag2px        1Ag3pz        1Ag3py        1Ag3px        1Ag1d-2       1Ag1d-1       1Ag1d0        1Ag1d+1       1Ag1d+2       1Ag2d-2   
    2    1Ag2d-1       1Ag2d0        1Ag2d+1       1Ag2d+2       2Ag1s         2Ag2s         2Ag3s         2Ag4s         2Ag5s         2Ag1pz    
    3    2Ag1py        2Ag1px        2Ag2pz        2Ag2py        2Ag2px        2Ag3pz        2Ag3py        2Ag3px        2Ag1d-2       2Ag1d-1   
    4    2Ag1d0        2Ag1d+1       2Ag1d+2       2Ag2d-2       2Ag2d-1       2Ag2d0        2Ag2d+1       2Ag2d+2       3Ag1s         3Ag2s     
    5    3Ag3s         3Ag4s         3Ag5s         3Ag1pz        3Ag1py        3Ag1px        3Ag2pz        3Ag2py        3Ag2px        3Ag3pz    
    6    3Ag3py        3Ag3px        3Ag1d-2       3Ag1d-1       3Ag1d0        3Ag1d+1       3Ag1d+2       3Ag2d-2       3Ag2d-1       3Ag2d0    
    7    3Ag2d+1       3Ag2d+2       4Ag1s         4Ag2s         4Ag3s         4Ag4s         4Ag5s         4Ag1pz        4Ag1py        4Ag1px    
    8    4Ag2pz        4Ag2py        4Ag2px        4Ag3pz        4Ag3py        4Ag3px        4Ag1d-2       4Ag1d-1       4Ag1d0        4Ag1d+1   
    9    4Ag1d+2       4Ag2d-2       4Ag2d-1       4Ag2d0        4Ag2d+1       4Ag2d+2   
 
 Maximum number of basis functions per shell:   10
 Total number of basis functions:     96
 
 
 Effective core potentials:
 
   1  Ag mcdhf-ecp-28        
   2  Ag mcdhf-ecp-28        
   3  Ag mcdhf-ecp-28        
   4  Ag mcdhf-ecp-28        
 
 Initializing the SAD routines for the initial guess...
 Checking the files required for the initial guess...
 Density files have not been found for the initial guess.
 Generating SCFDENSITIES.Ag.def2-sv-p-.0
 CPU time [min]:     0.052                   Wall time [min]:     0.117
 
 Character table for point group C1:
 
          E  
    A     1
 
 Number of basis functions per irrep:
    A      96
 
 
 Calculation of overlap integrals...
 CPU time [min]:     0.052                   Wall time [min]:     0.117
 
 Calculation of the square root of the overlap matrix...
 Minimum eigenvalue of the overlap matrix: 0.194445E-02
 CPU time [min]:     0.056                   Wall time [min]:     0.117
 
 Calculation of kinetic energy integrals...
 CPU time [min]:     0.056                   Wall time [min]:     0.117
 Calculation of nuclear attraction integrals...
 CPU time [min]:     0.056                   Wall time [min]:     0.117
 Calculation of core potential integrals...
 CPU time [min]:     0.116                   Wall time [min]:     0.130
 
 Calculation of prescreening integrals...
 CPU time [min]:     0.157                   Wall time [min]:     0.133
 
 Calculation of two-electron integrals...
   1% done.
  18% done.
  32% done.
  65% done.
 100% done.
 CPU time [min]:     1.121                   Wall time [min]:     0.193

 ************************ 2023-09-17 23:40:34 *************************
 Executing scf...

 @scfsetup: integrals taken from disk
            mrcc/integ binary format
 @scfsetup: calculating on full matrices
            not using symmetry adapted basis
 @scfsetup: diis switched on
 @scfsetup: number of steps to extrapolate from  10
 @scfsetup: tolerance in energy deviation    0.100000E-05
            tolerance in density deviation    0.100000E-06
 @scfsetup: maximum number of iterations:  50
 @scfsetup: restricted closed shell hf calc
 @scfsetup: starting scf from superposition of atomic densities
 @scfsetup: occupation set:
            from initial orbitals
 @scfsetup: Parameter-set for SCF acceleration: difficult
 @scfsetup: diis runs from iteration:   2
 @scfsetup: diis runs to iteration:  50
 @scfsetup: diis runs in every iteration
 @scfsetup: diiswatch is disabled                   
 @scfsetup: diis dtol criteria to switch on:      0.0000E+00
           (or the iteration number below is reached)
 @scfsetup: damping is turned off.
 @scfsetup: dynamic level shifting
            tolarance in HOMO-LUMO gap:  0.200
            tolarance in density deviation:     0.0000E+00
            iteration step criteria to turn level shifting off: 8
 Allocation of 1500.0 Gbytes of memory...
 ======================================================================
 ITERATION STEP   1
 CPU time [min]:     0.010                   Wall time [min]:     0.004
 

 SCF control                  : initial
 Damping factor/level shift   : 0.000/0.200
 DIIS [start/end/frequency]   :   2 / 50 /  1

 Gradient norm:      1.8148E+00
 RMS of [F,P]:                                         0.03391154670360
 RMS of difference density:                            0.03217513148035
 Gap [au]:  0.12793994
 ALPHA OCC:  38
 BETA  OCC:  38
 
 ***HARTREE-FOCK ENERGY IN STEP   1 IS       -582.9487274482271459 [AU]
 ======================================================================
 ITERATION STEP   2
 CPU time [min]:     0.048                   Wall time [min]:     0.006
 

 SCF control                  : diis
 Damping factor/level shift   : 0.000/0.200
 DIIS [start/end/frequency]   :   2 / 50 /  1

 Gradient norm:      4.7318E-01
 DIIS is running in this iteration step.
 RMS of [F,P]:                                         0.01626301456826
 RMS of difference density:                            0.01703355965041
 Gap [au]:  0.19378953
 ALPHA OCC:  38
 BETA  OCC:  38
 
 ***HARTREE-FOCK ENERGY IN STEP   2 IS       -583.8020553159660722 [AU]
 
 Step comparison  Energy Drift [au]  DIIS error drift  Gradient drift
        1            8.5333E-01         1.7649E-02       1.3416E+00
        2            5.8380E+02         1.0000E-07       1.3416E+00
 ======================================================================
 ITERATION STEP   3
 CPU time [min]:     0.084                   Wall time [min]:     0.008
 

 SCF control                  : diis
 Damping factor/level shift   : 0.000/0.200
 DIIS [start/end/frequency]   :   2 / 50 /  1

 Gradient norm:      1.4287E-01
 DIIS is running in this iteration step.
 RMS of [F,P]:                                         0.00526863588688
 RMS of difference density:                            0.00429296041869
 Gap [au]:  0.17946039
 ALPHA OCC:  38
 BETA  OCC:  38
 
 ***HARTREE-FOCK ENERGY IN STEP   3 IS       -583.9906835627275541 [AU]
 
 Step comparison  Energy Drift [au]  DIIS error drift  Gradient drift
        2            1.8863E-01         1.0994E-02       3.3030E-01
 ======================================================================
 ITERATION STEP   4
 CPU time [min]:     0.120                   Wall time [min]:     0.011
 

 SCF control                  : diis
 Damping factor/level shift   : 0.000/0.200
 DIIS [start/end/frequency]   :   2 / 50 /  1

 Gradient norm:      2.0453E-02
 DIIS is running in this iteration step.
 RMS of [F,P]:                                         0.00076517050419
 RMS of difference density:                            0.00183106839594
 Gap [au]:  0.18068458
 ALPHA OCC:  38
 BETA  OCC:  38
 
 ***HARTREE-FOCK ENERGY IN STEP   4 IS       -584.0171700276764568 [AU]
 
 Step comparison  Energy Drift [au]  DIIS error drift  Gradient drift
        3            2.6486E-02         4.5035E-03       1.2242E-01
 ======================================================================
 ITERATION STEP   5
 CPU time [min]:     0.156                   Wall time [min]:     0.013
 

 SCF control                  : diis
 Damping factor/level shift   : 0.000/0.200
 DIIS [start/end/frequency]   :   2 / 50 /  1

 Gradient norm:      1.2627E-02
 DIIS is running in this iteration step.
 RMS of [F,P]:                                         0.00024051650378
 RMS of difference density:                            0.00097375534543
 Gap [au]:  0.18181603
 ALPHA OCC:  38
 BETA  OCC:  38
 
 ***HARTREE-FOCK ENERGY IN STEP   5 IS       -584.0189120288814593 [AU]
 
 Step comparison  Energy Drift [au]  DIIS error drift  Gradient drift
        4            1.7420E-03         5.2465E-04       7.8253E-03
 ======================================================================
 ITERATION STEP   6
 CPU time [min]:     0.192                   Wall time [min]:     0.015
 

 SCF control                  : diis
 Damping factor/level shift   : 0.000/0.200
 DIIS [start/end/frequency]   :   2 / 50 /  1

 Gradient norm:      6.9239E-03
 DIIS is running in this iteration step.
 RMS of [F,P]:                                         0.00011583608114
 RMS of difference density:                            0.00050634285304
 Gap [au]:  0.18231344
 ALPHA OCC:  38
 BETA  OCC:  38
 
 ***HARTREE-FOCK ENERGY IN STEP   6 IS       -584.0192727244602793 [AU]
 
 Step comparison  Energy Drift [au]  DIIS error drift  Gradient drift
        5            3.6070E-04         1.2468E-04       5.7033E-03
 ======================================================================
 ITERATION STEP   7
 CPU time [min]:     0.228                   Wall time [min]:     0.017
 

 SCF control                  : diis
 Damping factor/level shift   : 0.000/0.200
 DIIS [start/end/frequency]   :   2 / 50 /  1

 Gradient norm:      4.3676E-03
 DIIS is running in this iteration step.
 RMS of [F,P]:                                         0.00006533907551
 RMS of difference density:                            0.00031672580402
 Gap [au]:  0.18235242
 ALPHA OCC:  38
 BETA  OCC:  38
 
 ***HARTREE-FOCK ENERGY IN STEP   7 IS       -584.0193753600933633 [AU]
 
 Step comparison  Energy Drift [au]  DIIS error drift  Gradient drift
        6            1.0264E-04         5.0497E-05       2.5562E-03
 ======================================================================
 ITERATION STEP   8
 CPU time [min]:     0.264                   Wall time [min]:     0.020
 

 SCF control                  : diis
 Damping factor/level shift   : 0.000/0.200
 DIIS [start/end/frequency]   :   2 / 50 /  1

 Gradient norm:      2.5411E-03
 DIIS is running in this iteration step.
 RMS of [F,P]:                                         0.00002822229256
 RMS of difference density:                            0.00012568043072
 Gap [au]:  0.18238504
 ALPHA OCC:  38
 BETA  OCC:  38
 
 ***HARTREE-FOCK ENERGY IN STEP   8 IS       -584.0194107910690491 [AU]
 
 Step comparison  Energy Drift [au]  DIIS error drift  Gradient drift
        7            3.5431E-05         3.7117E-05       1.8265E-03
 ======================================================================
 ITERATION STEP   9
 CPU time [min]:     0.300                   Wall time [min]:     0.022
 

 SCF control                  : diis
 Damping factor/level shift   : 0.000/0.000
 DIIS [start/end/frequency]   :   2 / 50 /  1

 Gradient norm:      1.4538E-03
 DIIS is running in this iteration step.
 RMS of [F,P]:                                         0.00001493113349
 RMS of difference density:                            0.00009676916681
 Gap [au]:  0.18239936
 ALPHA OCC:  38
 BETA  OCC:  38
 
 ***HARTREE-FOCK ENERGY IN STEP   9 IS       -584.0194186257604088 [AU]
 
 Step comparison  Energy Drift [au]  DIIS error drift  Gradient drift
        8            7.8347E-06         1.3291E-05       1.0873E-03
 ======================================================================
 ITERATION STEP  10
 CPU time [min]:     0.336                   Wall time [min]:     0.024
 

 SCF control                  : diis
 Damping factor/level shift   : 0.000/0.000
 DIIS [start/end/frequency]   :   2 / 50 /  1

 Gradient norm:      2.2470E-04
 DIIS is running in this iteration step.
 RMS of [F,P]:                                         0.00000431338001
 RMS of difference density:                            0.00001461206364
 Gap [au]:  0.18235903
 ALPHA OCC:  38
 BETA  OCC:  38
 
 ***HARTREE-FOCK ENERGY IN STEP  10 IS       -584.0194216468205468 [AU]
 
 Step comparison  Energy Drift [au]  DIIS error drift  Gradient drift
        9            3.0211E-06         1.0618E-05       1.2291E-03
 ======================================================================
 ITERATION STEP  11
 CPU time [min]:     0.372                   Wall time [min]:     0.026
 

 SCF control                  : diis
 Damping factor/level shift   : 0.000/0.000
 DIIS [start/end/frequency]   :   2 / 50 /  1

 Gradient norm:      5.9440E-05
 DIIS is running in this iteration step.
 RMS of [F,P]:                                         0.00000133831468
 RMS of difference density:                            0.00000675541585
 Gap [au]:  0.18235764
 ALPHA OCC:  38
 BETA  OCC:  38
 
 ***HARTREE-FOCK ENERGY IN STEP  11 IS       -584.0194217357318394 [AU]
 
 Step comparison  Energy Drift [au]  DIIS error drift  Gradient drift
       10            8.8911E-08         2.9751E-06       1.6526E-04
 ======================================================================
 ITERATION STEP  12
 CPU time [min]:     0.408                   Wall time [min]:     0.029
 

 SCF control                  : diis
 Damping factor/level shift   : 0.000/0.000
 DIIS [start/end/frequency]   :   2 / 50 /  1

 Gradient norm:      1.1199E-05
 DIIS is running in this iteration step.
 RMS of [F,P]:                                         0.00000030869136
 RMS of difference density:                            0.00000230205876
 Gap [au]:  0.18235825
 ALPHA OCC:  38
 BETA  OCC:  38
 
 ***HARTREE-FOCK ENERGY IN STEP  12 IS       -584.0194217490616211 [AU]
 
 Step comparison  Energy Drift [au]  DIIS error drift  Gradient drift
       11            1.3330E-08         1.0296E-06       4.8241E-05
 ======================================================================
 ITERATION STEP  13
 CPU time [min]:     0.444                   Wall time [min]:     0.031
 

 SCF control                  : diis
 Damping factor/level shift   : 0.000/0.000
 DIIS [start/end/frequency]   :   2 / 50 /  1

 Gradient norm:      3.1444E-06
 DIIS is running in this iteration step.
 RMS of [F,P]:                                         0.00000007465670
 RMS of difference density:                            0.00000049477305
 Gap [au]:  0.18235757
 ALPHA OCC:  38
 BETA  OCC:  38
 
 ***HARTREE-FOCK ENERGY IN STEP  13 IS       -584.0194217496889451 [AU]
 
 Step comparison  Energy Drift [au]  DIIS error drift  Gradient drift
       12            6.2732E-10         2.3403E-07       8.0548E-06
 ======================================================================
 ITERATION STEP  14
 CPU time [min]:     0.480                   Wall time [min]:     0.033
 

 SCF control                  : diis
 Damping factor/level shift   : 0.000/0.000
 DIIS [start/end/frequency]   :   2 / 50 /  1

 Gradient norm:      9.0100E-07
 DIIS is running in this iteration step.
 RMS of [F,P]:                                         0.00000001877454
 RMS of difference density:                            0.00000010936922
 Gap [au]:  0.18235752
 ALPHA OCC:  38
 BETA  OCC:  38
 
 ***HARTREE-FOCK ENERGY IN STEP  14 IS       -584.0194217497253248 [AU]
 
 Step comparison  Energy Drift [au]  DIIS error drift  Gradient drift
       13            3.6380E-11         5.5882E-08       2.2434E-06
 ======================================================================
 ITERATION STEP  15
 CPU time [min]:     0.516                   Wall time [min]:     0.035
 

 SCF control                  : diis
 Damping factor/level shift   : 0.000/0.000
 DIIS [start/end/frequency]   :   2 / 50 /  1

 Gradient norm:      2.0518E-07
 DIIS is running in this iteration step.
 RMS of [F,P]:                                         0.00000000472102
 RMS of difference density:                            0.00000005327972
 Gap [au]:  0.18235748
 ALPHA OCC:  38
 BETA  OCC:  38
 
 ***HARTREE-FOCK ENERGY IN STEP  15 IS       -584.0194217497278260 [AU]
 
 Step comparison  Energy Drift [au]  DIIS error drift  Gradient drift
       14            2.5011E-12         1.4054E-08       6.9582E-07
 ======================================================================
 
 SUCCESS...
 THE SCF ITERATION HAS CONVERGED!
 
                   A   
 FINAL ALPHA OCC:  38
 FINAL BETA  OCC:  38
 
 ***FINAL HARTREE-FOCK ENERGY:       -584.0194217497278260 [AU]
 
 Orbital energies [au]:
      Irrep         Alpha          Beta
    1   A         -4.373415      -4.373415
    2   A         -4.372775      -4.372775
    3   A         -4.337772      -4.337772
    4   A         -4.310323      -4.310323
    5   A         -2.821752      -2.821752
    6   A         -2.816212      -2.816212
    7   A         -2.816001      -2.816001
    8   A         -2.814597      -2.814597
    9   A         -2.813982      -2.813982
   10   A         -2.813653      -2.813653
   11   A         -2.781940      -2.781940
   12   A         -2.779447      -2.779447
   13   A         -2.777820      -2.777820
   14   A         -2.754365      -2.754365
   15   A         -2.751119      -2.751119
   16   A         -2.751071      -2.751071
   17   A         -0.569707      -0.569707
   18   A         -0.561142      -0.561142
   19   A         -0.550342      -0.550342
   20   A         -0.539633      -0.539633
   21   A         -0.533814      -0.533814
   22   A         -0.533612      -0.533612
   23   A         -0.524681      -0.524681
   24   A         -0.510865      -0.510865
   25   A         -0.506599      -0.506599
   26   A         -0.505534      -0.505534
   27   A         -0.501361      -0.501361
   28   A         -0.494482      -0.494482
   29   A         -0.486024      -0.486024
   30   A         -0.485893      -0.485893
   31   A         -0.481248      -0.481248
   32   A         -0.460204      -0.460204
   33   A         -0.460202      -0.460202
   34   A         -0.451288      -0.451288
   35   A         -0.447761      -0.447761
   36   A         -0.440652      -0.440652
   37   A         -0.290882      -0.290882
   38   A         -0.192832      -0.192832
 
   39   A         -0.010475      -0.010475
   40   A          0.017212       0.017212
   41   A          0.031856       0.031856
   42   A          0.059736       0.059736
   43   A          0.067582       0.067582
   44   A          0.083506       0.083506
   45   A          0.084651       0.084651
   46   A          0.098222       0.098222
   47   A          0.116253       0.116253
   48   A          0.145370       0.145370
   49   A          0.148561       0.148561
   50   A          0.167694       0.167694
   51   A          0.179563       0.179563
   52   A          0.188634       0.188634
   53   A          0.198695       0.198695
   54   A          0.256180       0.256180
   55   A          0.262899       0.262899
   56   A          0.308405       0.308405
   57   A          0.391077       0.391077
   58   A          0.419826       0.419826
   59   A          0.446897       0.446897
   60   A          0.464560       0.464560
   61   A          0.497118       0.497118
   62   A          0.504037       0.504037
   63   A          0.514817       0.514817
   64   A          0.539535       0.539535
   65   A          0.555689       0.555689
   66   A          0.556241       0.556241
   67   A          0.585564       0.585564
   68   A          0.591859       0.591859
   69   A          0.594051       0.594051
   70   A          0.620673       0.620673
   71   A          0.621895       0.621895
   72   A          0.639415       0.639415
   73   A          0.652614       0.652614
   74   A          0.683843       0.683843
   75   A          0.687479       0.687479
   76   A          0.749724       0.749724
   77   A          0.755689       0.755689
   78   A          0.768733       0.768733
   79   A          0.781685       0.781685
   80   A          0.809823       0.809823
   81   A          0.831058       0.831058
   82   A          0.873039       0.873039
   83   A          0.893886       0.893886
   84   A          0.955961       0.955961
   85   A          1.080377       1.080377
   86   A          1.084940       1.084940
   87   A          1.154531       1.154531
   88   A          1.213866       1.213866
   89   A          2.442821       2.442821
   90   A          2.490996       2.490996
   91   A          2.497214       2.497214
   92   A          2.772052       2.772052
   93   A         56.433217      56.433217
   94   A         56.473227      56.473227
   95   A         56.481409      56.481409
   96   A         56.650773      56.650773
 
 RETURNING FROM SCF ALGORITHM
 ======================================================================

 ************************ 2023-09-17 23:40:36 *************************
 Executing ovirt...

 ovirt, the routine of orbital optimization and integral transformation 
Sun Sep 17 23:40:36 BST 2023
 memory =                1536000  Mb          201326592000  8 byte word
 mrccboot = T
 scftype  = rhf  
 localcc  = off 
 core     = 16    
 ovirt    = off  
 ccprog   = mrcc
 dfnbasis =                      0
 dfbasis_cor =none                
 lmp2dens = on 
 dens =                      0
 verblev =                      3
 task     =                      4
 epsilon =   0.000000000000000E+000
 lmp2= on 
 localNO  =  F
 localMP2 =  F
 localMP2_TEST =  F
 LMP2_shortcut =  F
 FOCKTR   =  T
 Allocated memory:                 1536000  Mb
 onbasis=                    96
 RHF calculation! 
 integral transforamtion: AOs ------ MOs
 # of basis functions, # of int. blocks    96     1
100 % 
 second part
100 %
 integral transformation is completed! 
CPU and WC time          42.51           7.75     AOs -> MOs 
 occupied and 
     1 -0.5697069952
     2 -0.5611417525
     3 -0.5503419964
     4 -0.5396331317
     5 -0.5338140954
     6 -0.5336118132
     7 -0.5246814989
     8 -0.5108652833
     9 -0.5065986563
    10 -0.5055335163
    11 -0.5013610985
    12 -0.4944823879
    13 -0.4860235362
    14 -0.4858926896
    15 -0.4812479573
    16 -0.4602044886
    17 -0.4602016494
    18 -0.4512881963
    19 -0.4477606112
    20 -0.4406515589
    21 -0.2908819139
    22 -0.1928322232
               virtual energies 
    23 -0.0104747460
    24  0.0172119321
    25  0.0318557024
    26  0.0597355147
    27  0.0675820477
    28  0.0835064233
    29  0.0846513939
    30  0.0982221856
    31  0.1162534815
    32  0.1453703060
    33  0.1485612981
    34  0.1676943638
    35  0.1795629402
    36  0.1886336589
    37  0.1986954636
    38  0.2561795494
    39  0.2628994447
    40  0.3084054382
    41  0.3910770540
    42  0.4198260221
    43  0.4468967592
    44  0.4645600284
    45  0.4971182398
    46  0.5040365809
    47  0.5148172427
    48  0.5395347942
    49  0.5556885390
    50  0.5562410519
    51  0.5855640219
    52  0.5918590291
    53  0.5940513376
    54  0.6206731183
    55  0.6218946447
    56  0.6394149567
    57  0.6526138409
    58  0.6838431599
    59  0.6874791178
    60  0.7497243033
    61  0.7556886289
    62  0.7687330121
    63  0.7816849056
    64  0.8098231051
    65  0.8310577599
    66  0.8730386954
    67  0.8938856254
    68  0.9559609817
    69  1.0803774298
    70  1.0849399435
    71  1.1545313596
    72  1.2138660600
    73  2.4428210722
    74  2.4909955122
    75  2.4972144116
    76  2.7720524237
    77 56.4332166883
    78 56.4732268443
    79 56.4814089699
    80 56.6507732704
 inttol =   1.000000000000000E-010   10.0000000000000     
Integrals are written to fort.55
Sun Sep 17 23:40:54 BST 2023
  ovirt terminated normally 

 ************************ 2023-09-17 23:40:54 *************************
 Executing goldstone...

 Generation of CC equations in terms of H and T...
 Generation of antisymmetrized Goldstone diagrams...
 Number of diagrams in T^1 equations:    15
 Number of diagrams in T^2 equations:    33
 Number of diagrams in T^3 equations:     2
 Translation of diagrams to factorized equations...
 Optimizing intermediate calculation...
 Number of floating-point operations per iteration step:   5.1866E+12
 Probable CPU time per iteration step (hours):     51.87
 Required memory (Mbytes):   25610.5
 Number of intermediates:                                  48
 Number of intermediates to be stored:                     20
 Length of intermediate file (Mbytes):     717.9

 ************************ 2023-09-17 23:40:54 *************************
 Executing xmrcc...

 **********************************************************************
 CC(2)(3) calculation 
 
 
 Allocation of****** Mbytes of memory...
 Number of spinorbitals:                   160
 Number of alpha electrons:                       22
 Number of beta electrons:                        22
 Spin multiplicity:                     1
 z-component of spin:  0.0
 Spatial symmetry:                      1
 Convergence criterion:  1.0E-06
 Construction of occupation graphs...
 Number of                     0 -fold excitations:                      1
 Number of                     1 -fold excitations:                   2552
 Number of                     2 -fold excitations:                2391862
 Total number of configurations:                2394415
 Calculation of coupling coefficients...
 Length of intermediate file (Mbytes):     540.6
 
 ======================================================================
 
 Spin case  1   Alpha:  0   Beta:  3
 Number of excitations:               47518240
 Spin case  2   Alpha:  1   Beta:  2
 Number of excitations:              487231668
 Number of                     3 -fold excitations:             1069499816
 
 Memory requirements /Mbyte/: 
               Minimal        Optimal
 Real*8:        610.3373       795.8248
 Integer:         0.5941
 Total:         610.9313       796.4189
 

 ************************ 2023-09-17 23:40:55 *************************
 Executing mrcc...

 **********************************************************************
 CCSD(T) calculation                                                    
 
 
 OpenMP parallel version is running.
 Number of CPU cores:  16
 Allocation of  795.8 Mbytes of memory...
 Number of spinorbitals: 160
 Number of alpha electrons: 22
 Number of beta  electrons: 22
 Spin multiplicity: 1
 z-component of spin:  0.0
 Spatial symmetry: 1
 Convergence criterion:  1.0E-06
 Construction of occupation graphs...
 Number of 0-fold excitations: 1
 Number of 1-fold excitations: 2552
 Number of 2-fold excitations: 2391862
 Total number of determinants: 2394415
 Calculation of coupling coefficients...
 Initial cluster amplitudes are generated.
 Length of intermediate file (Mbytes):     540.6
 Reading integral list from unit 55...
 Sorting integrals...
 Calculation of MP denominators...
 
 Starting CC iteration...
 ======================================================================
 Norm of residual vector:     0.82020909
 CPU time [min]:     4.993                   Wall time [min]:     0.568
 
 Iteration  1  CC energy:  -584.34248404  Energy decrease:   0.32306229
 ======================================================================
 Norm of residual vector:     0.18665709
 CPU time [min]:    10.421                   Wall time [min]:     1.021
 
 Iteration  2  CC energy:  -584.33677901  Energy decrease:   0.00570503
 ======================================================================
 Norm of residual vector:     0.06197601
 CPU time [min]:    15.898                   Wall time [min]:     1.473
 
 Iteration  3  CC energy:  -584.35795686  Energy decrease:   0.02117785
 ======================================================================
 Norm of residual vector:     0.01736116
 CPU time [min]:    21.396                   Wall time [min]:     1.927
 
 Iteration  4  CC energy:  -584.36051059  Energy decrease:   0.00255374
 ======================================================================
 Norm of residual vector:     0.00812663
 CPU time [min]:    26.973                   Wall time [min]:     2.386
 
 Iteration  5  CC energy:  -584.36081210  Energy decrease:   0.00030151
 ======================================================================
 Norm of residual vector:     0.00288818
 CPU time [min]:    32.614                   Wall time [min]:     2.849
 
 Iteration  6  CC energy:  -584.36087791  Energy decrease:   0.00006581
 ======================================================================
 Norm of residual vector:     0.00143643
 CPU time [min]:    38.231                   Wall time [min]:     3.310
 
 Iteration  7  CC energy:  -584.36087566  Energy decrease:   0.00000225
 ======================================================================
 Norm of residual vector:     0.00071336
 CPU time [min]:    43.927                   Wall time [min]:     3.779
 
 Iteration  8  CC energy:  -584.36085863  Energy decrease:   0.00001703
 ======================================================================
 Norm of residual vector:     0.00033529
 CPU time [min]:    49.709                   Wall time [min]:     4.250
 
 Iteration  9  CC energy:  -584.36086271  Energy decrease:   0.00000408
 ======================================================================
 Norm of residual vector:     0.00014978
 CPU time [min]:    55.451                   Wall time [min]:     4.718
 
 Iteration 10  CC energy:  -584.36086904  Energy decrease:   0.00000634
 ======================================================================
 Norm of residual vector:     0.00006169
 CPU time [min]:    61.296                   Wall time [min]:     5.195
 
 Iteration 11  CC energy:  -584.36086933  Energy decrease:   0.00000028
 ======================================================================
 Norm of residual vector:     0.00002851
 CPU time [min]:    67.167                   Wall time [min]:     5.674
 
 Iteration 12  CC energy:  -584.36086854  Energy decrease:   0.00000078
 ======================================================================
 Norm of residual vector:     0.00001253
 CPU time [min]:    73.104                   Wall time [min]:     6.155
 
 Iteration 13  CC energy:  -584.36086866  Energy decrease:   0.00000011
 ======================================================================
 Norm of residual vector:     0.00000571
 CPU time [min]:    79.013                   Wall time [min]:     6.634
 
 Iteration 14  CC energy:  -584.36086886  Energy decrease:   0.00000021
 ======================================================================
 Norm of residual vector:     0.00000243
 CPU time [min]:    85.014                   Wall time [min]:     7.120
 
 Iteration 15  CC energy:  -584.36086888  Energy decrease:   0.00000002
 ======================================================================
 Norm of residual vector:     0.00000105
 CPU time [min]:    91.086                   Wall time [min]:     7.608
 
 Iteration 16  CC energy:  -584.36086886  Energy decrease:   0.00000002
 ======================================================================
 Norm of residual vector:     0.00000046
 CPU time [min]:    97.137                   Wall time [min]:     8.096
 
 Iteration 17  CC energy:  -584.36086885  Energy decrease:   4.6794E-09
 ======================================================================
 
 Iteration has converged in 17 steps.
 
 Final results:
 Total CCSD energy [au]:            -584.360868853444
 Total MP2 energy [au]:             -584.342484041124
 
 Perturbative corrections are calculated...
 ======================================================================
 Spin case  1   Alpha:  0   Beta:  3
 Number of excitations:        47518240
 CPU time [min]:    97.788                   Wall time [min]:     8.150
 ======================================================================
 Spin case  2   Alpha:  1   Beta:  2
 Number of excitations:        487231668
 CPU time [min]:   101.767                   Wall time [min]:     8.401
 ======================================================================
 Number of 3-fold excitations: 1069499816
 CPU time [min]:   101.767                   Wall time [min]:     8.401
 
 Total CCSD[T] energy [au]:         -584.392385415967
 Total CCSD(T) energy [au]:         -584.386538421933
 
 ************************ 2023-09-17 23:49:20 *************************
                      Normal termination of mrcc.
 **********************************************************************
