 **********************************************************************
                          MRCC program system
 **********************************************************************
 
                              Written by
     Mihaly Kallay, Peter R. Nagy, David Mester, Laszlo Gyevi-Nagy,
        Jozsef Csoka, P. Bernat Szabo, Zoltan Rolik, Gyula Samu,
     Jozsef Csontos, Bence Hegely, Adam Ganyecz, Istvan Ladjanszki,
       Lorant Szegedy, Bence Ladoczki, Klara Petrov, Mate Farkas,
                    Pal D. Mezei, and Reka A. Horvath
 
        Department of Physical Chemistry and Materials Science
            Budapest University of Technology and Economics
                  Budapest P.O.Box 91, H-1521 Hungary
 
                              www.mrcc.hu
 
                      Release date: March 18, 2022

 ************************ 2023-08-11 01:11:01 *************************
 Executing minp...

 Reading input from MINP...
 
 Input file:
 
calc=CCSDT(Q)
verbosity=3
mem=1500GB
unit=angs
scfiguess=sad
ccprog=mrcc
ECP=LANL2DZ-ECP-10
basis=LANL2DZ
core=16
unit=angs
geom=xyz
    4
Cu4_4
Cu     1.16717276     0.38905498     1.07801886
Cu     0.02179923    -0.12973513    -1.17783523
Cu    -0.42856473    -1.13463765     1.17783523
Cu    -1.16717276     1.13463765     0.18733212
 
 
 Checking keyword combinations...
 
 Keywords:
 
 active=none
 agrid=ld0006-ld0590
 agrid_pssp=ld0006-ld0194
 agrid_pssp_sm=ld0006-ld0074
 basis=lanl2dz
 basis_sm=none
 basopt=off
 bfbasis=none
 bfgsmem=10
 bfgstol=1.0d-3
 bpcompo=0.985
 bpcompv=0.98
 bpdfo=0.985
 bpocc=0.985
 bppdo=0.985
 bppdv=0.98
 bpedo=0.985
 bpedv=0.98
 calc=ccsdt(q)
 ccmaxit=50
 ccprog=mrcc
 ccsdalg=disk
 ccsdmkl=seq
 ccsdrest=off
 ccsdthreads=2
 cctol=6
 charge=0
 cialg=disk
 ciguess=off
 cmpgrp=auto
 comprest=off
 core=16
 corembed=off
 csapprox=off
 cvs=off
 dboc=off
 delocsomofact=
 dendec=cholesky
 dens=0
 dfalg=lineq
 dfbasis_cab=none
 dfbasis_cor=none
 dfbasis_scf=none
 dfbasis_scf_sm=none
 dfintran=ovirt
 dft=off
 dhexc=adc(2)
 diag=david
 docc=
 domrad=10.d0
 drpaalg=fit
 dual=off
 dual_df=off
 ecp=lanl2dz-ecp-10
 edisp=off
 edisp_embed=off
 embed=off
 etemp=300
 epert=none
 eps=
 espcharge=off
 excrad=0.d0
 excrad_fin=0.000000000D+00
 fitting=coulomb
 fmm=off
 fmmord=8
 freq=off
 gamma=1.d0
 gauss=spher
 geom=xyz
 gopt=off
 ghost=none
 gtol=7
 grdens=off
 gridbatch_cos=2000
 grtol=10
 guido_ct=off
 hamilton=dc
 iface=none
 intalg=auto
 itol=10
 laptol=1.d-2
 lccoporder=trffirst
 lcorthr=normal
 lccrest=off
 lmp2dens=on
 lnoepso=0.d0
 lnoepsv=1e-6
 boysalg=jacobi
 localcc=off
 localcorrsymm=off
 locintrf=disk
 mact=
 maxact=off
 maxdim=100
 maxex=0
 maxmicroit=100
 mcscfiguess=hf
 mem=1500gb
 mmprog=
 molden=on
 mpitasks=1
 mulmet=0
 mult=
 nacto=0
 nactv=0
 naf_amp=1.d-2
 naf_cor=off
 naf_scf=off
 nafalg=albe
 naftyp=
 nchol=auto
 ndeps=1e-3
 nstate=1
 nsing=0
 nto=off
 ntrip=0
 occ=
 occri=off
 oniom=off
 oniom_eechg=off
 oniom_pcm=off
 oniom_qcorr=off
 optalg=
 optmaxit=50
 optetol=1e-6
 optex=0
 optgtol=1e-4
 optstol=1e-3
 orblocc=off
 orbloce=off
 orbloco=off
 orblocv=off
 orblocguess=cholesky
 osveps=1e-3
 ovirt=off
 ovltol=1e-7
 ovosnorb=80.0
 pcm=off
 popul=off
 pressure=100000
 pssp=off
 ptfreq=0.0
 ptthreads=2
 qro=off
 qscf=off
 qmmm=off
 redcost_exc=off
 redcost_tddft=off
 refdet=none
 rest=0
 rgrid=log3
 rism=off
 rohfcore=semicanonical
 rohftype=semicanonical
 scfalg=auto
 scf_conv=difficult
 scfdamp=0.0d0
 scfdamp_mode=off
 scfdamp_end=50
 scfdamp_dampstep=0.d0
 scfdamp_dtol=0.0d0
 scfdamp_maxfact=0.0d0
 scfdamp_minfact=0.0d0
 scfdiis=on
 scfdiis_dtol=0.0d0
 scfdiis_end=50
 scfdiis_start=2
 scfdiis_step=1
 scfdiis_watch=off
 scfdiis_wrange=10
 scfdiis_wlimit=5
 scfdiis_delmax=2
 scfdtol=7
 scfext=10
 scfguessdens=
 scfiguess=sad
 scfloc=off
 scflshift=0.20
 scflshift_end=8
 scflshift_dtol=0.0
 scflshift_gaptol=0.20
 scfmaxit=50
 scftype=
 scftol=6
 scspe=1.d0
 scsph=1.d0
 scsps=1.2d0
 scsps_t=1.2d0
 scspt=0.33333333333333
 scspt_t=0.33333333333333
 scspv=1.d0
 spairtol=1e-4
 sqmprog=
 subminp=top
 symm=
 talg=occ
 temp=298.15
 test=off
 theodore=off
 tlmo=0.999
 tpao=0.94
 tprint=off
 uncontract=off
 unit=angs
 usedisk=2
 verbosity=3
 wpairtol=0.100000000E-05

 ************************ 2023-08-11 01:11:02 *************************
 Executing integ...

 Allocation of 1500.0 Gbytes of memory...
 
 
 Number of atoms:                  4
 Charge:                           0
 Number of electrons:             76
 Number of core electrons:        32
 Spin multiplicity:                1
 
                 Cartesian coordinates [bohr]      Atomic mass [AMU]  Z
   1  Cu    2.20563686    0.73520736    2.03716040    62.929599      29
   2  Cu    0.04119457   -0.24516386   -2.22578601    62.929599      29
   3  Cu   -0.80986997   -2.14415441    2.22578601    62.929599      29
   4  Cu   -2.20563686    2.14415441    0.35400640    62.929599      29
 
 This molecule is an asymmetric top.
 
 Rotational constants [cm-1]: 
      0.054928155547      0.040143262126      0.039509758806
 
 Point group: C1  
 Computational point group: C1  
 
 Cartesian coordinates in standard orientation [bohr]
   1  Cu    1.96490604   -1.49104282   -1.45347412
   2  Cu   -1.94500212   -1.49199795    1.46735924
   3  Cu    1.94825954    1.50620393    1.45097420
   4  Cu   -1.96816346    1.47683684   -1.46485932
 
 Nuclear repulsion energy [au]:        467.639882185284
 
 
 Basis set information:
 
 Maximum angular momentum: d
 Maximum number of contracted Gaussians:    3
 Maximum number of primitive Gaussians:     5
 Spherical harmonic GTOs are used.
 
   1  Cu lanl2dz [ 5s 5p 5d | 3s 3p 2d ]
   2  Cu lanl2dz [ 5s 5p 5d | 3s 3p 2d ]
   3  Cu lanl2dz [ 5s 5p 5d | 3s 3p 2d ]
   4  Cu lanl2dz [ 5s 5p 5d | 3s 3p 2d ]
 
 Basis functions:
            1             2             3             4             5             6             7             8             9            10
    0    1Cu1s         1Cu2s         1Cu3s         1Cu1pz        1Cu1py        1Cu1px        1Cu2pz        1Cu2py        1Cu2px        1Cu3pz    
    1    1Cu3py        1Cu3px        1Cu1d-2       1Cu1d-1       1Cu1d0        1Cu1d+1       1Cu1d+2       1Cu2d-2       1Cu2d-1       1Cu2d0    
    2    1Cu2d+1       1Cu2d+2       2Cu1s         2Cu2s         2Cu3s         2Cu1pz        2Cu1py        2Cu1px        2Cu2pz        2Cu2py    
    3    2Cu2px        2Cu3pz        2Cu3py        2Cu3px        2Cu1d-2       2Cu1d-1       2Cu1d0        2Cu1d+1       2Cu1d+2       2Cu2d-2   
    4    2Cu2d-1       2Cu2d0        2Cu2d+1       2Cu2d+2       3Cu1s         3Cu2s         3Cu3s         3Cu1pz        3Cu1py        3Cu1px    
    5    3Cu2pz        3Cu2py        3Cu2px        3Cu3pz        3Cu3py        3Cu3px        3Cu1d-2       3Cu1d-1       3Cu1d0        3Cu1d+1   
    6    3Cu1d+2       3Cu2d-2       3Cu2d-1       3Cu2d0        3Cu2d+1       3Cu2d+2       4Cu1s         4Cu2s         4Cu3s         4Cu1pz    
    7    4Cu1py        4Cu1px        4Cu2pz        4Cu2py        4Cu2px        4Cu3pz        4Cu3py        4Cu3px        4Cu1d-2       4Cu1d-1   
    8    4Cu1d0        4Cu1d+1       4Cu1d+2       4Cu2d-2       4Cu2d-1       4Cu2d0        4Cu2d+1       4Cu2d+2   
 
 Maximum number of basis functions per shell:   10
 Total number of basis functions:     88
 
 
 Effective core potentials:
 
   1  Cu lanl2dz-ecp-10      
   2  Cu lanl2dz-ecp-10      
   3  Cu lanl2dz-ecp-10      
   4  Cu lanl2dz-ecp-10      
 
 Initializing the SAD routines for the initial guess...
 Checking the files required for the initial guess...
 Density files have not been found for the initial guess.
 Generating SCFDENSITIES.Cu.lanl2dz.0
 CPU time [min]:     0.116                   Wall time [min]:     0.232
 
 Character table for point group C1:
 
          E  
    A     1
 
 Number of basis functions per irrep:
    A      88
 
 
 Calculation of overlap integrals...
 CPU time [min]:     0.116                   Wall time [min]:     0.232
 
 Calculation of the square root of the overlap matrix...
 Minimum eigenvalue of the overlap matrix: 0.459813E-02
 CPU time [min]:     0.131                   Wall time [min]:     0.233
 
 Calculation of kinetic energy integrals...
 CPU time [min]:     0.132                   Wall time [min]:     0.233
 Calculation of nuclear attraction integrals...
 CPU time [min]:     0.132                   Wall time [min]:     0.233
 Calculation of core potential integrals...
 CPU time [min]:     0.237                   Wall time [min]:     0.238
 
 Calculation of prescreening integrals...
 CPU time [min]:     0.325                   Wall time [min]:     0.240
 
 Calculation of two-electron integrals...
   1% done.
  17% done.
  32% done.
  62% done.
 100% done.
 CPU time [min]:     2.036                   Wall time [min]:     0.288

 ************************ 2023-08-11 01:11:19 *************************
 Executing scf...

 @scfsetup: integrals taken from disk
            mrcc/integ binary format
 @scfsetup: calculating on full matrices
            not using symmetry adapted basis
 @scfsetup: diis switched on
 @scfsetup: number of steps to extrapolate from  10
 @scfsetup: tolerance in energy deviation    0.100000E-05
            tolerance in density deviation    0.100000E-06
 @scfsetup: maximum number of iterations:  50
 @scfsetup: restricted closed shell hf calc
 @scfsetup: starting scf from superposition of atomic densities
 @scfsetup: occupation set:
            from initial orbitals
 @scfsetup: Parameter-set for SCF acceleration: difficult
 @scfsetup: diis runs from iteration:   2
 @scfsetup: diis runs to iteration:  50
 @scfsetup: diis runs in every iteration
 @scfsetup: diiswatch is disabled                   
 @scfsetup: diis dtol criteria to switch on:      0.0000E+00
           (or the iteration number below is reached)
 @scfsetup: damping is turned off.
 @scfsetup: dynamic level shifting
            tolarance in HOMO-LUMO gap:  0.200
            tolarance in density deviation:     0.0000E+00
            iteration step criteria to turn level shifting off: 8
 Allocation of 1500.0 Gbytes of memory...
 ======================================================================
 ITERATION STEP   1
 CPU time [min]:     0.016                   Wall time [min]:     0.004
 

 SCF control                  : initial
 Damping factor/level shift   : 0.000/0.200
 DIIS [start/end/frequency]   :   2 / 50 /  1

 Gradient norm:      1.9907E+00
 RMS of [F,P]:                                         0.07036781007558
 RMS of difference density:                            1.87818103704096
 Gap [au]:  0.02172956
 ALPHA OCC:  38
 BETA  OCC:  38
 
 ***HARTREE-FOCK ENERGY IN STEP   1 IS       -773.8453797467486766 [AU]
 ======================================================================
 ITERATION STEP   2
 CPU time [min]:     0.121                   Wall time [min]:     0.007
 

 SCF control                  : diis
 Damping factor/level shift   : 0.000/0.200
 DIIS [start/end/frequency]   :   2 / 50 /  1

 Gradient norm:      7.6301E+00
 DIIS is running in this iteration step.
 RMS of [F,P]:                                         0.27015073359292
 RMS of difference density:                            1.87618187748879
 Gap [au]:  0.27869792
 ALPHA OCC:  38
 BETA  OCC:  38
 
 ***HARTREE-FOCK ENERGY IN STEP   2 IS       -669.2739258579256330 [AU]
 
 Step comparison  Energy Drift [au]  DIIS error drift  Gradient drift
        1           -1.0457E+02        -1.9978E-01      -5.6394E+00
        2            6.6927E+02         1.0000E-07      -5.6394E+00
 Warning! The energy goes uphill (with respect to previous step).
 Warning! The gradient goes uphill (with respect to previous step).
 Warning! The gradient goes uphill (with respect to step   1 ).
 ======================================================================
 ITERATION STEP   3
 CPU time [min]:     0.202                   Wall time [min]:     0.009
 

 SCF control                  : diis
 Damping factor/level shift   : 0.000/0.000
 DIIS [start/end/frequency]   :   2 / 50 /  1

 Gradient norm:      1.7342E+00
 DIIS is running in this iteration step.
 RMS of [F,P]:                                         0.08352823500835
 RMS of difference density:                            0.09341751115626
 Gap [au]:  0.10770508
 ALPHA OCC:  38
 BETA  OCC:  38
 
 ***HARTREE-FOCK ENERGY IN STEP   3 IS       -768.4992596750025768 [AU]
 
 Step comparison  Energy Drift [au]  DIIS error drift  Gradient drift
        2            9.9225E+01         1.8662E-01       5.8959E+00
 ======================================================================
 ITERATION STEP   4
 CPU time [min]:     0.283                   Wall time [min]:     0.011
 

 SCF control                  : diis
 Damping factor/level shift   : 0.000/0.200
 DIIS [start/end/frequency]   :   2 / 50 /  1

 Gradient norm:      3.5438E-01
 DIIS is running in this iteration step.
 RMS of [F,P]:                                         0.00854750810675
 RMS of difference density:                            0.01930237037940
 Gap [au]:  0.10377716
 ALPHA OCC:  38
 BETA  OCC:  38
 
 ***HARTREE-FOCK ENERGY IN STEP   4 IS       -779.7953968828360303 [AU]
 
 Step comparison  Energy Drift [au]  DIIS error drift  Gradient drift
        3            1.1296E+01         7.4981E-02       1.3799E+00
 ======================================================================
 ITERATION STEP   5
 CPU time [min]:     0.364                   Wall time [min]:     0.014
 

 SCF control                  : diis
 Damping factor/level shift   : 0.000/0.200
 DIIS [start/end/frequency]   :   2 / 50 /  1

 Gradient norm:      8.0018E-02
 DIIS is running in this iteration step.
 RMS of [F,P]:                                         0.00343112761458
 RMS of difference density:                            0.00626962420171
 Gap [au]:  0.14964830
 ALPHA OCC:  38
 BETA  OCC:  38
 
 ***HARTREE-FOCK ENERGY IN STEP   5 IS       -779.9312861213677479 [AU]
 
 Step comparison  Energy Drift [au]  DIIS error drift  Gradient drift
        4            1.3589E-01         5.1164E-03       2.7437E-01
 ======================================================================
 ITERATION STEP   6
 CPU time [min]:     0.444                   Wall time [min]:     0.016
 

 SCF control                  : diis
 Damping factor/level shift   : 0.000/0.200
 DIIS [start/end/frequency]   :   2 / 50 /  1

 Gradient norm:      4.7339E-02
 DIIS is running in this iteration step.
 RMS of [F,P]:                                         0.00121856016947
 RMS of difference density:                            0.00314263487195
 Gap [au]:  0.15536526
 ALPHA OCC:  38
 BETA  OCC:  38
 
 ***HARTREE-FOCK ENERGY IN STEP   6 IS       -779.9517653420416536 [AU]
 
 Step comparison  Energy Drift [au]  DIIS error drift  Gradient drift
        5            2.0479E-02         2.2126E-03       3.2679E-02
 ======================================================================
 ITERATION STEP   7
 CPU time [min]:     0.524                   Wall time [min]:     0.018
 

 SCF control                  : diis
 Damping factor/level shift   : 0.000/0.200
 DIIS [start/end/frequency]   :   2 / 50 /  1

 Gradient norm:      3.1292E-02
 DIIS is running in this iteration step.
 RMS of [F,P]:                                         0.00063503011630
 RMS of difference density:                            0.00149934311354
 Gap [au]:  0.15630192
 ALPHA OCC:  38
 BETA  OCC:  38
 
 ***HARTREE-FOCK ENERGY IN STEP   7 IS       -779.9563057295240469 [AU]
 
 Step comparison  Energy Drift [au]  DIIS error drift  Gradient drift
        6            4.5404E-03         5.8353E-04       1.6047E-02
 ======================================================================
 ITERATION STEP   8
 CPU time [min]:     0.606                   Wall time [min]:     0.020
 

 SCF control                  : diis
 Damping factor/level shift   : 0.000/0.200
 DIIS [start/end/frequency]   :   2 / 50 /  1

 Gradient norm:      2.0601E-02
 DIIS is running in this iteration step.
 RMS of [F,P]:                                         0.00026716847396
 RMS of difference density:                            0.00117391086459
 Gap [au]:  0.15555756
 ALPHA OCC:  38
 BETA  OCC:  38
 
 ***HARTREE-FOCK ENERGY IN STEP   8 IS       -779.9576590218600813 [AU]
 
 Step comparison  Energy Drift [au]  DIIS error drift  Gradient drift
        7            1.3533E-03         3.6786E-04       1.0691E-02
 ======================================================================
 ITERATION STEP   9
 CPU time [min]:     0.686                   Wall time [min]:     0.023
 

 SCF control                  : diis
 Damping factor/level shift   : 0.000/0.000
 DIIS [start/end/frequency]   :   2 / 50 /  1

 Gradient norm:      1.1322E-02
 DIIS is running in this iteration step.
 RMS of [F,P]:                                         0.00013129802736
 RMS of difference density:                            0.00095367536974
 Gap [au]:  0.15526123
 ALPHA OCC:  38
 BETA  OCC:  38
 
 ***HARTREE-FOCK ENERGY IN STEP   9 IS       -779.9582569926649285 [AU]
 
 Step comparison  Energy Drift [au]  DIIS error drift  Gradient drift
        8            5.9797E-04         1.3587E-04       9.2796E-03
 ======================================================================
 ITERATION STEP  10
 CPU time [min]:     0.766                   Wall time [min]:     0.025
 

 SCF control                  : diis
 Damping factor/level shift   : 0.000/0.000
 DIIS [start/end/frequency]   :   2 / 50 /  1

 Gradient norm:      1.8795E-03
 DIIS is running in this iteration step.
 RMS of [F,P]:                                         0.00003835221452
 RMS of difference density:                            0.00016267613093
 Gap [au]:  0.15503002
 ALPHA OCC:  38
 BETA  OCC:  38
 
 ***HARTREE-FOCK ENERGY IN STEP  10 IS       -779.9584693887081812 [AU]
 
 Step comparison  Energy Drift [au]  DIIS error drift  Gradient drift
        9            2.1240E-04         9.2946E-05       9.4422E-03
 ======================================================================
 ITERATION STEP  11
 CPU time [min]:     0.847                   Wall time [min]:     0.027
 

 SCF control                  : diis
 Damping factor/level shift   : 0.000/0.000
 DIIS [start/end/frequency]   :   2 / 50 /  1

 Gradient norm:      5.6539E-04
 DIIS is running in this iteration step.
 RMS of [F,P]:                                         0.00001293750103
 RMS of difference density:                            0.00004433555846
 Gap [au]:  0.15502960
 ALPHA OCC:  38
 BETA  OCC:  38
 
 ***HARTREE-FOCK ENERGY IN STEP  11 IS       -779.9584768272507063 [AU]
 
 Step comparison  Energy Drift [au]  DIIS error drift  Gradient drift
       10            7.4385E-06         2.5415E-05       1.3142E-03
 ======================================================================
 ITERATION STEP  12
 CPU time [min]:     0.927                   Wall time [min]:     0.029
 

 SCF control                  : diis
 Damping factor/level shift   : 0.000/0.000
 DIIS [start/end/frequency]   :   2 / 50 /  1

 Gradient norm:      1.9528E-04
 DIIS is running in this iteration step.
 RMS of [F,P]:                                         0.00000822024968
 RMS of difference density:                            0.00001464968135
 Gap [au]:  0.15502593
 ALPHA OCC:  38
 BETA  OCC:  38
 
 ***HARTREE-FOCK ENERGY IN STEP  12 IS       -779.9584775940697909 [AU]
 
 Step comparison  Energy Drift [au]  DIIS error drift  Gradient drift
       11            7.6682E-07         4.7173E-06       3.7012E-04
 ======================================================================
 ITERATION STEP  13
 CPU time [min]:     1.008                   Wall time [min]:     0.032
 

 SCF control                  : diis
 Damping factor/level shift   : 0.000/0.000
 DIIS [start/end/frequency]   :   2 / 50 /  1

 Gradient norm:      6.3496E-05
 DIIS is running in this iteration step.
 RMS of [F,P]:                                         0.00000158276761
 RMS of difference density:                            0.00000600322735
 Gap [au]:  0.15501114
 ALPHA OCC:  38
 BETA  OCC:  38
 
 ***HARTREE-FOCK ENERGY IN STEP  13 IS       -779.9584777215222857 [AU]
 
 Step comparison  Energy Drift [au]  DIIS error drift  Gradient drift
       12            1.2745E-07         6.6375E-06       1.3178E-04
 ======================================================================
 ITERATION STEP  14
 CPU time [min]:     1.174                   Wall time [min]:     0.037
 

 SCF control                  : diis
 Damping factor/level shift   : 0.000/0.000
 DIIS [start/end/frequency]   :   2 / 50 /  1

 Gradient norm:      4.1501E-05
 DIIS is running in this iteration step.
 RMS of [F,P]:                                         0.00000059284941
 RMS of difference density:                            0.00000232960609
 Gap [au]:  0.15501510
 ALPHA OCC:  38
 BETA  OCC:  38
 
 ***HARTREE-FOCK ENERGY IN STEP  14 IS       -779.9584777417949226 [AU]
 
 Step comparison  Energy Drift [au]  DIIS error drift  Gradient drift
       13            2.0273E-08         9.8992E-07       2.1995E-05
 ======================================================================
 ITERATION STEP  15
 CPU time [min]:     1.255                   Wall time [min]:     0.039
 

 SCF control                  : diis
 Damping factor/level shift   : 0.000/0.000
 DIIS [start/end/frequency]   :   2 / 50 /  1

 Gradient norm:      3.5720E-05
 DIIS is running in this iteration step.
 RMS of [F,P]:                                         0.00000040560428
 RMS of difference density:                            0.00000173630094
 Gap [au]:  0.15501508
 ALPHA OCC:  38
 BETA  OCC:  38
 
 ***HARTREE-FOCK ENERGY IN STEP  15 IS       -779.9584777476209183 [AU]
 
 Step comparison  Energy Drift [au]  DIIS error drift  Gradient drift
       14            5.8260E-09         1.8725E-07       5.7816E-06
 ======================================================================
 ITERATION STEP  16
 CPU time [min]:     1.335                   Wall time [min]:     0.041
 

 SCF control                  : diis
 Damping factor/level shift   : 0.000/0.000
 DIIS [start/end/frequency]   :   2 / 50 /  1

 Gradient norm:      3.1000E-05
 DIIS is running in this iteration step.
 RMS of [F,P]:                                         0.00000035124316
 RMS of difference density:                            0.00000143968383
 Gap [au]:  0.15501533
 ALPHA OCC:  38
 BETA  OCC:  38
 
 ***HARTREE-FOCK ENERGY IN STEP  16 IS       -779.9584777513116478 [AU]
 
 Step comparison  Energy Drift [au]  DIIS error drift  Gradient drift
       15            3.6907E-09         5.4361E-08       4.7197E-06
 ======================================================================
 ITERATION STEP  17
 CPU time [min]:     1.415                   Wall time [min]:     0.044
 

 SCF control                  : diis
 Damping factor/level shift   : 0.000/0.000
 DIIS [start/end/frequency]   :   2 / 50 /  1

 Gradient norm:      2.6750E-05
 DIIS is running in this iteration step.
 RMS of [F,P]:                                         0.00000027955887
 RMS of difference density:                            0.00000362426056
 Gap [au]:  0.15501512
 ALPHA OCC:  38
 BETA  OCC:  38
 
 ***HARTREE-FOCK ENERGY IN STEP  17 IS       -779.9584777540089817 [AU]
 
 Step comparison  Energy Drift [au]  DIIS error drift  Gradient drift
       16            2.6973E-09         7.1684E-08       4.2496E-06
 ======================================================================
 ITERATION STEP  18
 CPU time [min]:     1.496                   Wall time [min]:     0.046
 

 SCF control                  : diis
 Damping factor/level shift   : 0.000/0.000
 DIIS [start/end/frequency]   :   2 / 50 /  1

 Gradient norm:      1.5603E-05
 DIIS is running in this iteration step.
 RMS of [F,P]:                                         0.00000018318986
 RMS of difference density:                            0.00000321611133
 Gap [au]:  0.15501508
 ALPHA OCC:  38
 BETA  OCC:  38
 
 ***HARTREE-FOCK ENERGY IN STEP  18 IS       -779.9584777591144302 [AU]
 
 Step comparison  Energy Drift [au]  DIIS error drift  Gradient drift
       17            5.1054E-09         9.6369E-08       1.1147E-05
 ======================================================================
 ITERATION STEP  19
 CPU time [min]:     1.576                   Wall time [min]:     0.048
 

 SCF control                  : diis
 Damping factor/level shift   : 0.000/0.000
 DIIS [start/end/frequency]   :   2 / 50 /  1

 Gradient norm:      6.0064E-06
 DIIS is running in this iteration step.
 RMS of [F,P]:                                         0.00000008794384
 RMS of difference density:                            0.00000165755054
 Gap [au]:  0.15501514
 ALPHA OCC:  38
 BETA  OCC:  38
 
 ***HARTREE-FOCK ENERGY IN STEP  19 IS       -779.9584777614388713 [AU]
 
 Step comparison  Energy Drift [au]  DIIS error drift  Gradient drift
       18            2.3244E-09         9.5246E-08       9.5971E-06
 ======================================================================
 ITERATION STEP  20
 CPU time [min]:     1.656                   Wall time [min]:     0.050
 

 SCF control                  : diis
 Damping factor/level shift   : 0.000/0.000
 DIIS [start/end/frequency]   :   2 / 50 /  1

 Gradient norm:      9.5355E-07
 DIIS is running in this iteration step.
 RMS of [F,P]:                                         0.00000002157414
 RMS of difference density:                            0.00000026223707
 Gap [au]:  0.15501509
 ALPHA OCC:  38
 BETA  OCC:  38
 
 ***HARTREE-FOCK ENERGY IN STEP  20 IS       -779.9584777618267708 [AU]
 
 Step comparison  Energy Drift [au]  DIIS error drift  Gradient drift
       19            3.8790E-10         6.6370E-08       5.0528E-06
 ======================================================================
 ITERATION STEP  21
 CPU time [min]:     1.736                   Wall time [min]:     0.053
 

 SCF control                  : diis
 Damping factor/level shift   : 0.000/0.000
 DIIS [start/end/frequency]   :   2 / 50 /  1

 Gradient norm:      2.3902E-07
 DIIS is running in this iteration step.
 RMS of [F,P]:                                         0.00000000693347
 RMS of difference density:                            0.00000003613694
 Gap [au]:  0.15501507
 ALPHA OCC:  38
 BETA  OCC:  38
 
 ***HARTREE-FOCK ENERGY IN STEP  21 IS       -779.9584777618370026 [AU]
 
 Step comparison  Energy Drift [au]  DIIS error drift  Gradient drift
       20            1.0232E-11         1.4641E-08       7.1453E-07
 ======================================================================
 
 SUCCESS...
 THE SCF ITERATION HAS CONVERGED!
 
                   A   
 FINAL ALPHA OCC:  38
 FINAL BETA  OCC:  38
 
 ***FINAL HARTREE-FOCK ENERGY:       -779.9584777618370026 [AU]
 
 Orbital energies [au]:
      Irrep         Alpha          Beta
    1   A         -5.055992      -5.055992
    2   A         -5.055736      -5.055736
    3   A         -5.054888      -5.054888
    4   A         -5.054851      -5.054851
    5   A         -3.398809      -3.398809
    6   A         -3.398016      -3.398016
    7   A         -3.393133      -3.393133
    8   A         -3.393069      -3.393069
    9   A         -3.392607      -3.392607
   10   A         -3.392348      -3.392348
   11   A         -3.392227      -3.392227
   12   A         -3.392055      -3.392055
   13   A         -3.391751      -3.391751
   14   A         -3.391324      -3.391324
   15   A         -3.390689      -3.390689
   16   A         -3.390647      -3.390647
   17   A         -0.545579      -0.545579
   18   A         -0.527855      -0.527855
   19   A         -0.527521      -0.527521
   20   A         -0.524072      -0.524072
   21   A         -0.523957      -0.523957
   22   A         -0.512623      -0.512623
   23   A         -0.505380      -0.505380
   24   A         -0.504049      -0.504049
   25   A         -0.503011      -0.503011
   26   A         -0.490716      -0.490716
   27   A         -0.490415      -0.490415
   28   A         -0.487261      -0.487261
   29   A         -0.486757      -0.486757
   30   A         -0.478022      -0.478022
   31   A         -0.476469      -0.476469
   32   A         -0.475366      -0.475366
   33   A         -0.475098      -0.475098
   34   A         -0.468480      -0.468480
   35   A         -0.459790      -0.459790
   36   A         -0.459019      -0.459019
   37   A         -0.340276      -0.340276
   38   A         -0.162380      -0.162380
 
   39   A         -0.007364      -0.007364
   40   A         -0.006328      -0.006328
   41   A          0.028729       0.028729
   42   A          0.055818       0.055818
   43   A          0.056452       0.056452
   44   A          0.056835       0.056835
   45   A          0.059638       0.059638
   46   A          0.060262       0.060262
   47   A          0.082429       0.082429
   48   A          0.082781       0.082781
   49   A          0.083352       0.083352
   50   A          0.095942       0.095942
   51   A          0.098792       0.098792
   52   A          0.098839       0.098839
   53   A          0.133185       0.133185
   54   A          0.171297       0.171297
   55   A          0.172221       0.172221
   56   A          0.180534       0.180534
   57   A          0.183299       0.183299
   58   A          0.202422       0.202422
   59   A          0.292599       0.292599
   60   A          0.293287       0.293287
   61   A          0.299163       0.299163
   62   A          0.319799       0.319799
   63   A          0.321844       0.321844
   64   A          0.407262       0.407262
   65   A          0.834438       0.834438
   66   A          0.834763       0.834763
   67   A          0.853100       0.853100
   68   A          0.887458       0.887458
   69   A          0.937393       0.937393
   70   A          0.941752       0.941752
   71   A          1.013092       1.013092
   72   A          1.041790       1.041790
   73   A          1.059889       1.059889
   74   A          1.132467       1.132467
   75   A          1.135610       1.135610
   76   A          1.213899       1.213899
   77   A          1.251384       1.251384
   78   A          1.265699       1.265699
   79   A          1.268908       1.268908
   80   A          1.353171       1.353171
   81   A          1.360619       1.360619
   82   A          1.506295       1.506295
   83   A          1.540230       1.540230
   84   A          1.545370       1.545370
   85   A          1.588076       1.588076
   86   A          1.606685       1.606685
   87   A          2.837838       2.837838
   88   A          2.879727       2.879727
 
 RETURNING FROM SCF ALGORITHM
 ======================================================================

 ************************ 2023-08-11 01:11:23 *************************
 Executing ovirt...

 ovirt, the routine of orbital optimization and integral transformation 
Fri Aug 11 01:11:23 BST 2023
 memory =                1536000  Mb          201326592000  8 byte word
 mrccboot = T
 scftype  = rhf  
 localcc  = off 
 core     = 16    
 ovirt    = off  
 ccprog   = mrcc
 dfnbasis =                      0
 dfbasis_cor =none                
 lmp2dens = on 
 dens =                      0
 verblev =                      3
 task     =                      4
 epsilon =   0.000000000000000E+000
 lmp2= on 
 localNO  =  F
 localMP2 =  F
 localMP2_TEST =  F
 LMP2_shortcut =  F
 FOCKTR   =  T
 Allocated memory:                 1536000  Mb
 onbasis=                    88
 RHF calculation! 
 integral transforamtion: AOs ------ MOs
 # of basis functions, # of int. blocks    88     1
100 % 
 second part
100 %
 integral transformation is completed! 
CPU and WC time          68.56           4.35     AOs -> MOs 
 occupied and 
     1 -0.5455785512
     2 -0.5278548883
     3 -0.5275213646
     4 -0.5240722239
     5 -0.5239570808
     6 -0.5126233051
     7 -0.5053796730
     8 -0.5040491926
     9 -0.5030114731
    10 -0.4907155062
    11 -0.4904153634
    12 -0.4872613583
    13 -0.4867573549
    14 -0.4780219653
    15 -0.4764690238
    16 -0.4753655832
    17 -0.4750976685
    18 -0.4684799352
    19 -0.4597896128
    20 -0.4590191593
    21 -0.3402757257
    22 -0.1623795264
               virtual energies 
    23 -0.0073644562
    24 -0.0063278891
    25  0.0287285050
    26  0.0558183778
    27  0.0564522508
    28  0.0568351145
    29  0.0596380986
    30  0.0602615451
    31  0.0824292181
    32  0.0827812017
    33  0.0833519244
    34  0.0959421138
    35  0.0987921115
    36  0.0988387073
    37  0.1331847127
    38  0.1712973688
    39  0.1722210629
    40  0.1805343740
    41  0.1832993857
    42  0.2024222672
    43  0.2925993351
    44  0.2932873062
    45  0.2991633006
    46  0.3197990026
    47  0.3218442240
    48  0.4072621355
    49  0.8344382172
    50  0.8347631196
    51  0.8530997593
    52  0.8874575376
    53  0.9373929283
    54  0.9417518853
    55  1.0130919161
    56  1.0417895366
    57  1.0598890903
    58  1.1324667251
    59  1.1356095436
    60  1.2138986318
    61  1.2513839545
    62  1.2656985550
    63  1.2689079004
    64  1.3531708212
    65  1.3606193520
    66  1.5062949779
    67  1.5402296735
    68  1.5453702314
    69  1.5880759273
    70  1.6066847287
    71  2.8378378249
    72  2.8797266358
 inttol =   1.000000000000000E-010   10.0000000000000     
Integrals are written to fort.55
Fri Aug 11 01:11:34 BST 2023
  ovirt terminated normally 

 ************************ 2023-08-11 01:11:34 *************************
 Executing goldstone...

 Generation of CC equations in terms of H and T...
 Generation of antisymmetrized Goldstone diagrams...
 Number of diagrams in T^1 equations:    15
 Number of diagrams in T^2 equations:    38
 Number of diagrams in T^3 equations:    49
 Number of diagrams in T^4 equations:     5
 Translation of diagrams to factorized equations...
 Optimizing intermediate calculation...
 Number of floating-point operations per iteration step:   2.9307E+15
 Probable CPU time per iteration step (hours):  29307.27
 Required memory (Mbytes): 4061204.6
 Number of intermediates:                                  78
 Number of intermediates to be stored:                     31
 Length of intermediate file (Mbytes):   22800.8

 ************************ 2023-08-11 01:11:35 *************************
 Executing xmrcc...

 **********************************************************************
 CC(3)(4) calculation 
 
 
 Allocation of****** Mbytes of memory...
 Number of spinorbitals:                   144
 Number of alpha electrons:                       22
 Number of beta electrons:                        22
 Spin multiplicity:                     1
 z-component of spin:  0.0
 Spatial symmetry:                      1
 Convergence criterion:  1.0E-06
 Construction of occupation graphs...
 Number of                     0 -fold excitations:                      1
 Number of                     1 -fold excitations:                   2200
 Number of                     2 -fold excitations:                1775950
 Number of                     3 -fold excitations:              682913000
 Total number of configurations:              684691151
 Calculation of coupling coefficients...
 Length of intermediate file (Mbytes):   14573.7
 
 ======================================================================
 
 Spin case  1   Alpha:  0   Beta:  4
 Number of excitations:             1684644500
 Spin case  2   Alpha:  1   Beta:  3
 Number of excitations:            33202400000
 Spin case  3   Alpha:  2   Beta:  2
 Number of excitations:            80074850625
 Number of                     4 -fold excitations:           149848939625
 
 Memory requirements /Mbyte/: 
               Minimal        Optimal
 Real*8:      87916.7366     87916.7366
 Integer:         5.2330
 Total:       87921.9697     87921.9697
 

 ************************ 2023-08-11 01:11:36 *************************
 Executing mrcc...

 **********************************************************************
 CCSDT(Q) calculation                                                   
 
 
 OpenMP parallel version is running.
 Number of CPU cores:  36
 Allocation of87916.7 Mbytes of memory...
 Number of spinorbitals: 144
 Number of alpha electrons: 22
 Number of beta  electrons: 22
 Spin multiplicity: 1
 z-component of spin:  0.0
 Spatial symmetry: 1
 Convergence criterion:  1.0E-06
 Construction of occupation graphs...
 Number of 0-fold excitations: 1
 Number of 1-fold excitations: 2200
 Number of 2-fold excitations: 1775950
 Number of 3-fold excitations: 682913000
 Total number of determinants: 684691151
 Calculation of coupling coefficients...
 Initial cluster amplitudes are generated.
 Length of intermediate file (Mbytes):   14573.7
 Reading integral list from unit 55...
 Sorting integrals...
 Calculation of MP denominators...
 
 Starting CC iteration...
 ======================================================================
 Norm of residual vector:     1.46604102
 CPU time [min]:   389.380                   Wall time [min]:    28.553
 
 Iteration  1  CC energy:  -780.70074255  Energy decrease:   0.74226479
 ======================================================================
 Norm of residual vector:     0.78110207
 CPU time [min]:   781.832                   Wall time [min]:    57.219
 
 Iteration  2  CC energy:  -780.57489946  Energy decrease:   0.12584309
 ======================================================================
 Norm of residual vector:     0.22114551
 CPU time [min]:  1189.474                   Wall time [min]:    87.290
 
 Iteration  3  CC energy:  -780.62675145  Energy decrease:   0.05185199
 ======================================================================
 Norm of residual vector:     0.12173026
 CPU time [min]:  1602.298                   Wall time [min]:   118.040
 
 Iteration  4  CC energy:  -780.65100285  Energy decrease:   0.02425140
 ======================================================================
 Norm of residual vector:     0.05750708
 CPU time [min]:  2015.680                   Wall time [min]:   149.519
 
 Iteration  5  CC energy:  -780.66329154  Energy decrease:   0.01228869
 ======================================================================
 Norm of residual vector:     0.04957453
 CPU time [min]:  2432.056                   Wall time [min]:   181.760
 
 Iteration  6  CC energy:  -780.66126116  Energy decrease:   0.00203039
 ======================================================================
 Norm of residual vector:     0.02911367
 CPU time [min]:  2854.072                   Wall time [min]:   214.923
 
 Iteration  7  CC energy:  -780.66059062  Energy decrease:   0.00067053
 ======================================================================
 Norm of residual vector:     0.01618976
 CPU time [min]:  3275.292                   Wall time [min]:   248.846
 
 Iteration  8  CC energy:  -780.66202874  Energy decrease:   0.00143812
 ======================================================================
 Norm of residual vector:     0.01237630
 CPU time [min]:  3701.223                   Wall time [min]:   283.626
 
 Iteration  9  CC energy:  -780.66335365  Energy decrease:   0.00132491
 ======================================================================
 Norm of residual vector:     0.00717893
 CPU time [min]:  4123.176                   Wall time [min]:   318.803
 
 Iteration 10  CC energy:  -780.66333305  Energy decrease:   0.00002060
 ======================================================================
 Norm of residual vector:     0.00526657
 CPU time [min]:  4554.572                   Wall time [min]:   354.953
 
 Iteration 11  CC energy:  -780.66310164  Energy decrease:   0.00023141
 ======================================================================
 Norm of residual vector:     0.00327889
 CPU time [min]:  4982.112                   Wall time [min]:   391.860
 
 Iteration 12  CC energy:  -780.66311946  Energy decrease:   0.00001783
 ======================================================================
 Norm of residual vector:     0.00204829
 CPU time [min]:  5411.940                   Wall time [min]:   429.512
 
 Iteration 13  CC energy:  -780.66322709  Energy decrease:   0.00010763
 ======================================================================
 Norm of residual vector:     0.00142062
 CPU time [min]:  5843.673                   Wall time [min]:   467.726
 
 Iteration 14  CC energy:  -780.66324943  Energy decrease:   0.00002234
 ======================================================================
 Norm of residual vector:     0.00091304
 CPU time [min]:  6279.535                   Wall time [min]:   506.885
 
 Iteration 15  CC energy:  -780.66321582  Energy decrease:   0.00003361
 ======================================================================
 Norm of residual vector:     0.00063464
 CPU time [min]:  6713.906                   Wall time [min]:   546.676
 
 Iteration 16  CC energy:  -780.66319792  Energy decrease:   0.00001790
 ======================================================================
 Norm of residual vector:     0.00040247
 CPU time [min]:  7148.695                   Wall time [min]:   587.187
 
 Iteration 17  CC energy:  -780.66320289  Energy decrease:   0.00000497
 ======================================================================
 Norm of residual vector:     0.00029304
 CPU time [min]:  7586.258                   Wall time [min]:   628.666
 
 Iteration 18  CC energy:  -780.66321088  Energy decrease:   0.00000798
 ======================================================================
 Norm of residual vector:     0.00018689
 CPU time [min]:  8025.968                   Wall time [min]:   670.927
 
 Iteration 19  CC energy:  -780.66321215  Energy decrease:   0.00000128
 ======================================================================
 Norm of residual vector:     0.00012892
 CPU time [min]:  8468.266                   Wall time [min]:   713.796
 
 Iteration 20  CC energy:  -780.66321035  Energy decrease:   0.00000180
 ======================================================================
 Norm of residual vector:     0.00008549
 CPU time [min]:  8912.168                   Wall time [min]:   757.484
 
 Iteration 21  CC energy:  -780.66320941  Energy decrease:   0.00000094
 ======================================================================
 Norm of residual vector:     0.00005883
 CPU time [min]:  9361.472                   Wall time [min]:   801.983
 
 Iteration 22  CC energy:  -780.66320941  Energy decrease:   4.1613E-09
 ======================================================================
 Norm of residual vector:     0.00004030
 CPU time [min]:  9812.466                   Wall time [min]:   847.057
 
 Iteration 23  CC energy:  -780.66320953  Energy decrease:   0.00000012
 ======================================================================
 Norm of residual vector:     0.00002860
 CPU time [min]: 10266.085                   Wall time [min]:   893.100
 
 Iteration 24  CC energy:  -780.66320947  Energy decrease:   0.00000006
 ======================================================================
 Norm of residual vector:     0.00002148
 CPU time [min]: 10717.921                   Wall time [min]:   939.846
 
 Iteration 25  CC energy:  -780.66320937  Energy decrease:   0.00000010
 ======================================================================
 Norm of residual vector:     0.00001743
 CPU time [min]: 11174.021                   Wall time [min]:   987.351
 
 Iteration 26  CC energy:  -780.66320938  Energy decrease:   0.00000001
 ======================================================================
 Norm of residual vector:     0.00001499
 CPU time [min]: 11630.676                   Wall time [min]:  1035.528
 
 Iteration 27  CC energy:  -780.66320948  Energy decrease:   0.00000009
 ======================================================================
 Norm of residual vector:     0.00001350
 CPU time [min]: 12089.814                   Wall time [min]:  1084.583
 
 Iteration 28  CC energy:  -780.66320951  Energy decrease:   0.00000003
 ======================================================================
 Norm of residual vector:     0.00001258
 CPU time [min]: 12546.133                   Wall time [min]:  1134.084
 
 Iteration 29  CC energy:  -780.66320946  Energy decrease:   0.00000005
 ======================================================================
 Norm of residual vector:     0.00001132
 CPU time [min]: 13006.565                   Wall time [min]:  1184.621
 
 Iteration 30  CC energy:  -780.66320944  Energy decrease:   0.00000002
 ======================================================================
 Norm of residual vector:     0.00001000
 CPU time [min]: 13463.802                   Wall time [min]:  1235.629
 
 Iteration 31  CC energy:  -780.66320946  Energy decrease:   0.00000002
 ======================================================================
 Norm of residual vector:     0.00000817
 CPU time [min]: 13931.887                   Wall time [min]:  1287.641
 
 Iteration 32  CC energy:  -780.66320949  Energy decrease:   0.00000003
 ======================================================================
 Norm of residual vector:     0.00000623
 CPU time [min]: 14403.756                   Wall time [min]:  1340.476
 
 Iteration 33  CC energy:  -780.66320951  Energy decrease:   0.00000002
 ======================================================================
 Norm of residual vector:     0.00000473
 CPU time [min]: 14876.848                   Wall time [min]:  1394.053
 
 Iteration 34  CC energy:  -780.66320951  Energy decrease:   1.2741E-09
 ======================================================================
