 **********************************************************************
                          MRCC program system
 **********************************************************************
 
                              Written by
     Mihaly Kallay, Peter R. Nagy, David Mester, Laszlo Gyevi-Nagy,
        Jozsef Csoka, P. Bernat Szabo, Zoltan Rolik, Gyula Samu,
     Jozsef Csontos, Bence Hegely, Adam Ganyecz, Istvan Ladjanszki,
       Lorant Szegedy, Bence Ladoczki, Klara Petrov, Mate Farkas,
                    Pal D. Mezei, and Reka A. Horvath
 
        Department of Physical Chemistry and Materials Science
            Budapest University of Technology and Economics
                  Budapest P.O.Box 91, H-1521 Hungary
 
                              www.mrcc.hu
 
                      Release date: March 18, 2022

 ************************ 2023-08-12 01:15:20 *************************
 Executing minp...

 Reading input from MINP...
 
 Input file:
 
calc=CCSD(T)
verbosity=3
mem=1500GB
unit=angs
scfiguess=sad
ccprog=mrcc
ECP=LANL2DZ-ECP-60
basis=LANL2DZ
core=16
unit=angs
geom=xyz
    4
Au4_1
Au     0.58885852     0.39545018     1.09613554
Au    -0.59271424    -0.39135590    -1.09567895
Au    -1.34131629    -1.43664851     1.23837741
Au     1.34131629     1.43664851    -1.23837741
 
 
 Checking keyword combinations...
 
 Keywords:
 
 active=none
 agrid=ld0006-ld0590
 agrid_pssp=ld0006-ld0194
 agrid_pssp_sm=ld0006-ld0074
 basis=lanl2dz
 basis_sm=none
 basopt=off
 bfbasis=none
 bfgsmem=10
 bfgstol=1.0d-3
 bpcompo=0.985
 bpcompv=0.98
 bpdfo=0.985
 bpocc=0.985
 bppdo=0.985
 bppdv=0.98
 bpedo=0.985
 bpedv=0.98
 calc=ccsd(t)
 ccmaxit=50
 ccprog=mrcc
 ccsdalg=disk
 ccsdmkl=seq
 ccsdrest=off
 ccsdthreads=2
 cctol=6
 charge=0
 cialg=disk
 ciguess=off
 cmpgrp=auto
 comprest=off
 core=16
 corembed=off
 csapprox=off
 cvs=off
 dboc=off
 delocsomofact=
 dendec=cholesky
 dens=0
 dfalg=lineq
 dfbasis_cab=none
 dfbasis_cor=none
 dfbasis_scf=none
 dfbasis_scf_sm=none
 dfintran=ovirt
 dft=off
 dhexc=adc(2)
 diag=david
 docc=
 domrad=10.d0
 drpaalg=fit
 dual=off
 dual_df=off
 ecp=lanl2dz-ecp-60
 edisp=off
 edisp_embed=off
 embed=off
 etemp=300
 epert=none
 eps=
 espcharge=off
 excrad=0.d0
 excrad_fin=0.000000000D+00
 fitting=coulomb
 fmm=off
 fmmord=8
 freq=off
 gamma=1.d0
 gauss=spher
 geom=xyz
 gopt=off
 ghost=none
 gtol=7
 grdens=off
 gridbatch_cos=2000
 grtol=10
 guido_ct=off
 hamilton=dc
 iface=none
 intalg=auto
 itol=10
 laptol=1.d-2
 lccoporder=trffirst
 lcorthr=normal
 lccrest=off
 lmp2dens=on
 lnoepso=0.d0
 lnoepsv=1e-6
 boysalg=jacobi
 localcc=off
 localcorrsymm=off
 locintrf=disk
 mact=
 maxact=off
 maxdim=100
 maxex=0
 maxmicroit=100
 mcscfiguess=hf
 mem=1500gb
 mmprog=
 molden=on
 mpitasks=1
 mulmet=0
 mult=
 nacto=0
 nactv=0
 naf_amp=1.d-2
 naf_cor=off
 naf_scf=off
 nafalg=albe
 naftyp=
 nchol=auto
 ndeps=1e-3
 nstate=1
 nsing=0
 nto=off
 ntrip=0
 occ=
 occri=off
 oniom=off
 oniom_eechg=off
 oniom_pcm=off
 oniom_qcorr=off
 optalg=
 optmaxit=50
 optetol=1e-6
 optex=0
 optgtol=1e-4
 optstol=1e-3
 orblocc=off
 orbloce=off
 orbloco=off
 orblocv=off
 orblocguess=cholesky
 osveps=1e-3
 ovirt=off
 ovltol=1e-7
 ovosnorb=80.0
 pcm=off
 popul=off
 pressure=100000
 pssp=off
 ptfreq=0.0
 ptthreads=2
 qro=off
 qscf=off
 qmmm=off
 redcost_exc=off
 redcost_tddft=off
 refdet=none
 rest=0
 rgrid=log3
 rism=off
 rohfcore=semicanonical
 rohftype=semicanonical
 scfalg=auto
 scf_conv=difficult
 scfdamp=0.0d0
 scfdamp_mode=off
 scfdamp_end=50
 scfdamp_dampstep=0.d0
 scfdamp_dtol=0.0d0
 scfdamp_maxfact=0.0d0
 scfdamp_minfact=0.0d0
 scfdiis=on
 scfdiis_dtol=0.0d0
 scfdiis_end=50
 scfdiis_start=2
 scfdiis_step=1
 scfdiis_watch=off
 scfdiis_wrange=10
 scfdiis_wlimit=5
 scfdiis_delmax=2
 scfdtol=7
 scfext=10
 scfguessdens=
 scfiguess=sad
 scfloc=off
 scflshift=0.20
 scflshift_end=8
 scflshift_dtol=0.0
 scflshift_gaptol=0.20
 scfmaxit=50
 scftype=
 scftol=6
 scspe=1.d0
 scsph=1.d0
 scsps=1.2d0
 scsps_t=1.2d0
 scspt=0.33333333333333
 scspt_t=0.33333333333333
 scspv=1.d0
 spairtol=1e-4
 sqmprog=
 subminp=top
 symm=
 talg=occ
 temp=298.15
 test=off
 theodore=off
 tlmo=0.999
 tpao=0.94
 tprint=off
 uncontract=off
 unit=angs
 usedisk=2
 verbosity=3
 wpairtol=0.100000000E-05

 ************************ 2023-08-12 01:15:21 *************************
 Executing integ...

 Allocation of 1500.0 Gbytes of memory...
 
 
 Number of atoms:                  4
 Charge:                           0
 Number of electrons:             76
 Number of core electrons:        32
 Spin multiplicity:                1
 
                 Cartesian coordinates [bohr]      Atomic mass [AMU]  Z
   1  Au    1.11278133    0.74729254    2.07139597   196.966543      79
   2  Au   -1.12006758   -0.73955547   -2.07053314   196.966543      79
   3  Au   -2.53472044   -2.71487222    2.34019414   196.966543      79
   4  Au    2.53472044    2.71487222   -2.34019414   196.966543      79
 
 This molecule is an asymmetric top.
 
 Rotational constants [cm-1]: 
      0.025101390069      0.007929541899      0.006025950083
 
 Point group: C1  
 Computational point group: C1  
 
 Cartesian coordinates in standard orientation [bohr]
   1  Au    0.00058418    2.46732219    0.00266499
   2  Au   -0.00052527   -2.46744293    0.00266473
   3  Au   -4.39000069    0.00037215   -0.00266483
   4  Au    4.38994177   -0.00025141   -0.00266490
 
 Nuclear repulsion energy [au]:        401.014549397316
 
 
 Basis set information:
 
 Maximum angular momentum: g
 Maximum number of contracted Gaussians:    3
 Maximum number of primitive Gaussians:     6
 Spherical harmonic GTOs are used.
 
   1  Au lanl2dz [ 5s 6p 3d | 3s 3p 2d ]
   2  Au lanl2dz [ 5s 6p 3d | 3s 3p 2d ]
   3  Au lanl2dz [ 5s 6p 3d | 3s 3p 2d ]
   4  Au lanl2dz [ 5s 6p 3d | 3s 3p 2d ]
 
 Basis functions:
            1             2             3             4             5             6             7             8             9            10
    0    1Au1s         1Au2s         1Au3s         1Au1pz        1Au1py        1Au1px        1Au2pz        1Au2py        1Au2px        1Au3pz    
    1    1Au3py        1Au3px        1Au1d-2       1Au1d-1       1Au1d0        1Au1d+1       1Au1d+2       1Au2d-2       1Au2d-1       1Au2d0    
    2    1Au2d+1       1Au2d+2       2Au1s         2Au2s         2Au3s         2Au1pz        2Au1py        2Au1px        2Au2pz        2Au2py    
    3    2Au2px        2Au3pz        2Au3py        2Au3px        2Au1d-2       2Au1d-1       2Au1d0        2Au1d+1       2Au1d+2       2Au2d-2   
    4    2Au2d-1       2Au2d0        2Au2d+1       2Au2d+2       3Au1s         3Au2s         3Au3s         3Au1pz        3Au1py        3Au1px    
    5    3Au2pz        3Au2py        3Au2px        3Au3pz        3Au3py        3Au3px        3Au1d-2       3Au1d-1       3Au1d0        3Au1d+1   
    6    3Au1d+2       3Au2d-2       3Au2d-1       3Au2d0        3Au2d+1       3Au2d+2       4Au1s         4Au2s         4Au3s         4Au1pz    
    7    4Au1py        4Au1px        4Au2pz        4Au2py        4Au2px        4Au3pz        4Au3py        4Au3px        4Au1d-2       4Au1d-1   
    8    4Au1d0        4Au1d+1       4Au1d+2       4Au2d-2       4Au2d-1       4Au2d0        4Au2d+1       4Au2d+2   
 
 Maximum number of basis functions per shell:   10
 Total number of basis functions:     88
 
 
 Effective core potentials:
 
   1  Au lanl2dz-ecp-60      
   2  Au lanl2dz-ecp-60      
   3  Au lanl2dz-ecp-60      
   4  Au lanl2dz-ecp-60      
 
 Initializing the SAD routines for the initial guess...
 Checking the files required for the initial guess...
 Density files have not been found for the initial guess.
 Generating SCFDENSITIES.Au.lanl2dz.0
 CPU time [min]:     0.115                   Wall time [min]:     0.221
 
 Character table for point group C1:
 
          E  
    A     1
 
 Number of basis functions per irrep:
    A      88
 
 
 Calculation of overlap integrals...
 CPU time [min]:     0.115                   Wall time [min]:     0.222
 
 Calculation of the square root of the overlap matrix...
 Minimum eigenvalue of the overlap matrix: 0.283461E-02
 CPU time [min]:     0.130                   Wall time [min]:     0.222
 
 Calculation of kinetic energy integrals...
 CPU time [min]:     0.131                   Wall time [min]:     0.222
 Calculation of nuclear attraction integrals...
 CPU time [min]:     0.131                   Wall time [min]:     0.222
 Calculation of core potential integrals...
 CPU time [min]:     0.256                   Wall time [min]:     0.250
 
 Calculation of prescreening integrals...
 CPU time [min]:     0.295                   Wall time [min]:     0.251
 
 Calculation of two-electron integrals...
   1% done.
  17% done.
  32% done.
  62% done.
 100% done.
 CPU time [min]:     1.602                   Wall time [min]:     0.288

 ************************ 2023-08-12 01:15:38 *************************
 Executing scf...

 @scfsetup: integrals taken from disk
            mrcc/integ binary format
 @scfsetup: calculating on full matrices
            not using symmetry adapted basis
 @scfsetup: diis switched on
 @scfsetup: number of steps to extrapolate from  10
 @scfsetup: tolerance in energy deviation    0.100000E-05
            tolerance in density deviation    0.100000E-06
 @scfsetup: maximum number of iterations:  50
 @scfsetup: restricted closed shell hf calc
 @scfsetup: starting scf from superposition of atomic densities
 @scfsetup: occupation set:
            from initial orbitals
 @scfsetup: Parameter-set for SCF acceleration: difficult
 @scfsetup: diis runs from iteration:   2
 @scfsetup: diis runs to iteration:  50
 @scfsetup: diis runs in every iteration
 @scfsetup: diiswatch is disabled                   
 @scfsetup: diis dtol criteria to switch on:      0.0000E+00
           (or the iteration number below is reached)
 @scfsetup: damping is turned off.
 @scfsetup: dynamic level shifting
            tolarance in HOMO-LUMO gap:  0.200
            tolarance in density deviation:     0.0000E+00
            iteration step criteria to turn level shifting off: 8
 Allocation of 1500.0 Gbytes of memory...
 ======================================================================
 ITERATION STEP   1
 CPU time [min]:     0.017                   Wall time [min]:     0.004
 

 SCF control                  : initial
 Damping factor/level shift   : 0.000/0.200
 DIIS [start/end/frequency]   :   2 / 50 /  1

 Gradient norm:      6.4479E-01
 RMS of [F,P]:                                         0.02340136949234
 RMS of difference density:                            0.04167161726568
 Gap [au]:  0.14599851
 ALPHA OCC:  38
 BETA  OCC:  38
 
 ***HARTREE-FOCK ENERGY IN STEP   1 IS       -537.2163382395785902 [AU]
 ======================================================================
 ITERATION STEP   2
 CPU time [min]:     0.139                   Wall time [min]:     0.007
 

 SCF control                  : diis
 Damping factor/level shift   : 0.000/0.200
 DIIS [start/end/frequency]   :   2 / 50 /  1

 Gradient norm:      2.5964E-01
 DIIS is running in this iteration step.
 RMS of [F,P]:                                         0.01101312336858
 RMS of difference density:                            0.01727424882875
 Gap [au]:  0.22181311
 ALPHA OCC:  38
 BETA  OCC:  38
 
 ***HARTREE-FOCK ENERGY IN STEP   2 IS       -538.0569491219794145 [AU]
 
 Step comparison  Energy Drift [au]  DIIS error drift  Gradient drift
        1            8.4061E-01         1.2388E-02       3.8515E-01
        2            5.3806E+02         1.0000E-07       3.8515E-01
 ======================================================================
 ITERATION STEP   3
 CPU time [min]:     0.216                   Wall time [min]:     0.010
 

 SCF control                  : diis
 Damping factor/level shift   : 0.000/0.000
 DIIS [start/end/frequency]   :   2 / 50 /  1

 Gradient norm:      7.9894E-02
 DIIS is running in this iteration step.
 RMS of [F,P]:                                         0.00281786045166
 RMS of difference density:                            0.00332902702681
 Gap [au]:  0.20749199
 ALPHA OCC:  38
 BETA  OCC:  38
 
 ***HARTREE-FOCK ENERGY IN STEP   3 IS       -538.1639046641234927 [AU]
 
 Step comparison  Energy Drift [au]  DIIS error drift  Gradient drift
        2            1.0696E-01         8.1953E-03       1.7974E-01
 ======================================================================
 ITERATION STEP   4
 CPU time [min]:     0.292                   Wall time [min]:     0.012
 

 SCF control                  : diis
 Damping factor/level shift   : 0.000/0.000
 DIIS [start/end/frequency]   :   2 / 50 /  1

 Gradient norm:      1.6062E-02
 DIIS is running in this iteration step.
 RMS of [F,P]:                                         0.00045770002855
 RMS of difference density:                            0.00163177320331
 Gap [au]:  0.21268290
 ALPHA OCC:  38
 BETA  OCC:  38
 
 ***HARTREE-FOCK ENERGY IN STEP   4 IS       -538.1739269131949186 [AU]
 
 Step comparison  Energy Drift [au]  DIIS error drift  Gradient drift
        3            1.0022E-02         2.3602E-03       6.3833E-02
 ======================================================================
 ITERATION STEP   5
 CPU time [min]:     0.368                   Wall time [min]:     0.014
 

 SCF control                  : diis
 Damping factor/level shift   : 0.000/0.000
 DIIS [start/end/frequency]   :   2 / 50 /  1

 Gradient norm:      5.9873E-03
 DIIS is running in this iteration step.
 RMS of [F,P]:                                         0.00018842686539
 RMS of difference density:                            0.00048929438199
 Gap [au]:  0.21291443
 ALPHA OCC:  38
 BETA  OCC:  38
 
 ***HARTREE-FOCK ENERGY IN STEP   5 IS       -538.1748641920542013 [AU]
 
 Step comparison  Energy Drift [au]  DIIS error drift  Gradient drift
        4            9.3728E-04         2.6927E-04       1.0074E-02
 ======================================================================
 ITERATION STEP   6
 CPU time [min]:     0.445                   Wall time [min]:     0.016
 

 SCF control                  : diis
 Damping factor/level shift   : 0.000/0.000
 DIIS [start/end/frequency]   :   2 / 50 /  1

 Gradient norm:      2.5185E-03
 DIIS is running in this iteration step.
 RMS of [F,P]:                                         0.00006463075258
 RMS of difference density:                            0.00024449691543
 Gap [au]:  0.21333680
 ALPHA OCC:  38
 BETA  OCC:  38
 
 ***HARTREE-FOCK ENERGY IN STEP   6 IS       -538.1749647602543973 [AU]
 
 Step comparison  Energy Drift [au]  DIIS error drift  Gradient drift
        5            1.0057E-04         1.2380E-04       3.4688E-03
 ======================================================================
 ITERATION STEP   7
 CPU time [min]:     0.521                   Wall time [min]:     0.018
 

 SCF control                  : diis
 Damping factor/level shift   : 0.000/0.000
 DIIS [start/end/frequency]   :   2 / 50 /  1

 Gradient norm:      1.0731E-03
 DIIS is running in this iteration step.
 RMS of [F,P]:                                         0.00001782194139
 RMS of difference density:                            0.00007290682050
 Gap [au]:  0.21338259
 ALPHA OCC:  38
 BETA  OCC:  38
 
 ***HARTREE-FOCK ENERGY IN STEP   7 IS       -538.1749857571026041 [AU]
 
 Step comparison  Energy Drift [au]  DIIS error drift  Gradient drift
        6            2.0997E-05         4.6809E-05       1.4455E-03
 ======================================================================
 ITERATION STEP   8
 CPU time [min]:     0.598                   Wall time [min]:     0.020
 

 SCF control                  : diis
 Damping factor/level shift   : 0.000/0.000
 DIIS [start/end/frequency]   :   2 / 50 /  1

 Gradient norm:      3.7506E-04
 DIIS is running in this iteration step.
 RMS of [F,P]:                                         0.00000633753299
 RMS of difference density:                            0.00002659783876
 Gap [au]:  0.21337079
 ALPHA OCC:  38
 BETA  OCC:  38
 
 ***HARTREE-FOCK ENERGY IN STEP   8 IS       -538.1749880483482684 [AU]
 
 Step comparison  Energy Drift [au]  DIIS error drift  Gradient drift
        7            2.2912E-06         1.1484E-05       6.9801E-04
 ======================================================================
 ITERATION STEP   9
 CPU time [min]:     0.676                   Wall time [min]:     0.022
 

 SCF control                  : diis
 Damping factor/level shift   : 0.000/0.000
 DIIS [start/end/frequency]   :   2 / 50 /  1

 Gradient norm:      9.9548E-05
 DIIS is running in this iteration step.
 RMS of [F,P]:                                         0.00000153251228
 RMS of difference density:                            0.00000669736674
 Gap [au]:  0.21336832
 ALPHA OCC:  38
 BETA  OCC:  38
 
 ***HARTREE-FOCK ENERGY IN STEP   9 IS       -538.1749883293414314 [AU]
 
 Step comparison  Energy Drift [au]  DIIS error drift  Gradient drift
        8            2.8099E-07         4.8050E-06       2.7551E-04
 ======================================================================
 ITERATION STEP  10
 CPU time [min]:     0.787                   Wall time [min]:     0.026
 

 SCF control                  : diis
 Damping factor/level shift   : 0.000/0.000
 DIIS [start/end/frequency]   :   2 / 50 /  1

 Gradient norm:      2.0638E-05
 DIIS is running in this iteration step.
 RMS of [F,P]:                                         0.00000042003554
 RMS of difference density:                            0.00000193688331
 Gap [au]:  0.21336943
 ALPHA OCC:  38
 BETA  OCC:  38
 
 ***HARTREE-FOCK ENERGY IN STEP  10 IS       -538.1749883467741711 [AU]
 
 Step comparison  Energy Drift [au]  DIIS error drift  Gradient drift
        9            1.7433E-08         1.1125E-06       7.8910E-05
 ======================================================================
 ITERATION STEP  11
 CPU time [min]:     0.869                   Wall time [min]:     0.028
 

 SCF control                  : diis
 Damping factor/level shift   : 0.000/0.000
 DIIS [start/end/frequency]   :   2 / 50 /  1

 Gradient norm:      5.2984E-06
 DIIS is running in this iteration step.
 RMS of [F,P]:                                         0.00000010588781
 RMS of difference density:                            0.00000053254411
 Gap [au]:  0.21337046
 ALPHA OCC:  38
 BETA  OCC:  38
 
 ***HARTREE-FOCK ENERGY IN STEP  11 IS       -538.1749883481099914 [AU]
 
 Step comparison  Energy Drift [au]  DIIS error drift  Gradient drift
       10            1.3358E-09         3.1415E-07       1.5340E-05
 ======================================================================
 ITERATION STEP  12
 CPU time [min]:     0.947                   Wall time [min]:     0.030
 

 SCF control                  : diis
 Damping factor/level shift   : 0.000/0.000
 DIIS [start/end/frequency]   :   2 / 50 /  1

 Gradient norm:      1.9725E-06
 DIIS is running in this iteration step.
 RMS of [F,P]:                                         0.00000003145996
 RMS of difference density:                            0.00000016482576
 Gap [au]:  0.21337061
 ALPHA OCC:  38
 BETA  OCC:  38
 
 ***HARTREE-FOCK ENERGY IN STEP  12 IS       -538.1749883481938923 [AU]
 
 Step comparison  Energy Drift [au]  DIIS error drift  Gradient drift
       11            8.3901E-11         7.4428E-08       3.3259E-06
 ======================================================================
 ITERATION STEP  13
 CPU time [min]:     1.026                   Wall time [min]:     0.032
 

 SCF control                  : diis
 Damping factor/level shift   : 0.000/0.000
 DIIS [start/end/frequency]   :   2 / 50 /  1

 Gradient norm:      6.6080E-07
 DIIS is running in this iteration step.
 RMS of [F,P]:                                         0.00000001143547
 RMS of difference density:                            0.00000005699275
 Gap [au]:  0.21337070
 ALPHA OCC:  38
 BETA  OCC:  38
 
 ***HARTREE-FOCK ENERGY IN STEP  13 IS       -538.1749883482020778 [AU]
 
 Step comparison  Energy Drift [au]  DIIS error drift  Gradient drift
       12            8.1855E-12         2.0024E-08       1.3117E-06
 ======================================================================
 
 SUCCESS...
 THE SCF ITERATION HAS CONVERGED!
 
                   A   
 FINAL ALPHA OCC:  38
 FINAL BETA  OCC:  38
 
 ***FINAL HARTREE-FOCK ENERGY:       -538.1749883482020778 [AU]
 
 Orbital energies [au]:
      Irrep         Alpha          Beta
    1   A         -4.724961      -4.724961
    2   A         -4.724444      -4.724444
    3   A         -4.692676      -4.692676
    4   A         -4.692669      -4.692669
    5   A         -2.726229      -2.726229
    6   A         -2.718354      -2.718354
    7   A         -2.716709      -2.716709
    8   A         -2.714763      -2.714763
    9   A         -2.712990      -2.712990
   10   A         -2.712134      -2.712134
   11   A         -2.685145      -2.685145
   12   A         -2.684240      -2.684240
   13   A         -2.681128      -2.681128
   14   A         -2.680719      -2.680719
   15   A         -2.677667      -2.677667
   16   A         -2.677636      -2.677636
   17   A         -0.552769      -0.552769
   18   A         -0.545110      -0.545110
   19   A         -0.517316      -0.517316
   20   A         -0.515839      -0.515839
   21   A         -0.506962      -0.506962
   22   A         -0.501883      -0.501883
   23   A         -0.483069      -0.483069
   24   A         -0.482174      -0.482174
   25   A         -0.449620      -0.449620
   26   A         -0.446088      -0.446088
   27   A         -0.445461      -0.445461
   28   A         -0.437866      -0.437866
   29   A         -0.435967      -0.435967
   30   A         -0.433614      -0.433614
   31   A         -0.422636      -0.422636
   32   A         -0.420615      -0.420615
   33   A         -0.416041      -0.416041
   34   A         -0.414466      -0.414466
   35   A         -0.411171      -0.411171
   36   A         -0.381684      -0.381684
   37   A         -0.368370      -0.368370
   38   A         -0.241068      -0.241068
 
   39   A         -0.027697      -0.027697
   40   A          0.011868       0.011868
   41   A          0.027178       0.027178
   42   A          0.051994       0.051994
   43   A          0.057599       0.057599
   44   A          0.061644       0.061644
   45   A          0.070615       0.070615
   46   A          0.081463       0.081463
   47   A          0.097839       0.097839
   48   A          0.105081       0.105081
   49   A          0.106063       0.106063
   50   A          0.123753       0.123753
   51   A          0.125011       0.125011
   52   A          0.134646       0.134646
   53   A          0.176629       0.176629
   54   A          0.184075       0.184075
   55   A          0.195867       0.195867
   56   A          0.204194       0.204194
   57   A          0.239398       0.239398
   58   A          0.266513       0.266513
   59   A          0.293298       0.293298
   60   A          0.301191       0.301191
   61   A          0.420512       0.420512
   62   A          0.437178       0.437178
   63   A          0.438254       0.438254
   64   A          0.440189       0.440189
   65   A          0.507888       0.507888
   66   A          0.509329       0.509329
   67   A          0.541315       0.541315
   68   A          0.558446       0.558446
   69   A          0.580834       0.580834
   70   A          0.600125       0.600125
   71   A          0.601760       0.601760
   72   A          0.674586       0.674586
   73   A          0.676578       0.676578
   74   A          0.688921       0.688921
   75   A          0.692011       0.692011
   76   A          0.711160       0.711160
   77   A          0.733153       0.733153
   78   A          0.735499       0.735499
   79   A          0.782013       0.782013
   80   A          0.813702       0.813702
   81   A          0.829130       0.829130
   82   A          0.854663       0.854663
   83   A          0.866916       0.866916
   84   A          1.021690       1.021690
   85   A          4.718870       4.718870
   86   A          5.760903       5.760903
   87   A          6.733441       6.733441
   88   A          6.825241       6.825241
 
 RETURNING FROM SCF ALGORITHM
 ======================================================================

 ************************ 2023-08-12 01:15:40 *************************
 Executing ovirt...

 ovirt, the routine of orbital optimization and integral transformation 
Sat Aug 12 01:15:41 BST 2023
 memory =                1536000  Mb          201326592000  8 byte word
 mrccboot = T
 scftype  = rhf  
 localcc  = off 
 core     = 16    
 ovirt    = off  
 ccprog   = mrcc
 dfnbasis =                      0
 dfbasis_cor =none                
 lmp2dens = on 
 dens =                      0
 verblev =                      3
 task     =                      4
 epsilon =   0.000000000000000E+000
 lmp2= on 
 localNO  =  F
 localMP2 =  F
 localMP2_TEST =  F
 LMP2_shortcut =  F
 FOCKTR   =  T
 Allocated memory:                 1536000  Mb
 onbasis=                    88
 RHF calculation! 
 integral transforamtion: AOs ------ MOs
 # of basis functions, # of int. blocks    88     1
100 % 
 second part
100 %
 integral transformation is completed! 
CPU and WC time          68.78           4.57     AOs -> MOs 
 occupied and 
     1 -0.5527689196
     2 -0.5451097815
     3 -0.5173157147
     4 -0.5158393568
     5 -0.5069620669
     6 -0.5018832000
     7 -0.4830693812
     8 -0.4821737960
     9 -0.4496200606
    10 -0.4460879944
    11 -0.4454614514
    12 -0.4378661903
    13 -0.4359672303
    14 -0.4336135432
    15 -0.4226359245
    16 -0.4206148341
    17 -0.4160412150
    18 -0.4144660934
    19 -0.4111711181
    20 -0.3816836834
    21 -0.3683696765
    22 -0.2410677401
               virtual energies 
    23 -0.0276970400
    24  0.0118676812
    25  0.0271783871
    26  0.0519937426
    27  0.0575993598
    28  0.0616436639
    29  0.0706146976
    30  0.0814633013
    31  0.0978390937
    32  0.1050809658
    33  0.1060631126
    34  0.1237532157
    35  0.1250106714
    36  0.1346455772
    37  0.1766288814
    38  0.1840754116
    39  0.1958666041
    40  0.2041938959
    41  0.2393979482
    42  0.2665128509
    43  0.2932975525
    44  0.3011912061
    45  0.4205121714
    46  0.4371775801
    47  0.4382540163
    48  0.4401887627
    49  0.5078884870
    50  0.5093290127
    51  0.5413149302
    52  0.5584460327
    53  0.5808340010
    54  0.6001252376
    55  0.6017600206
    56  0.6745858093
    57  0.6765784603
    58  0.6889214750
    59  0.6920105853
    60  0.7111598673
    61  0.7331530717
    62  0.7354987329
    63  0.7820130112
    64  0.8137018450
    65  0.8291297167
    66  0.8546628529
    67  0.8669160489
    68  1.0216896999
    69  4.7188697541
    70  5.7609026254
    71  6.7334410619
    72  6.8252412850
 inttol =   1.000000000000000E-010   10.0000000000000     
Integrals are written to fort.55
Sat Aug 12 01:15:52 BST 2023
  ovirt terminated normally 

 ************************ 2023-08-12 01:15:52 *************************
 Executing goldstone...

 Generation of CC equations in terms of H and T...
 Generation of antisymmetrized Goldstone diagrams...
 Number of diagrams in T^1 equations:    15
 Number of diagrams in T^2 equations:    33
 Number of diagrams in T^3 equations:     2
 Translation of diagrams to factorized equations...
 Optimizing intermediate calculation...
 Number of floating-point operations per iteration step:   2.9963E+12
 Probable CPU time per iteration step (hours):     29.96
 Required memory (Mbytes):   16338.8
 Number of intermediates:                                  48
 Number of intermediates to be stored:                     20
 Length of intermediate file (Mbytes):     483.2

 ************************ 2023-08-12 01:15:52 *************************
 Executing xmrcc...

 **********************************************************************
 CC(2)(3) calculation 
 
 
 Allocation of****** Mbytes of memory...
 Number of spinorbitals:                   144
 Number of alpha electrons:                       22
 Number of beta electrons:                        22
 Spin multiplicity:                     1
 z-component of spin:  0.0
 Spatial symmetry:                      1
 Convergence criterion:  1.0E-06
 Construction of occupation graphs...
 Number of                     0 -fold excitations:                      1
 Number of                     1 -fold excitations:                   2200
 Number of                     2 -fold excitations:                1775950
 Total number of configurations:                1778151
 Calculation of coupling coefficients...
 Length of intermediate file (Mbytes):     364.0
 
 ======================================================================
 
 Spin case  1   Alpha:  0   Beta:  3
 Number of excitations:               30184000
 Spin case  2   Alpha:  1   Beta:  2
 Number of excitations:              311272500
 Number of                     3 -fold excitations:              682913000
 
 Memory requirements /Mbyte/: 
               Minimal        Optimal
 Real*8:        803.0159       916.1870
 Integer:         0.5524
 Total:         803.5683       916.7394
 

 ************************ 2023-08-12 01:15:53 *************************
 Executing mrcc...

 **********************************************************************
 CCSD(T) calculation                                                    
 
 
 OpenMP parallel version is running.
 Number of CPU cores:  36
 Allocation of  916.2 Mbytes of memory...
 Number of spinorbitals: 144
 Number of alpha electrons: 22
 Number of beta  electrons: 22
 Spin multiplicity: 1
 z-component of spin:  0.0
 Spatial symmetry: 1
 Convergence criterion:  1.0E-06
 Construction of occupation graphs...
 Number of 0-fold excitations: 1
 Number of 1-fold excitations: 2200
 Number of 2-fold excitations: 1775950
 Total number of determinants: 1778151
 Calculation of coupling coefficients...
 Initial cluster amplitudes are generated.
 Length of intermediate file (Mbytes):     364.0
 Reading integral list from unit 55...
 Sorting integrals...
 Calculation of MP denominators...
 
 Starting CC iteration...
 ======================================================================
 Norm of residual vector:     0.71942556
 CPU time [min]:     9.023                   Wall time [min]:     0.405
 
 Iteration  1  CC energy:  -538.46429293  Energy decrease:   0.28930458
 ======================================================================
 Norm of residual vector:     0.16522316
 CPU time [min]:    18.335                   Wall time [min]:     0.730
 
 Iteration  2  CC energy:  -538.45551149  Energy decrease:   0.00878144
 ======================================================================
 Norm of residual vector:     0.05736281
 CPU time [min]:    27.675                   Wall time [min]:     1.053
 
 Iteration  3  CC energy:  -538.47415404  Energy decrease:   0.01864255
 ======================================================================
 Norm of residual vector:     0.01816017
 CPU time [min]:    37.128                   Wall time [min]:     1.382
 
 Iteration  4  CC energy:  -538.47651743  Energy decrease:   0.00236339
 ======================================================================
 Norm of residual vector:     0.01007835
 CPU time [min]:    46.621                   Wall time [min]:     1.709
 
 Iteration  5  CC energy:  -538.47702948  Energy decrease:   0.00051205
 ======================================================================
 Norm of residual vector:     0.00449840
 CPU time [min]:    56.253                   Wall time [min]:     2.043
 
 Iteration  6  CC energy:  -538.47712160  Energy decrease:   0.00009212
 ======================================================================
 Norm of residual vector:     0.00261140
 CPU time [min]:    65.919                   Wall time [min]:     2.375
 
 Iteration  7  CC energy:  -538.47715279  Energy decrease:   0.00003119
 ======================================================================
 Norm of residual vector:     0.00136852
 CPU time [min]:    75.716                   Wall time [min]:     2.713
 
 Iteration  8  CC energy:  -538.47714137  Energy decrease:   0.00001142
 ======================================================================
 Norm of residual vector:     0.00072566
 CPU time [min]:    85.531                   Wall time [min]:     3.049
 
 Iteration  9  CC energy:  -538.47716034  Energy decrease:   0.00001896
 ======================================================================
 Norm of residual vector:     0.00039312
 CPU time [min]:    95.503                   Wall time [min]:     3.392
 
 Iteration 10  CC energy:  -538.47717059  Energy decrease:   0.00001025
 ======================================================================
 Norm of residual vector:     0.00018726
 CPU time [min]:   105.491                   Wall time [min]:     3.733
 
 Iteration 11  CC energy:  -538.47716729  Energy decrease:   0.00000330
 ======================================================================
 Norm of residual vector:     0.00009862
 CPU time [min]:   115.645                   Wall time [min]:     4.080
 
 Iteration 12  CC energy:  -538.47716446  Energy decrease:   0.00000283
 ======================================================================
 Norm of residual vector:     0.00004886
 CPU time [min]:   125.801                   Wall time [min]:     4.426
 
 Iteration 13  CC energy:  -538.47716557  Energy decrease:   0.00000111
 ======================================================================
 Norm of residual vector:     0.00002408
 CPU time [min]:   136.107                   Wall time [min]:     4.777
 
 Iteration 14  CC energy:  -538.47716626  Energy decrease:   0.00000069
 ======================================================================
 Norm of residual vector:     0.00001235
 CPU time [min]:   146.486                   Wall time [min]:     5.129
 
 Iteration 15  CC energy:  -538.47716607  Energy decrease:   0.00000019
 ======================================================================
 Norm of residual vector:     0.00000554
 CPU time [min]:   156.896                   Wall time [min]:     5.482
 
 Iteration 16  CC energy:  -538.47716601  Energy decrease:   0.00000006
 ======================================================================
 Norm of residual vector:     0.00000229
 CPU time [min]:   167.500                   Wall time [min]:     5.842
 
 Iteration 17  CC energy:  -538.47716607  Energy decrease:   0.00000005
 ======================================================================
 Norm of residual vector:     0.00000095
 CPU time [min]:   178.051                   Wall time [min]:     6.199
 
 Iteration 18  CC energy:  -538.47716608  Energy decrease:   0.00000001
 ======================================================================
 
 Iteration has converged in 18 steps.
 
 Final results:
 Total CCSD energy [au]:            -538.477166078188
 Total MP2 energy [au]:             -538.464292929560
 
 Perturbative corrections are calculated...
 ======================================================================
 Spin case  1   Alpha:  0   Beta:  3
 Number of excitations:        30184000
 CPU time [min]:   178.557                   Wall time [min]:     6.221
 ======================================================================
 Spin case  2   Alpha:  1   Beta:  2
 Number of excitations:        311272500
 CPU time [min]:   181.204                   Wall time [min]:     6.294
 ======================================================================
 Number of 3-fold excitations: 682913000
 CPU time [min]:   181.204                   Wall time [min]:     6.294
 
 Total CCSD[T] energy [au]:         -538.510504637661
 Total CCSD(T) energy [au]:         -538.503330095990
 
 ************************ 2023-08-12 01:22:11 *************************
                      Normal termination of mrcc.
 **********************************************************************
